[ 2019-04-19T12:18:07+08:00 ] 122.206.190.96 /xcx/home/Mpdf/mpdf
INFO: [ app_init ] --START--
INFO: Run Behavior\BuildLiteBehavior [ RunTime:0.000055s ]
INFO: [ app_init ] --END-- [ RunTime:0.002663s ]
INFO: [ app_begin ] --START--
INFO: Run Behavior\ReadHtmlCacheBehavior [ RunTime:0.002005s ]
INFO: [ app_begin ] --END-- [ RunTime:0.002391s ]
NOTIC: [2] fopen(tiger.wmf): failed to open stream: No such file or directory C:\wamp\www\ThinkPHP\Library\Vendor\MPDF60\mpdf.php 第 10428 行.
NOTIC: [2] fopen(https://www.caption-he.com.cn/xcx/tiger.wmf): failed to open stream: HTTP request failed! HTTP/1.1 404 Not Found
 C:\wamp\www\ThinkPHP\Library\Vendor\MPDF60\mpdf.php 第 10434 行.
NOTIC: [2] fopen(tiger.jpg): failed to open stream: No such file or directory C:\wamp\www\ThinkPHP\Library\Vendor\MPDF60\mpdf.php 第 10428 行.
NOTIC: [2] fopen(https://www.caption-he.com.cn/xcx/tiger.jpg): failed to open stream: HTTP request failed! HTTP/1.1 404 Not Found
 C:\wamp\www\ThinkPHP\Library\Vendor\MPDF60\mpdf.php 第 10434 行.

[ 2019-04-19T12:23:48+08:00 ] 122.206.190.96 /xcx/home/Mpdf/mpdf
INFO: [ app_init ] --START--
INFO: Run Behavior\BuildLiteBehavior [ RunTime:0.000060s ]
INFO: [ app_init ] --END-- [ RunTime:0.000723s ]
INFO: [ app_begin ] --START--
INFO: Run Behavior\ReadHtmlCacheBehavior [ RunTime:0.000756s ]
INFO: [ app_begin ] --END-- [ RunTime:0.001129s ]
NOTIC: [2] fopen(tiger.wmf): failed to open stream: No such file or directory C:\wamp\www\ThinkPHP\Library\Vendor\MPDF60\mpdf.php 第 10428 行.
NOTIC: [2] fopen(https://www.caption-he.com.cn/xcx/tiger.wmf): failed to open stream: HTTP request failed! HTTP/1.1 404 Not Found
 C:\wamp\www\ThinkPHP\Library\Vendor\MPDF60\mpdf.php 第 10434 行.
NOTIC: [2] fopen(tiger.jpg): failed to open stream: No such file or directory C:\wamp\www\ThinkPHP\Library\Vendor\MPDF60\mpdf.php 第 10428 行.
NOTIC: [2] fopen(https://www.caption-he.com.cn/xcx/tiger.jpg): failed to open stream: HTTP request failed! HTTP/1.1 404 Not Found
 C:\wamp\www\ThinkPHP\Library\Vendor\MPDF60\mpdf.php 第 10434 行.

[ 2019-04-19T12:27:58+08:00 ] 122.206.190.96 /xcx/home/Mpdf/mpdf
INFO: [ app_init ] --START--
INFO: Run Behavior\BuildLiteBehavior [ RunTime:0.000044s ]
INFO: [ app_init ] --END-- [ RunTime:0.000642s ]
INFO: [ app_begin ] --START--
INFO: Run Behavior\ReadHtmlCacheBehavior [ RunTime:0.000598s ]
INFO: [ app_begin ] --END-- [ RunTime:0.000835s ]
NOTIC: [2] fopen(tiger.wmf): failed to open stream: No such file or directory C:\wamp\www\ThinkPHP\Library\Vendor\MPDF60\mpdf.php 第 10428 行.
NOTIC: [2] fopen(https://www.caption-he.com.cn/xcx/tiger.wmf): failed to open stream: HTTP request failed! HTTP/1.1 404 Not Found
 C:\wamp\www\ThinkPHP\Library\Vendor\MPDF60\mpdf.php 第 10434 行.
NOTIC: [2] fopen(tiger.jpg): failed to open stream: No such file or directory C:\wamp\www\ThinkPHP\Library\Vendor\MPDF60\mpdf.php 第 10428 行.
NOTIC: [2] fopen(https://www.caption-he.com.cn/xcx/tiger.jpg): failed to open stream: HTTP request failed! HTTP/1.1 404 Not Found
 C:\wamp\www\ThinkPHP\Library\Vendor\MPDF60\mpdf.php 第 10434 行.

[ 2019-04-19T12:28:52+08:00 ] 122.206.190.96 /xcx/home/Mpdf/mpdf
INFO: [ app_init ] --START--
INFO: Run Behavior\BuildLiteBehavior [ RunTime:0.000041s ]
INFO: [ app_init ] --END-- [ RunTime:0.000554s ]
INFO: [ app_begin ] --START--
INFO: Run Behavior\ReadHtmlCacheBehavior [ RunTime:0.000840s ]
INFO: [ app_begin ] --END-- [ RunTime:0.001150s ]
NOTIC: [2] fopen(tiger.wmf): failed to open stream: No such file or directory C:\wamp\www\ThinkPHP\Library\Vendor\MPDF60\mpdf.php 第 10428 行.
NOTIC: [2] fopen(https://www.caption-he.com.cn/xcx/tiger.wmf): failed to open stream: HTTP request failed! HTTP/1.1 404 Not Found
 C:\wamp\www\ThinkPHP\Library\Vendor\MPDF60\mpdf.php 第 10434 行.
NOTIC: [2] fopen(tiger.jpg): failed to open stream: No such file or directory C:\wamp\www\ThinkPHP\Library\Vendor\MPDF60\mpdf.php 第 10428 行.
NOTIC: [2] fopen(https://www.caption-he.com.cn/xcx/tiger.jpg): failed to open stream: HTTP request failed! HTTP/1.1 404 Not Found
 C:\wamp\www\ThinkPHP\Library\Vendor\MPDF60\mpdf.php 第 10434 行.

[ 2019-04-19T12:31:07+08:00 ] 122.206.190.96 /xcx/home/Mpdf/mpdf
INFO: [ app_init ] --START--
INFO: Run Behavior\BuildLiteBehavior [ RunTime:0.000062s ]
INFO: [ app_init ] --END-- [ RunTime:0.000945s ]
INFO: [ app_begin ] --START--
INFO: Run Behavior\ReadHtmlCacheBehavior [ RunTime:0.000849s ]
INFO: [ app_begin ] --END-- [ RunTime:0.001252s ]
NOTIC: [2] fopen(tiger.wmf): failed to open stream: No such file or directory C:\wamp\www\ThinkPHP\Library\Vendor\MPDF60\mpdf.php 第 10428 行.
NOTIC: [2] fopen(https://www.caption-he.com.cn/xcx/tiger.wmf): failed to open stream: HTTP request failed! HTTP/1.1 404 Not Found
 C:\wamp\www\ThinkPHP\Library\Vendor\MPDF60\mpdf.php 第 10434 行.
NOTIC: [2] fopen(tiger.jpg): failed to open stream: No such file or directory C:\wamp\www\ThinkPHP\Library\Vendor\MPDF60\mpdf.php 第 10428 行.
NOTIC: [2] fopen(https://www.caption-he.com.cn/xcx/tiger.jpg): failed to open stream: HTTP request failed! HTTP/1.1 404 Not Found
 C:\wamp\www\ThinkPHP\Library\Vendor\MPDF60\mpdf.php 第 10434 行.

[ 2019-04-19T12:31:53+08:00 ] 122.206.190.96 /xcx/home/Mpdf/mpdf
INFO: [ app_init ] --START--
INFO: Run Behavior\BuildLiteBehavior [ RunTime:0.000061s ]
INFO: [ app_init ] --END-- [ RunTime:0.000780s ]
INFO: [ app_begin ] --START--
INFO: Run Behavior\ReadHtmlCacheBehavior [ RunTime:0.000799s ]
INFO: [ app_begin ] --END-- [ RunTime:0.001094s ]
NOTIC: [2] fopen(tiger.wmf): failed to open stream: No such file or directory C:\wamp\www\ThinkPHP\Library\Vendor\MPDF60\mpdf.php 第 10428 行.
NOTIC: [2] fopen(https://www.caption-he.com.cn/xcx/tiger.wmf): failed to open stream: HTTP request failed! HTTP/1.1 404 Not Found
 C:\wamp\www\ThinkPHP\Library\Vendor\MPDF60\mpdf.php 第 10434 行.
NOTIC: [2] fopen(tiger.jpg): failed to open stream: No such file or directory C:\wamp\www\ThinkPHP\Library\Vendor\MPDF60\mpdf.php 第 10428 行.
NOTIC: [2] fopen(https://www.caption-he.com.cn/xcx/tiger.jpg): failed to open stream: HTTP request failed! HTTP/1.1 404 Not Found
 C:\wamp\www\ThinkPHP\Library\Vendor\MPDF60\mpdf.php 第 10434 行.

[ 2019-04-19T12:33:09+08:00 ] 122.206.190.96 /xcx/home/Mpdf/mpdf
INFO: [ app_init ] --START--
INFO: Run Behavior\BuildLiteBehavior [ RunTime:0.000062s ]
INFO: [ app_init ] --END-- [ RunTime:0.000785s ]
INFO: [ app_begin ] --START--
INFO: Run Behavior\ReadHtmlCacheBehavior [ RunTime:0.000892s ]
INFO: [ app_begin ] --END-- [ RunTime:0.001325s ]
NOTIC: [2] fopen(tiger.wmf): failed to open stream: No such file or directory C:\wamp\www\ThinkPHP\Library\Vendor\MPDF60\mpdf.php 第 10428 行.
NOTIC: [2] fopen(https://www.caption-he.com.cn/xcx/tiger.wmf): failed to open stream: HTTP request failed! HTTP/1.1 404 Not Found
 C:\wamp\www\ThinkPHP\Library\Vendor\MPDF60\mpdf.php 第 10434 行.
NOTIC: [2] fopen(tiger.jpg): failed to open stream: No such file or directory C:\wamp\www\ThinkPHP\Library\Vendor\MPDF60\mpdf.php 第 10428 行.
NOTIC: [2] fopen(https://www.caption-he.com.cn/xcx/tiger.jpg): failed to open stream: HTTP request failed! HTTP/1.1 404 Not Found
 C:\wamp\www\ThinkPHP\Library\Vendor\MPDF60\mpdf.php 第 10434 行.

[ 2019-04-19T16:04:30+08:00 ] 122.206.190.96 /xcx/home/Tcpdf/tcpdf
INFO: [ app_init ] --START--
INFO: Run Behavior\BuildLiteBehavior [ RunTime:0.000040s ]
INFO: [ app_init ] --END-- [ RunTime:0.000534s ]
INFO: [ app_begin ] --START--
INFO: Run Behavior\ReadHtmlCacheBehavior [ RunTime:0.000602s ]
INFO: [ app_begin ] --END-- [ RunTime:0.000805s ]
NOTIC: [2] require_once(C:\wamp\www\ThinkPHP\Library\Vendor\tcpdf\tcpdf_include.php): failed to open stream: No such file or directory C:\wamp\www\xcx\Application\Home\Controller\TcpdfController.class.php 第 12 行.

[ 2019-04-19T16:06:21+08:00 ] 122.206.190.96 /xcx/home/Tcpdf/tcpdf
INFO: [ app_init ] --START--
INFO: Run Behavior\BuildLiteBehavior [ RunTime:0.000061s ]
INFO: [ app_init ] --END-- [ RunTime:0.000801s ]
INFO: [ app_begin ] --START--
INFO: Run Behavior\ReadHtmlCacheBehavior [ RunTime:0.000910s ]
INFO: [ app_begin ] --END-- [ RunTime:0.001210s ]

[ 2019-04-19T16:06:22+08:00 ] 122.206.190.96 /xcx/home/Tcpdf/tcpdf
INFO: [ app_init ] --START--
INFO: Run Behavior\BuildLiteBehavior [ RunTime:0.000058s ]
INFO: [ app_init ] --END-- [ RunTime:0.000726s ]
INFO: [ app_begin ] --START--
INFO: Run Behavior\ReadHtmlCacheBehavior [ RunTime:0.000953s ]
INFO: [ app_begin ] --END-- [ RunTime:0.001256s ]

[ 2019-04-19T16:07:00+08:00 ] 122.206.190.96 /xcx/home/Tcpdf/tcpdf
INFO: [ app_init ] --START--
INFO: Run Behavior\BuildLiteBehavior [ RunTime:0.000041s ]
INFO: [ app_init ] --END-- [ RunTime:0.000648s ]
INFO: [ app_begin ] --START--
INFO: Run Behavior\ReadHtmlCacheBehavior [ RunTime:0.000705s ]
INFO: [ app_begin ] --END-- [ RunTime:0.000920s ]

[ 2019-04-19T16:07:02+08:00 ] 122.206.190.96 /xcx/home/Tcpdf/tcpdf
INFO: [ app_init ] --START--
INFO: Run Behavior\BuildLiteBehavior [ RunTime:0.000063s ]
INFO: [ app_init ] --END-- [ RunTime:0.000715s ]
INFO: [ app_begin ] --START--
INFO: Run Behavior\ReadHtmlCacheBehavior [ RunTime:0.000905s ]
INFO: [ app_begin ] --END-- [ RunTime:0.001209s ]

[ 2019-04-19T16:07:55+08:00 ] 122.206.190.96 /xcx/home/Tcpdf/tcpdf
INFO: [ app_init ] --START--
INFO: Run Behavior\BuildLiteBehavior [ RunTime:0.000062s ]
INFO: [ app_init ] --END-- [ RunTime:0.000833s ]
INFO: [ app_begin ] --START--
INFO: Run Behavior\ReadHtmlCacheBehavior [ RunTime:0.000888s ]
INFO: [ app_begin ] --END-- [ RunTime:0.001188s ]
INFO: [ app_end ] --START--
INFO: Run Behavior\ShowPageTraceBehavior [ RunTime:0.002658s ]
INFO: [ app_end ] --END-- [ RunTime:0.002993s ]

[ 2019-04-19T16:08:01+08:00 ] 122.206.190.96 /xcx/home/Tcpdf/tcpdf
INFO: [ app_init ] --START--
INFO: Run Behavior\BuildLiteBehavior [ RunTime:0.000050s ]
INFO: [ app_init ] --END-- [ RunTime:0.000550s ]
INFO: [ app_begin ] --START--
INFO: Run Behavior\ReadHtmlCacheBehavior [ RunTime:0.000629s ]
INFO: [ app_begin ] --END-- [ RunTime:0.000881s ]
INFO: [ app_end ] --START--
INFO: Run Behavior\ShowPageTraceBehavior [ RunTime:0.000939s ]
INFO: [ app_end ] --END-- [ RunTime:0.001239s ]

[ 2019-04-19T16:08:19+08:00 ] 122.206.190.96 /xcx/home/Tcpdf/tcpdf
INFO: [ app_init ] --START--
INFO: Run Behavior\BuildLiteBehavior [ RunTime:0.000044s ]
INFO: [ app_init ] --END-- [ RunTime:0.000523s ]
INFO: [ app_begin ] --START--
INFO: Run Behavior\ReadHtmlCacheBehavior [ RunTime:0.000592s ]
INFO: [ app_begin ] --END-- [ RunTime:0.000837s ]

[ 2019-04-19T16:11:49+08:00 ] 122.206.190.96 /xcx/home/Tcpdf/tcpdf
INFO: [ app_init ] --START--
INFO: Run Behavior\BuildLiteBehavior [ RunTime:0.000095s ]
INFO: [ app_init ] --END-- [ RunTime:0.000752s ]
INFO: [ app_begin ] --START--
INFO: Run Behavior\ReadHtmlCacheBehavior [ RunTime:0.000880s ]
INFO: [ app_begin ] --END-- [ RunTime:0.001197s ]
INFO: [ app_end ] --START--
INFO: Run Behavior\ShowPageTraceBehavior [ RunTime:0.000985s ]
INFO: [ app_end ] --END-- [ RunTime:0.001413s ]

[ 2019-04-19T16:13:00+08:00 ] 122.206.190.96 /xcx/home/Tcpdf/tcpdf
INFO: [ app_init ] --START--
INFO: Run Behavior\BuildLiteBehavior [ RunTime:0.000061s ]
INFO: [ app_init ] --END-- [ RunTime:0.000819s ]
INFO: [ app_begin ] --START--
INFO: Run Behavior\ReadHtmlCacheBehavior [ RunTime:0.000909s ]
INFO: [ app_begin ] --END-- [ RunTime:0.001282s ]
INFO: [ app_end ] --START--
INFO: Run Behavior\ShowPageTraceBehavior [ RunTime:0.000688s ]
INFO: [ app_end ] --END-- [ RunTime:0.000989s ]

[ 2019-04-19T16:14:32+08:00 ] 122.206.190.96 /xcx/home/Tcpdf/tcpdf
INFO: [ app_init ] --START--
INFO: Run Behavior\BuildLiteBehavior [ RunTime:0.000068s ]
INFO: [ app_init ] --END-- [ RunTime:0.000945s ]
INFO: [ app_begin ] --START--
INFO: Run Behavior\ReadHtmlCacheBehavior [ RunTime:0.001028s ]
INFO: [ app_begin ] --END-- [ RunTime:0.001445s ]
INFO: [ app_end ] --START--
INFO: Run Behavior\ShowPageTraceBehavior [ RunTime:0.001013s ]
INFO: [ app_end ] --END-- [ RunTime:0.001334s ]

[ 2019-04-19T16:15:16+08:00 ] 122.206.190.96 /xcx/home/Tcpdf/tcpdf
INFO: [ app_init ] --START--
INFO: Run Behavior\BuildLiteBehavior [ RunTime:0.000067s ]
INFO: [ app_init ] --END-- [ RunTime:0.000885s ]
INFO: [ app_begin ] --START--
INFO: Run Behavior\ReadHtmlCacheBehavior [ RunTime:0.000954s ]
INFO: [ app_begin ] --END-- [ RunTime:0.001280s ]
INFO: [ app_end ] --START--
INFO: Run Behavior\ShowPageTraceBehavior [ RunTime:0.001063s ]
INFO: [ app_end ] --END-- [ RunTime:0.001404s ]

[ 2019-04-19T16:16:44+08:00 ] 122.206.190.96 /xcx/home/Tcpdf/tcpdf
INFO: [ app_init ] --START--
INFO: Run Behavior\BuildLiteBehavior [ RunTime:0.000061s ]
INFO: [ app_init ] --END-- [ RunTime:0.000716s ]
INFO: [ app_begin ] --START--
INFO: Run Behavior\ReadHtmlCacheBehavior [ RunTime:0.000855s ]
INFO: [ app_begin ] --END-- [ RunTime:0.001146s ]
ERR: 无法加载控制器:Tcpdf

[ 2019-04-19T16:17:14+08:00 ] 122.206.190.96 /xcx/home/Pdf/pdf
INFO: [ app_init ] --START--
INFO: Run Behavior\BuildLiteBehavior [ RunTime:0.000061s ]
INFO: [ app_init ] --END-- [ RunTime:0.000710s ]
INFO: [ app_begin ] --START--
INFO: Run Behavior\ReadHtmlCacheBehavior [ RunTime:0.000876s ]
INFO: [ app_begin ] --END-- [ RunTime:0.001177s ]
INFO: [ app_end ] --START--
INFO: Run Behavior\ShowPageTraceBehavior [ RunTime:0.000883s ]
INFO: [ app_end ] --END-- [ RunTime:0.001158s ]

[ 2019-04-19T16:17:16+08:00 ] 122.206.190.96 /xcx/home/Tcpdf/tcpdf
INFO: [ app_init ] --START--
INFO: Run Behavior\BuildLiteBehavior [ RunTime:0.000046s ]
INFO: [ app_init ] --END-- [ RunTime:0.000591s ]
INFO: [ app_begin ] --START--
INFO: Run Behavior\ReadHtmlCacheBehavior [ RunTime:0.000846s ]
INFO: [ app_begin ] --END-- [ RunTime:0.001074s ]
ERR: 无法加载控制器:Tcpdf

[ 2019-04-19T16:17:19+08:00 ] 122.206.190.96 /xcx/home/Tcpdf/tcpdf
INFO: [ app_init ] --START--
INFO: Run Behavior\BuildLiteBehavior [ RunTime:0.000094s ]
INFO: [ app_init ] --END-- [ RunTime:0.000562s ]
INFO: [ app_begin ] --START--
INFO: Run Behavior\ReadHtmlCacheBehavior [ RunTime:0.000605s ]
INFO: [ app_begin ] --END-- [ RunTime:0.000797s ]
ERR: 无法加载控制器:Tcpdf

[ 2019-04-19T16:17:29+08:00 ] 122.206.190.96 /xcx/home/pdf/pdf
INFO: [ app_init ] --START--
INFO: Run Behavior\BuildLiteBehavior [ RunTime:0.000042s ]
INFO: [ app_init ] --END-- [ RunTime:0.000720s ]
INFO: [ app_begin ] --START--
INFO: Run Behavior\ReadHtmlCacheBehavior [ RunTime:0.000724s ]
INFO: [ app_begin ] --END-- [ RunTime:0.000962s ]
INFO: [ app_end ] --START--
INFO: Run Behavior\ShowPageTraceBehavior [ RunTime:0.000686s ]
INFO: [ app_end ] --END-- [ RunTime:0.000898s ]

[ 2019-04-19T16:17:56+08:00 ] 122.206.190.96 /xcx/home/Tcpdf/tcpdf
INFO: [ app_init ] --START--
INFO: Run Behavior\BuildLiteBehavior [ RunTime:0.000137s ]
INFO: [ app_init ] --END-- [ RunTime:0.000948s ]
INFO: [ app_begin ] --START--
INFO: Run Behavior\ReadHtmlCacheBehavior [ RunTime:0.000707s ]
INFO: [ app_begin ] --END-- [ RunTime:0.000921s ]
ERR: 无法加载控制器:Tcpdf

[ 2019-04-19T16:17:57+08:00 ] 122.206.190.96 /xcx/home/Tcpdf/tcpdf
INFO: [ app_init ] --START--
INFO: Run Behavior\BuildLiteBehavior [ RunTime:0.000046s ]
INFO: [ app_init ] --END-- [ RunTime:0.000699s ]
INFO: [ app_begin ] --START--
INFO: Run Behavior\ReadHtmlCacheBehavior [ RunTime:0.000765s ]
INFO: [ app_begin ] --END-- [ RunTime:0.001053s ]
ERR: 无法加载控制器:Tcpdf

[ 2019-04-19T16:17:58+08:00 ] 122.206.190.96 /xcx/home/Tcpdf/tcpdf
INFO: [ app_init ] --START--
INFO: Run Behavior\BuildLiteBehavior [ RunTime:0.000137s ]
INFO: [ app_init ] --END-- [ RunTime:0.000958s ]
INFO: [ app_begin ] --START--
INFO: Run Behavior\ReadHtmlCacheBehavior [ RunTime:0.000723s ]
INFO: [ app_begin ] --END-- [ RunTime:0.000952s ]
ERR: 无法加载控制器:Tcpdf

[ 2019-04-19T16:17:58+08:00 ] 122.206.190.96 /xcx/home/Tcpdf/tcpdf
INFO: [ app_init ] --START--
INFO: Run Behavior\BuildLiteBehavior [ RunTime:0.000042s ]
INFO: [ app_init ] --END-- [ RunTime:0.000564s ]
INFO: [ app_begin ] --START--
INFO: Run Behavior\ReadHtmlCacheBehavior [ RunTime:0.000664s ]
INFO: [ app_begin ] --END-- [ RunTime:0.000909s ]
ERR: 无法加载控制器:Tcpdf

[ 2019-04-19T16:17:58+08:00 ] 122.206.190.96 /xcx/home/Tcpdf/tcpdf
INFO: [ app_init ] --START--
INFO: Run Behavior\BuildLiteBehavior [ RunTime:0.000041s ]
INFO: [ app_init ] --END-- [ RunTime:0.000586s ]
INFO: [ app_begin ] --START--
INFO: Run Behavior\ReadHtmlCacheBehavior [ RunTime:0.000665s ]
INFO: [ app_begin ] --END-- [ RunTime:0.000863s ]
ERR: 无法加载控制器:Tcpdf

[ 2019-04-19T16:17:58+08:00 ] 122.206.190.96 /xcx/home/Tcpdf/tcpdf
INFO: [ app_init ] --START--
INFO: Run Behavior\BuildLiteBehavior [ RunTime:0.000062s ]
INFO: [ app_init ] --END-- [ RunTime:0.000831s ]
INFO: [ app_begin ] --START--
INFO: Run Behavior\ReadHtmlCacheBehavior [ RunTime:0.000970s ]
INFO: [ app_begin ] --END-- [ RunTime:0.001331s ]
ERR: 无法加载控制器:Tcpdf

[ 2019-04-19T16:17:59+08:00 ] 122.206.190.96 /xcx/home/Tcpdf/tcpdf
INFO: [ app_init ] --START--
INFO: Run Behavior\BuildLiteBehavior [ RunTime:0.000060s ]
INFO: [ app_init ] --END-- [ RunTime:0.000804s ]
INFO: [ app_begin ] --START--
INFO: Run Behavior\ReadHtmlCacheBehavior [ RunTime:0.001122s ]
INFO: [ app_begin ] --END-- [ RunTime:0.001504s ]
ERR: 无法加载控制器:Tcpdf

[ 2019-04-19T16:17:59+08:00 ] 122.206.190.96 /xcx/home/Tcpdf/tcpdf
INFO: [ app_init ] --START--
INFO: Run Behavior\BuildLiteBehavior [ RunTime:0.000042s ]
INFO: [ app_init ] --END-- [ RunTime:0.000553s ]
INFO: [ app_begin ] --START--
INFO: Run Behavior\ReadHtmlCacheBehavior [ RunTime:0.000735s ]
INFO: [ app_begin ] --END-- [ RunTime:0.000942s ]
ERR: 无法加载控制器:Tcpdf

[ 2019-04-19T16:18:05+08:00 ] 122.206.190.96 /xcx/home/pdf/pdf
INFO: [ app_init ] --START--
INFO: Run Behavior\BuildLiteBehavior [ RunTime:0.000041s ]
INFO: [ app_init ] --END-- [ RunTime:0.000577s ]
INFO: [ app_begin ] --START--
INFO: Run Behavior\ReadHtmlCacheBehavior [ RunTime:0.000824s ]
INFO: [ app_begin ] --END-- [ RunTime:0.001080s ]
INFO: [ app_end ] --START--
INFO: Run Behavior\ShowPageTraceBehavior [ RunTime:0.000838s ]
INFO: [ app_end ] --END-- [ RunTime:0.001218s ]

[ 2019-04-19T16:18:13+08:00 ] 122.206.190.96 /xcx/home/pdf/pdf
INFO: [ app_init ] --START--
INFO: Run Behavior\BuildLiteBehavior [ RunTime:0.000062s ]
INFO: [ app_init ] --END-- [ RunTime:0.000780s ]
INFO: [ app_begin ] --START--
INFO: Run Behavior\ReadHtmlCacheBehavior [ RunTime:0.000748s ]
INFO: [ app_begin ] --END-- [ RunTime:0.001058s ]
INFO: [ app_end ] --START--
INFO: Run Behavior\ShowPageTraceBehavior [ RunTime:0.000711s ]
INFO: [ app_end ] --END-- [ RunTime:0.000942s ]

[ 2019-04-19T16:18:29+08:00 ] 122.206.190.96 /xcx/home/pdf/pdf
INFO: [ app_init ] --START--
INFO: Run Behavior\BuildLiteBehavior [ RunTime:0.000064s ]
INFO: [ app_init ] --END-- [ RunTime:0.000796s ]
INFO: [ app_begin ] --START--
INFO: Run Behavior\ReadHtmlCacheBehavior [ RunTime:0.000884s ]
INFO: [ app_begin ] --END-- [ RunTime:0.001196s ]

[ 2019-04-19T16:18:39+08:00 ] 122.206.190.96 /xcx/home/pdf/pdf
INFO: [ app_init ] --START--
INFO: Run Behavior\BuildLiteBehavior [ RunTime:0.000042s ]
INFO: [ app_init ] --END-- [ RunTime:0.000492s ]
INFO: [ app_begin ] --START--
INFO: Run Behavior\ReadHtmlCacheBehavior [ RunTime:0.000634s ]
INFO: [ app_begin ] --END-- [ RunTime:0.000830s ]
INFO: [ app_end ] --START--
INFO: Run Behavior\ShowPageTraceBehavior [ RunTime:0.000737s ]
INFO: [ app_end ] --END-- [ RunTime:0.000973s ]

[ 2019-04-19T16:18:43+08:00 ] 122.206.190.96 /xcx/home/pdf/pdf
INFO: [ app_init ] --START--
INFO: Run Behavior\BuildLiteBehavior [ RunTime:0.000040s ]
INFO: [ app_init ] --END-- [ RunTime:0.000541s ]
INFO: [ app_begin ] --START--
INFO: Run Behavior\ReadHtmlCacheBehavior [ RunTime:0.000625s ]
INFO: [ app_begin ] --END-- [ RunTime:0.000836s ]
INFO: [ app_end ] --START--
INFO: Run Behavior\ShowPageTraceBehavior [ RunTime:0.001139s ]
INFO: [ app_end ] --END-- [ RunTime:0.001647s ]

[ 2019-04-19T16:18:59+08:00 ] 122.206.190.96 /xcx/home/pdf/pdf
INFO: [ app_init ] --START--
INFO: Run Behavior\BuildLiteBehavior [ RunTime:0.000064s ]
INFO: [ app_init ] --END-- [ RunTime:0.000810s ]
INFO: [ app_begin ] --START--
INFO: Run Behavior\ReadHtmlCacheBehavior [ RunTime:0.000975s ]
INFO: [ app_begin ] --END-- [ RunTime:0.001301s ]
INFO: [ app_end ] --START--
INFO: Run Behavior\ShowPageTraceBehavior [ RunTime:0.000784s ]
INFO: [ app_end ] --END-- [ RunTime:0.001006s ]

[ 2019-04-19T16:27:18+08:00 ] 122.206.190.96 /xcx/home/index/read
INFO: [ app_init ] --START--
INFO: Run Behavior\BuildLiteBehavior [ RunTime:0.000069s ]
INFO: [ app_init ] --END-- [ RunTime:0.000839s ]
INFO: [ app_begin ] --START--
INFO: Run Behavior\ReadHtmlCacheBehavior [ RunTime:0.000837s ]
INFO: [ app_begin ] --END-- [ RunTime:0.001229s ]
INFO: [ app_end ] --START--
INFO: Run Behavior\ShowPageTraceBehavior [ RunTime:0.000907s ]
INFO: [ app_end ] --END-- [ RunTime:0.001204s ]

[ 2019-04-19T16:27:33+08:00 ] 122.206.190.96 /xcx/home/index/read
INFO: [ app_init ] --START--
INFO: Run Behavior\BuildLiteBehavior [ RunTime:0.000067s ]
INFO: [ app_init ] --END-- [ RunTime:0.000841s ]
INFO: [ app_begin ] --START--
INFO: Run Behavior\ReadHtmlCacheBehavior [ RunTime:0.000885s ]
INFO: [ app_begin ] --END-- [ RunTime:0.001243s ]
INFO: [ app_end ] --START--
INFO: Run Behavior\ShowPageTraceBehavior [ RunTime:0.000574s ]
INFO: [ app_end ] --END-- [ RunTime:0.000883s ]

[ 2019-04-19T16:29:07+08:00 ] 122.206.190.96 /xcx/home/index/updatetxt
INFO: [ app_init ] --START--
INFO: Run Behavior\BuildLiteBehavior [ RunTime:0.000072s ]
INFO: [ app_init ] --END-- [ RunTime:0.001742s ]
INFO: [ app_begin ] --START--
INFO: Run Behavior\ReadHtmlCacheBehavior [ RunTime:0.002308s ]
INFO: [ app_begin ] --END-- [ RunTime:0.002629s ]

[ 2019-04-19T16:30:41+08:00 ] 122.206.190.96 /xcx/home/index/updatetxt
INFO: [ app_init ] --START--
INFO: Run Behavior\BuildLiteBehavior [ RunTime:0.000048s ]
INFO: [ app_init ] --END-- [ RunTime:0.000585s ]
INFO: [ app_begin ] --START--
INFO: Run Behavior\ReadHtmlCacheBehavior [ RunTime:0.000776s ]
INFO: [ app_begin ] --END-- [ RunTime:0.001021s ]

[ 2019-04-19T16:30:45+08:00 ] 122.206.190.96 /xcx/home/index/updatetxt
INFO: [ app_init ] --START--
INFO: Run Behavior\BuildLiteBehavior [ RunTime:0.000043s ]
INFO: [ app_init ] --END-- [ RunTime:0.000493s ]
INFO: [ app_begin ] --START--
INFO: Run Behavior\ReadHtmlCacheBehavior [ RunTime:0.000618s ]
INFO: [ app_begin ] --END-- [ RunTime:0.000816s ]

[ 2019-04-19T16:30:48+08:00 ] 122.206.190.96 /xcx/home/index/updatetxt
INFO: [ app_init ] --START--
INFO: Run Behavior\BuildLiteBehavior [ RunTime:0.000049s ]
INFO: [ app_init ] --END-- [ RunTime:0.000584s ]
INFO: [ app_begin ] --START--
INFO: Run Behavior\ReadHtmlCacheBehavior [ RunTime:0.000734s ]
INFO: [ app_begin ] --END-- [ RunTime:0.000992s ]

[ 2019-04-19T16:31:51+08:00 ] 122.206.190.96 /xcx/home/index/updatetxt
INFO: [ app_init ] --START--
INFO: Run Behavior\BuildLiteBehavior [ RunTime:0.000053s ]
INFO: [ app_init ] --END-- [ RunTime:0.001236s ]
INFO: [ app_begin ] --START--
INFO: Run Behavior\ReadHtmlCacheBehavior [ RunTime:0.001931s ]
INFO: [ app_begin ] --END-- [ RunTime:0.002592s ]

[ 2019-04-19T16:31:54+08:00 ] 122.206.190.96 /xcx/home/index/updatetxt
INFO: [ app_init ] --START--
INFO: Run Behavior\BuildLiteBehavior [ RunTime:0.000065s ]
INFO: [ app_init ] --END-- [ RunTime:0.000628s ]
INFO: [ app_begin ] --START--
INFO: Run Behavior\ReadHtmlCacheBehavior [ RunTime:0.000748s ]
INFO: [ app_begin ] --END-- [ RunTime:0.001075s ]

[ 2019-04-19T16:32:27+08:00 ] 122.206.190.96 /xcx/home/index/updatetxt
INFO: [ app_init ] --START--
INFO: Run Behavior\BuildLiteBehavior [ RunTime:0.000063s ]
INFO: [ app_init ] --END-- [ RunTime:0.000796s ]
INFO: [ app_begin ] --START--
INFO: Run Behavior\ReadHtmlCacheBehavior [ RunTime:0.000849s ]
INFO: [ app_begin ] --END-- [ RunTime:0.001149s ]

[ 2019-04-19T16:32:31+08:00 ] 122.206.190.96 /xcx/home/index/updatetxt
INFO: [ app_init ] --START--
INFO: Run Behavior\BuildLiteBehavior [ RunTime:0.000066s ]
INFO: [ app_init ] --END-- [ RunTime:0.000880s ]
INFO: [ app_begin ] --START--
INFO: Run Behavior\ReadHtmlCacheBehavior [ RunTime:0.000796s ]
INFO: [ app_begin ] --END-- [ RunTime:0.001119s ]

[ 2019-04-19T16:33:54+08:00 ] 122.206.190.96 /xcx/home/index/updatetxt
INFO: [ app_init ] --START--
INFO: Run Behavior\BuildLiteBehavior [ RunTime:0.000062s ]
INFO: [ app_init ] --END-- [ RunTime:0.000753s ]
INFO: [ app_begin ] --START--
INFO: Run Behavior\ReadHtmlCacheBehavior [ RunTime:0.000890s ]
INFO: [ app_begin ] --END-- [ RunTime:0.001187s ]

[ 2019-04-19T16:36:08+08:00 ] 122.206.190.96 /xcx/home/index/read
INFO: [ app_init ] --START--
INFO: Run Behavior\BuildLiteBehavior [ RunTime:0.000041s ]
INFO: [ app_init ] --END-- [ RunTime:0.000630s ]
INFO: [ app_begin ] --START--
INFO: Run Behavior\ReadHtmlCacheBehavior [ RunTime:0.000658s ]
INFO: [ app_begin ] --END-- [ RunTime:0.000856s ]
INFO: [ app_end ] --START--
INFO: Run Behavior\ShowPageTraceBehavior [ RunTime:0.001946s ]
INFO: [ app_end ] --END-- [ RunTime:0.002264s ]

[ 2019-04-19T16:49:03+08:00 ] 122.206.190.96 /xcx/home/index/updatetxt
INFO: [ app_init ] --START--
INFO: Run Behavior\BuildLiteBehavior [ RunTime:0.000136s ]
INFO: [ app_init ] --END-- [ RunTime:0.001004s ]
INFO: [ app_begin ] --START--
INFO: Run Behavior\ReadHtmlCacheBehavior [ RunTime:0.001011s ]
INFO: [ app_begin ] --END-- [ RunTime:0.001358s ]
INFO: [ app_end ] --START--
INFO: Run Behavior\ShowPageTraceBehavior [ RunTime:0.001330s ]
INFO: [ app_end ] --END-- [ RunTime:0.001760s ]

[ 2019-04-19T16:53:09+08:00 ] 122.206.190.96 /xcx/home/index/updatetxt
INFO: [ app_init ] --START--
INFO: Run Behavior\BuildLiteBehavior [ RunTime:0.000061s ]
INFO: [ app_init ] --END-- [ RunTime:0.000788s ]
INFO: [ app_begin ] --START--
INFO: Run Behavior\ReadHtmlCacheBehavior [ RunTime:0.000951s ]
INFO: [ app_begin ] --END-- [ RunTime:0.001298s ]
INFO: [ app_end ] --START--
INFO: Run Behavior\ShowPageTraceBehavior [ RunTime:0.000924s ]
INFO: [ app_end ] --END-- [ RunTime:0.001249s ]

[ 2019-04-19T16:53:12+08:00 ] 122.206.190.96 /xcx/home/index/updatetxt
INFO: [ app_init ] --START--
INFO: Run Behavior\BuildLiteBehavior [ RunTime:0.000062s ]
INFO: [ app_init ] --END-- [ RunTime:0.000844s ]
INFO: [ app_begin ] --START--
INFO: Run Behavior\ReadHtmlCacheBehavior [ RunTime:0.000918s ]
INFO: [ app_begin ] --END-- [ RunTime:0.001235s ]
INFO: [ app_end ] --START--
INFO: Run Behavior\ShowPageTraceBehavior [ RunTime:0.000892s ]
INFO: [ app_end ] --END-- [ RunTime:0.001184s ]

[ 2019-04-19T16:53:13+08:00 ] 122.206.190.96 /xcx/home/index/updatetxt
INFO: [ app_init ] --START--
INFO: Run Behavior\BuildLiteBehavior [ RunTime:0.000041s ]
INFO: [ app_init ] --END-- [ RunTime:0.000512s ]
INFO: [ app_begin ] --START--
INFO: Run Behavior\ReadHtmlCacheBehavior [ RunTime:0.000731s ]
INFO: [ app_begin ] --END-- [ RunTime:0.000941s ]
INFO: [ app_end ] --START--
INFO: Run Behavior\ShowPageTraceBehavior [ RunTime:0.000607s ]
INFO: [ app_end ] --END-- [ RunTime:0.000813s ]

[ 2019-04-19T16:53:13+08:00 ] 122.206.190.96 /xcx/home/index/updatetxt
INFO: [ app_init ] --START--
INFO: Run Behavior\BuildLiteBehavior [ RunTime:0.000042s ]
INFO: [ app_init ] --END-- [ RunTime:0.000533s ]
INFO: [ app_begin ] --START--
INFO: Run Behavior\ReadHtmlCacheBehavior [ RunTime:0.000604s ]
INFO: [ app_begin ] --END-- [ RunTime:0.000801s ]
INFO: [ app_end ] --START--
INFO: Run Behavior\ShowPageTraceBehavior [ RunTime:0.000542s ]
INFO: [ app_end ] --END-- [ RunTime:0.000767s ]

[ 2019-04-19T16:53:13+08:00 ] 122.206.190.96 /xcx/home/index/updatetxt
INFO: [ app_init ] --START--
INFO: Run Behavior\BuildLiteBehavior [ RunTime:0.000060s ]
INFO: [ app_init ] --END-- [ RunTime:0.000778s ]
INFO: [ app_begin ] --START--
INFO: Run Behavior\ReadHtmlCacheBehavior [ RunTime:0.000930s ]
INFO: [ app_begin ] --END-- [ RunTime:0.001232s ]
INFO: [ app_end ] --START--
INFO: Run Behavior\ShowPageTraceBehavior [ RunTime:0.000956s ]
INFO: [ app_end ] --END-- [ RunTime:0.001347s ]

[ 2019-04-19T16:53:47+08:00 ] 122.206.190.96 /xcx/home/index/read
INFO: [ app_init ] --START--
INFO: Run Behavior\BuildLiteBehavior [ RunTime:0.000063s ]
INFO: [ app_init ] --END-- [ RunTime:0.000854s ]
INFO: [ app_begin ] --START--
INFO: Run Behavior\ReadHtmlCacheBehavior [ RunTime:0.000950s ]
INFO: [ app_begin ] --END-- [ RunTime:0.001347s ]
NOTIC: [2] fread(): Length parameter must be greater than 0 C:\wamp\www\xcx\Application\Home\Controller\IndexController.class.php 第 62 行.
INFO: [ app_end ] --START--
INFO: Run Behavior\ShowPageTraceBehavior [ RunTime:0.001024s ]
INFO: [ app_end ] --END-- [ RunTime:0.001339s ]

[ 2019-04-19T16:54:01+08:00 ] 122.206.190.96 /xcx/home/index/upload
INFO: [ app_init ] --START--
INFO: Run Behavior\BuildLiteBehavior [ RunTime:0.000041s ]
INFO: [ app_init ] --END-- [ RunTime:0.000618s ]
INFO: [ app_begin ] --START--
INFO: Run Behavior\ReadHtmlCacheBehavior [ RunTime:0.000619s ]
INFO: [ app_begin ] --END-- [ RunTime:0.000834s ]
NOTIC: [2] call_user_func() expects parameter 1 to be a valid callback, no array or string given C:\wamp\www\ThinkPHP\Library\Think\Upload.class.php 第 170 行.
NOTIC: [8] Use of undefined constant data - assumed 'data' C:\wamp\www\xcx\Application\Home\Controller\OcrController.class.php 第 20 行.
NOTIC: [8] Use of undefined constant items - assumed 'items' C:\wamp\www\xcx\Application\Home\Controller\OcrController.class.php 第 20 行.
NOTIC: [8] Use of undefined constant data - assumed 'data' C:\wamp\www\xcx\Application\Home\Controller\OcrController.class.php 第 23 行.
NOTIC: [8] Use of undefined constant items - assumed 'items' C:\wamp\www\xcx\Application\Home\Controller\OcrController.class.php 第 23 行.
NOTIC: [8] Use of undefined constant itemstring - assumed 'itemstring' C:\wamp\www\xcx\Application\Home\Controller\OcrController.class.php 第 23 行.
NOTIC: [8] Undefined variable: txt C:\wamp\www\xcx\Application\Home\Controller\OcrController.class.php 第 23 行.
INFO: [ app_end ] --START--
INFO: Run Behavior\ShowPageTraceBehavior [ RunTime:0.000741s ]
INFO: [ app_end ] --END-- [ RunTime:0.000950s ]

[ 2019-04-19T16:55:16+08:00 ] 122.206.190.96 /xcx/home/index/read
INFO: [ app_init ] --START--
INFO: Run Behavior\BuildLiteBehavior [ RunTime:0.000040s ]
INFO: [ app_init ] --END-- [ RunTime:0.000566s ]
INFO: [ app_begin ] --START--
INFO: Run Behavior\ReadHtmlCacheBehavior [ RunTime:0.000563s ]
INFO: [ app_begin ] --END-- [ RunTime:0.000787s ]
INFO: [ app_end ] --START--
INFO: Run Behavior\ShowPageTraceBehavior [ RunTime:0.000669s ]
INFO: [ app_end ] --END-- [ RunTime:0.000889s ]

[ 2019-04-19T16:55:34+08:00 ] 122.206.190.96 /xcx/home/index/read
INFO: [ app_init ] --START--
INFO: Run Behavior\BuildLiteBehavior [ RunTime:0.000041s ]
INFO: [ app_init ] --END-- [ RunTime:0.000591s ]
INFO: [ app_begin ] --START--
INFO: Run Behavior\ReadHtmlCacheBehavior [ RunTime:0.000622s ]
INFO: [ app_begin ] --END-- [ RunTime:0.000832s ]
INFO: [ app_end ] --START--
INFO: Run Behavior\ShowPageTraceBehavior [ RunTime:0.000845s ]
INFO: [ app_end ] --END-- [ RunTime:0.001213s ]

[ 2019-04-19T16:59:16+08:00 ] 122.206.190.96 /xcx/home/index/updatetxt
INFO: [ app_init ] --START--
INFO: Run Behavior\BuildLiteBehavior [ RunTime:0.000044s ]
INFO: [ app_init ] --END-- [ RunTime:0.000663s ]
INFO: [ app_begin ] --START--
INFO: Run Behavior\ReadHtmlCacheBehavior [ RunTime:0.000625s ]
INFO: [ app_begin ] --END-- [ RunTime:0.000910s ]
INFO: [ app_end ] --START--
INFO: Run Behavior\ShowPageTraceBehavior [ RunTime:0.000875s ]
INFO: [ app_end ] --END-- [ RunTime:0.001111s ]

[ 2019-04-19T17:08:26+08:00 ] 122.206.190.96 /xcx/home/index/updatetxt
INFO: [ app_init ] --START--
INFO: Run Behavior\BuildLiteBehavior [ RunTime:0.000042s ]
INFO: [ app_init ] --END-- [ RunTime:0.000711s ]
INFO: [ app_begin ] --START--
INFO: Run Behavior\ReadHtmlCacheBehavior [ RunTime:0.000714s ]
INFO: [ app_begin ] --END-- [ RunTime:0.000997s ]
INFO: [ app_end ] --START--
INFO: Run Behavior\ShowPageTraceBehavior [ RunTime:0.000699s ]
INFO: [ app_end ] --END-- [ RunTime:0.000922s ]

[ 2019-04-19T17:08:27+08:00 ] 122.206.190.96 /xcx/home/index/updatetxt
INFO: [ app_init ] --START--
INFO: Run Behavior\BuildLiteBehavior [ RunTime:0.000042s ]
INFO: [ app_init ] --END-- [ RunTime:0.000622s ]
INFO: [ app_begin ] --START--
INFO: Run Behavior\ReadHtmlCacheBehavior [ RunTime:0.000704s ]
INFO: [ app_begin ] --END-- [ RunTime:0.000913s ]
INFO: [ app_end ] --START--
INFO: Run Behavior\ShowPageTraceBehavior [ RunTime:0.000737s ]
INFO: [ app_end ] --END-- [ RunTime:0.001005s ]

[ 2019-04-19T17:08:27+08:00 ] 122.206.190.96 /xcx/home/index/updatetxt
INFO: [ app_init ] --START--
INFO: Run Behavior\BuildLiteBehavior [ RunTime:0.000098s ]
INFO: [ app_init ] --END-- [ RunTime:0.000925s ]
INFO: [ app_begin ] --START--
INFO: Run Behavior\ReadHtmlCacheBehavior [ RunTime:0.000915s ]
INFO: [ app_begin ] --END-- [ RunTime:0.001224s ]
INFO: [ app_end ] --START--
INFO: Run Behavior\ShowPageTraceBehavior [ RunTime:0.000972s ]
INFO: [ app_end ] --END-- [ RunTime:0.001379s ]

[ 2019-04-19T17:08:28+08:00 ] 122.206.190.96 /xcx/home/index/updatetxt
INFO: [ app_init ] --START--
INFO: Run Behavior\BuildLiteBehavior [ RunTime:0.000041s ]
INFO: [ app_init ] --END-- [ RunTime:0.000493s ]
INFO: [ app_begin ] --START--
INFO: Run Behavior\ReadHtmlCacheBehavior [ RunTime:0.000617s ]
INFO: [ app_begin ] --END-- [ RunTime:0.000856s ]
INFO: [ app_end ] --START--
INFO: Run Behavior\ShowPageTraceBehavior [ RunTime:0.000654s ]
INFO: [ app_end ] --END-- [ RunTime:0.000895s ]

[ 2019-04-19T17:08:29+08:00 ] 122.206.190.96 /xcx/home/index/updatetxt
INFO: [ app_init ] --START--
INFO: Run Behavior\BuildLiteBehavior [ RunTime:0.000147s ]
INFO: [ app_init ] --END-- [ RunTime:0.000988s ]
INFO: [ app_begin ] --START--
INFO: Run Behavior\ReadHtmlCacheBehavior [ RunTime:0.000928s ]
INFO: [ app_begin ] --END-- [ RunTime:0.001241s ]
INFO: [ app_end ] --START--
INFO: Run Behavior\ShowPageTraceBehavior [ RunTime:0.000942s ]
INFO: [ app_end ] --END-- [ RunTime:0.001362s ]

[ 2019-04-19T17:08:49+08:00 ] 122.206.190.96 /xcx/home/index/upload
INFO: [ app_init ] --START--
INFO: Run Behavior\BuildLiteBehavior [ RunTime:0.000041s ]
INFO: [ app_init ] --END-- [ RunTime:0.000592s ]
INFO: [ app_begin ] --START--
INFO: Run Behavior\ReadHtmlCacheBehavior [ RunTime:0.000722s ]
INFO: [ app_begin ] --END-- [ RunTime:0.000984s ]
NOTIC: [2] call_user_func() expects parameter 1 to be a valid callback, no array or string given C:\wamp\www\ThinkPHP\Library\Think\Upload.class.php 第 170 行.
NOTIC: [8] Use of undefined constant data - assumed 'data' C:\wamp\www\xcx\Application\Home\Controller\OcrController.class.php 第 20 行.
NOTIC: [8] Use of undefined constant items - assumed 'items' C:\wamp\www\xcx\Application\Home\Controller\OcrController.class.php 第 20 行.
NOTIC: [8] Use of undefined constant data - assumed 'data' C:\wamp\www\xcx\Application\Home\Controller\OcrController.class.php 第 23 行.
NOTIC: [8] Use of undefined constant items - assumed 'items' C:\wamp\www\xcx\Application\Home\Controller\OcrController.class.php 第 23 行.
NOTIC: [8] Use of undefined constant itemstring - assumed 'itemstring' C:\wamp\www\xcx\Application\Home\Controller\OcrController.class.php 第 23 行.
NOTIC: [8] Undefined variable: txt C:\wamp\www\xcx\Application\Home\Controller\OcrController.class.php 第 23 行.
NOTIC: [8] Use of undefined constant data - assumed 'data' C:\wamp\www\xcx\Application\Home\Controller\OcrController.class.php 第 23 行.
NOTIC: [8] Use of undefined constant items - assumed 'items' C:\wamp\www\xcx\Application\Home\Controller\OcrController.class.php 第 23 行.
NOTIC: [8] Use of undefined constant itemstring - assumed 'itemstring' C:\wamp\www\xcx\Application\Home\Controller\OcrController.class.php 第 23 行.
NOTIC: [8] Use of undefined constant data - assumed 'data' C:\wamp\www\xcx\Application\Home\Controller\OcrController.class.php 第 23 行.
NOTIC: [8] Use of undefined constant items - assumed 'items' C:\wamp\www\xcx\Application\Home\Controller\OcrController.class.php 第 23 行.
NOTIC: [8] Use of undefined constant itemstring - assumed 'itemstring' C:\wamp\www\xcx\Application\Home\Controller\OcrController.class.php 第 23 行.
NOTIC: [8] Use of undefined constant data - assumed 'data' C:\wamp\www\xcx\Application\Home\Controller\OcrController.class.php 第 23 行.
NOTIC: [8] Use of undefined constant items - assumed 'items' C:\wamp\www\xcx\Application\Home\Controller\OcrController.class.php 第 23 行.
NOTIC: [8] Use of undefined constant itemstring - assumed 'itemstring' C:\wamp\www\xcx\Application\Home\Controller\OcrController.class.php 第 23 行.
INFO: [ app_end ] --START--
INFO: Run Behavior\ShowPageTraceBehavior [ RunTime:0.001036s ]
INFO: [ app_end ] --END-- [ RunTime:0.001359s ]

[ 2019-04-19T17:08:59+08:00 ] 122.206.190.96 /xcx/home/index/updatetxt
INFO: [ app_init ] --START--
INFO: Run Behavior\BuildLiteBehavior [ RunTime:0.000061s ]
INFO: [ app_init ] --END-- [ RunTime:0.000774s ]
INFO: [ app_begin ] --START--
INFO: Run Behavior\ReadHtmlCacheBehavior [ RunTime:0.000863s ]
INFO: [ app_begin ] --END-- [ RunTime:0.001161s ]
INFO: [ app_end ] --START--
INFO: Run Behavior\ShowPageTraceBehavior [ RunTime:0.000860s ]
INFO: [ app_end ] --END-- [ RunTime:0.001124s ]

[ 2019-04-19T17:09:43+08:00 ] 122.206.190.96 /xcx/home/index/read
INFO: [ app_init ] --START--
INFO: Run Behavior\BuildLiteBehavior [ RunTime:0.000069s ]
INFO: [ app_init ] --END-- [ RunTime:0.000847s ]
INFO: [ app_begin ] --START--
INFO: Run Behavior\ReadHtmlCacheBehavior [ RunTime:0.000949s ]
INFO: [ app_begin ] --END-- [ RunTime:0.001275s ]
NOTIC: [2] fread(): Length parameter must be greater than 0 C:\wamp\www\xcx\Application\Home\Controller\IndexController.class.php 第 62 行.
INFO: [ app_end ] --START--
INFO: Run Behavior\ShowPageTraceBehavior [ RunTime:0.000925s ]
INFO: [ app_end ] --END-- [ RunTime:0.001228s ]

[ 2019-04-19T17:10:03+08:00 ] 122.206.190.96 /xcx/home/index/upload
INFO: [ app_init ] --START--
INFO: Run Behavior\BuildLiteBehavior [ RunTime:0.000061s ]
INFO: [ app_init ] --END-- [ RunTime:0.000728s ]
INFO: [ app_begin ] --START--
INFO: Run Behavior\ReadHtmlCacheBehavior [ RunTime:0.001392s ]
INFO: [ app_begin ] --END-- [ RunTime:0.001761s ]
NOTIC: [2] call_user_func() expects parameter 1 to be a valid callback, no array or string given C:\wamp\www\ThinkPHP\Library\Think\Upload.class.php 第 170 行.
NOTIC: [8] Use of undefined constant data - assumed 'data' C:\wamp\www\xcx\Application\Home\Controller\OcrController.class.php 第 20 行.
NOTIC: [8] Use of undefined constant items - assumed 'items' C:\wamp\www\xcx\Application\Home\Controller\OcrController.class.php 第 20 行.
NOTIC: [8] Undefined variable: txt C:\wamp\www\xcx\Application\Home\Controller\OcrController.class.php 第 26 行.
INFO: [ app_end ] --START--
INFO: Run Behavior\ShowPageTraceBehavior [ RunTime:0.000999s ]
INFO: [ app_end ] --END-- [ RunTime:0.001316s ]

[ 2019-04-19T17:10:19+08:00 ] 122.206.190.96 /xcx/home/index/read
INFO: [ app_init ] --START--
INFO: Run Behavior\BuildLiteBehavior [ RunTime:0.000096s ]
INFO: [ app_init ] --END-- [ RunTime:0.000763s ]
INFO: [ app_begin ] --START--
INFO: Run Behavior\ReadHtmlCacheBehavior [ RunTime:0.000781s ]
INFO: [ app_begin ] --END-- [ RunTime:0.001147s ]
INFO: [ app_end ] --START--
INFO: Run Behavior\ShowPageTraceBehavior [ RunTime:0.000864s ]
INFO: [ app_end ] --END-- [ RunTime:0.001152s ]

[ 2019-04-19T17:10:36+08:00 ] 122.206.190.96 /xcx/home/index/upload
INFO: [ app_init ] --START--
INFO: Run Behavior\BuildLiteBehavior [ RunTime:0.000063s ]
INFO: [ app_init ] --END-- [ RunTime:0.000805s ]
INFO: [ app_begin ] --START--
INFO: Run Behavior\ReadHtmlCacheBehavior [ RunTime:0.000836s ]
INFO: [ app_begin ] --END-- [ RunTime:0.001161s ]
NOTIC: [2] call_user_func() expects parameter 1 to be a valid callback, no array or string given C:\wamp\www\ThinkPHP\Library\Think\Upload.class.php 第 170 行.
NOTIC: [8] Use of undefined constant data - assumed 'data' C:\wamp\www\xcx\Application\Home\Controller\OcrController.class.php 第 20 行.
NOTIC: [8] Use of undefined constant items - assumed 'items' C:\wamp\www\xcx\Application\Home\Controller\OcrController.class.php 第 20 行.
NOTIC: [8] Use of undefined constant data - assumed 'data' C:\wamp\www\xcx\Application\Home\Controller\OcrController.class.php 第 23 行.
NOTIC: [8] Use of undefined constant items - assumed 'items' C:\wamp\www\xcx\Application\Home\Controller\OcrController.class.php 第 23 行.
NOTIC: [8] Use of undefined constant itemstring - assumed 'itemstring' C:\wamp\www\xcx\Application\Home\Controller\OcrController.class.php 第 23 行.
NOTIC: [8] Undefined variable: txt C:\wamp\www\xcx\Application\Home\Controller\OcrController.class.php 第 23 行.
NOTIC: [8] Use of undefined constant data - assumed 'data' C:\wamp\www\xcx\Application\Home\Controller\OcrController.class.php 第 23 行.
NOTIC: [8] Use of undefined constant items - assumed 'items' C:\wamp\www\xcx\Application\Home\Controller\OcrController.class.php 第 23 行.
NOTIC: [8] Use of undefined constant itemstring - assumed 'itemstring' C:\wamp\www\xcx\Application\Home\Controller\OcrController.class.php 第 23 行.
NOTIC: [8] Use of undefined constant data - assumed 'data' C:\wamp\www\xcx\Application\Home\Controller\OcrController.class.php 第 23 行.
NOTIC: [8] Use of undefined constant items - assumed 'items' C:\wamp\www\xcx\Application\Home\Controller\OcrController.class.php 第 23 行.
NOTIC: [8] Use of undefined constant itemstring - assumed 'itemstring' C:\wamp\www\xcx\Application\Home\Controller\OcrController.class.php 第 23 行.
NOTIC: [8] Use of undefined constant data - assumed 'data' C:\wamp\www\xcx\Application\Home\Controller\OcrController.class.php 第 23 行.
NOTIC: [8] Use of undefined constant items - assumed 'items' C:\wamp\www\xcx\Application\Home\Controller\OcrController.class.php 第 23 行.
NOTIC: [8] Use of undefined constant itemstring - assumed 'itemstring' C:\wamp\www\xcx\Application\Home\Controller\OcrController.class.php 第 23 行.
NOTIC: [8] Use of undefined constant data - assumed 'data' C:\wamp\www\xcx\Application\Home\Controller\OcrController.class.php 第 23 行.
NOTIC: [8] Use of undefined constant items - assumed 'items' C:\wamp\www\xcx\Application\Home\Controller\OcrController.class.php 第 23 行.
NOTIC: [8] Use of undefined constant itemstring - assumed 'itemstring' C:\wamp\www\xcx\Application\Home\Controller\OcrController.class.php 第 23 行.
INFO: [ app_end ] --START--
INFO: Run Behavior\ShowPageTraceBehavior [ RunTime:0.000934s ]
INFO: [ app_end ] --END-- [ RunTime:0.001246s ]

[ 2019-04-19T17:10:52+08:00 ] 122.206.190.96 /xcx/home/index/read
INFO: [ app_init ] --START--
INFO: Run Behavior\BuildLiteBehavior [ RunTime:0.000066s ]
INFO: [ app_init ] --END-- [ RunTime:0.000804s ]
INFO: [ app_begin ] --START--
INFO: Run Behavior\ReadHtmlCacheBehavior [ RunTime:0.000873s ]
INFO: [ app_begin ] --END-- [ RunTime:0.001193s ]
INFO: [ app_end ] --START--
INFO: Run Behavior\ShowPageTraceBehavior [ RunTime:0.000931s ]
INFO: [ app_end ] --END-- [ RunTime:0.001280s ]

[ 2019-04-19T17:12:05+08:00 ] 122.206.190.96 /xcx/home/index/updatetxt
INFO: [ app_init ] --START--
INFO: Run Behavior\BuildLiteBehavior [ RunTime:0.000042s ]
INFO: [ app_init ] --END-- [ RunTime:0.000607s ]
INFO: [ app_begin ] --START--
INFO: Run Behavior\ReadHtmlCacheBehavior [ RunTime:0.000767s ]
INFO: [ app_begin ] --END-- [ RunTime:0.001004s ]
INFO: [ app_end ] --START--
INFO: Run Behavior\ShowPageTraceBehavior [ RunTime:0.000970s ]
INFO: [ app_end ] --END-- [ RunTime:0.001293s ]

[ 2019-04-19T17:15:42+08:00 ] 122.206.190.96 /xcx/home/index/read
INFO: [ app_init ] --START--
INFO: Run Behavior\BuildLiteBehavior [ RunTime:0.000062s ]
INFO: [ app_init ] --END-- [ RunTime:0.000892s ]
INFO: [ app_begin ] --START--
INFO: Run Behavior\ReadHtmlCacheBehavior [ RunTime:0.001091s ]
INFO: [ app_begin ] --END-- [ RunTime:0.001427s ]
NOTIC: [2] fread(): Length parameter must be greater than 0 C:\wamp\www\xcx\Application\Home\Controller\IndexController.class.php 第 62 行.
INFO: [ app_end ] --START--
INFO: Run Behavior\ShowPageTraceBehavior [ RunTime:0.001035s ]
INFO: [ app_end ] --END-- [ RunTime:0.001348s ]

