[ 2019-04-24T14:44:57+08:00 ] 122.206.190.96 /xcx/home/index/tochange?date=%5B%7B%22name%22%3A%22img%22%2C%22attrs%22%3A%7B%22class%22%3A%22xing-img%22%2C%22style%22%3A%22width%3A%20100%25%22%2C%22src%22%3A%22http%3A%2F%2Ftmp%2Fwxe414a8d62204cc8b.o6zAJs98pZXjv64FHwUFjnATdHS0.VS0q3JAAjDWUca6f50033525450f4b7d373873ba6fdb.jpg%22%2C%22_height%22%3A0.906%7D%7D%2C%7B%22name%22%3A%22img%22%2C%22attrs%22%3A%7B%22class%22%3A%22xing-img%22%2C%22style%22%3A%22width%3A%20100%25%22%2C%22src%22%3A%22http%3A%2F%2Ftmp%2Fwxe414a8d62204cc8b.o6zAJs98pZXjv64FHwUFjnATdHS0.fWy5ocyqQvbf5082b6b22683ed6da48c3b962f9421b7.png%22%2C%22_height%22%3A1%7D%7D%5D
INFO: [ app_init ] --START--
INFO: Run Behavior\BuildLiteBehavior [ RunTime:0.000068s ]
INFO: [ app_init ] --END-- [ RunTime:0.004165s ]
INFO: [ app_begin ] --START--
INFO: Run Behavior\ReadHtmlCacheBehavior [ RunTime:0.003792s ]
INFO: [ app_begin ] --END-- [ RunTime:0.004193s ]
INFO: [ app_end ] --START--
INFO: Run Behavior\ShowPageTraceBehavior [ RunTime:0.003062s ]
INFO: [ app_end ] --END-- [ RunTime:0.003499s ]

[ 2019-04-24T14:44:57+08:00 ] 122.206.190.96 /xcx/home/index/uploadimg
INFO: [ app_init ] --START--
INFO: Run Behavior\BuildLiteBehavior [ RunTime:0.000076s ]
INFO: [ app_init ] --END-- [ RunTime:0.002690s ]
INFO: [ app_begin ] --START--
INFO: Run Behavior\ReadHtmlCacheBehavior [ RunTime:0.003923s ]
INFO: [ app_begin ] --END-- [ RunTime:0.004279s ]
NOTIC: [2] call_user_func() expects parameter 1 to be a valid callback, no array or string given C:\wamp\www\ThinkPHP\Library\Think\Upload.class.php 第 170 行.
INFO: [ app_end ] --START--
INFO: Run Behavior\ShowPageTraceBehavior [ RunTime:0.000655s ]
INFO: [ app_end ] --END-- [ RunTime:0.000962s ]

[ 2019-04-24T14:44:57+08:00 ] 122.206.190.96 /xcx/home/index/uploadimg
INFO: [ app_init ] --START--
INFO: Run Behavior\BuildLiteBehavior [ RunTime:0.000067s ]
INFO: [ app_init ] --END-- [ RunTime:0.000807s ]
INFO: [ app_begin ] --START--
INFO: Run Behavior\ReadHtmlCacheBehavior [ RunTime:0.001524s ]
INFO: [ app_begin ] --END-- [ RunTime:0.001803s ]
NOTIC: [2] call_user_func() expects parameter 1 to be a valid callback, no array or string given C:\wamp\www\ThinkPHP\Library\Think\Upload.class.php 第 170 行.
INFO: [ app_end ] --START--
INFO: Run Behavior\ShowPageTraceBehavior [ RunTime:0.001284s ]
INFO: [ app_end ] --END-- [ RunTime:0.001532s ]

[ 2019-04-24T14:45:31+08:00 ] 122.206.190.96 /xcx/home/index/upload
INFO: [ app_init ] --START--
INFO: Run Behavior\BuildLiteBehavior [ RunTime:0.000066s ]
INFO: [ app_init ] --END-- [ RunTime:0.000851s ]
INFO: [ app_begin ] --START--
INFO: Run Behavior\ReadHtmlCacheBehavior [ RunTime:0.000907s ]
INFO: [ app_begin ] --END-- [ RunTime:0.001283s ]
NOTIC: [2] call_user_func() expects parameter 1 to be a valid callback, no array or string given C:\wamp\www\ThinkPHP\Library\Think\Upload.class.php 第 170 行.
NOTIC: [8] Use of undefined constant data - assumed 'data' C:\wamp\www\xcx\Application\Home\Controller\OcrController.class.php 第 20 行.
NOTIC: [8] Use of undefined constant items - assumed 'items' C:\wamp\www\xcx\Application\Home\Controller\OcrController.class.php 第 20 行.
NOTIC: [8] Undefined variable: txt C:\wamp\www\xcx\Application\Home\Controller\OcrController.class.php 第 27 行.
INFO: [ app_end ] --START--
INFO: Run Behavior\ShowPageTraceBehavior [ RunTime:0.000964s ]
INFO: [ app_end ] --END-- [ RunTime:0.001331s ]

[ 2019-04-24T14:45:49+08:00 ] 122.206.190.96 /xcx/home/index/tochange?date=%5B%7B%22name%22%3A%22p%22%2C%22attrs%22%3A%7B%22class%22%3A%22xing-p%22%7D%2C%22children%22%3A%5B%7B%22type%22%3A%22text%22%2C%22text%22%3A%22%22%7D%5D%7D%2C%7B%22name%22%3A%22img%22%2C%22attrs%22%3A%7B%22class%22%3A%22xing-img%22%2C%22style%22%3A%22width%3A%20100%25%22%2C%22src%22%3A%22http%3A%2F%2Ftmp%2Fwxe414a8d62204cc8b.o6zAJs98pZXjv64FHwUFjnATdHS0.6m0u4bOToahPca6f50033525450f4b7d373873ba6fdb.jpg%22%2C%22_height%22%3A0.906%7D%7D%2C%7B%22name%22%3A%22p%22%2C%22attrs%22%3A%7B%22class%22%3A%22xing-p%22%7D%2C%22children%22%3A%5B%7B%22type%22%3A%22text%22%2C%22text%22%3A%22%22%7D%5D%7D%5D
INFO: [ app_init ] --START--
INFO: Run Behavior\BuildLiteBehavior [ RunTime:0.000061s ]
INFO: [ app_init ] --END-- [ RunTime:0.000775s ]
INFO: [ app_begin ] --START--
INFO: Run Behavior\ReadHtmlCacheBehavior [ RunTime:0.000852s ]
INFO: [ app_begin ] --END-- [ RunTime:0.001155s ]
INFO: [ app_end ] --START--
INFO: Run Behavior\ShowPageTraceBehavior [ RunTime:0.000778s ]
INFO: [ app_end ] --END-- [ RunTime:0.001086s ]

[ 2019-04-24T14:45:49+08:00 ] 122.206.190.96 /xcx/home/index/uploadimg
INFO: [ app_init ] --START--
INFO: Run Behavior\BuildLiteBehavior [ RunTime:0.000044s ]
INFO: [ app_init ] --END-- [ RunTime:0.000613s ]
INFO: [ app_begin ] --START--
INFO: Run Behavior\ReadHtmlCacheBehavior [ RunTime:0.000660s ]
INFO: [ app_begin ] --END-- [ RunTime:0.000887s ]
NOTIC: [2] call_user_func() expects parameter 1 to be a valid callback, no array or string given C:\wamp\www\ThinkPHP\Library\Think\Upload.class.php 第 170 行.
INFO: [ app_end ] --START--
INFO: Run Behavior\ShowPageTraceBehavior [ RunTime:0.000502s ]
INFO: [ app_end ] --END-- [ RunTime:0.000749s ]

[ 2019-04-24T14:46:53+08:00 ] 122.206.190.96 /xcx/home/index/upload
INFO: [ app_init ] --START--
INFO: Run Behavior\BuildLiteBehavior [ RunTime:0.000057s ]
INFO: [ app_init ] --END-- [ RunTime:0.000654s ]
INFO: [ app_begin ] --START--
INFO: Run Behavior\ReadHtmlCacheBehavior [ RunTime:0.000820s ]
INFO: [ app_begin ] --END-- [ RunTime:0.001069s ]
NOTIC: [2] call_user_func() expects parameter 1 to be a valid callback, no array or string given C:\wamp\www\ThinkPHP\Library\Think\Upload.class.php 第 170 行.
NOTIC: [8] Use of undefined constant data - assumed 'data' C:\wamp\www\xcx\Application\Home\Controller\OcrController.class.php 第 20 行.
NOTIC: [8] Use of undefined constant items - assumed 'items' C:\wamp\www\xcx\Application\Home\Controller\OcrController.class.php 第 20 行.
NOTIC: [8] Undefined variable: txt C:\wamp\www\xcx\Application\Home\Controller\OcrController.class.php 第 27 行.
INFO: [ app_end ] --START--
INFO: Run Behavior\ShowPageTraceBehavior [ RunTime:0.000751s ]
INFO: [ app_end ] --END-- [ RunTime:0.001005s ]

[ 2019-04-24T14:47:02+08:00 ] 122.206.190.96 /xcx/home/index/tochange?date=%5B%7B%22name%22%3A%22p%22%2C%22attrs%22%3A%7B%22class%22%3A%22xing-p%22%7D%2C%22children%22%3A%5B%7B%22type%22%3A%22text%22%2C%22text%22%3A%22%22%7D%5D%7D%2C%7B%22name%22%3A%22img%22%2C%22attrs%22%3A%7B%22class%22%3A%22xing-img%22%2C%22style%22%3A%22width%3A%20100%25%22%2C%22src%22%3A%22http%3A%2F%2Ftmp%2Fwxe414a8d62204cc8b.o6zAJs98pZXjv64FHwUFjnATdHS0.TIbVdkSsmmBT5082b6b22683ed6da48c3b962f9421b7.png%22%2C%22_height%22%3A1%7D%7D%2C%7B%22name%22%3A%22img%22%2C%22attrs%22%3A%7B%22class%22%3A%22xing-img%22%2C%22style%22%3A%22width%3A%20100%25%22%2C%22src%22%3A%22http%3A%2F%2Ftmp%2Fwxe414a8d62204cc8b.o6zAJs98pZXjv64FHwUFjnATdHS0.7RGHhUaeVylT5082b6b22683ed6da48c3b962f9421b7.png%22%2C%22_height%22%3A1%7D%7D%5D
INFO: [ app_init ] --START--
INFO: Run Behavior\BuildLiteBehavior [ RunTime:0.000068s ]
INFO: [ app_init ] --END-- [ RunTime:0.001138s ]
INFO: [ app_begin ] --START--
INFO: Run Behavior\ReadHtmlCacheBehavior [ RunTime:0.001029s ]
INFO: [ app_begin ] --END-- [ RunTime:0.001427s ]
INFO: [ app_end ] --START--
INFO: Run Behavior\ShowPageTraceBehavior [ RunTime:0.000989s ]
INFO: [ app_end ] --END-- [ RunTime:0.001367s ]

[ 2019-04-24T14:47:03+08:00 ] 122.206.190.96 /xcx/home/index/uploadimg
INFO: [ app_init ] --START--
INFO: Run Behavior\BuildLiteBehavior [ RunTime:0.000059s ]
INFO: [ app_init ] --END-- [ RunTime:0.000873s ]
INFO: [ app_begin ] --START--
INFO: Run Behavior\ReadHtmlCacheBehavior [ RunTime:0.000945s ]
INFO: [ app_begin ] --END-- [ RunTime:0.001254s ]
NOTIC: [2] call_user_func() expects parameter 1 to be a valid callback, no array or string given C:\wamp\www\ThinkPHP\Library\Think\Upload.class.php 第 170 行.
INFO: [ app_end ] --START--
INFO: Run Behavior\ShowPageTraceBehavior [ RunTime:0.000878s ]
INFO: [ app_end ] --END-- [ RunTime:0.001212s ]

[ 2019-04-24T14:47:03+08:00 ] 122.206.190.96 /xcx/home/index/uploadimg
INFO: [ app_init ] --START--
INFO: Run Behavior\BuildLiteBehavior [ RunTime:0.000061s ]
INFO: [ app_init ] --END-- [ RunTime:0.000847s ]
INFO: [ app_begin ] --START--
INFO: Run Behavior\ReadHtmlCacheBehavior [ RunTime:0.000874s ]
INFO: [ app_begin ] --END-- [ RunTime:0.001223s ]
NOTIC: [2] call_user_func() expects parameter 1 to be a valid callback, no array or string given C:\wamp\www\ThinkPHP\Library\Think\Upload.class.php 第 170 行.
INFO: [ app_end ] --START--
INFO: Run Behavior\ShowPageTraceBehavior [ RunTime:0.000871s ]
INFO: [ app_end ] --END-- [ RunTime:0.001177s ]

[ 2019-04-24T14:53:57+08:00 ] 122.206.190.96 /xcx/home/index/tochange?date=%5B%7B%22name%22%3A%22img%22%2C%22attrs%22%3A%7B%22class%22%3A%22xing-img%22%2C%22style%22%3A%22width%3A%20100%25%22%2C%22src%22%3A%22http%3A%2F%2Ftmp%2Fwxe414a8d62204cc8b.o6zAJs98pZXjv64FHwUFjnATdHS0.FjwVsuSHCrJVca6f50033525450f4b7d373873ba6fdb.jpg%22%2C%22_height%22%3A0.906%7D%7D%2C%7B%22name%22%3A%22img%22%2C%22attrs%22%3A%7B%22class%22%3A%22xing-img%22%2C%22style%22%3A%22width%3A%20100%25%22%2C%22src%22%3A%22http%3A%2F%2Ftmp%2Fwxe414a8d62204cc8b.o6zAJs98pZXjv64FHwUFjnATdHS0.y4xoJvL8QYjv5082b6b22683ed6da48c3b962f9421b7.png%22%2C%22_height%22%3A1%7D%7D%5D
INFO: [ app_init ] --START--
INFO: Run Behavior\BuildLiteBehavior [ RunTime:0.000066s ]
INFO: [ app_init ] --END-- [ RunTime:0.000826s ]
INFO: [ app_begin ] --START--
INFO: Run Behavior\ReadHtmlCacheBehavior [ RunTime:0.000724s ]
INFO: [ app_begin ] --END-- [ RunTime:0.001004s ]
INFO: [ app_end ] --START--
INFO: Run Behavior\ShowPageTraceBehavior [ RunTime:0.000602s ]
INFO: [ app_end ] --END-- [ RunTime:0.000853s ]

[ 2019-04-24T14:53:57+08:00 ] 122.206.190.96 /xcx/home/index/uploadimg
INFO: [ app_init ] --START--
INFO: Run Behavior\BuildLiteBehavior [ RunTime:0.000053s ]
INFO: [ app_init ] --END-- [ RunTime:0.000600s ]
INFO: [ app_begin ] --START--
INFO: Run Behavior\ReadHtmlCacheBehavior [ RunTime:0.000923s ]
INFO: [ app_begin ] --END-- [ RunTime:0.001203s ]
NOTIC: [2] call_user_func() expects parameter 1 to be a valid callback, no array or string given C:\wamp\www\ThinkPHP\Library\Think\Upload.class.php 第 170 行.
INFO: [ app_end ] --START--
INFO: Run Behavior\ShowPageTraceBehavior [ RunTime:0.000580s ]
INFO: [ app_end ] --END-- [ RunTime:0.000792s ]

[ 2019-04-24T14:53:57+08:00 ] 122.206.190.96 /xcx/home/index/uploadimg
INFO: [ app_init ] --START--
INFO: Run Behavior\BuildLiteBehavior [ RunTime:0.000042s ]
INFO: [ app_init ] --END-- [ RunTime:0.000568s ]
INFO: [ app_begin ] --START--
INFO: Run Behavior\ReadHtmlCacheBehavior [ RunTime:0.000659s ]
INFO: [ app_begin ] --END-- [ RunTime:0.000882s ]
NOTIC: [2] call_user_func() expects parameter 1 to be a valid callback, no array or string given C:\wamp\www\ThinkPHP\Library\Think\Upload.class.php 第 170 行.
INFO: [ app_end ] --START--
INFO: Run Behavior\ShowPageTraceBehavior [ RunTime:0.000667s ]
INFO: [ app_end ] --END-- [ RunTime:0.000877s ]

[ 2019-04-24T14:54:41+08:00 ] 122.206.190.96 /xcx/home/index/tochange?date=%5B%7B%22name%22%3A%22img%22%2C%22attrs%22%3A%7B%22class%22%3A%22xing-img%22%2C%22style%22%3A%22width%3A%20100%25%22%2C%22src%22%3A%22http%3A%2F%2Ftmp%2Fwxe414a8d62204cc8b.o6zAJs98pZXjv64FHwUFjnATdHS0.9sZsktNOlAYsca6f50033525450f4b7d373873ba6fdb.jpg%22%2C%22_height%22%3A0.906%7D%7D%2C%7B%22name%22%3A%22img%22%2C%22attrs%22%3A%7B%22class%22%3A%22xing-img%22%2C%22style%22%3A%22width%3A%20100%25%22%2C%22src%22%3A%22http%3A%2F%2Ftmp%2Fwxe414a8d62204cc8b.o6zAJs98pZXjv64FHwUFjnATdHS0.Oievk2nwtBws5082b6b22683ed6da48c3b962f9421b7.png%22%2C%22_height%22%3A1%7D%7D%5D
INFO: [ app_init ] --START--
INFO: Run Behavior\BuildLiteBehavior [ RunTime:0.000043s ]
INFO: [ app_init ] --END-- [ RunTime:0.000615s ]
INFO: [ app_begin ] --START--
INFO: Run Behavior\ReadHtmlCacheBehavior [ RunTime:0.000618s ]
INFO: [ app_begin ] --END-- [ RunTime:0.000838s ]
INFO: [ app_end ] --START--
INFO: Run Behavior\ShowPageTraceBehavior [ RunTime:0.000746s ]
INFO: [ app_end ] --END-- [ RunTime:0.000976s ]

[ 2019-04-24T14:54:41+08:00 ] 122.206.190.96 /xcx/home/index/uploadimg
INFO: [ app_init ] --START--
INFO: Run Behavior\BuildLiteBehavior [ RunTime:0.000124s ]
INFO: [ app_init ] --END-- [ RunTime:0.000842s ]
INFO: [ app_begin ] --START--
INFO: Run Behavior\ReadHtmlCacheBehavior [ RunTime:0.000734s ]
INFO: [ app_begin ] --END-- [ RunTime:0.000948s ]
NOTIC: [2] call_user_func() expects parameter 1 to be a valid callback, no array or string given C:\wamp\www\ThinkPHP\Library\Think\Upload.class.php 第 170 行.
INFO: [ app_end ] --START--
INFO: Run Behavior\ShowPageTraceBehavior [ RunTime:0.000499s ]
INFO: [ app_end ] --END-- [ RunTime:0.000744s ]

[ 2019-04-24T14:54:41+08:00 ] 122.206.190.96 /xcx/home/index/uploadimg
INFO: [ app_init ] --START--
INFO: Run Behavior\BuildLiteBehavior [ RunTime:0.000070s ]
INFO: [ app_init ] --END-- [ RunTime:0.000771s ]
INFO: [ app_begin ] --START--
INFO: Run Behavior\ReadHtmlCacheBehavior [ RunTime:0.000821s ]
INFO: [ app_begin ] --END-- [ RunTime:0.001136s ]
NOTIC: [2] call_user_func() expects parameter 1 to be a valid callback, no array or string given C:\wamp\www\ThinkPHP\Library\Think\Upload.class.php 第 170 行.
INFO: [ app_end ] --START--
INFO: Run Behavior\ShowPageTraceBehavior [ RunTime:0.000738s ]
INFO: [ app_end ] --END-- [ RunTime:0.001035s ]

[ 2019-04-24T14:55:41+08:00 ] 122.206.190.96 /xcx/home/index/uploadimg
INFO: [ app_init ] --START--
INFO: Run Behavior\BuildLiteBehavior [ RunTime:0.000064s ]
INFO: [ app_init ] --END-- [ RunTime:0.001148s ]
INFO: [ app_begin ] --START--
INFO: Run Behavior\ReadHtmlCacheBehavior [ RunTime:0.000649s ]
INFO: [ app_begin ] --END-- [ RunTime:0.000916s ]
NOTIC: [2] call_user_func() expects parameter 1 to be a valid callback, no array or string given C:\wamp\www\ThinkPHP\Library\Think\Upload.class.php 第 170 行.
INFO: [ app_end ] --START--
INFO: Run Behavior\ShowPageTraceBehavior [ RunTime:0.000612s ]
INFO: [ app_end ] --END-- [ RunTime:0.000869s ]

[ 2019-04-24T14:55:41+08:00 ] 122.206.190.96 /xcx/home/index/tochange?date=%5B%7B%22name%22%3A%22img%22%2C%22attrs%22%3A%7B%22class%22%3A%22xing-img%22%2C%22style%22%3A%22width%3A%20100%25%22%2C%22src%22%3A%22http%3A%2F%2Ftmp%2Fwxe414a8d62204cc8b.o6zAJs98pZXjv64FHwUFjnATdHS0.XCzKKgRkmMHfca6f50033525450f4b7d373873ba6fdb.jpg%22%2C%22_height%22%3A0.906%7D%7D%2C%7B%22name%22%3A%22img%22%2C%22attrs%22%3A%7B%22class%22%3A%22xing-img%22%2C%22style%22%3A%22width%3A%20100%25%22%2C%22src%22%3A%22http%3A%2F%2Ftmp%2Fwxe414a8d62204cc8b.o6zAJs98pZXjv64FHwUFjnATdHS0.XYyuzPtB1rlV5082b6b22683ed6da48c3b962f9421b7.png%22%2C%22_height%22%3A1%7D%7D%5D
INFO: [ app_init ] --START--
INFO: Run Behavior\BuildLiteBehavior [ RunTime:0.000048s ]
INFO: [ app_init ] --END-- [ RunTime:0.000933s ]
INFO: [ app_begin ] --START--
INFO: Run Behavior\ReadHtmlCacheBehavior [ RunTime:0.000968s ]
INFO: [ app_begin ] --END-- [ RunTime:0.001192s ]
INFO: [ app_end ] --START--
INFO: Run Behavior\ShowPageTraceBehavior [ RunTime:0.000546s ]
INFO: [ app_end ] --END-- [ RunTime:0.000750s ]

[ 2019-04-24T14:55:41+08:00 ] 122.206.190.96 /xcx/home/index/uploadimg
INFO: [ app_init ] --START--
INFO: Run Behavior\BuildLiteBehavior [ RunTime:0.000067s ]
INFO: [ app_init ] --END-- [ RunTime:0.000846s ]
INFO: [ app_begin ] --START--
INFO: Run Behavior\ReadHtmlCacheBehavior [ RunTime:0.000923s ]
INFO: [ app_begin ] --END-- [ RunTime:0.001256s ]
NOTIC: [2] call_user_func() expects parameter 1 to be a valid callback, no array or string given C:\wamp\www\ThinkPHP\Library\Think\Upload.class.php 第 170 行.
INFO: [ app_end ] --START--
INFO: Run Behavior\ShowPageTraceBehavior [ RunTime:0.000780s ]
INFO: [ app_end ] --END-- [ RunTime:0.001200s ]

[ 2019-04-24T14:56:58+08:00 ] 122.206.190.96 /xcx/home/index/tochange?date=%5B%7B%22name%22%3A%22img%22%2C%22attrs%22%3A%7B%22class%22%3A%22xing-img%22%2C%22style%22%3A%22width%3A%20100%25%22%2C%22src%22%3A%22http%3A%2F%2Ftmp%2Fwxe414a8d62204cc8b.o6zAJs98pZXjv64FHwUFjnATdHS0.raoaLMMHcS5lca6f50033525450f4b7d373873ba6fdb.jpg%22%2C%22_height%22%3A0.906%7D%7D%2C%7B%22name%22%3A%22img%22%2C%22attrs%22%3A%7B%22class%22%3A%22xing-img%22%2C%22style%22%3A%22width%3A%20100%25%22%2C%22src%22%3A%22http%3A%2F%2Ftmp%2Fwxe414a8d62204cc8b.o6zAJs98pZXjv64FHwUFjnATdHS0.RMsdJIbbbZKZ5082b6b22683ed6da48c3b962f9421b7.png%22%2C%22_height%22%3A1%7D%7D%5D
INFO: [ app_init ] --START--
INFO: Run Behavior\BuildLiteBehavior [ RunTime:0.000066s ]
INFO: [ app_init ] --END-- [ RunTime:0.000787s ]
INFO: [ app_begin ] --START--
INFO: Run Behavior\ReadHtmlCacheBehavior [ RunTime:0.000722s ]
INFO: [ app_begin ] --END-- [ RunTime:0.000959s ]
INFO: [ app_end ] --START--
INFO: Run Behavior\ShowPageTraceBehavior [ RunTime:0.000774s ]
INFO: [ app_end ] --END-- [ RunTime:0.001090s ]

[ 2019-04-24T14:56:58+08:00 ] 122.206.190.96 /xcx/home/index/uploadimg
INFO: [ app_init ] --START--
INFO: Run Behavior\BuildLiteBehavior [ RunTime:0.000042s ]
INFO: [ app_init ] --END-- [ RunTime:0.000867s ]
INFO: [ app_begin ] --START--
INFO: Run Behavior\ReadHtmlCacheBehavior [ RunTime:0.000729s ]
INFO: [ app_begin ] --END-- [ RunTime:0.001055s ]
NOTIC: [2] call_user_func() expects parameter 1 to be a valid callback, no array or string given C:\wamp\www\ThinkPHP\Library\Think\Upload.class.php 第 170 行.
INFO: [ app_end ] --START--
INFO: Run Behavior\ShowPageTraceBehavior [ RunTime:0.000802s ]
INFO: [ app_end ] --END-- [ RunTime:0.001057s ]

[ 2019-04-24T14:56:58+08:00 ] 122.206.190.96 /xcx/home/index/uploadimg
INFO: [ app_init ] --START--
INFO: Run Behavior\BuildLiteBehavior [ RunTime:0.000065s ]
INFO: [ app_init ] --END-- [ RunTime:0.000951s ]
INFO: [ app_begin ] --START--
INFO: Run Behavior\ReadHtmlCacheBehavior [ RunTime:0.000863s ]
INFO: [ app_begin ] --END-- [ RunTime:0.001185s ]
NOTIC: [2] call_user_func() expects parameter 1 to be a valid callback, no array or string given C:\wamp\www\ThinkPHP\Library\Think\Upload.class.php 第 170 行.
INFO: [ app_end ] --START--
INFO: Run Behavior\ShowPageTraceBehavior [ RunTime:0.000843s ]
INFO: [ app_end ] --END-- [ RunTime:0.001196s ]

[ 2019-04-24T14:57:36+08:00 ] 122.206.190.96 /xcx/home/index/tochange?date=%5B%7B%22name%22%3A%22img%22%2C%22attrs%22%3A%7B%22class%22%3A%22xing-img%22%2C%22style%22%3A%22width%3A%20100%25%22%2C%22src%22%3A%22http%3A%2F%2Ftmp%2Fwxe414a8d62204cc8b.o6zAJs98pZXjv64FHwUFjnATdHS0.NXPeJY4tbvC1ca6f50033525450f4b7d373873ba6fdb.jpg%22%2C%22_height%22%3A0.906%7D%7D%2C%7B%22name%22%3A%22img%22%2C%22attrs%22%3A%7B%22class%22%3A%22xing-img%22%2C%22style%22%3A%22width%3A%20100%25%22%2C%22src%22%3A%22http%3A%2F%2Ftmp%2Fwxe414a8d62204cc8b.o6zAJs98pZXjv64FHwUFjnATdHS0.n0csnVL9O7Hg5082b6b22683ed6da48c3b962f9421b7.png%22%2C%22_height%22%3A1%7D%7D%5D
INFO: [ app_init ] --START--
INFO: Run Behavior\BuildLiteBehavior [ RunTime:0.000044s ]
INFO: [ app_init ] --END-- [ RunTime:0.000634s ]
INFO: [ app_begin ] --START--
INFO: Run Behavior\ReadHtmlCacheBehavior [ RunTime:0.001022s ]
INFO: [ app_begin ] --END-- [ RunTime:0.001413s ]
INFO: [ app_end ] --START--
INFO: Run Behavior\ShowPageTraceBehavior [ RunTime:0.000991s ]
INFO: [ app_end ] --END-- [ RunTime:0.001397s ]

[ 2019-04-24T14:57:36+08:00 ] 122.206.190.96 /xcx/home/index/uploadimg
INFO: [ app_init ] --START--
INFO: Run Behavior\BuildLiteBehavior [ RunTime:0.000043s ]
INFO: [ app_init ] --END-- [ RunTime:0.000695s ]
INFO: [ app_begin ] --START--
INFO: Run Behavior\ReadHtmlCacheBehavior [ RunTime:0.000629s ]
INFO: [ app_begin ] --END-- [ RunTime:0.000955s ]
NOTIC: [2] call_user_func() expects parameter 1 to be a valid callback, no array or string given C:\wamp\www\ThinkPHP\Library\Think\Upload.class.php 第 170 行.
INFO: [ app_end ] --START--
INFO: Run Behavior\ShowPageTraceBehavior [ RunTime:0.000920s ]
INFO: [ app_end ] --END-- [ RunTime:0.001223s ]

[ 2019-04-24T14:57:36+08:00 ] 122.206.190.96 /xcx/home/index/uploadimg
INFO: [ app_init ] --START--
INFO: Run Behavior\BuildLiteBehavior [ RunTime:0.000041s ]
INFO: [ app_init ] --END-- [ RunTime:0.000644s ]
INFO: [ app_begin ] --START--
INFO: Run Behavior\ReadHtmlCacheBehavior [ RunTime:0.000678s ]
INFO: [ app_begin ] --END-- [ RunTime:0.000927s ]
NOTIC: [2] call_user_func() expects parameter 1 to be a valid callback, no array or string given C:\wamp\www\ThinkPHP\Library\Think\Upload.class.php 第 170 行.
INFO: [ app_end ] --START--
INFO: Run Behavior\ShowPageTraceBehavior [ RunTime:0.000638s ]
INFO: [ app_end ] --END-- [ RunTime:0.000921s ]

[ 2019-04-24T14:59:47+08:00 ] 122.206.190.96 /xcx/home/index/tochange?date=%5B%7B%22name%22%3A%22img%22%2C%22attrs%22%3A%7B%22class%22%3A%22xing-img%22%2C%22style%22%3A%22width%3A%20100%25%22%2C%22src%22%3A%22http%3A%2F%2Ftmp%2Fwxe414a8d62204cc8b.o6zAJs98pZXjv64FHwUFjnATdHS0.MsggdYpQ6XkOca6f50033525450f4b7d373873ba6fdb.jpg%22%2C%22_height%22%3A0.906%7D%7D%2C%7B%22name%22%3A%22img%22%2C%22attrs%22%3A%7B%22class%22%3A%22xing-img%22%2C%22style%22%3A%22width%3A%20100%25%22%2C%22src%22%3A%22http%3A%2F%2Ftmp%2Fwxe414a8d62204cc8b.o6zAJs98pZXjv64FHwUFjnATdHS0.yuPmcNHdWoHj5082b6b22683ed6da48c3b962f9421b7.png%22%2C%22_height%22%3A1%7D%7D%5D
INFO: [ app_init ] --START--
INFO: Run Behavior\BuildLiteBehavior [ RunTime:0.000062s ]
INFO: [ app_init ] --END-- [ RunTime:0.000807s ]
INFO: [ app_begin ] --START--
INFO: Run Behavior\ReadHtmlCacheBehavior [ RunTime:0.001003s ]
INFO: [ app_begin ] --END-- [ RunTime:0.001390s ]
INFO: [ app_end ] --START--
INFO: Run Behavior\ShowPageTraceBehavior [ RunTime:0.000812s ]
INFO: [ app_end ] --END-- [ RunTime:0.001111s ]

[ 2019-04-24T14:59:47+08:00 ] 122.206.190.96 /xcx/home/index/uploadimg
INFO: [ app_init ] --START--
INFO: Run Behavior\BuildLiteBehavior [ RunTime:0.000063s ]
INFO: [ app_init ] --END-- [ RunTime:0.000793s ]
INFO: [ app_begin ] --START--
INFO: Run Behavior\ReadHtmlCacheBehavior [ RunTime:0.000865s ]
INFO: [ app_begin ] --END-- [ RunTime:0.001415s ]
NOTIC: [2] call_user_func() expects parameter 1 to be a valid callback, no array or string given C:\wamp\www\ThinkPHP\Library\Think\Upload.class.php 第 170 行.
INFO: [ app_end ] --START--
INFO: Run Behavior\ShowPageTraceBehavior [ RunTime:0.000783s ]
INFO: [ app_end ] --END-- [ RunTime:0.001197s ]

[ 2019-04-24T14:59:47+08:00 ] 122.206.190.96 /xcx/home/index/uploadimg
INFO: [ app_init ] --START--
INFO: Run Behavior\BuildLiteBehavior [ RunTime:0.000053s ]
INFO: [ app_init ] --END-- [ RunTime:0.000609s ]
INFO: [ app_begin ] --START--
INFO: Run Behavior\ReadHtmlCacheBehavior [ RunTime:0.000614s ]
INFO: [ app_begin ] --END-- [ RunTime:0.000833s ]
NOTIC: [2] call_user_func() expects parameter 1 to be a valid callback, no array or string given C:\wamp\www\ThinkPHP\Library\Think\Upload.class.php 第 170 行.
INFO: [ app_end ] --START--
INFO: Run Behavior\ShowPageTraceBehavior [ RunTime:0.000691s ]
INFO: [ app_end ] --END-- [ RunTime:0.000903s ]

[ 2019-04-24T15:00:35+08:00 ] 122.206.190.96 /xcx/home/index/uploadimg
INFO: [ app_init ] --START--
INFO: Run Behavior\BuildLiteBehavior [ RunTime:0.000042s ]
INFO: [ app_init ] --END-- [ RunTime:0.000641s ]
INFO: [ app_begin ] --START--
INFO: Run Behavior\ReadHtmlCacheBehavior [ RunTime:0.000653s ]
INFO: [ app_begin ] --END-- [ RunTime:0.000879s ]
NOTIC: [2] call_user_func() expects parameter 1 to be a valid callback, no array or string given C:\wamp\www\ThinkPHP\Library\Think\Upload.class.php 第 170 行.
INFO: [ app_end ] --START--
INFO: Run Behavior\ShowPageTraceBehavior [ RunTime:0.000553s ]
INFO: [ app_end ] --END-- [ RunTime:0.000797s ]

[ 2019-04-24T15:00:35+08:00 ] 122.206.190.96 /xcx/home/index/tochange?date=%5B%7B%22name%22%3A%22img%22%2C%22attrs%22%3A%7B%22class%22%3A%22xing-img%22%2C%22style%22%3A%22width%3A%20100%25%22%2C%22src%22%3A%22http%3A%2F%2Ftmp%2Fwxe414a8d62204cc8b.o6zAJs98pZXjv64FHwUFjnATdHS0.QbPLJHlmdqTnca6f50033525450f4b7d373873ba6fdb.jpg%22%2C%22_height%22%3A0.906%7D%7D%2C%7B%22name%22%3A%22img%22%2C%22attrs%22%3A%7B%22class%22%3A%22xing-img%22%2C%22style%22%3A%22width%3A%20100%25%22%2C%22src%22%3A%22http%3A%2F%2Ftmp%2Fwxe414a8d62204cc8b.o6zAJs98pZXjv64FHwUFjnATdHS0.UApZr1ZLVH6V5082b6b22683ed6da48c3b962f9421b7.png%22%2C%22_height%22%3A1%7D%7D%5D
INFO: [ app_init ] --START--
INFO: Run Behavior\BuildLiteBehavior [ RunTime:0.000040s ]
INFO: [ app_init ] --END-- [ RunTime:0.000592s ]
INFO: [ app_begin ] --START--
INFO: Run Behavior\ReadHtmlCacheBehavior [ RunTime:0.000642s ]
INFO: [ app_begin ] --END-- [ RunTime:0.000880s ]
NOTIC: [8] Undefined variable: array C:\wamp\www\xcx\Application\Home\Controller\IndexController.class.php 第 204 行.
INFO: [ app_end ] --START--
INFO: Run Behavior\ShowPageTraceBehavior [ RunTime:0.000697s ]
INFO: [ app_end ] --END-- [ RunTime:0.001202s ]

[ 2019-04-24T15:00:35+08:00 ] 122.206.190.96 /xcx/home/index/uploadimg
INFO: [ app_init ] --START--
INFO: Run Behavior\BuildLiteBehavior [ RunTime:0.000041s ]
INFO: [ app_init ] --END-- [ RunTime:0.000666s ]
INFO: [ app_begin ] --START--
INFO: Run Behavior\ReadHtmlCacheBehavior [ RunTime:0.000598s ]
INFO: [ app_begin ] --END-- [ RunTime:0.000826s ]
NOTIC: [2] call_user_func() expects parameter 1 to be a valid callback, no array or string given C:\wamp\www\ThinkPHP\Library\Think\Upload.class.php 第 170 行.
INFO: [ app_end ] --START--
INFO: Run Behavior\ShowPageTraceBehavior [ RunTime:0.000554s ]
INFO: [ app_end ] --END-- [ RunTime:0.000762s ]

[ 2019-04-24T15:01:11+08:00 ] 122.206.190.96 /xcx/home/index/tochange?date=%5B%7B%22name%22%3A%22img%22%2C%22attrs%22%3A%7B%22class%22%3A%22xing-img%22%2C%22style%22%3A%22width%3A%20100%25%22%2C%22src%22%3A%22http%3A%2F%2Ftmp%2Fwxe414a8d62204cc8b.o6zAJs98pZXjv64FHwUFjnATdHS0.TprRcUDvgMCAca6f50033525450f4b7d373873ba6fdb.jpg%22%2C%22_height%22%3A0.906%7D%7D%2C%7B%22name%22%3A%22img%22%2C%22attrs%22%3A%7B%22class%22%3A%22xing-img%22%2C%22style%22%3A%22width%3A%20100%25%22%2C%22src%22%3A%22http%3A%2F%2Ftmp%2Fwxe414a8d62204cc8b.o6zAJs98pZXjv64FHwUFjnATdHS0.gb8AgoC9nRKE5082b6b22683ed6da48c3b962f9421b7.png%22%2C%22_height%22%3A1%7D%7D%5D
INFO: [ app_init ] --START--
INFO: Run Behavior\BuildLiteBehavior [ RunTime:0.000059s ]
INFO: [ app_init ] --END-- [ RunTime:0.000755s ]
INFO: [ app_begin ] --START--
INFO: Run Behavior\ReadHtmlCacheBehavior [ RunTime:0.000781s ]
INFO: [ app_begin ] --END-- [ RunTime:0.001155s ]
NOTIC: [8] Undefined variable: array C:\wamp\www\xcx\Application\Home\Controller\IndexController.class.php 第 204 行.
INFO: [ app_end ] --START--
INFO: Run Behavior\ShowPageTraceBehavior [ RunTime:0.000712s ]
INFO: [ app_end ] --END-- [ RunTime:0.000995s ]

[ 2019-04-24T15:01:11+08:00 ] 122.206.190.96 /xcx/home/index/uploadimg
INFO: [ app_init ] --START--
INFO: Run Behavior\BuildLiteBehavior [ RunTime:0.000061s ]
INFO: [ app_init ] --END-- [ RunTime:0.001321s ]
INFO: [ app_begin ] --START--
INFO: Run Behavior\ReadHtmlCacheBehavior [ RunTime:0.000905s ]
INFO: [ app_begin ] --END-- [ RunTime:0.001267s ]
NOTIC: [2] call_user_func() expects parameter 1 to be a valid callback, no array or string given C:\wamp\www\ThinkPHP\Library\Think\Upload.class.php 第 170 行.
INFO: [ app_end ] --START--
INFO: Run Behavior\ShowPageTraceBehavior [ RunTime:0.000701s ]
INFO: [ app_end ] --END-- [ RunTime:0.000993s ]

[ 2019-04-24T15:01:11+08:00 ] 122.206.190.96 /xcx/home/index/uploadimg
INFO: [ app_init ] --START--
INFO: Run Behavior\BuildLiteBehavior [ RunTime:0.000063s ]
INFO: [ app_init ] --END-- [ RunTime:0.000749s ]
INFO: [ app_begin ] --START--
INFO: Run Behavior\ReadHtmlCacheBehavior [ RunTime:0.000931s ]
INFO: [ app_begin ] --END-- [ RunTime:0.001381s ]
NOTIC: [2] call_user_func() expects parameter 1 to be a valid callback, no array or string given C:\wamp\www\ThinkPHP\Library\Think\Upload.class.php 第 170 行.
INFO: [ app_end ] --START--
INFO: Run Behavior\ShowPageTraceBehavior [ RunTime:0.000659s ]
INFO: [ app_end ] --END-- [ RunTime:0.000910s ]

[ 2019-04-24T15:07:16+08:00 ] 61.158.146.118 /xcx/home/index/tochange?date=%5B%7B%22name%22%3A%22img%22%2C%22attrs%22%3A%7B%22class%22%3A%22xing-img%22%2C%22style%22%3A%22width%3A%20100%25%22%2C%22src%22%3A%22http%3A%2F%2Ftmp%2Fwxe414a8d62204cc8b.o6zAJs98pZXjv64FHwUFjnATdHS0.XcW8GdsfP2z5ca6f50033525450f4b7d373873ba6fdb.jpg%22%2C%22_height%22%3A0.906%7D%7D%2C%7B%22name%22%3A%22img%22%2C%22attrs%22%3A%7B%22class%22%3A%22xing-img%22%2C%22style%22%3A%22width%3A%20100%25%22%2C%22src%22%3A%22http%3A%2F%2Ftmp%2Fwxe414a8d62204cc8b.o6zAJs98pZXjv64FHwUFjnATdHS0.ft1HF5EwhhgR5082b6b22683ed6da48c3b962f9421b7.png%22%2C%22_height%22%3A1%7D%7D%5D
INFO: [ app_init ] --START--
INFO: Run Behavior\BuildLiteBehavior [ RunTime:0.000061s ]
INFO: [ app_init ] --END-- [ RunTime:0.000601s ]
INFO: [ app_begin ] --START--
INFO: Run Behavior\ReadHtmlCacheBehavior [ RunTime:0.000631s ]
INFO: [ app_begin ] --END-- [ RunTime:0.000873s ]
NOTIC: [8] Undefined variable: array C:\wamp\www\xcx\Application\Home\Controller\IndexController.class.php 第 204 行.
INFO: [ app_end ] --START--
INFO: Run Behavior\ShowPageTraceBehavior [ RunTime:0.000574s ]
INFO: [ app_end ] --END-- [ RunTime:0.000816s ]

[ 2019-04-24T15:07:16+08:00 ] 61.158.146.118 /xcx/home/index/uploadimg
INFO: [ app_init ] --START--
INFO: Run Behavior\BuildLiteBehavior [ RunTime:0.000043s ]
INFO: [ app_init ] --END-- [ RunTime:0.000565s ]
INFO: [ app_begin ] --START--
INFO: Run Behavior\ReadHtmlCacheBehavior [ RunTime:0.000907s ]
INFO: [ app_begin ] --END-- [ RunTime:0.001196s ]
NOTIC: [2] call_user_func() expects parameter 1 to be a valid callback, no array or string given C:\wamp\www\ThinkPHP\Library\Think\Upload.class.php 第 170 行.
INFO: [ app_end ] --START--
INFO: Run Behavior\ShowPageTraceBehavior [ RunTime:0.000725s ]
INFO: [ app_end ] --END-- [ RunTime:0.001020s ]

[ 2019-04-24T15:07:16+08:00 ] 61.158.146.118 /xcx/home/index/uploadimg
INFO: [ app_init ] --START--
INFO: Run Behavior\BuildLiteBehavior [ RunTime:0.000044s ]
INFO: [ app_init ] --END-- [ RunTime:0.000726s ]
INFO: [ app_begin ] --START--
INFO: Run Behavior\ReadHtmlCacheBehavior [ RunTime:0.000908s ]
INFO: [ app_begin ] --END-- [ RunTime:0.001182s ]
NOTIC: [2] call_user_func() expects parameter 1 to be a valid callback, no array or string given C:\wamp\www\ThinkPHP\Library\Think\Upload.class.php 第 170 行.
INFO: [ app_end ] --START--
INFO: Run Behavior\ShowPageTraceBehavior [ RunTime:0.000597s ]
INFO: [ app_end ] --END-- [ RunTime:0.000839s ]

[ 2019-04-24T15:07:57+08:00 ] 61.158.146.118 /xcx/home/index/tochange
INFO: [ app_init ] --START--
INFO: Run Behavior\BuildLiteBehavior [ RunTime:0.000043s ]
INFO: [ app_init ] --END-- [ RunTime:0.000594s ]
INFO: [ app_begin ] --START--
INFO: Run Behavior\ReadHtmlCacheBehavior [ RunTime:0.000773s ]
INFO: [ app_begin ] --END-- [ RunTime:0.001030s ]
NOTIC: [8] Undefined variable: array C:\wamp\www\xcx\Application\Home\Controller\IndexController.class.php 第 204 行.
INFO: [ app_end ] --START--
INFO: Run Behavior\ShowPageTraceBehavior [ RunTime:0.000507s ]
INFO: [ app_end ] --END-- [ RunTime:0.000752s ]

[ 2019-04-24T15:07:57+08:00 ] 61.158.146.118 /xcx/home/index/uploadimg
INFO: [ app_init ] --START--
INFO: Run Behavior\BuildLiteBehavior [ RunTime:0.000041s ]
INFO: [ app_init ] --END-- [ RunTime:0.000540s ]
INFO: [ app_begin ] --START--
INFO: Run Behavior\ReadHtmlCacheBehavior [ RunTime:0.000611s ]
INFO: [ app_begin ] --END-- [ RunTime:0.000818s ]
NOTIC: [2] call_user_func() expects parameter 1 to be a valid callback, no array or string given C:\wamp\www\ThinkPHP\Library\Think\Upload.class.php 第 170 行.
INFO: [ app_end ] --START--
INFO: Run Behavior\ShowPageTraceBehavior [ RunTime:0.000560s ]
INFO: [ app_end ] --END-- [ RunTime:0.000771s ]

[ 2019-04-24T15:10:23+08:00 ] 61.158.146.118 /xcx/home/index/uploadimg
INFO: [ app_init ] --START--
INFO: Run Behavior\BuildLiteBehavior [ RunTime:0.000067s ]
INFO: [ app_init ] --END-- [ RunTime:0.000876s ]
INFO: [ app_begin ] --START--
INFO: Run Behavior\ReadHtmlCacheBehavior [ RunTime:0.000961s ]
INFO: [ app_begin ] --END-- [ RunTime:0.001299s ]
NOTIC: [2] call_user_func() expects parameter 1 to be a valid callback, no array or string given C:\wamp\www\ThinkPHP\Library\Think\Upload.class.php 第 170 行.
INFO: [ app_end ] --START--
INFO: Run Behavior\ShowPageTraceBehavior [ RunTime:0.000831s ]
INFO: [ app_end ] --END-- [ RunTime:0.001195s ]

[ 2019-04-24T15:10:24+08:00 ] 61.158.146.118 /xcx/home/index/uploadimg
INFO: [ app_init ] --START--
INFO: Run Behavior\BuildLiteBehavior [ RunTime:0.000063s ]
INFO: [ app_init ] --END-- [ RunTime:0.000838s ]
INFO: [ app_begin ] --START--
INFO: Run Behavior\ReadHtmlCacheBehavior [ RunTime:0.000948s ]
INFO: [ app_begin ] --END-- [ RunTime:0.001272s ]
NOTIC: [2] call_user_func() expects parameter 1 to be a valid callback, no array or string given C:\wamp\www\ThinkPHP\Library\Think\Upload.class.php 第 170 行.
INFO: [ app_end ] --START--
INFO: Run Behavior\ShowPageTraceBehavior [ RunTime:0.000709s ]
INFO: [ app_end ] --END-- [ RunTime:0.000957s ]

[ 2019-04-24T15:11:28+08:00 ] 61.158.146.118 /xcx/home/index/uploadimg
INFO: [ app_init ] --START--
INFO: Run Behavior\BuildLiteBehavior [ RunTime:0.000041s ]
INFO: [ app_init ] --END-- [ RunTime:0.000605s ]
INFO: [ app_begin ] --START--
INFO: Run Behavior\ReadHtmlCacheBehavior [ RunTime:0.000619s ]
INFO: [ app_begin ] --END-- [ RunTime:0.000881s ]
NOTIC: [2] call_user_func() expects parameter 1 to be a valid callback, no array or string given C:\wamp\www\ThinkPHP\Library\Think\Upload.class.php 第 170 行.
INFO: [ app_end ] --START--
INFO: Run Behavior\ShowPageTraceBehavior [ RunTime:0.000552s ]
INFO: [ app_end ] --END-- [ RunTime:0.000843s ]

[ 2019-04-24T15:11:58+08:00 ] 61.158.146.118 /xcx/home/index/tochange
INFO: [ app_init ] --START--
INFO: Run Behavior\BuildLiteBehavior [ RunTime:0.000052s ]
INFO: [ app_init ] --END-- [ RunTime:0.000756s ]
INFO: [ app_begin ] --START--
INFO: Run Behavior\ReadHtmlCacheBehavior [ RunTime:0.000913s ]
INFO: [ app_begin ] --END-- [ RunTime:0.001171s ]
INFO: [ app_end ] --START--
INFO: Run Behavior\ShowPageTraceBehavior [ RunTime:0.000576s ]
INFO: [ app_end ] --END-- [ RunTime:0.000821s ]

[ 2019-04-24T15:11:59+08:00 ] 61.158.146.118 /xcx/home/index/uploadimg
INFO: [ app_init ] --START--
INFO: Run Behavior\BuildLiteBehavior [ RunTime:0.000042s ]
INFO: [ app_init ] --END-- [ RunTime:0.000544s ]
INFO: [ app_begin ] --START--
INFO: Run Behavior\ReadHtmlCacheBehavior [ RunTime:0.000561s ]
INFO: [ app_begin ] --END-- [ RunTime:0.000763s ]
NOTIC: [2] call_user_func() expects parameter 1 to be a valid callback, no array or string given C:\wamp\www\ThinkPHP\Library\Think\Upload.class.php 第 170 行.
INFO: [ app_end ] --START--
INFO: Run Behavior\ShowPageTraceBehavior [ RunTime:0.000825s ]
INFO: [ app_end ] --END-- [ RunTime:0.001105s ]

[ 2019-04-24T15:12:46+08:00 ] 61.158.146.118 /xcx/home/index/tochange?date=%5B%7B%22name%22%3A%22img%22%2C%22attrs%22%3A%7B%22class%22%3A%22xing-img%22%2C%22style%22%3A%22width%3A%20100%25%22%2C%22src%22%3A%22http%3A%2F%2Ftmp%2Fwxe414a8d62204cc8b.o6zAJs98pZXjv64FHwUFjnATdHS0.yeqhjwJ8Srcvca6f50033525450f4b7d373873ba6fdb.jpg%22%2C%22_height%22%3A0.906%7D%7D%5D
INFO: [ app_init ] --START--
INFO: Run Behavior\BuildLiteBehavior [ RunTime:0.000070s ]
INFO: [ app_init ] --END-- [ RunTime:0.000884s ]
INFO: [ app_begin ] --START--
INFO: Run Behavior\ReadHtmlCacheBehavior [ RunTime:0.000972s ]
INFO: [ app_begin ] --END-- [ RunTime:0.001301s ]
INFO: [ app_end ] --START--
INFO: Run Behavior\ShowPageTraceBehavior [ RunTime:0.000884s ]
INFO: [ app_end ] --END-- [ RunTime:0.001226s ]

[ 2019-04-24T15:12:47+08:00 ] 61.158.146.118 /xcx/home/index/uploadimg
INFO: [ app_init ] --START--
INFO: Run Behavior\BuildLiteBehavior [ RunTime:0.000054s ]
INFO: [ app_init ] --END-- [ RunTime:0.000736s ]
INFO: [ app_begin ] --START--
INFO: Run Behavior\ReadHtmlCacheBehavior [ RunTime:0.000825s ]
INFO: [ app_begin ] --END-- [ RunTime:0.001088s ]
NOTIC: [2] call_user_func() expects parameter 1 to be a valid callback, no array or string given C:\wamp\www\ThinkPHP\Library\Think\Upload.class.php 第 170 行.
INFO: [ app_end ] --START--
INFO: Run Behavior\ShowPageTraceBehavior [ RunTime:0.000934s ]
INFO: [ app_end ] --END-- [ RunTime:0.001267s ]

[ 2019-04-24T15:14:45+08:00 ] 61.158.146.118 /xcx/home/index/tochange?date=%5B%7B%22name%22%3A%22img%22%2C%22attrs%22%3A%7B%22class%22%3A%22xing-img%22%2C%22style%22%3A%22width%3A%20100%25%22%2C%22src%22%3A%22http%3A%2F%2Ftmp%2Fwxe414a8d62204cc8b.o6zAJs98pZXjv64FHwUFjnATdHS0.DVywTlIgRCPUca6f50033525450f4b7d373873ba6fdb.jpg%22%2C%22_height%22%3A0.906%7D%7D%2C%7B%22name%22%3A%22img%22%2C%22attrs%22%3A%7B%22class%22%3A%22xing-img%22%2C%22style%22%3A%22width%3A%20100%25%22%2C%22src%22%3A%22http%3A%2F%2Ftmp%2Fwxe414a8d62204cc8b.o6zAJs98pZXjv64FHwUFjnATdHS0.mq0eyvXbFLqo5082b6b22683ed6da48c3b962f9421b7.png%22%2C%22_height%22%3A1%7D%7D%5D
INFO: [ app_init ] --START--
INFO: Run Behavior\BuildLiteBehavior [ RunTime:0.000064s ]
INFO: [ app_init ] --END-- [ RunTime:0.000993s ]
INFO: [ app_begin ] --START--
INFO: Run Behavior\ReadHtmlCacheBehavior [ RunTime:0.001895s ]
INFO: [ app_begin ] --END-- [ RunTime:0.002157s ]
INFO: [ app_end ] --START--
INFO: Run Behavior\ShowPageTraceBehavior [ RunTime:0.001616s ]
INFO: [ app_end ] --END-- [ RunTime:0.001871s ]

[ 2019-04-24T15:14:45+08:00 ] 61.158.146.118 /xcx/home/index/uploadimg
INFO: [ app_init ] --START--
INFO: Run Behavior\BuildLiteBehavior [ RunTime:0.000074s ]
INFO: [ app_init ] --END-- [ RunTime:0.000936s ]
INFO: [ app_begin ] --START--
INFO: Run Behavior\ReadHtmlCacheBehavior [ RunTime:0.000832s ]
INFO: [ app_begin ] --END-- [ RunTime:0.001109s ]
NOTIC: [2] call_user_func() expects parameter 1 to be a valid callback, no array or string given C:\wamp\www\ThinkPHP\Library\Think\Upload.class.php 第 170 行.
INFO: [ app_end ] --START--
INFO: Run Behavior\ShowPageTraceBehavior [ RunTime:0.000615s ]
INFO: [ app_end ] --END-- [ RunTime:0.000904s ]

[ 2019-04-24T15:14:45+08:00 ] 61.158.146.118 /xcx/home/index/uploadimg
INFO: [ app_init ] --START--
INFO: Run Behavior\BuildLiteBehavior [ RunTime:0.000099s ]
INFO: [ app_init ] --END-- [ RunTime:0.000779s ]
INFO: [ app_begin ] --START--
INFO: Run Behavior\ReadHtmlCacheBehavior [ RunTime:0.000808s ]
INFO: [ app_begin ] --END-- [ RunTime:0.001108s ]
NOTIC: [2] call_user_func() expects parameter 1 to be a valid callback, no array or string given C:\wamp\www\ThinkPHP\Library\Think\Upload.class.php 第 170 行.
INFO: [ app_end ] --START--
INFO: Run Behavior\ShowPageTraceBehavior [ RunTime:0.000738s ]
INFO: [ app_end ] --END-- [ RunTime:0.001052s ]

[ 2019-04-24T15:16:07+08:00 ] 61.158.146.118 /xcx/home/index/tochange?date=%5B%7B%22name%22%3A%22img%22%2C%22attrs%22%3A%7B%22class%22%3A%22xing-img%22%2C%22style%22%3A%22width%3A%20100%25%22%2C%22src%22%3A%22http%3A%2F%2Ftmp%2Fwxe414a8d62204cc8b.o6zAJs98pZXjv64FHwUFjnATdHS0.fURW1ha5iviLca6f50033525450f4b7d373873ba6fdb.jpg%22%2C%22_height%22%3A0.906%7D%7D%2C%7B%22name%22%3A%22img%22%2C%22attrs%22%3A%7B%22class%22%3A%22xing-img%22%2C%22style%22%3A%22width%3A%20100%25%22%2C%22src%22%3A%22http%3A%2F%2Ftmp%2Fwxe414a8d62204cc8b.o6zAJs98pZXjv64FHwUFjnATdHS0.Zo2PRAKvaXyh5082b6b22683ed6da48c3b962f9421b7.png%22%2C%22_height%22%3A1%7D%7D%5D
INFO: [ app_init ] --START--
INFO: Run Behavior\BuildLiteBehavior [ RunTime:0.000068s ]
INFO: [ app_init ] --END-- [ RunTime:0.000948s ]
INFO: [ app_begin ] --START--
INFO: Run Behavior\ReadHtmlCacheBehavior [ RunTime:0.000643s ]
INFO: [ app_begin ] --END-- [ RunTime:0.000846s ]
INFO: [ app_end ] --START--
INFO: Run Behavior\ShowPageTraceBehavior [ RunTime:0.000520s ]
INFO: [ app_end ] --END-- [ RunTime:0.000716s ]

[ 2019-04-24T15:16:07+08:00 ] 61.158.146.118 /xcx/home/index/uploadimg
INFO: [ app_init ] --START--
INFO: Run Behavior\BuildLiteBehavior [ RunTime:0.000063s ]
INFO: [ app_init ] --END-- [ RunTime:0.000841s ]
INFO: [ app_begin ] --START--
INFO: Run Behavior\ReadHtmlCacheBehavior [ RunTime:0.001021s ]
INFO: [ app_begin ] --END-- [ RunTime:0.001377s ]
NOTIC: [2] call_user_func() expects parameter 1 to be a valid callback, no array or string given C:\wamp\www\ThinkPHP\Library\Think\Upload.class.php 第 170 行.
INFO: [ app_end ] --START--
INFO: Run Behavior\ShowPageTraceBehavior [ RunTime:0.000617s ]
INFO: [ app_end ] --END-- [ RunTime:0.000825s ]

[ 2019-04-24T15:16:08+08:00 ] 61.158.146.118 /xcx/home/index/uploadimg
INFO: [ app_init ] --START--
INFO: Run Behavior\BuildLiteBehavior [ RunTime:0.000054s ]
INFO: [ app_init ] --END-- [ RunTime:0.000626s ]
INFO: [ app_begin ] --START--
INFO: Run Behavior\ReadHtmlCacheBehavior [ RunTime:0.000715s ]
INFO: [ app_begin ] --END-- [ RunTime:0.000955s ]
NOTIC: [2] call_user_func() expects parameter 1 to be a valid callback, no array or string given C:\wamp\www\ThinkPHP\Library\Think\Upload.class.php 第 170 行.
INFO: [ app_end ] --START--
INFO: Run Behavior\ShowPageTraceBehavior [ RunTime:0.000661s ]
INFO: [ app_end ] --END-- [ RunTime:0.000922s ]

[ 2019-04-24T15:16:58+08:00 ] 61.158.146.118 /xcx/home/index/tochange?date=%5B%7B%22name%22%3A%22img%22%2C%22attrs%22%3A%7B%22class%22%3A%22xing-img%22%2C%22style%22%3A%22width%3A%20100%25%22%2C%22src%22%3A%22http%3A%2F%2Ftmp%2Fwxe414a8d62204cc8b.o6zAJs98pZXjv64FHwUFjnATdHS0.G3HqYKt5avNJca6f50033525450f4b7d373873ba6fdb.jpg%22%2C%22_height%22%3A0.906%7D%7D%5D
INFO: [ app_init ] --START--
INFO: Run Behavior\BuildLiteBehavior [ RunTime:0.000045s ]
INFO: [ app_init ] --END-- [ RunTime:0.000536s ]
INFO: [ app_begin ] --START--
INFO: Run Behavior\ReadHtmlCacheBehavior [ RunTime:0.000586s ]
INFO: [ app_begin ] --END-- [ RunTime:0.000788s ]
INFO: [ app_end ] --START--
INFO: Run Behavior\ShowPageTraceBehavior [ RunTime:0.000630s ]
INFO: [ app_end ] --END-- [ RunTime:0.000873s ]

[ 2019-04-24T15:16:59+08:00 ] 61.158.146.118 /xcx/home/index/uploadimg
INFO: [ app_init ] --START--
INFO: Run Behavior\BuildLiteBehavior [ RunTime:0.000133s ]
INFO: [ app_init ] --END-- [ RunTime:0.001055s ]
INFO: [ app_begin ] --START--
INFO: Run Behavior\ReadHtmlCacheBehavior [ RunTime:0.000826s ]
INFO: [ app_begin ] --END-- [ RunTime:0.001043s ]
NOTIC: [2] call_user_func() expects parameter 1 to be a valid callback, no array or string given C:\wamp\www\ThinkPHP\Library\Think\Upload.class.php 第 170 行.
INFO: [ app_end ] --START--
INFO: Run Behavior\ShowPageTraceBehavior [ RunTime:0.000664s ]
INFO: [ app_end ] --END-- [ RunTime:0.000894s ]

[ 2019-04-24T15:18:40+08:00 ] 61.158.146.118 /xcx/home/index/tochange?date=%5B%7B%22name%22%3A%22img%22%2C%22attrs%22%3A%7B%22class%22%3A%22xing-img%22%2C%22style%22%3A%22width%3A%20100%25%22%2C%22src%22%3A%22http%3A%2F%2Ftmp%2Fwxe414a8d62204cc8b.o6zAJs98pZXjv64FHwUFjnATdHS0.DX7NmrkldZ9Zca6f50033525450f4b7d373873ba6fdb.jpg%22%2C%22_height%22%3A0.906%7D%7D%5D
INFO: [ app_init ] --START--
INFO: Run Behavior\BuildLiteBehavior [ RunTime:0.000054s ]
INFO: [ app_init ] --END-- [ RunTime:0.000595s ]
INFO: [ app_begin ] --START--
INFO: Run Behavior\ReadHtmlCacheBehavior [ RunTime:0.000661s ]
INFO: [ app_begin ] --END-- [ RunTime:0.000890s ]
INFO: [ app_end ] --START--
INFO: Run Behavior\ShowPageTraceBehavior [ RunTime:0.000624s ]
INFO: [ app_end ] --END-- [ RunTime:0.000897s ]

[ 2019-04-24T15:18:41+08:00 ] 61.158.146.118 /xcx/home/index/uploadimg
INFO: [ app_init ] --START--
INFO: Run Behavior\BuildLiteBehavior [ RunTime:0.000043s ]
INFO: [ app_init ] --END-- [ RunTime:0.000598s ]
INFO: [ app_begin ] --START--
INFO: Run Behavior\ReadHtmlCacheBehavior [ RunTime:0.000680s ]
INFO: [ app_begin ] --END-- [ RunTime:0.000910s ]
NOTIC: [2] call_user_func() expects parameter 1 to be a valid callback, no array or string given C:\wamp\www\ThinkPHP\Library\Think\Upload.class.php 第 170 行.
INFO: [ app_end ] --START--
INFO: Run Behavior\ShowPageTraceBehavior [ RunTime:0.000769s ]
INFO: [ app_end ] --END-- [ RunTime:0.000999s ]

