[ 2019-04-19T12:18:06+08:00 ] 188.131.249.35 /xcx/tiger.wmf
INFO: [ app_init ] --START--
INFO: Run Behavior\BuildLiteBehavior [ RunTime:0.000061s ]
INFO: [ app_init ] --END-- [ RunTime:0.000790s ]
ERR: 无法加载模块:Tiger

[ 2019-04-19T12:18:06+08:00 ] 188.131.249.35 /xcx/tiger.jpg
INFO: [ app_init ] --START--
INFO: Run Behavior\BuildLiteBehavior [ RunTime:0.000040s ]
INFO: [ app_init ] --END-- [ RunTime:0.000587s ]
ERR: 无法加载模块:Tiger

[ 2019-04-19T12:23:47+08:00 ] 188.131.249.35 /xcx/tiger.wmf
INFO: [ app_init ] --START--
INFO: Run Behavior\BuildLiteBehavior [ RunTime:0.000040s ]
INFO: [ app_init ] --END-- [ RunTime:0.000534s ]
ERR: 无法加载模块:Tiger

[ 2019-04-19T12:23:47+08:00 ] 188.131.249.35 /xcx/tiger.jpg
INFO: [ app_init ] --START--
INFO: Run Behavior\BuildLiteBehavior [ RunTime:0.000046s ]
INFO: [ app_init ] --END-- [ RunTime:0.000544s ]
ERR: 无法加载模块:Tiger

[ 2019-04-19T12:27:57+08:00 ] 188.131.249.35 /xcx/tiger.wmf
INFO: [ app_init ] --START--
INFO: Run Behavior\BuildLiteBehavior [ RunTime:0.000061s ]
INFO: [ app_init ] --END-- [ RunTime:0.000809s ]
ERR: 无法加载模块:Tiger

[ 2019-04-19T12:27:57+08:00 ] 188.131.249.35 /xcx/tiger.jpg
INFO: [ app_init ] --START--
INFO: Run Behavior\BuildLiteBehavior [ RunTime:0.000052s ]
INFO: [ app_init ] --END-- [ RunTime:0.000641s ]
ERR: 无法加载模块:Tiger

[ 2019-04-19T12:28:49+08:00 ] 188.131.249.35 /xcx/tiger.wmf
INFO: [ app_init ] --START--
INFO: Run Behavior\BuildLiteBehavior [ RunTime:0.000044s ]
INFO: [ app_init ] --END-- [ RunTime:0.000567s ]
ERR: 无法加载模块:Tiger

[ 2019-04-19T12:28:49+08:00 ] 188.131.249.35 /xcx/tiger.jpg
INFO: [ app_init ] --START--
INFO: Run Behavior\BuildLiteBehavior [ RunTime:0.000066s ]
INFO: [ app_init ] --END-- [ RunTime:0.000791s ]
ERR: 无法加载模块:Tiger

[ 2019-04-19T12:31:05+08:00 ] 188.131.249.35 /xcx/tiger.wmf
INFO: [ app_init ] --START--
INFO: Run Behavior\BuildLiteBehavior [ RunTime:0.000062s ]
INFO: [ app_init ] --END-- [ RunTime:0.000769s ]
ERR: 无法加载模块:Tiger

[ 2019-04-19T12:31:05+08:00 ] 188.131.249.35 /xcx/tiger.jpg
INFO: [ app_init ] --START--
INFO: Run Behavior\BuildLiteBehavior [ RunTime:0.000048s ]
INFO: [ app_init ] --END-- [ RunTime:0.000566s ]
ERR: 无法加载模块:Tiger

[ 2019-04-19T12:31:52+08:00 ] 188.131.249.35 /xcx/tiger.wmf
INFO: [ app_init ] --START--
INFO: Run Behavior\BuildLiteBehavior [ RunTime:0.000063s ]
INFO: [ app_init ] --END-- [ RunTime:0.000657s ]
ERR: 无法加载模块:Tiger

[ 2019-04-19T12:31:52+08:00 ] 188.131.249.35 /xcx/tiger.jpg
INFO: [ app_init ] --START--
INFO: Run Behavior\BuildLiteBehavior [ RunTime:0.000040s ]
INFO: [ app_init ] --END-- [ RunTime:0.000573s ]
ERR: 无法加载模块:Tiger

[ 2019-04-19T12:33:07+08:00 ] 188.131.249.35 /xcx/tiger.wmf
INFO: [ app_init ] --START--
INFO: Run Behavior\BuildLiteBehavior [ RunTime:0.000065s ]
INFO: [ app_init ] --END-- [ RunTime:0.001845s ]
ERR: 无法加载模块:Tiger

[ 2019-04-19T12:33:07+08:00 ] 188.131.249.35 /xcx/tiger.jpg
INFO: [ app_init ] --START--
INFO: Run Behavior\BuildLiteBehavior [ RunTime:0.000060s ]
INFO: [ app_init ] --END-- [ RunTime:0.000748s ]
ERR: 无法加载模块:Tiger

[ 2019-04-19T16:27:35+08:00 ] 122.206.190.96 /xcx/hone/index/updatetxt?x=&y=
INFO: [ app_init ] --START--
INFO: Run Behavior\BuildLiteBehavior [ RunTime:0.000063s ]
INFO: [ app_init ] --END-- [ RunTime:0.001044s ]
ERR: 无法加载模块:Hone

[ 2019-04-19T16:36:01+08:00 ] 122.206.190.96 /xcx/hone/index/updatetxt?x=&y=
INFO: [ app_init ] --START--
INFO: Run Behavior\BuildLiteBehavior [ RunTime:0.000066s ]
INFO: [ app_init ] --END-- [ RunTime:0.000983s ]
ERR: 无法加载模块:Hone

[ 2019-04-19T16:36:01+08:00 ] 122.206.190.96 /xcx/hone/index/updatetxt?x=&y=
INFO: [ app_init ] --START--
INFO: Run Behavior\BuildLiteBehavior [ RunTime:0.000065s ]
INFO: [ app_init ] --END-- [ RunTime:0.002246s ]
ERR: 无法加载模块:Hone

[ 2019-04-19T16:36:10+08:00 ] 122.206.190.96 /xcx/hone/index/updatetxt?x=&y=
INFO: [ app_init ] --START--
INFO: Run Behavior\BuildLiteBehavior [ RunTime:0.000062s ]
INFO: [ app_init ] --END-- [ RunTime:0.000790s ]
ERR: 无法加载模块:Hone

[ 2019-04-19T17:10:56+08:00 ] 122.206.190.96 /xcx/hone/index/updatetxt?x=&y=
INFO: [ app_init ] --START--
INFO: Run Behavior\BuildLiteBehavior [ RunTime:0.000041s ]
INFO: [ app_init ] --END-- [ RunTime:0.000500s ]
ERR: 无法加载模块:Hone

[ 2019-04-19T17:11:59+08:00 ] 122.206.190.96 /xcx/hone/index/updatetxt?x=&y=
INFO: [ app_init ] --START--
INFO: Run Behavior\BuildLiteBehavior [ RunTime:0.000065s ]
INFO: [ app_init ] --END-- [ RunTime:0.000812s ]
ERR: 无法加载模块:Hone

[ 2019-04-19T17:11:59+08:00 ] 122.206.190.96 /xcx/hone/index/updatetxt?x=&y=
INFO: [ app_init ] --START--
INFO: Run Behavior\BuildLiteBehavior [ RunTime:0.000042s ]
INFO: [ app_init ] --END-- [ RunTime:0.000515s ]
ERR: 无法加载模块:Hone

[ 2019-04-19T17:11:59+08:00 ] 122.206.190.96 /xcx/hone/index/updatetxt?x=&y=
INFO: [ app_init ] --START--
INFO: Run Behavior\BuildLiteBehavior [ RunTime:0.000041s ]
INFO: [ app_init ] --END-- [ RunTime:0.000525s ]
ERR: 无法加载模块:Hone

[ 2019-04-19T17:11:59+08:00 ] 122.206.190.96 /xcx/hone/index/updatetxt?x=&y=
INFO: [ app_init ] --START--
INFO: Run Behavior\BuildLiteBehavior [ RunTime:0.000040s ]
INFO: [ app_init ] --END-- [ RunTime:0.000530s ]
ERR: 无法加载模块:Hone

