[ 2019-05-06T18:39:53+08:00 ] 188.131.249.35 /xcx/Uploads/2019-05-06/15571391805cd00eed08273.jpg婆历
INFO: [ app_init ] --START--
INFO: Run Behavior\BuildLiteBehavior [ RunTime:0.000052s ]
INFO: [ app_init ] --END-- [ RunTime:0.000617s ]
ERR: 无法加载模块:Uploads

[ 2019-05-06T18:39:58+08:00 ] 188.131.249.35 /xcx/Uploads/2019-05-06/15571391805cd00eed08273.jpg婆历
INFO: [ app_init ] --START--
INFO: Run Behavior\BuildLiteBehavior [ RunTime:0.000046s ]
INFO: [ app_init ] --END-- [ RunTime:0.000717s ]
ERR: 无法加载模块:Uploads

[ 2019-05-06T18:40:03+08:00 ] 188.131.249.35 /xcx/Uploads/2019-05-06/15571391805cd00eed08273.jpg婆历
INFO: [ app_init ] --START--
INFO: Run Behavior\BuildLiteBehavior [ RunTime:0.000062s ]
INFO: [ app_init ] --END-- [ RunTime:0.000750s ]
ERR: 无法加载模块:Uploads

[ 2019-05-06T18:41:34+08:00 ] 188.131.249.35 /xcx/Uploads/2019-05-06/15571391805cd00eed08273.jpg婆历
INFO: [ app_init ] --START--
INFO: Run Behavior\BuildLiteBehavior [ RunTime:0.000077s ]
INFO: [ app_init ] --END-- [ RunTime:0.000881s ]
ERR: 无法加载模块:Uploads

[ 2019-05-06T18:41:45+08:00 ] 188.131.249.35 /xcx/Uploads/2019-05-06/15571391805cd00eed08273.jpg婆历
INFO: [ app_init ] --START--
INFO: Run Behavior\BuildLiteBehavior [ RunTime:0.000042s ]
INFO: [ app_init ] --END-- [ RunTime:0.000639s ]
ERR: 无法加载模块:Uploads

[ 2019-05-06T18:42:11+08:00 ] 188.131.249.35 /xcx/Uploads/2019-05-06/15571391805cd00eed08273.jpg婆历
INFO: [ app_init ] --START--
INFO: Run Behavior\BuildLiteBehavior [ RunTime:0.000042s ]
INFO: [ app_init ] --END-- [ RunTime:0.000486s ]
ERR: 无法加载模块:Uploads

[ 2019-05-06T18:42:12+08:00 ] 188.131.249.35 /xcx/Uploads/2019-05-06/15571391805cd00eed08273.jpg婆历
INFO: [ app_init ] --START--
INFO: Run Behavior\BuildLiteBehavior [ RunTime:0.000051s ]
INFO: [ app_init ] --END-- [ RunTime:0.000656s ]
ERR: 无法加载模块:Uploads

[ 2019-05-06T18:42:13+08:00 ] 188.131.249.35 /xcx/Uploads/2019-05-06/15571391805cd00eed08273.jpg婆历
INFO: [ app_init ] --START--
INFO: Run Behavior\BuildLiteBehavior [ RunTime:0.000063s ]
INFO: [ app_init ] --END-- [ RunTime:0.000805s ]
ERR: 无法加载模块:Uploads

[ 2019-05-06T18:42:14+08:00 ] 188.131.249.35 /xcx/Uploads/2019-05-06/15571391805cd00eed08273.jpg婆历
INFO: [ app_init ] --START--
INFO: Run Behavior\BuildLiteBehavior [ RunTime:0.000043s ]
INFO: [ app_init ] --END-- [ RunTime:0.000587s ]
ERR: 无法加载模块:Uploads

[ 2019-05-06T18:42:17+08:00 ] 188.131.249.35 /xcx/Uploads/2019-05-06/15571391805cd00eed08273.jpg婆历
INFO: [ app_init ] --START--
INFO: Run Behavior\BuildLiteBehavior [ RunTime:0.000068s ]
INFO: [ app_init ] --END-- [ RunTime:0.000760s ]
ERR: 无法加载模块:Uploads

[ 2019-05-06T18:42:19+08:00 ] 188.131.249.35 /xcx/Uploads/2019-05-06/15571391805cd00eed08273.jpg婆历
INFO: [ app_init ] --START--
INFO: Run Behavior\BuildLiteBehavior [ RunTime:0.000041s ]
INFO: [ app_init ] --END-- [ RunTime:0.000546s ]
ERR: 无法加载模块:Uploads

[ 2019-05-06T18:42:23+08:00 ] 188.131.249.35 /xcx/Uploads/2019-05-06/15571391805cd00eed08273.jpg婆历
INFO: [ app_init ] --START--
INFO: Run Behavior\BuildLiteBehavior [ RunTime:0.000061s ]
INFO: [ app_init ] --END-- [ RunTime:0.000786s ]
ERR: 无法加载模块:Uploads

[ 2019-05-06T18:42:25+08:00 ] 188.131.249.35 /xcx/Uploads/2019-05-06/15571391805cd00eed08273.jpg婆历
INFO: [ app_init ] --START--
INFO: Run Behavior\BuildLiteBehavior [ RunTime:0.000063s ]
INFO: [ app_init ] --END-- [ RunTime:0.000743s ]
ERR: 无法加载模块:Uploads

[ 2019-05-06T18:42:26+08:00 ] 188.131.249.35 /xcx/Uploads/2019-05-06/15571391805cd00eed08273.jpg婆历
INFO: [ app_init ] --START--
INFO: Run Behavior\BuildLiteBehavior [ RunTime:0.000062s ]
INFO: [ app_init ] --END-- [ RunTime:0.000777s ]
ERR: 无法加载模块:Uploads

[ 2019-05-06T18:46:41+08:00 ] 188.131.249.35 /xcx/Uploads/2019-05-06/15571391805cd00eed08273.jpg婆历
INFO: [ app_init ] --START--
INFO: Run Behavior\BuildLiteBehavior [ RunTime:0.000067s ]
INFO: [ app_init ] --END-- [ RunTime:0.000818s ]
ERR: 无法加载模块:Uploads

[ 2019-05-06T18:46:51+08:00 ] 188.131.249.35 /xcx/Uploads/2019-05-06/15571391805cd00eed08273.jpg婆历
INFO: [ app_init ] --START--
INFO: Run Behavior\BuildLiteBehavior [ RunTime:0.000067s ]
INFO: [ app_init ] --END-- [ RunTime:0.000982s ]
ERR: 无法加载模块:Uploads

[ 2019-05-06T18:47:01+08:00 ] 188.131.249.35 /xcx/Uploads/2019-05-06/15571391805cd00eed08273.jpg婆历
INFO: [ app_init ] --START--
INFO: Run Behavior\BuildLiteBehavior [ RunTime:0.000062s ]
INFO: [ app_init ] --END-- [ RunTime:0.001050s ]
ERR: 无法加载模块:Uploads

[ 2019-05-06T18:47:05+08:00 ] 188.131.249.35 /xcx/Uploads/2019-05-06/15571391805cd00eed08273.jpg婆历
INFO: [ app_init ] --START--
INFO: Run Behavior\BuildLiteBehavior [ RunTime:0.000042s ]
INFO: [ app_init ] --END-- [ RunTime:0.000564s ]
ERR: 无法加载模块:Uploads

[ 2019-05-06T18:47:06+08:00 ] 188.131.249.35 /xcx/Uploads/2019-05-06/15571391805cd00eed08273.jpg婆历
INFO: [ app_init ] --START--
INFO: Run Behavior\BuildLiteBehavior [ RunTime:0.000062s ]
INFO: [ app_init ] --END-- [ RunTime:0.000754s ]
ERR: 无法加载模块:Uploads

[ 2019-05-06T18:47:10+08:00 ] 188.131.249.35 /xcx/Uploads/2019-05-06/15571391805cd00eed08273.jpg婆历
INFO: [ app_init ] --START--
INFO: Run Behavior\BuildLiteBehavior [ RunTime:0.000101s ]
INFO: [ app_init ] --END-- [ RunTime:0.000724s ]
ERR: 无法加载模块:Uploads

[ 2019-05-06T18:47:12+08:00 ] 188.131.249.35 /xcx/Uploads/2019-05-06/15571391805cd00eed08273.jpg婆历
INFO: [ app_init ] --START--
INFO: Run Behavior\BuildLiteBehavior [ RunTime:0.000065s ]
INFO: [ app_init ] --END-- [ RunTime:0.000757s ]
ERR: 无法加载模块:Uploads

[ 2019-05-06T18:48:46+08:00 ] 188.131.249.35 /xcx/Uploads/2019-05-06/15571391805cd00eed08273.jpg婆历
INFO: [ app_init ] --START--
INFO: Run Behavior\BuildLiteBehavior [ RunTime:0.000058s ]
INFO: [ app_init ] --END-- [ RunTime:0.000605s ]
ERR: 无法加载模块:Uploads

[ 2019-05-06T18:49:55+08:00 ] 188.131.249.35 /xcx/Uploads/2019-05-06/15571391805cd00eed08273.jpg婆历
INFO: [ app_init ] --START--
INFO: Run Behavior\BuildLiteBehavior [ RunTime:0.000042s ]
INFO: [ app_init ] --END-- [ RunTime:0.000586s ]
ERR: 无法加载模块:Uploads

[ 2019-05-06T18:49:58+08:00 ] 188.131.249.35 /xcx/Uploads/2019-05-06/15571391805cd00eed08273.jpg婆历
INFO: [ app_init ] --START--
INFO: Run Behavior\BuildLiteBehavior [ RunTime:0.000063s ]
INFO: [ app_init ] --END-- [ RunTime:0.000946s ]
ERR: 无法加载模块:Uploads

[ 2019-05-06T18:55:13+08:00 ] 188.131.249.35 /xcx/Uploads/2019-05-06/15571391805cd00eed08273.jpg婆历
INFO: [ app_init ] --START--
INFO: Run Behavior\BuildLiteBehavior [ RunTime:0.000066s ]
INFO: [ app_init ] --END-- [ RunTime:0.000856s ]
ERR: 无法加载模块:Uploads

[ 2019-05-06T18:55:20+08:00 ] 188.131.249.35 /xcx/Uploads/2019-05-06/15571391805cd00eed08273.jpg婆历
INFO: [ app_init ] --START--
INFO: Run Behavior\BuildLiteBehavior [ RunTime:0.000042s ]
INFO: [ app_init ] --END-- [ RunTime:0.000666s ]
ERR: 无法加载模块:Uploads

[ 2019-05-06T19:11:42+08:00 ] 188.131.249.35 /xcx/Uploads/2019-05-06/15571391805cd00eed08273.jpg婆历
INFO: [ app_init ] --START--
INFO: Run Behavior\BuildLiteBehavior [ RunTime:0.000197s ]
INFO: [ app_init ] --END-- [ RunTime:0.000908s ]
ERR: 无法加载模块:Uploads

[ 2019-05-06T19:14:22+08:00 ] 188.131.249.35 /xcx/Uploads/2019-05-06/15571391805cd00eed08273.jpg婆历
INFO: [ app_init ] --START--
INFO: Run Behavior\BuildLiteBehavior [ RunTime:0.000042s ]
INFO: [ app_init ] --END-- [ RunTime:0.000576s ]
ERR: 无法加载模块:Uploads

[ 2019-05-06T19:14:28+08:00 ] 188.131.249.35 /xcx/Uploads/2019-05-06/15571391805cd00eed08273.jpg婆历
INFO: [ app_init ] --START--
INFO: Run Behavior\BuildLiteBehavior [ RunTime:0.000041s ]
INFO: [ app_init ] --END-- [ RunTime:0.000546s ]
ERR: 无法加载模块:Uploads

[ 2019-05-06T19:16:26+08:00 ] 188.131.249.35 /xcx/Uploads/2019-05-06/15571391805cd00eed08273.jpg婆历
INFO: [ app_init ] --START--
INFO: Run Behavior\BuildLiteBehavior [ RunTime:0.000043s ]
INFO: [ app_init ] --END-- [ RunTime:0.000608s ]
ERR: 无法加载模块:Uploads

[ 2019-05-06T19:16:32+08:00 ] 188.131.249.35 /xcx/Uploads/2019-05-06/15571391805cd00eed08273.jpg婆历
INFO: [ app_init ] --START--
INFO: Run Behavior\BuildLiteBehavior [ RunTime:0.000064s ]
INFO: [ app_init ] --END-- [ RunTime:0.000952s ]
ERR: 无法加载模块:Uploads

[ 2019-05-06T19:16:38+08:00 ] 188.131.249.35 /xcx/Uploads/2019-05-06/15571391805cd00eed08273.jpg婆历
INFO: [ app_init ] --START--
INFO: Run Behavior\BuildLiteBehavior [ RunTime:0.000042s ]
INFO: [ app_init ] --END-- [ RunTime:0.000497s ]
ERR: 无法加载模块:Uploads

[ 2019-05-06T19:17:12+08:00 ] 188.131.249.35 /xcx/Uploads/2019-05-06/15571391805cd00eed08273.jpg婆历
INFO: [ app_init ] --START--
INFO: Run Behavior\BuildLiteBehavior [ RunTime:0.000062s ]
INFO: [ app_init ] --END-- [ RunTime:0.000716s ]
ERR: 无法加载模块:Uploads

[ 2019-05-06T19:17:20+08:00 ] 188.131.249.35 /xcx/Uploads/2019-05-06/15571391805cd00eed08273.jpg婆历
INFO: [ app_init ] --START--
INFO: Run Behavior\BuildLiteBehavior [ RunTime:0.000063s ]
INFO: [ app_init ] --END-- [ RunTime:0.000795s ]
ERR: 无法加载模块:Uploads

[ 2019-05-06T19:17:25+08:00 ] 188.131.249.35 /xcx/Uploads/2019-05-06/15571391805cd00eed08273.jpg婆历
INFO: [ app_init ] --START--
INFO: Run Behavior\BuildLiteBehavior [ RunTime:0.000042s ]
INFO: [ app_init ] --END-- [ RunTime:0.000640s ]
ERR: 无法加载模块:Uploads

[ 2019-05-06T19:17:25+08:00 ] 188.131.249.35 /xcx/Uploads/2019-05-06/15571391805cd00eed08273.jpg婆历
INFO: [ app_init ] --START--
INFO: Run Behavior\BuildLiteBehavior [ RunTime:0.000063s ]
INFO: [ app_init ] --END-- [ RunTime:0.001002s ]
ERR: 无法加载模块:Uploads

[ 2019-05-06T19:17:25+08:00 ] 188.131.249.35 /xcx/Uploads/2019-05-06/15571391805cd00eed08273.jpg婆历
INFO: [ app_init ] --START--
INFO: Run Behavior\BuildLiteBehavior [ RunTime:0.000042s ]
INFO: [ app_init ] --END-- [ RunTime:0.000638s ]
ERR: 无法加载模块:Uploads

[ 2019-05-06T19:17:29+08:00 ] 188.131.249.35 /xcx/Uploads/2019-05-06/15571391805cd00eed08273.jpg婆历
INFO: [ app_init ] --START--
INFO: Run Behavior\BuildLiteBehavior [ RunTime:0.000077s ]
INFO: [ app_init ] --END-- [ RunTime:0.000839s ]
ERR: 无法加载模块:Uploads

[ 2019-05-06T19:17:30+08:00 ] 188.131.249.35 /xcx/Uploads/2019-05-06/15571391805cd00eed08273.jpg婆历
INFO: [ app_init ] --START--
INFO: Run Behavior\BuildLiteBehavior [ RunTime:0.000041s ]
INFO: [ app_init ] --END-- [ RunTime:0.000532s ]
ERR: 无法加载模块:Uploads

[ 2019-05-06T19:17:30+08:00 ] 188.131.249.35 /xcx/Uploads/2019-05-06/15571391805cd00eed08273.jpg婆历
INFO: [ app_init ] --START--
INFO: Run Behavior\BuildLiteBehavior [ RunTime:0.000042s ]
INFO: [ app_init ] --END-- [ RunTime:0.000637s ]
ERR: 无法加载模块:Uploads

[ 2019-05-06T19:17:35+08:00 ] 188.131.249.35 /xcx/Uploads/2019-05-06/15571391805cd00eed08273.jpg婆历
INFO: [ app_init ] --START--
INFO: Run Behavior\BuildLiteBehavior [ RunTime:0.000042s ]
INFO: [ app_init ] --END-- [ RunTime:0.000514s ]
ERR: 无法加载模块:Uploads

[ 2019-05-06T19:17:36+08:00 ] 188.131.249.35 /xcx/Uploads/2019-05-06/15571391805cd00eed08273.jpg婆历
INFO: [ app_init ] --START--
INFO: Run Behavior\BuildLiteBehavior [ RunTime:0.000048s ]
INFO: [ app_init ] --END-- [ RunTime:0.000569s ]
ERR: 无法加载模块:Uploads

[ 2019-05-06T19:18:12+08:00 ] 188.131.249.35 /xcx/Uploads/2019-05-06/15571391805cd00eed08273.jpg婆历
INFO: [ app_init ] --START--
INFO: Run Behavior\BuildLiteBehavior [ RunTime:0.000147s ]
INFO: [ app_init ] --END-- [ RunTime:0.000690s ]
ERR: 无法加载模块:Uploads

[ 2019-05-06T19:19:21+08:00 ] 188.131.249.35 /xcx/Uploads/2019-05-06/15571391805cd00eed08273.jpg婆历
INFO: [ app_init ] --START--
INFO: Run Behavior\BuildLiteBehavior [ RunTime:0.000065s ]
INFO: [ app_init ] --END-- [ RunTime:0.001164s ]
ERR: 无法加载模块:Uploads

[ 2019-05-06T19:21:19+08:00 ] 188.131.249.35 /xcx/Uploads/2019-05-06/15571391805cd00eed08273.jpg婆历
INFO: [ app_init ] --START--
INFO: Run Behavior\BuildLiteBehavior [ RunTime:0.000064s ]
INFO: [ app_init ] --END-- [ RunTime:0.000828s ]
ERR: 无法加载模块:Uploads

[ 2019-05-06T19:21:26+08:00 ] 188.131.249.35 /xcx/Uploads/2019-05-06/15571391805cd00eed08273.jpg婆历
INFO: [ app_init ] --START--
INFO: Run Behavior\BuildLiteBehavior [ RunTime:0.000042s ]
INFO: [ app_init ] --END-- [ RunTime:0.000525s ]
ERR: 无法加载模块:Uploads

[ 2019-05-06T19:22:14+08:00 ] 188.131.249.35 /xcx/Uploads/2019-05-06/15571391805cd00eed08273.jpg婆历
INFO: [ app_init ] --START--
INFO: Run Behavior\BuildLiteBehavior [ RunTime:0.000119s ]
INFO: [ app_init ] --END-- [ RunTime:0.000792s ]
ERR: 无法加载模块:Uploads

[ 2019-05-06T19:22:24+08:00 ] 188.131.249.35 /xcx/Uploads/2019-05-06/15571391805cd00eed08273.jpg婆历
INFO: [ app_init ] --START--
INFO: Run Behavior\BuildLiteBehavior [ RunTime:0.000062s ]
INFO: [ app_init ] --END-- [ RunTime:0.000766s ]
ERR: 无法加载模块:Uploads

[ 2019-05-06T19:22:52+08:00 ] 188.131.249.35 /xcx/Uploads/2019-05-06/15571391805cd00eed08273.jpg婆历
INFO: [ app_init ] --START--
INFO: Run Behavior\BuildLiteBehavior [ RunTime:0.000061s ]
INFO: [ app_init ] --END-- [ RunTime:0.000714s ]
ERR: 无法加载模块:Uploads

[ 2019-05-06T19:23:03+08:00 ] 188.131.249.35 /xcx/Uploads/2019-05-06/15571391805cd00eed08273.jpg婆历
INFO: [ app_init ] --START--
INFO: Run Behavior\BuildLiteBehavior [ RunTime:0.000044s ]
INFO: [ app_init ] --END-- [ RunTime:0.000518s ]
ERR: 无法加载模块:Uploads

[ 2019-05-06T19:23:09+08:00 ] 188.131.249.35 /xcx/Uploads/2019-05-06/15571391805cd00eed08273.jpg婆历
INFO: [ app_init ] --START--
INFO: Run Behavior\BuildLiteBehavior [ RunTime:0.000064s ]
INFO: [ app_init ] --END-- [ RunTime:0.000799s ]
ERR: 无法加载模块:Uploads

[ 2019-05-06T19:37:28+08:00 ] 188.131.249.35 /xcx/Uploads/2019-05-06/15571391805cd00eed08273.jpg婆历
INFO: [ app_init ] --START--
INFO: Run Behavior\BuildLiteBehavior [ RunTime:0.000052s ]
INFO: [ app_init ] --END-- [ RunTime:0.000571s ]
ERR: 无法加载模块:Uploads

[ 2019-05-06T19:37:33+08:00 ] 188.131.249.35 /xcx/Uploads/2019-05-06/15571391805cd00eed08273.jpg婆历
INFO: [ app_init ] --START--
INFO: Run Behavior\BuildLiteBehavior [ RunTime:0.000062s ]
INFO: [ app_init ] --END-- [ RunTime:0.000833s ]
ERR: 无法加载模块:Uploads

[ 2019-05-06T19:37:34+08:00 ] 188.131.249.35 /xcx/Uploads/2019-05-06/15571426395cd01c6f835ba.jpg古古怪怪滚滚滚滚滚滚
INFO: [ app_init ] --START--
INFO: Run Behavior\BuildLiteBehavior [ RunTime:0.000047s ]
INFO: [ app_init ] --END-- [ RunTime:0.000591s ]
ERR: 无法加载模块:Uploads

[ 2019-05-06T19:37:34+08:00 ] 188.131.249.35 /xcx/Uploads/2019-05-06/15571426395cd01c6f781ec.jpg过会就好v黄金回购哈哈哈沟沟壑壑回归方程头发分叉骨灰盒v陈学冬还好吧v腹股沟管股海护航回娘家呢你呢扭扭捏捏那你
INFO: [ app_init ] --START--
INFO: Run Behavior\BuildLiteBehavior [ RunTime:0.000064s ]
INFO: [ app_init ] --END-- [ RunTime:0.000832s ]
ERR: 无法加载模块:Uploads

[ 2019-05-06T19:37:40+08:00 ] 188.131.249.35 /xcx/Uploads/2019-05-06/15571391805cd00eed08273.jpg婆历
INFO: [ app_init ] --START--
INFO: Run Behavior\BuildLiteBehavior [ RunTime:0.000048s ]
INFO: [ app_init ] --END-- [ RunTime:0.000604s ]
ERR: 无法加载模块:Uploads

[ 2019-05-06T19:37:41+08:00 ] 188.131.249.35 /xcx/Uploads/2019-05-06/15571426395cd01c6f835ba.jpg古古怪怪滚滚滚滚滚滚
INFO: [ app_init ] --START--
INFO: Run Behavior\BuildLiteBehavior [ RunTime:0.000041s ]
INFO: [ app_init ] --END-- [ RunTime:0.000534s ]
ERR: 无法加载模块:Uploads

[ 2019-05-06T19:37:41+08:00 ] 188.131.249.35 /xcx/Uploads/2019-05-06/15571426395cd01c6f781ec.jpg过会就好v黄金回购哈哈哈沟沟壑壑回归方程头发分叉骨灰盒v陈学冬还好吧v腹股沟管股海护航回娘家呢你呢扭扭捏捏那你
INFO: [ app_init ] --START--
INFO: Run Behavior\BuildLiteBehavior [ RunTime:0.000070s ]
INFO: [ app_init ] --END-- [ RunTime:0.000878s ]
ERR: 无法加载模块:Uploads

[ 2019-05-06T19:40:23+08:00 ] 188.131.249.35 /xcx/Uploads/2019-05-06/15571391805cd00eed08273.jpg婆历
INFO: [ app_init ] --START--
INFO: Run Behavior\BuildLiteBehavior [ RunTime:0.000068s ]
INFO: [ app_init ] --END-- [ RunTime:0.000869s ]
ERR: 无法加载模块:Uploads

[ 2019-05-06T19:40:24+08:00 ] 188.131.249.35 /xcx/Uploads/2019-05-06/15571426395cd01c6f835ba.jpg古古怪怪滚滚滚滚滚滚
INFO: [ app_init ] --START--
INFO: Run Behavior\BuildLiteBehavior [ RunTime:0.000062s ]
INFO: [ app_init ] --END-- [ RunTime:0.000788s ]
ERR: 无法加载模块:Uploads

[ 2019-05-06T19:40:24+08:00 ] 188.131.249.35 /xcx/Uploads/2019-05-06/15571426395cd01c6f781ec.jpg过会就好v黄金回购哈哈哈沟沟壑壑回归方程头发分叉骨灰盒v陈学冬还好吧v腹股沟管股海护航回娘家呢你呢扭扭捏捏那你
INFO: [ app_init ] --START--
INFO: Run Behavior\BuildLiteBehavior [ RunTime:0.000046s ]
INFO: [ app_init ] --END-- [ RunTime:0.000646s ]
ERR: 无法加载模块:Uploads

[ 2019-05-06T19:41:07+08:00 ] 188.131.249.35 /xcx/Uploads/2019-05-06/15571391805cd00eed08273.jpg婆历
INFO: [ app_init ] --START--
INFO: Run Behavior\BuildLiteBehavior [ RunTime:0.000062s ]
INFO: [ app_init ] --END-- [ RunTime:0.000804s ]
ERR: 无法加载模块:Uploads

[ 2019-05-06T19:41:08+08:00 ] 188.131.249.35 /xcx/Uploads/2019-05-06/15571426395cd01c6f835ba.jpg古古怪怪滚滚滚滚滚滚
INFO: [ app_init ] --START--
INFO: Run Behavior\BuildLiteBehavior [ RunTime:0.000042s ]
INFO: [ app_init ] --END-- [ RunTime:0.000504s ]
ERR: 无法加载模块:Uploads

[ 2019-05-06T19:41:08+08:00 ] 188.131.249.35 /xcx/Uploads/2019-05-06/15571426395cd01c6f781ec.jpg过会就好v黄金回购哈哈哈沟沟壑壑回归方程头发分叉骨灰盒v陈学冬还好吧v腹股沟管股海护航回娘家呢你呢扭扭捏捏那你
INFO: [ app_init ] --START--
INFO: Run Behavior\BuildLiteBehavior [ RunTime:0.000054s ]
INFO: [ app_init ] --END-- [ RunTime:0.000537s ]
ERR: 无法加载模块:Uploads

[ 2019-05-06T19:42:12+08:00 ] 188.131.249.35 /xcx/Uploads/2019-05-06/15571391805cd00eed08273.jpg婆历
INFO: [ app_init ] --START--
INFO: Run Behavior\BuildLiteBehavior [ RunTime:0.000099s ]
INFO: [ app_init ] --END-- [ RunTime:0.000781s ]
ERR: 无法加载模块:Uploads

[ 2019-05-06T19:42:13+08:00 ] 188.131.249.35 /xcx/Uploads/2019-05-06/15571426395cd01c6f835ba.jpg古古怪怪滚滚滚滚滚滚
INFO: [ app_init ] --START--
INFO: Run Behavior\BuildLiteBehavior [ RunTime:0.000062s ]
INFO: [ app_init ] --END-- [ RunTime:0.000821s ]
ERR: 无法加载模块:Uploads

[ 2019-05-06T19:42:13+08:00 ] 188.131.249.35 /xcx/Uploads/2019-05-06/15571426395cd01c6f781ec.jpg过会就好v黄金回购哈哈哈沟沟壑壑回归方程头发分叉骨灰盒v陈学冬还好吧v腹股沟管股海护航回娘家呢你呢扭扭捏捏那你
INFO: [ app_init ] --START--
INFO: Run Behavior\BuildLiteBehavior [ RunTime:0.000058s ]
INFO: [ app_init ] --END-- [ RunTime:0.000749s ]
ERR: 无法加载模块:Uploads

[ 2019-05-06T20:20:46+08:00 ] 188.131.249.35 /xcx/Uploads/2019-05-06/15571391805cd00eed08273.jpg婆历
INFO: [ app_init ] --START--
INFO: Run Behavior\BuildLiteBehavior [ RunTime:0.000045s ]
INFO: [ app_init ] --END-- [ RunTime:0.000568s ]
ERR: 无法加载模块:Uploads

[ 2019-05-06T20:20:46+08:00 ] 188.131.249.35 /xcx/Uploads/2019-05-06/15571426395cd01c6f835ba.jpg古古怪怪滚滚滚滚滚滚
INFO: [ app_init ] --START--
INFO: Run Behavior\BuildLiteBehavior [ RunTime:0.000042s ]
INFO: [ app_init ] --END-- [ RunTime:0.000531s ]
ERR: 无法加载模块:Uploads

[ 2019-05-06T20:20:47+08:00 ] 188.131.249.35 /xcx/Uploads/2019-05-06/15571426395cd01c6f781ec.jpg过会就好v黄金回购哈哈哈沟沟壑壑回归方程头发分叉骨灰盒v陈学冬还好吧v腹股沟管股海护航回娘家呢你呢扭扭捏捏那你
INFO: [ app_init ] --START--
INFO: Run Behavior\BuildLiteBehavior [ RunTime:0.000047s ]
INFO: [ app_init ] --END-- [ RunTime:0.000578s ]
ERR: 无法加载模块:Uploads

[ 2019-05-06T20:21:32+08:00 ] 188.131.249.35 /xcx/Uploads/2019-05-06/15571391805cd00eed08273.jpg婆历
INFO: [ app_init ] --START--
INFO: Run Behavior\BuildLiteBehavior [ RunTime:0.000046s ]
INFO: [ app_init ] --END-- [ RunTime:0.000644s ]
ERR: 无法加载模块:Uploads

[ 2019-05-06T20:21:33+08:00 ] 188.131.249.35 /xcx/Uploads/2019-05-06/15571426395cd01c6f835ba.jpg古古怪怪滚滚滚滚滚滚
INFO: [ app_init ] --START--
INFO: Run Behavior\BuildLiteBehavior [ RunTime:0.000102s ]
INFO: [ app_init ] --END-- [ RunTime:0.000647s ]
ERR: 无法加载模块:Uploads

[ 2019-05-06T20:21:33+08:00 ] 188.131.249.35 /xcx/Uploads/2019-05-06/15571426395cd01c6f781ec.jpg过会就好v黄金回购哈哈哈沟沟壑壑回归方程头发分叉骨灰盒v陈学冬还好吧v腹股沟管股海护航回娘家呢你呢扭扭捏捏那你
INFO: [ app_init ] --START--
INFO: Run Behavior\BuildLiteBehavior [ RunTime:0.000060s ]
INFO: [ app_init ] --END-- [ RunTime:0.000776s ]
ERR: 无法加载模块:Uploads

[ 2019-05-06T20:23:11+08:00 ] 188.131.249.35 /xcx/Uploads/2019-05-06/15571391805cd00eed08273.jpg婆历
INFO: [ app_init ] --START--
INFO: Run Behavior\BuildLiteBehavior [ RunTime:0.000061s ]
INFO: [ app_init ] --END-- [ RunTime:0.000737s ]
ERR: 无法加载模块:Uploads

[ 2019-05-06T20:23:11+08:00 ] 188.131.249.35 /xcx/Uploads/2019-05-06/15571426395cd01c6f835ba.jpg古古怪怪滚滚滚滚滚滚
INFO: [ app_init ] --START--
INFO: Run Behavior\BuildLiteBehavior [ RunTime:0.000047s ]
INFO: [ app_init ] --END-- [ RunTime:0.000597s ]
ERR: 无法加载模块:Uploads

[ 2019-05-06T20:23:11+08:00 ] 188.131.249.35 /xcx/Uploads/2019-05-06/15571426395cd01c6f781ec.jpg过会就好v黄金回购哈哈哈沟沟壑壑回归方程头发分叉骨灰盒v陈学冬还好吧v腹股沟管股海护航回娘家呢你呢扭扭捏捏那你
INFO: [ app_init ] --START--
INFO: Run Behavior\BuildLiteBehavior [ RunTime:0.000049s ]
INFO: [ app_init ] --END-- [ RunTime:0.000575s ]
ERR: 无法加载模块:Uploads

[ 2019-05-06T20:23:32+08:00 ] 188.131.249.35 /xcx/Uploads/2019-05-06/15571391805cd00eed08273.jpg婆历
INFO: [ app_init ] --START--
INFO: Run Behavior\BuildLiteBehavior [ RunTime:0.000055s ]
INFO: [ app_init ] --END-- [ RunTime:0.000651s ]
ERR: 无法加载模块:Uploads

[ 2019-05-06T20:23:33+08:00 ] 188.131.249.35 /xcx/Uploads/2019-05-06/15571426395cd01c6f835ba.jpg古古怪怪滚滚滚滚滚滚
INFO: [ app_init ] --START--
INFO: Run Behavior\BuildLiteBehavior [ RunTime:0.000069s ]
INFO: [ app_init ] --END-- [ RunTime:0.000774s ]
ERR: 无法加载模块:Uploads

[ 2019-05-06T20:23:33+08:00 ] 188.131.249.35 /xcx/Uploads/2019-05-06/15571426395cd01c6f781ec.jpg过会就好v黄金回购哈哈哈沟沟壑壑回归方程头发分叉骨灰盒v陈学冬还好吧v腹股沟管股海护航回娘家呢你呢扭扭捏捏那你
INFO: [ app_init ] --START--
INFO: Run Behavior\BuildLiteBehavior [ RunTime:0.000042s ]
INFO: [ app_init ] --END-- [ RunTime:0.000529s ]
ERR: 无法加载模块:Uploads

[ 2019-05-06T20:23:46+08:00 ] 188.131.249.35 /xcx/Uploads/2019-05-06/15571391805cd00eed08273.jpg婆历
INFO: [ app_init ] --START--
INFO: Run Behavior\BuildLiteBehavior [ RunTime:0.000050s ]
INFO: [ app_init ] --END-- [ RunTime:0.000564s ]
ERR: 无法加载模块:Uploads

[ 2019-05-06T20:23:47+08:00 ] 188.131.249.35 /xcx/Uploads/2019-05-06/15571426395cd01c6f835ba.jpg古古怪怪滚滚滚滚滚滚
INFO: [ app_init ] --START--
INFO: Run Behavior\BuildLiteBehavior [ RunTime:0.000056s ]
INFO: [ app_init ] --END-- [ RunTime:0.000640s ]
ERR: 无法加载模块:Uploads

[ 2019-05-06T20:23:47+08:00 ] 188.131.249.35 /xcx/Uploads/2019-05-06/15571426395cd01c6f781ec.jpg过会就好v黄金回购哈哈哈沟沟壑壑回归方程头发分叉骨灰盒v陈学冬还好吧v腹股沟管股海护航回娘家呢你呢扭扭捏捏那你
INFO: [ app_init ] --START--
INFO: Run Behavior\BuildLiteBehavior [ RunTime:0.000058s ]
INFO: [ app_init ] --END-- [ RunTime:0.000807s ]
ERR: 无法加载模块:Uploads

[ 2019-05-06T20:57:18+08:00 ] 188.131.249.35 /xcx/Uploads/2019-05-06/15571391805cd00eed08273.jpg婆历
INFO: [ app_init ] --START--
INFO: Run Behavior\BuildLiteBehavior [ RunTime:0.000041s ]
INFO: [ app_init ] --END-- [ RunTime:0.000501s ]
ERR: 无法加载模块:Uploads

[ 2019-05-06T20:57:19+08:00 ] 188.131.249.35 /xcx/Uploads/2019-05-06/15571426395cd01c6f835ba.jpg古古怪怪滚滚滚滚滚滚
INFO: [ app_init ] --START--
INFO: Run Behavior\BuildLiteBehavior [ RunTime:0.000042s ]
INFO: [ app_init ] --END-- [ RunTime:0.000582s ]
ERR: 无法加载模块:Uploads

[ 2019-05-06T20:57:19+08:00 ] 188.131.249.35 /xcx/Uploads/2019-05-06/15571426395cd01c6f781ec.jpg过会就好v黄金回购哈哈哈沟沟壑壑回归方程头发分叉骨灰盒v陈学冬还好吧v腹股沟管股海护航回娘家呢你呢扭扭捏捏那你
INFO: [ app_init ] --START--
INFO: Run Behavior\BuildLiteBehavior [ RunTime:0.000063s ]
INFO: [ app_init ] --END-- [ RunTime:0.000773s ]
ERR: 无法加载模块:Uploads

[ 2019-05-06T21:02:33+08:00 ] 188.131.249.35 /xcx/Uploads/2019-05-06/15571391805cd00eed08273.jpg婆历
INFO: [ app_init ] --START--
INFO: Run Behavior\BuildLiteBehavior [ RunTime:0.000043s ]
INFO: [ app_init ] --END-- [ RunTime:0.000542s ]
ERR: 无法加载模块:Uploads

[ 2019-05-06T21:02:33+08:00 ] 188.131.249.35 /xcx/Uploads/2019-05-06/15571426395cd01c6f835ba.jpg古古怪怪滚滚滚滚滚滚
INFO: [ app_init ] --START--
INFO: Run Behavior\BuildLiteBehavior [ RunTime:0.000044s ]
INFO: [ app_init ] --END-- [ RunTime:0.000534s ]
ERR: 无法加载模块:Uploads

[ 2019-05-06T21:02:34+08:00 ] 188.131.249.35 /xcx/Uploads/2019-05-06/15571426395cd01c6f781ec.jpg过会就好v黄金回购哈哈哈沟沟壑壑回归方程头发分叉骨灰盒v陈学冬还好吧v腹股沟管股海护航回娘家呢你呢扭扭捏捏那你
INFO: [ app_init ] --START--
INFO: Run Behavior\BuildLiteBehavior [ RunTime:0.000044s ]
INFO: [ app_init ] --END-- [ RunTime:0.000719s ]
ERR: 无法加载模块:Uploads

[ 2019-05-06T21:45:38+08:00 ] 188.131.249.35 /xcx/Uploads/2019-05-06/15571391805cd00eed08273.jpg婆历
INFO: [ app_init ] --START--
INFO: Run Behavior\BuildLiteBehavior [ RunTime:0.000062s ]
INFO: [ app_init ] --END-- [ RunTime:0.000753s ]
ERR: 无法加载模块:Uploads

[ 2019-05-06T21:45:39+08:00 ] 188.131.249.35 /xcx/Uploads/2019-05-06/15571426395cd01c6f835ba.jpg古古怪怪滚滚滚滚滚滚
INFO: [ app_init ] --START--
INFO: Run Behavior\BuildLiteBehavior [ RunTime:0.000097s ]
INFO: [ app_init ] --END-- [ RunTime:0.001258s ]
ERR: 无法加载模块:Uploads

[ 2019-05-06T21:45:39+08:00 ] 188.131.249.35 /xcx/Uploads/2019-05-06/15571426395cd01c6f781ec.jpg过会就好v黄金回购哈哈哈沟沟壑壑回归方程头发分叉骨灰盒v陈学冬还好吧v腹股沟管股海护航回娘家呢你呢扭扭捏捏那你
INFO: [ app_init ] --START--
INFO: Run Behavior\BuildLiteBehavior [ RunTime:0.000042s ]
INFO: [ app_init ] --END-- [ RunTime:0.000555s ]
ERR: 无法加载模块:Uploads

[ 2019-05-06T21:54:21+08:00 ] 188.131.249.35 /xcx/Uploads/2019-05-06/15571391805cd00eed08273.jpg婆历
INFO: [ app_init ] --START--
INFO: Run Behavior\BuildLiteBehavior [ RunTime:0.000067s ]
INFO: [ app_init ] --END-- [ RunTime:0.000918s ]
ERR: 无法加载模块:Uploads

[ 2019-05-06T21:54:22+08:00 ] 188.131.249.35 /xcx/Uploads/2019-05-06/15571426395cd01c6f835ba.jpg古古怪怪滚滚滚滚滚滚
INFO: [ app_init ] --START--
INFO: Run Behavior\BuildLiteBehavior [ RunTime:0.000069s ]
INFO: [ app_init ] --END-- [ RunTime:0.000904s ]
ERR: 无法加载模块:Uploads

[ 2019-05-06T21:54:22+08:00 ] 188.131.249.35 /xcx/Uploads/2019-05-06/15571426395cd01c6f781ec.jpg过会就好v黄金回购哈哈哈沟沟壑壑回归方程头发分叉骨灰盒v陈学冬还好吧v腹股沟管股海护航回娘家呢你呢扭扭捏捏那你
INFO: [ app_init ] --START--
INFO: Run Behavior\BuildLiteBehavior [ RunTime:0.000054s ]
INFO: [ app_init ] --END-- [ RunTime:0.000647s ]
ERR: 无法加载模块:Uploads

[ 2019-05-06T21:55:52+08:00 ] 188.131.249.35 /xcx/Uploads/2019-05-06/15571391805cd00eed08273.jpg婆历
INFO: [ app_init ] --START--
INFO: Run Behavior\BuildLiteBehavior [ RunTime:0.000063s ]
INFO: [ app_init ] --END-- [ RunTime:0.000767s ]
ERR: 无法加载模块:Uploads

[ 2019-05-06T21:55:54+08:00 ] 188.131.249.35 /xcx/Uploads/2019-05-06/15571426395cd01c6f835ba.jpg古古怪怪滚滚滚滚滚滚
INFO: [ app_init ] --START--
INFO: Run Behavior\BuildLiteBehavior [ RunTime:0.000042s ]
INFO: [ app_init ] --END-- [ RunTime:0.000574s ]
ERR: 无法加载模块:Uploads

[ 2019-05-06T21:55:54+08:00 ] 188.131.249.35 /xcx/Uploads/2019-05-06/15571426395cd01c6f781ec.jpg过会就好v黄金回购哈哈哈沟沟壑壑回归方程头发分叉骨灰盒v陈学冬还好吧v腹股沟管股海护航回娘家呢你呢扭扭捏捏那你
INFO: [ app_init ] --START--
INFO: Run Behavior\BuildLiteBehavior [ RunTime:0.000042s ]
INFO: [ app_init ] --END-- [ RunTime:0.000621s ]
ERR: 无法加载模块:Uploads

[ 2019-05-06T21:56:00+08:00 ] 188.131.249.35 /xcx/Uploads/2019-05-06/15571391805cd00eed08273.jpg婆历
INFO: [ app_init ] --START--
INFO: Run Behavior\BuildLiteBehavior [ RunTime:0.000074s ]
INFO: [ app_init ] --END-- [ RunTime:0.000823s ]
ERR: 无法加载模块:Uploads

[ 2019-05-06T21:56:01+08:00 ] 188.131.249.35 /xcx/Uploads/2019-05-06/15571426395cd01c6f835ba.jpg古古怪怪滚滚滚滚滚滚
INFO: [ app_init ] --START--
INFO: Run Behavior\BuildLiteBehavior [ RunTime:0.000058s ]
INFO: [ app_init ] --END-- [ RunTime:0.000686s ]
ERR: 无法加载模块:Uploads

[ 2019-05-06T21:56:01+08:00 ] 188.131.249.35 /xcx/Uploads/2019-05-06/15571426395cd01c6f781ec.jpg过会就好v黄金回购哈哈哈沟沟壑壑回归方程头发分叉骨灰盒v陈学冬还好吧v腹股沟管股海护航回娘家呢你呢扭扭捏捏那你
INFO: [ app_init ] --START--
INFO: Run Behavior\BuildLiteBehavior [ RunTime:0.000060s ]
INFO: [ app_init ] --END-- [ RunTime:0.000778s ]
ERR: 无法加载模块:Uploads

[ 2019-05-06T21:56:06+08:00 ] 188.131.249.35 /xcx/Uploads/2019-05-06/15571391805cd00eed08273.jpg婆历
INFO: [ app_init ] --START--
INFO: Run Behavior\BuildLiteBehavior [ RunTime:0.000065s ]
INFO: [ app_init ] --END-- [ RunTime:0.000896s ]
ERR: 无法加载模块:Uploads

[ 2019-05-06T21:56:07+08:00 ] 188.131.249.35 /xcx/Uploads/2019-05-06/15571426395cd01c6f835ba.jpg古古怪怪滚滚滚滚滚滚
INFO: [ app_init ] --START--
INFO: Run Behavior\BuildLiteBehavior [ RunTime:0.000042s ]
INFO: [ app_init ] --END-- [ RunTime:0.000598s ]
ERR: 无法加载模块:Uploads

[ 2019-05-06T21:56:07+08:00 ] 188.131.249.35 /xcx/Uploads/2019-05-06/15571426395cd01c6f781ec.jpg过会就好v黄金回购哈哈哈沟沟壑壑回归方程头发分叉骨灰盒v陈学冬还好吧v腹股沟管股海护航回娘家呢你呢扭扭捏捏那你
INFO: [ app_init ] --START--
INFO: Run Behavior\BuildLiteBehavior [ RunTime:0.000061s ]
INFO: [ app_init ] --END-- [ RunTime:0.001073s ]
ERR: 无法加载模块:Uploads

[ 2019-05-06T21:56:12+08:00 ] 188.131.249.35 /xcx/Uploads/2019-05-06/15571391805cd00eed08273.jpg婆历
INFO: [ app_init ] --START--
INFO: Run Behavior\BuildLiteBehavior [ RunTime:0.000063s ]
INFO: [ app_init ] --END-- [ RunTime:0.000816s ]
ERR: 无法加载模块:Uploads

[ 2019-05-06T21:56:13+08:00 ] 188.131.249.35 /xcx/Uploads/2019-05-06/15571426395cd01c6f835ba.jpg古古怪怪滚滚滚滚滚滚
INFO: [ app_init ] --START--
INFO: Run Behavior\BuildLiteBehavior [ RunTime:0.000053s ]
INFO: [ app_init ] --END-- [ RunTime:0.000744s ]
ERR: 无法加载模块:Uploads

[ 2019-05-06T21:56:13+08:00 ] 188.131.249.35 /xcx/Uploads/2019-05-06/15571426395cd01c6f781ec.jpg过会就好v黄金回购哈哈哈沟沟壑壑回归方程头发分叉骨灰盒v陈学冬还好吧v腹股沟管股海护航回娘家呢你呢扭扭捏捏那你
INFO: [ app_init ] --START--
INFO: Run Behavior\BuildLiteBehavior [ RunTime:0.000042s ]
INFO: [ app_init ] --END-- [ RunTime:0.000614s ]
ERR: 无法加载模块:Uploads

[ 2019-05-06T21:56:25+08:00 ] 188.131.249.35 /xcx/Uploads/2019-05-06/15571391805cd00eed08273.jpg婆历
INFO: [ app_init ] --START--
INFO: Run Behavior\BuildLiteBehavior [ RunTime:0.000062s ]
INFO: [ app_init ] --END-- [ RunTime:0.001044s ]
ERR: 无法加载模块:Uploads

[ 2019-05-06T21:56:27+08:00 ] 188.131.249.35 /xcx/Uploads/2019-05-06/15571426395cd01c6f835ba.jpg古古怪怪滚滚滚滚滚滚
INFO: [ app_init ] --START--
INFO: Run Behavior\BuildLiteBehavior [ RunTime:0.000061s ]
INFO: [ app_init ] --END-- [ RunTime:0.000776s ]
ERR: 无法加载模块:Uploads

[ 2019-05-06T21:56:27+08:00 ] 188.131.249.35 /xcx/Uploads/2019-05-06/15571426395cd01c6f781ec.jpg过会就好v黄金回购哈哈哈沟沟壑壑回归方程头发分叉骨灰盒v陈学冬还好吧v腹股沟管股海护航回娘家呢你呢扭扭捏捏那你
INFO: [ app_init ] --START--
INFO: Run Behavior\BuildLiteBehavior [ RunTime:0.000063s ]
INFO: [ app_init ] --END-- [ RunTime:0.000563s ]
ERR: 无法加载模块:Uploads

[ 2019-05-06T21:56:28+08:00 ] 188.131.249.35 /xcx/Uploads/2019-05-06/15571391805cd00eed08273.jpg婆历
INFO: [ app_init ] --START--
INFO: Run Behavior\BuildLiteBehavior [ RunTime:0.000105s ]
INFO: [ app_init ] --END-- [ RunTime:0.000751s ]
ERR: 无法加载模块:Uploads

[ 2019-05-06T21:56:32+08:00 ] 188.131.249.35 /xcx/Uploads/2019-05-06/15571426395cd01c6f835ba.jpg古古怪怪滚滚滚滚滚滚
INFO: [ app_init ] --START--
INFO: Run Behavior\BuildLiteBehavior [ RunTime:0.000050s ]
INFO: [ app_init ] --END-- [ RunTime:0.000592s ]
ERR: 无法加载模块:Uploads

[ 2019-05-06T21:56:32+08:00 ] 188.131.249.35 /xcx/Uploads/2019-05-06/15571426395cd01c6f781ec.jpg过会就好v黄金回购哈哈哈沟沟壑壑回归方程头发分叉骨灰盒v陈学冬还好吧v腹股沟管股海护航回娘家呢你呢扭扭捏捏那你
INFO: [ app_init ] --START--
INFO: Run Behavior\BuildLiteBehavior [ RunTime:0.000042s ]
INFO: [ app_init ] --END-- [ RunTime:0.000530s ]
ERR: 无法加载模块:Uploads

[ 2019-05-06T21:56:36+08:00 ] 188.131.249.35 /xcx/Uploads/2019-05-06/15571391805cd00eed08273.jpg婆历
INFO: [ app_init ] --START--
INFO: Run Behavior\BuildLiteBehavior [ RunTime:0.000044s ]
INFO: [ app_init ] --END-- [ RunTime:0.000668s ]
ERR: 无法加载模块:Uploads

[ 2019-05-06T21:56:40+08:00 ] 188.131.249.35 /xcx/Uploads/2019-05-06/15571426395cd01c6f835ba.jpg古古怪怪滚滚滚滚滚滚
INFO: [ app_init ] --START--
INFO: Run Behavior\BuildLiteBehavior [ RunTime:0.000042s ]
INFO: [ app_init ] --END-- [ RunTime:0.000727s ]
ERR: 无法加载模块:Uploads

[ 2019-05-06T21:56:40+08:00 ] 188.131.249.35 /xcx/Uploads/2019-05-06/15571426395cd01c6f781ec.jpg过会就好v黄金回购哈哈哈沟沟壑壑回归方程头发分叉骨灰盒v陈学冬还好吧v腹股沟管股海护航回娘家呢你呢扭扭捏捏那你
INFO: [ app_init ] --START--
INFO: Run Behavior\BuildLiteBehavior [ RunTime:0.000062s ]
INFO: [ app_init ] --END-- [ RunTime:0.000740s ]
ERR: 无法加载模块:Uploads

[ 2019-05-06T21:56:48+08:00 ] 188.131.249.35 /xcx/Uploads/2019-05-06/15571391805cd00eed08273.jpg婆历
INFO: [ app_init ] --START--
INFO: Run Behavior\BuildLiteBehavior [ RunTime:0.000058s ]
INFO: [ app_init ] --END-- [ RunTime:0.000645s ]
ERR: 无法加载模块:Uploads

[ 2019-05-06T21:56:49+08:00 ] 188.131.249.35 /xcx/Uploads/2019-05-06/15571391805cd00eed08273.jpg婆历
INFO: [ app_init ] --START--
INFO: Run Behavior\BuildLiteBehavior [ RunTime:0.000042s ]
INFO: [ app_init ] --END-- [ RunTime:0.000539s ]
ERR: 无法加载模块:Uploads

[ 2019-05-06T21:56:50+08:00 ] 188.131.249.35 /xcx/Uploads/2019-05-06/15571391805cd00eed08273.jpg婆历
INFO: [ app_init ] --START--
INFO: Run Behavior\BuildLiteBehavior [ RunTime:0.000076s ]
INFO: [ app_init ] --END-- [ RunTime:0.000795s ]
ERR: 无法加载模块:Uploads

[ 2019-05-06T21:56:51+08:00 ] 188.131.249.35 /xcx/Uploads/2019-05-06/15571426395cd01c6f835ba.jpg古古怪怪滚滚滚滚滚滚
INFO: [ app_init ] --START--
INFO: Run Behavior\BuildLiteBehavior [ RunTime:0.000046s ]
INFO: [ app_init ] --END-- [ RunTime:0.000541s ]
ERR: 无法加载模块:Uploads

[ 2019-05-06T21:56:51+08:00 ] 188.131.249.35 /xcx/Uploads/2019-05-06/15571426395cd01c6f781ec.jpg过会就好v黄金回购哈哈哈沟沟壑壑回归方程头发分叉骨灰盒v陈学冬还好吧v腹股沟管股海护航回娘家呢你呢扭扭捏捏那你
INFO: [ app_init ] --START--
INFO: Run Behavior\BuildLiteBehavior [ RunTime:0.000061s ]
INFO: [ app_init ] --END-- [ RunTime:0.000725s ]
ERR: 无法加载模块:Uploads

[ 2019-05-06T21:56:52+08:00 ] 188.131.249.35 /xcx/Uploads/2019-05-06/15571426395cd01c6f835ba.jpg古古怪怪滚滚滚滚滚滚
INFO: [ app_init ] --START--
INFO: Run Behavior\BuildLiteBehavior [ RunTime:0.000044s ]
INFO: [ app_init ] --END-- [ RunTime:0.000687s ]
ERR: 无法加载模块:Uploads

[ 2019-05-06T21:56:52+08:00 ] 188.131.249.35 /xcx/Uploads/2019-05-06/15571426395cd01c6f781ec.jpg过会就好v黄金回购哈哈哈沟沟壑壑回归方程头发分叉骨灰盒v陈学冬还好吧v腹股沟管股海护航回娘家呢你呢扭扭捏捏那你
INFO: [ app_init ] --START--
INFO: Run Behavior\BuildLiteBehavior [ RunTime:0.000043s ]
INFO: [ app_init ] --END-- [ RunTime:0.000542s ]
ERR: 无法加载模块:Uploads

[ 2019-05-06T21:56:53+08:00 ] 188.131.249.35 /xcx/Uploads/2019-05-06/15571426395cd01c6f835ba.jpg古古怪怪滚滚滚滚滚滚
INFO: [ app_init ] --START--
INFO: Run Behavior\BuildLiteBehavior [ RunTime:0.000061s ]
INFO: [ app_init ] --END-- [ RunTime:0.000744s ]
ERR: 无法加载模块:Uploads

[ 2019-05-06T21:56:53+08:00 ] 188.131.249.35 /xcx/Uploads/2019-05-06/15571426395cd01c6f781ec.jpg过会就好v黄金回购哈哈哈沟沟壑壑回归方程头发分叉骨灰盒v陈学冬还好吧v腹股沟管股海护航回娘家呢你呢扭扭捏捏那你
INFO: [ app_init ] --START--
INFO: Run Behavior\BuildLiteBehavior [ RunTime:0.000062s ]
INFO: [ app_init ] --END-- [ RunTime:0.000737s ]
ERR: 无法加载模块:Uploads

[ 2019-05-06T21:57:03+08:00 ] 188.131.249.35 /xcx/Uploads/2019-05-06/15571391805cd00eed08273.jpg婆历
INFO: [ app_init ] --START--
INFO: Run Behavior\BuildLiteBehavior [ RunTime:0.000062s ]
INFO: [ app_init ] --END-- [ RunTime:0.000731s ]
ERR: 无法加载模块:Uploads

[ 2019-05-06T21:57:05+08:00 ] 188.131.249.35 /xcx/Uploads/2019-05-06/15571391805cd00eed08273.jpg婆历
INFO: [ app_init ] --START--
INFO: Run Behavior\BuildLiteBehavior [ RunTime:0.000087s ]
INFO: [ app_init ] --END-- [ RunTime:0.000563s ]
ERR: 无法加载模块:Uploads

[ 2019-05-06T21:57:06+08:00 ] 188.131.249.35 /xcx/Uploads/2019-05-06/15571426395cd01c6f835ba.jpg古古怪怪滚滚滚滚滚滚
INFO: [ app_init ] --START--
INFO: Run Behavior\BuildLiteBehavior [ RunTime:0.000041s ]
INFO: [ app_init ] --END-- [ RunTime:0.000592s ]
ERR: 无法加载模块:Uploads

[ 2019-05-06T21:57:06+08:00 ] 188.131.249.35 /xcx/Uploads/2019-05-06/15571426395cd01c6f781ec.jpg过会就好v黄金回购哈哈哈沟沟壑壑回归方程头发分叉骨灰盒v陈学冬还好吧v腹股沟管股海护航回娘家呢你呢扭扭捏捏那你
INFO: [ app_init ] --START--
INFO: Run Behavior\BuildLiteBehavior [ RunTime:0.000042s ]
INFO: [ app_init ] --END-- [ RunTime:0.000540s ]
ERR: 无法加载模块:Uploads

[ 2019-05-06T21:57:08+08:00 ] 188.131.249.35 /xcx/Uploads/2019-05-06/15571426395cd01c6f835ba.jpg古古怪怪滚滚滚滚滚滚
INFO: [ app_init ] --START--
INFO: Run Behavior\BuildLiteBehavior [ RunTime:0.000041s ]
INFO: [ app_init ] --END-- [ RunTime:0.000557s ]
ERR: 无法加载模块:Uploads

[ 2019-05-06T21:57:08+08:00 ] 188.131.249.35 /xcx/Uploads/2019-05-06/15571426395cd01c6f781ec.jpg过会就好v黄金回购哈哈哈沟沟壑壑回归方程头发分叉骨灰盒v陈学冬还好吧v腹股沟管股海护航回娘家呢你呢扭扭捏捏那你
INFO: [ app_init ] --START--
INFO: Run Behavior\BuildLiteBehavior [ RunTime:0.000042s ]
INFO: [ app_init ] --END-- [ RunTime:0.000563s ]
ERR: 无法加载模块:Uploads

[ 2019-05-06T21:57:33+08:00 ] 188.131.249.35 /xcx/Uploads/2019-05-06/15571391805cd00eed08273.jpg婆历
INFO: [ app_init ] --START--
INFO: Run Behavior\BuildLiteBehavior [ RunTime:0.000042s ]
INFO: [ app_init ] --END-- [ RunTime:0.000516s ]
ERR: 无法加载模块:Uploads

[ 2019-05-06T21:57:34+08:00 ] 188.131.249.35 /xcx/Uploads/2019-05-06/15571426395cd01c6f835ba.jpg古古怪怪滚滚滚滚滚滚
INFO: [ app_init ] --START--
INFO: Run Behavior\BuildLiteBehavior [ RunTime:0.000067s ]
INFO: [ app_init ] --END-- [ RunTime:0.000825s ]
ERR: 无法加载模块:Uploads

[ 2019-05-06T21:57:34+08:00 ] 188.131.249.35 /xcx/Uploads/2019-05-06/15571426395cd01c6f781ec.jpg过会就好v黄金回购哈哈哈沟沟壑壑回归方程头发分叉骨灰盒v陈学冬还好吧v腹股沟管股海护航回娘家呢你呢扭扭捏捏那你
INFO: [ app_init ] --START--
INFO: Run Behavior\BuildLiteBehavior [ RunTime:0.000062s ]
INFO: [ app_init ] --END-- [ RunTime:0.000852s ]
ERR: 无法加载模块:Uploads

[ 2019-05-06T21:57:42+08:00 ] 188.131.249.35 /xcx/Uploads/2019-05-06/15571391805cd00eed08273.jpg婆历
INFO: [ app_init ] --START--
INFO: Run Behavior\BuildLiteBehavior [ RunTime:0.000043s ]
INFO: [ app_init ] --END-- [ RunTime:0.000611s ]
ERR: 无法加载模块:Uploads

[ 2019-05-06T21:57:42+08:00 ] 188.131.249.35 /xcx/Uploads/2019-05-06/15571426395cd01c6f835ba.jpg古古怪怪滚滚滚滚滚滚
INFO: [ app_init ] --START--
INFO: Run Behavior\BuildLiteBehavior [ RunTime:0.000060s ]
INFO: [ app_init ] --END-- [ RunTime:0.000774s ]
ERR: 无法加载模块:Uploads

[ 2019-05-06T21:57:42+08:00 ] 188.131.249.35 /xcx/Uploads/2019-05-06/15571426395cd01c6f781ec.jpg过会就好v黄金回购哈哈哈沟沟壑壑回归方程头发分叉骨灰盒v陈学冬还好吧v腹股沟管股海护航回娘家呢你呢扭扭捏捏那你
INFO: [ app_init ] --START--
INFO: Run Behavior\BuildLiteBehavior [ RunTime:0.000060s ]
INFO: [ app_init ] --END-- [ RunTime:0.000718s ]
ERR: 无法加载模块:Uploads

[ 2019-05-06T22:06:53+08:00 ] 188.131.249.35 /xcx/Uploads/2019-05-06/15571391805cd00eed08273.jpg婆历
INFO: [ app_init ] --START--
INFO: Run Behavior\BuildLiteBehavior [ RunTime:0.000044s ]
INFO: [ app_init ] --END-- [ RunTime:0.000594s ]
ERR: 无法加载模块:Uploads

[ 2019-05-06T22:06:54+08:00 ] 188.131.249.35 /xcx/Uploads/2019-05-06/15571426395cd01c6f835ba.jpg古古怪怪滚滚滚滚滚滚
INFO: [ app_init ] --START--
INFO: Run Behavior\BuildLiteBehavior [ RunTime:0.000043s ]
INFO: [ app_init ] --END-- [ RunTime:0.000624s ]
ERR: 无法加载模块:Uploads

[ 2019-05-06T22:06:54+08:00 ] 188.131.249.35 /xcx/Uploads/2019-05-06/15571426395cd01c6f781ec.jpg过会就好v黄金回购哈哈哈沟沟壑壑回归方程头发分叉骨灰盒v陈学冬还好吧v腹股沟管股海护航回娘家呢你呢扭扭捏捏那你
INFO: [ app_init ] --START--
INFO: Run Behavior\BuildLiteBehavior [ RunTime:0.000062s ]
INFO: [ app_init ] --END-- [ RunTime:0.000718s ]
ERR: 无法加载模块:Uploads

[ 2019-05-06T22:07:00+08:00 ] 188.131.249.35 /xcx/Uploads/2019-05-06/15571391805cd00eed08273.jpg婆历
INFO: [ app_init ] --START--
INFO: Run Behavior\BuildLiteBehavior [ RunTime:0.000041s ]
INFO: [ app_init ] --END-- [ RunTime:0.000653s ]
ERR: 无法加载模块:Uploads

[ 2019-05-06T22:07:01+08:00 ] 188.131.249.35 /xcx/Uploads/2019-05-06/15571426395cd01c6f835ba.jpg古古怪怪滚滚滚滚滚滚
INFO: [ app_init ] --START--
INFO: Run Behavior\BuildLiteBehavior [ RunTime:0.000062s ]
INFO: [ app_init ] --END-- [ RunTime:0.000769s ]
ERR: 无法加载模块:Uploads

[ 2019-05-06T22:07:01+08:00 ] 188.131.249.35 /xcx/Uploads/2019-05-06/15571426395cd01c6f781ec.jpg过会就好v黄金回购哈哈哈沟沟壑壑回归方程头发分叉骨灰盒v陈学冬还好吧v腹股沟管股海护航回娘家呢你呢扭扭捏捏那你
INFO: [ app_init ] --START--
INFO: Run Behavior\BuildLiteBehavior [ RunTime:0.000064s ]
INFO: [ app_init ] --END-- [ RunTime:0.000810s ]
ERR: 无法加载模块:Uploads

[ 2019-05-06T22:08:52+08:00 ] 188.131.249.35 /xcx/Uploads/2019-05-06/15571391805cd00eed08273.jpg婆历
INFO: [ app_init ] --START--
INFO: Run Behavior\BuildLiteBehavior [ RunTime:0.000064s ]
INFO: [ app_init ] --END-- [ RunTime:0.000838s ]
ERR: 无法加载模块:Uploads

[ 2019-05-06T22:08:53+08:00 ] 188.131.249.35 /xcx/Uploads/2019-05-06/15571426395cd01c6f835ba.jpg古古怪怪滚滚滚滚滚滚
INFO: [ app_init ] --START--
INFO: Run Behavior\BuildLiteBehavior [ RunTime:0.000052s ]
INFO: [ app_init ] --END-- [ RunTime:0.000548s ]
ERR: 无法加载模块:Uploads

[ 2019-05-06T22:08:53+08:00 ] 188.131.249.35 /xcx/Uploads/2019-05-06/15571426395cd01c6f781ec.jpg过会就好v黄金回购哈哈哈沟沟壑壑回归方程头发分叉骨灰盒v陈学冬还好吧v腹股沟管股海护航回娘家呢你呢扭扭捏捏那你
INFO: [ app_init ] --START--
INFO: Run Behavior\BuildLiteBehavior [ RunTime:0.000062s ]
INFO: [ app_init ] --END-- [ RunTime:0.000707s ]
ERR: 无法加载模块:Uploads

[ 2019-05-06T22:09:22+08:00 ] 188.131.249.35 /xcx/Uploads/2019-05-06/15571391805cd00eed08273.jpg婆历
INFO: [ app_init ] --START--
INFO: Run Behavior\BuildLiteBehavior [ RunTime:0.000066s ]
INFO: [ app_init ] --END-- [ RunTime:0.000789s ]
ERR: 无法加载模块:Uploads

[ 2019-05-06T22:09:23+08:00 ] 188.131.249.35 /xcx/Uploads/2019-05-06/15571426395cd01c6f835ba.jpg古古怪怪滚滚滚滚滚滚
INFO: [ app_init ] --START--
INFO: Run Behavior\BuildLiteBehavior [ RunTime:0.000074s ]
INFO: [ app_init ] --END-- [ RunTime:0.000789s ]
ERR: 无法加载模块:Uploads

[ 2019-05-06T22:09:23+08:00 ] 188.131.249.35 /xcx/Uploads/2019-05-06/15571426395cd01c6f781ec.jpg过会就好v黄金回购哈哈哈沟沟壑壑回归方程头发分叉骨灰盒v陈学冬还好吧v腹股沟管股海护航回娘家呢你呢扭扭捏捏那你
INFO: [ app_init ] --START--
INFO: Run Behavior\BuildLiteBehavior [ RunTime:0.000052s ]
INFO: [ app_init ] --END-- [ RunTime:0.000695s ]
ERR: 无法加载模块:Uploads

[ 2019-05-06T22:17:41+08:00 ] 188.131.249.35 /xcx/Uploads/2019-05-06/15571391805cd00eed08273.jpg婆历
INFO: [ app_init ] --START--
INFO: Run Behavior\BuildLiteBehavior [ RunTime:0.000042s ]
INFO: [ app_init ] --END-- [ RunTime:0.000581s ]
ERR: 无法加载模块:Uploads

[ 2019-05-06T22:17:42+08:00 ] 188.131.249.35 /xcx/Uploads/2019-05-06/15571426395cd01c6f835ba.jpg古古怪怪滚滚滚滚滚滚
INFO: [ app_init ] --START--
INFO: Run Behavior\BuildLiteBehavior [ RunTime:0.000064s ]
INFO: [ app_init ] --END-- [ RunTime:0.000760s ]
ERR: 无法加载模块:Uploads

[ 2019-05-06T22:17:42+08:00 ] 188.131.249.35 /xcx/Uploads/2019-05-06/15571426395cd01c6f781ec.jpg过会就好v黄金回购哈哈哈沟沟壑壑回归方程头发分叉骨灰盒v陈学冬还好吧v腹股沟管股海护航回娘家呢你呢扭扭捏捏那你
INFO: [ app_init ] --START--
INFO: Run Behavior\BuildLiteBehavior [ RunTime:0.000063s ]
INFO: [ app_init ] --END-- [ RunTime:0.000836s ]
ERR: 无法加载模块:Uploads

[ 2019-05-06T22:21:25+08:00 ] 188.131.249.35 /xcx/Uploads/2019-05-06/15571391805cd00eed08273.jpg婆历
INFO: [ app_init ] --START--
INFO: Run Behavior\BuildLiteBehavior [ RunTime:0.000068s ]
INFO: [ app_init ] --END-- [ RunTime:0.000896s ]
ERR: 无法加载模块:Uploads

[ 2019-05-06T22:21:26+08:00 ] 188.131.249.35 /xcx/Uploads/2019-05-06/15571391805cd00eed08273.jpg婆历
INFO: [ app_init ] --START--
INFO: Run Behavior\BuildLiteBehavior [ RunTime:0.000044s ]
INFO: [ app_init ] --END-- [ RunTime:0.000714s ]
ERR: 无法加载模块:Uploads

[ 2019-05-06T22:21:27+08:00 ] 188.131.249.35 /xcx/Uploads/2019-05-06/15571426395cd01c6f835ba.jpg古古怪怪滚滚滚滚滚滚
INFO: [ app_init ] --START--
INFO: Run Behavior\BuildLiteBehavior [ RunTime:0.000065s ]
INFO: [ app_init ] --END-- [ RunTime:0.000781s ]
ERR: 无法加载模块:Uploads

[ 2019-05-06T22:21:27+08:00 ] 188.131.249.35 /xcx/Uploads/2019-05-06/15571426395cd01c6f835ba.jpg古古怪怪滚滚滚滚滚滚
INFO: [ app_init ] --START--
INFO: Run Behavior\BuildLiteBehavior [ RunTime:0.000044s ]
INFO: [ app_init ] --END-- [ RunTime:0.000610s ]
ERR: 无法加载模块:Uploads

[ 2019-05-06T22:21:27+08:00 ] 188.131.249.35 /xcx/Uploads/2019-05-06/15571426395cd01c6f781ec.jpg过会就好v黄金回购哈哈哈沟沟壑壑回归方程头发分叉骨灰盒v陈学冬还好吧v腹股沟管股海护航回娘家呢你呢扭扭捏捏那你
INFO: [ app_init ] --START--
INFO: Run Behavior\BuildLiteBehavior [ RunTime:0.000053s ]
INFO: [ app_init ] --END-- [ RunTime:0.000508s ]
ERR: 无法加载模块:Uploads

[ 2019-05-06T22:21:27+08:00 ] 188.131.249.35 /xcx/Uploads/2019-05-06/15571426395cd01c6f781ec.jpg过会就好v黄金回购哈哈哈沟沟壑壑回归方程头发分叉骨灰盒v陈学冬还好吧v腹股沟管股海护航回娘家呢你呢扭扭捏捏那你
INFO: [ app_init ] --START--
INFO: Run Behavior\BuildLiteBehavior [ RunTime:0.000065s ]
INFO: [ app_init ] --END-- [ RunTime:0.000821s ]
ERR: 无法加载模块:Uploads

[ 2019-05-06T22:23:00+08:00 ] 188.131.249.35 /xcx/Uploads/2019-05-06/15571391805cd00eed08273.jpg婆历
INFO: [ app_init ] --START--
INFO: Run Behavior\BuildLiteBehavior [ RunTime:0.000040s ]
INFO: [ app_init ] --END-- [ RunTime:0.000531s ]
ERR: 无法加载模块:Uploads

[ 2019-05-06T22:23:01+08:00 ] 188.131.249.35 /xcx/Uploads/2019-05-06/15571426395cd01c6f835ba.jpg古古怪怪滚滚滚滚滚滚
INFO: [ app_init ] --START--
INFO: Run Behavior\BuildLiteBehavior [ RunTime:0.000045s ]
INFO: [ app_init ] --END-- [ RunTime:0.000642s ]
ERR: 无法加载模块:Uploads

[ 2019-05-06T22:23:01+08:00 ] 188.131.249.35 /xcx/Uploads/2019-05-06/15571426395cd01c6f781ec.jpg过会就好v黄金回购哈哈哈沟沟壑壑回归方程头发分叉骨灰盒v陈学冬还好吧v腹股沟管股海护航回娘家呢你呢扭扭捏捏那你
INFO: [ app_init ] --START--
INFO: Run Behavior\BuildLiteBehavior [ RunTime:0.000048s ]
INFO: [ app_init ] --END-- [ RunTime:0.000710s ]
ERR: 无法加载模块:Uploads

