[ 2019-04-30T15:19:03+08:00 ] 122.206.190.96 /xcx/pdfs/dab357819fd23d909fb9508f1fa40317.pdfs
INFO: [ app_init ] --START--
INFO: Run Behavior\BuildLiteBehavior [ RunTime:0.000120s ]
INFO: [ app_init ] --END-- [ RunTime:0.000887s ]
ERR: 无法加载模块:Pdfs

[ 2019-04-30T17:28:23+08:00 ] 122.206.190.96 /xcx/pdfs/ddae3ab4e3e79ddd785fda48463643af.pdf
INFO: [ app_init ] --START--
INFO: Run Behavior\BuildLiteBehavior [ RunTime:0.000060s ]
INFO: [ app_init ] --END-- [ RunTime:0.000732s ]
ERR: 无法加载模块:Pdfs

[ 2019-04-30T17:28:35+08:00 ] 122.206.190.96 /xcx/pdfs/638f606ad2f585411c853b517f2f8a2a.pdf
INFO: [ app_init ] --START--
INFO: Run Behavior\BuildLiteBehavior [ RunTime:0.000128s ]
INFO: [ app_init ] --END-- [ RunTime:0.000795s ]
ERR: 无法加载模块:Pdfs

[ 2019-04-30T17:29:17+08:00 ] 61.158.152.138 /xcx/pdfs/638f606ad2f585411c853b517f2f8a2a.pdf
INFO: [ app_init ] --START--
INFO: Run Behavior\BuildLiteBehavior [ RunTime:0.000058s ]
INFO: [ app_init ] --END-- [ RunTime:0.000835s ]
ERR: 无法加载模块:Pdfs

