[ 2019-04-18T11:16:34+08:00 ] 222.22.66.250 /xcx/hone/index/updatetxt?x=&y=
INFO: [ app_init ] --START--
INFO: Run Behavior\BuildLiteBehavior [ RunTime:0.000066s ]
INFO: [ app_init ] --END-- [ RunTime:0.000815s ]
ERR: 无法加载模块:Hone

[ 2019-04-18T11:19:51+08:00 ] 222.22.66.250 /xcx/hone/index/updatetxt?x=&y=
INFO: [ app_init ] --START--
INFO: Run Behavior\BuildLiteBehavior [ RunTime:0.000057s ]
INFO: [ app_init ] --END-- [ RunTime:0.000755s ]
ERR: 无法加载模块:Hone

[ 2019-04-18T11:20:45+08:00 ] 222.22.66.250 /xcx/hone/index/updatetxt
INFO: [ app_init ] --START--
INFO: Run Behavior\BuildLiteBehavior [ RunTime:0.000065s ]
INFO: [ app_init ] --END-- [ RunTime:0.000796s ]
ERR: 无法加载模块:Hone

[ 2019-04-18T11:38:05+08:00 ] 188.131.249.35 /xcx/tiger.wmf
INFO: [ app_init ] --START--
INFO: Run Behavior\BuildLiteBehavior [ RunTime:0.000043s ]
INFO: [ app_init ] --END-- [ RunTime:0.000582s ]
ERR: 无法加载模块:Tiger

[ 2019-04-18T11:38:05+08:00 ] 188.131.249.35 /xcx/tiger.jpg
INFO: [ app_init ] --START--
INFO: Run Behavior\BuildLiteBehavior [ RunTime:0.000040s ]
INFO: [ app_init ] --END-- [ RunTime:0.000494s ]
ERR: 无法加载模块:Tiger

[ 2019-04-18T11:39:26+08:00 ] 188.131.249.35 /xcx/tiger.wmf
INFO: [ app_init ] --START--
INFO: Run Behavior\BuildLiteBehavior [ RunTime:0.000043s ]
INFO: [ app_init ] --END-- [ RunTime:0.001661s ]
ERR: 无法加载模块:Tiger

[ 2019-04-18T11:39:26+08:00 ] 188.131.249.35 /xcx/tiger.jpg
INFO: [ app_init ] --START--
INFO: Run Behavior\BuildLiteBehavior [ RunTime:0.000040s ]
INFO: [ app_init ] --END-- [ RunTime:0.000487s ]
ERR: 无法加载模块:Tiger

[ 2019-04-18T11:40:41+08:00 ] 188.131.249.35 /xcx/tiger.wmf
INFO: [ app_init ] --START--
INFO: Run Behavior\BuildLiteBehavior [ RunTime:0.000057s ]
INFO: [ app_init ] --END-- [ RunTime:0.001030s ]
ERR: 无法加载模块:Tiger

[ 2019-04-18T11:40:41+08:00 ] 188.131.249.35 /xcx/tiger.jpg
INFO: [ app_init ] --START--
INFO: Run Behavior\BuildLiteBehavior [ RunTime:0.000042s ]
INFO: [ app_init ] --END-- [ RunTime:0.000528s ]
ERR: 无法加载模块:Tiger

[ 2019-04-18T11:41:40+08:00 ] 188.131.249.35 /xcx/tiger.wmf
INFO: [ app_init ] --START--
INFO: Run Behavior\BuildLiteBehavior [ RunTime:0.000067s ]
INFO: [ app_init ] --END-- [ RunTime:0.000874s ]
ERR: 无法加载模块:Tiger

[ 2019-04-18T11:41:40+08:00 ] 188.131.249.35 /xcx/tiger.jpg
INFO: [ app_init ] --START--
INFO: Run Behavior\BuildLiteBehavior [ RunTime:0.000063s ]
INFO: [ app_init ] --END-- [ RunTime:0.000766s ]
ERR: 无法加载模块:Tiger

[ 2019-04-18T11:43:02+08:00 ] 188.131.249.35 /xcx/tiger.wmf
INFO: [ app_init ] --START--
INFO: Run Behavior\BuildLiteBehavior [ RunTime:0.000060s ]
INFO: [ app_init ] --END-- [ RunTime:0.000745s ]
ERR: 无法加载模块:Tiger

[ 2019-04-18T11:43:02+08:00 ] 188.131.249.35 /xcx/tiger.jpg
INFO: [ app_init ] --START--
INFO: Run Behavior\BuildLiteBehavior [ RunTime:0.000061s ]
INFO: [ app_init ] --END-- [ RunTime:0.000687s ]
ERR: 无法加载模块:Tiger

[ 2019-04-18T11:43:54+08:00 ] 188.131.249.35 /xcx/tiger.wmf
INFO: [ app_init ] --START--
INFO: Run Behavior\BuildLiteBehavior [ RunTime:0.000049s ]
INFO: [ app_init ] --END-- [ RunTime:0.000606s ]
ERR: 无法加载模块:Tiger

[ 2019-04-18T11:43:54+08:00 ] 188.131.249.35 /xcx/tiger.jpg
INFO: [ app_init ] --START--
INFO: Run Behavior\BuildLiteBehavior [ RunTime:0.000041s ]
INFO: [ app_init ] --END-- [ RunTime:0.000521s ]
ERR: 无法加载模块:Tiger

[ 2019-04-18T11:47:01+08:00 ] 188.131.249.35 /xcx/tiger.wmf
INFO: [ app_init ] --START--
INFO: Run Behavior\BuildLiteBehavior [ RunTime:0.000057s ]
INFO: [ app_init ] --END-- [ RunTime:0.001104s ]
ERR: 无法加载模块:Tiger

[ 2019-04-18T11:47:01+08:00 ] 188.131.249.35 /xcx/tiger.jpg
INFO: [ app_init ] --START--
INFO: Run Behavior\BuildLiteBehavior [ RunTime:0.000065s ]
INFO: [ app_init ] --END-- [ RunTime:0.000785s ]
ERR: 无法加载模块:Tiger

[ 2019-04-18T13:14:02+08:00 ] 188.131.249.35 /xcx/tiger.wmf
INFO: [ app_init ] --START--
INFO: Run Behavior\BuildLiteBehavior [ RunTime:0.000066s ]
INFO: [ app_init ] --END-- [ RunTime:0.000954s ]
ERR: 无法加载模块:Tiger

[ 2019-04-18T13:14:02+08:00 ] 188.131.249.35 /xcx/tiger.jpg
INFO: [ app_init ] --START--
INFO: Run Behavior\BuildLiteBehavior [ RunTime:0.000067s ]
INFO: [ app_init ] --END-- [ RunTime:0.000824s ]
ERR: 无法加载模块:Tiger

[ 2019-04-18T14:04:13+08:00 ] 188.131.249.35 /xcx/tiger.wmf
INFO: [ app_init ] --START--
INFO: Run Behavior\BuildLiteBehavior [ RunTime:0.000061s ]
INFO: [ app_init ] --END-- [ RunTime:0.000765s ]
ERR: 无法加载模块:Tiger

[ 2019-04-18T14:04:13+08:00 ] 188.131.249.35 /xcx/tiger.jpg
INFO: [ app_init ] --START--
INFO: Run Behavior\BuildLiteBehavior [ RunTime:0.000063s ]
INFO: [ app_init ] --END-- [ RunTime:0.000862s ]
ERR: 无法加载模块:Tiger

[ 2019-04-18T19:53:37+08:00 ] 188.131.249.35 /xcx/tiger.wmf
INFO: [ app_init ] --START--
INFO: Run Behavior\BuildLiteBehavior [ RunTime:0.000048s ]
INFO: [ app_init ] --END-- [ RunTime:0.000595s ]
ERR: 无法加载模块:Tiger

[ 2019-04-18T19:53:37+08:00 ] 188.131.249.35 /xcx/tiger.jpg
INFO: [ app_init ] --START--
INFO: Run Behavior\BuildLiteBehavior [ RunTime:0.000059s ]
INFO: [ app_init ] --END-- [ RunTime:0.000686s ]
ERR: 无法加载模块:Tiger

[ 2019-04-18T19:54:01+08:00 ] 188.131.249.35 /xcx/tiger.wmf
INFO: [ app_init ] --START--
INFO: Run Behavior\BuildLiteBehavior [ RunTime:0.000063s ]
INFO: [ app_init ] --END-- [ RunTime:0.000763s ]
ERR: 无法加载模块:Tiger

[ 2019-04-18T19:54:01+08:00 ] 188.131.249.35 /xcx/tiger.jpg
INFO: [ app_init ] --START--
INFO: Run Behavior\BuildLiteBehavior [ RunTime:0.000067s ]
INFO: [ app_init ] --END-- [ RunTime:0.001011s ]
ERR: 无法加载模块:Tiger

[ 2019-04-18T19:54:06+08:00 ] 188.131.249.35 /xcx/tiger.wmf
INFO: [ app_init ] --START--
INFO: Run Behavior\BuildLiteBehavior [ RunTime:0.000059s ]
INFO: [ app_init ] --END-- [ RunTime:0.000676s ]
ERR: 无法加载模块:Tiger

[ 2019-04-18T19:54:06+08:00 ] 188.131.249.35 /xcx/tiger.jpg
INFO: [ app_init ] --START--
INFO: Run Behavior\BuildLiteBehavior [ RunTime:0.000061s ]
INFO: [ app_init ] --END-- [ RunTime:0.000680s ]
ERR: 无法加载模块:Tiger

[ 2019-04-18T19:54:52+08:00 ] 188.131.249.35 /xcx/tiger.wmf
INFO: [ app_init ] --START--
INFO: Run Behavior\BuildLiteBehavior [ RunTime:0.000086s ]
INFO: [ app_init ] --END-- [ RunTime:0.000840s ]
ERR: 无法加载模块:Tiger

[ 2019-04-18T19:54:52+08:00 ] 188.131.249.35 /xcx/tiger.jpg
INFO: [ app_init ] --START--
INFO: Run Behavior\BuildLiteBehavior [ RunTime:0.000041s ]
INFO: [ app_init ] --END-- [ RunTime:0.000599s ]
ERR: 无法加载模块:Tiger

[ 2019-04-18T19:56:32+08:00 ] 188.131.249.35 /xcx/tiger.wmf
INFO: [ app_init ] --START--
INFO: Run Behavior\BuildLiteBehavior [ RunTime:0.000061s ]
INFO: [ app_init ] --END-- [ RunTime:0.000735s ]
ERR: 无法加载模块:Tiger

[ 2019-04-18T19:56:32+08:00 ] 188.131.249.35 /xcx/tiger.jpg
INFO: [ app_init ] --START--
INFO: Run Behavior\BuildLiteBehavior [ RunTime:0.000062s ]
INFO: [ app_init ] --END-- [ RunTime:0.000722s ]
ERR: 无法加载模块:Tiger

[ 2019-04-18T19:56:56+08:00 ] 188.131.249.35 /xcx/tiger.wmf
INFO: [ app_init ] --START--
INFO: Run Behavior\BuildLiteBehavior [ RunTime:0.000061s ]
INFO: [ app_init ] --END-- [ RunTime:0.000701s ]
ERR: 无法加载模块:Tiger

[ 2019-04-18T19:56:56+08:00 ] 188.131.249.35 /xcx/tiger.jpg
INFO: [ app_init ] --START--
INFO: Run Behavior\BuildLiteBehavior [ RunTime:0.000063s ]
INFO: [ app_init ] --END-- [ RunTime:0.000569s ]
ERR: 无法加载模块:Tiger

[ 2019-04-18T19:58:31+08:00 ] 188.131.249.35 /xcx/tiger.wmf
INFO: [ app_init ] --START--
INFO: Run Behavior\BuildLiteBehavior [ RunTime:0.000111s ]
INFO: [ app_init ] --END-- [ RunTime:0.000647s ]
ERR: 无法加载模块:Tiger

[ 2019-04-18T19:58:31+08:00 ] 188.131.249.35 /xcx/tiger.jpg
INFO: [ app_init ] --START--
INFO: Run Behavior\BuildLiteBehavior [ RunTime:0.000069s ]
INFO: [ app_init ] --END-- [ RunTime:0.000796s ]
ERR: 无法加载模块:Tiger

[ 2019-04-18T20:00:05+08:00 ] 188.131.249.35 /xcx/tiger.wmf
INFO: [ app_init ] --START--
INFO: Run Behavior\BuildLiteBehavior [ RunTime:0.000076s ]
INFO: [ app_init ] --END-- [ RunTime:0.001732s ]
ERR: 无法加载模块:Tiger

[ 2019-04-18T20:00:05+08:00 ] 188.131.249.35 /xcx/tiger.jpg
INFO: [ app_init ] --START--
INFO: Run Behavior\BuildLiteBehavior [ RunTime:0.000066s ]
INFO: [ app_init ] --END-- [ RunTime:0.000756s ]
ERR: 无法加载模块:Tiger

[ 2019-04-18T20:00:53+08:00 ] 188.131.249.35 /xcx/tiger.wmf
INFO: [ app_init ] --START--
INFO: Run Behavior\BuildLiteBehavior [ RunTime:0.000068s ]
INFO: [ app_init ] --END-- [ RunTime:0.000793s ]
ERR: 无法加载模块:Tiger

[ 2019-04-18T20:00:53+08:00 ] 188.131.249.35 /xcx/tiger.jpg
INFO: [ app_init ] --START--
INFO: Run Behavior\BuildLiteBehavior [ RunTime:0.000041s ]
INFO: [ app_init ] --END-- [ RunTime:0.000480s ]
ERR: 无法加载模块:Tiger

[ 2019-04-18T20:02:50+08:00 ] 188.131.249.35 /xcx/tiger.wmf
INFO: [ app_init ] --START--
INFO: Run Behavior\BuildLiteBehavior [ RunTime:0.000044s ]
INFO: [ app_init ] --END-- [ RunTime:0.000639s ]
ERR: 无法加载模块:Tiger

[ 2019-04-18T20:02:50+08:00 ] 188.131.249.35 /xcx/tiger.jpg
INFO: [ app_init ] --START--
INFO: Run Behavior\BuildLiteBehavior [ RunTime:0.000042s ]
INFO: [ app_init ] --END-- [ RunTime:0.000516s ]
ERR: 无法加载模块:Tiger

[ 2019-04-18T20:05:48+08:00 ] 188.131.249.35 /xcx/tiger.wmf
INFO: [ app_init ] --START--
INFO: Run Behavior\BuildLiteBehavior [ RunTime:0.000060s ]
INFO: [ app_init ] --END-- [ RunTime:0.000740s ]
ERR: 无法加载模块:Tiger

[ 2019-04-18T20:05:48+08:00 ] 188.131.249.35 /xcx/tiger.jpg
INFO: [ app_init ] --START--
INFO: Run Behavior\BuildLiteBehavior [ RunTime:0.000058s ]
INFO: [ app_init ] --END-- [ RunTime:0.000736s ]
ERR: 无法加载模块:Tiger

[ 2019-04-18T20:06:51+08:00 ] 188.131.249.35 /xcx/tiger.wmf
INFO: [ app_init ] --START--
INFO: Run Behavior\BuildLiteBehavior [ RunTime:0.000044s ]
INFO: [ app_init ] --END-- [ RunTime:0.000589s ]
ERR: 无法加载模块:Tiger

[ 2019-04-18T20:06:51+08:00 ] 188.131.249.35 /xcx/tiger.jpg
INFO: [ app_init ] --START--
INFO: Run Behavior\BuildLiteBehavior [ RunTime:0.000040s ]
INFO: [ app_init ] --END-- [ RunTime:0.000533s ]
ERR: 无法加载模块:Tiger

[ 2019-04-18T20:10:03+08:00 ] 188.131.249.35 /xcx/tiger.wmf
INFO: [ app_init ] --START--
INFO: Run Behavior\BuildLiteBehavior [ RunTime:0.000063s ]
INFO: [ app_init ] --END-- [ RunTime:0.000921s ]
ERR: 无法加载模块:Tiger

[ 2019-04-18T20:10:03+08:00 ] 188.131.249.35 /xcx/tiger.jpg
INFO: [ app_init ] --START--
INFO: Run Behavior\BuildLiteBehavior [ RunTime:0.000059s ]
INFO: [ app_init ] --END-- [ RunTime:0.000753s ]
ERR: 无法加载模块:Tiger

[ 2019-04-18T20:10:22+08:00 ] 188.131.249.35 /xcx/tiger.wmf
INFO: [ app_init ] --START--
INFO: Run Behavior\BuildLiteBehavior [ RunTime:0.000050s ]
INFO: [ app_init ] --END-- [ RunTime:0.000590s ]
ERR: 无法加载模块:Tiger

[ 2019-04-18T20:10:22+08:00 ] 188.131.249.35 /xcx/tiger.jpg
INFO: [ app_init ] --START--
INFO: Run Behavior\BuildLiteBehavior [ RunTime:0.000046s ]
INFO: [ app_init ] --END-- [ RunTime:0.000539s ]
ERR: 无法加载模块:Tiger

[ 2019-04-18T20:11:06+08:00 ] 188.131.249.35 /xcx/tiger.wmf
INFO: [ app_init ] --START--
INFO: Run Behavior\BuildLiteBehavior [ RunTime:0.000047s ]
INFO: [ app_init ] --END-- [ RunTime:0.000571s ]
ERR: 无法加载模块:Tiger

[ 2019-04-18T20:11:06+08:00 ] 188.131.249.35 /xcx/tiger.jpg
INFO: [ app_init ] --START--
INFO: Run Behavior\BuildLiteBehavior [ RunTime:0.000066s ]
INFO: [ app_init ] --END-- [ RunTime:0.000801s ]
ERR: 无法加载模块:Tiger

[ 2019-04-18T20:12:50+08:00 ] 188.131.249.35 /xcx/tiger.wmf
INFO: [ app_init ] --START--
INFO: Run Behavior\BuildLiteBehavior [ RunTime:0.000041s ]
INFO: [ app_init ] --END-- [ RunTime:0.000560s ]
ERR: 无法加载模块:Tiger

[ 2019-04-18T20:12:50+08:00 ] 188.131.249.35 /xcx/tiger.jpg
INFO: [ app_init ] --START--
INFO: Run Behavior\BuildLiteBehavior [ RunTime:0.000043s ]
INFO: [ app_init ] --END-- [ RunTime:0.000535s ]
ERR: 无法加载模块:Tiger

[ 2019-04-18T20:14:53+08:00 ] 188.131.249.35 /xcx/tiger.wmf
INFO: [ app_init ] --START--
INFO: Run Behavior\BuildLiteBehavior [ RunTime:0.000064s ]
INFO: [ app_init ] --END-- [ RunTime:0.000780s ]
ERR: 无法加载模块:Tiger

[ 2019-04-18T20:14:53+08:00 ] 188.131.249.35 /xcx/tiger.jpg
INFO: [ app_init ] --START--
INFO: Run Behavior\BuildLiteBehavior [ RunTime:0.000064s ]
INFO: [ app_init ] --END-- [ RunTime:0.000765s ]
ERR: 无法加载模块:Tiger

[ 2019-04-18T20:14:56+08:00 ] 188.131.249.35 /xcx/tiger.wmf
INFO: [ app_init ] --START--
INFO: Run Behavior\BuildLiteBehavior [ RunTime:0.000040s ]
INFO: [ app_init ] --END-- [ RunTime:0.000545s ]
ERR: 无法加载模块:Tiger

[ 2019-04-18T20:14:56+08:00 ] 188.131.249.35 /xcx/tiger.jpg
INFO: [ app_init ] --START--
INFO: Run Behavior\BuildLiteBehavior [ RunTime:0.000062s ]
INFO: [ app_init ] --END-- [ RunTime:0.000829s ]
ERR: 无法加载模块:Tiger

[ 2019-04-18T20:15:17+08:00 ] 188.131.249.35 /xcx/tiger.wmf
INFO: [ app_init ] --START--
INFO: Run Behavior\BuildLiteBehavior [ RunTime:0.000066s ]
INFO: [ app_init ] --END-- [ RunTime:0.000879s ]
ERR: 无法加载模块:Tiger

[ 2019-04-18T20:15:17+08:00 ] 188.131.249.35 /xcx/tiger.jpg
INFO: [ app_init ] --START--
INFO: Run Behavior\BuildLiteBehavior [ RunTime:0.000047s ]
INFO: [ app_init ] --END-- [ RunTime:0.000570s ]
ERR: 无法加载模块:Tiger

[ 2019-04-18T20:18:20+08:00 ] 188.131.249.35 /xcx/tiger.wmf
INFO: [ app_init ] --START--
INFO: Run Behavior\BuildLiteBehavior [ RunTime:0.000062s ]
INFO: [ app_init ] --END-- [ RunTime:0.000833s ]
ERR: 无法加载模块:Tiger

[ 2019-04-18T20:18:20+08:00 ] 188.131.249.35 /xcx/tiger.jpg
INFO: [ app_init ] --START--
INFO: Run Behavior\BuildLiteBehavior [ RunTime:0.000068s ]
INFO: [ app_init ] --END-- [ RunTime:0.000880s ]
ERR: 无法加载模块:Tiger

[ 2019-04-18T20:27:24+08:00 ] 188.131.249.35 /xcx/tiger.wmf
INFO: [ app_init ] --START--
INFO: Run Behavior\BuildLiteBehavior [ RunTime:0.000043s ]
INFO: [ app_init ] --END-- [ RunTime:0.000614s ]
ERR: 无法加载模块:Tiger

[ 2019-04-18T20:27:24+08:00 ] 188.131.249.35 /xcx/tiger.jpg
INFO: [ app_init ] --START--
INFO: Run Behavior\BuildLiteBehavior [ RunTime:0.000041s ]
INFO: [ app_init ] --END-- [ RunTime:0.000546s ]
ERR: 无法加载模块:Tiger

[ 2019-04-18T20:30:20+08:00 ] 188.131.249.35 /xcx/tiger.wmf
INFO: [ app_init ] --START--
INFO: Run Behavior\BuildLiteBehavior [ RunTime:0.000064s ]
INFO: [ app_init ] --END-- [ RunTime:0.000753s ]
ERR: 无法加载模块:Tiger

[ 2019-04-18T20:30:20+08:00 ] 188.131.249.35 /xcx/tiger.jpg
INFO: [ app_init ] --START--
INFO: Run Behavior\BuildLiteBehavior [ RunTime:0.000066s ]
INFO: [ app_init ] --END-- [ RunTime:0.000760s ]
ERR: 无法加载模块:Tiger

[ 2019-04-18T20:30:42+08:00 ] 188.131.249.35 /xcx/tiger.wmf
INFO: [ app_init ] --START--
INFO: Run Behavior\BuildLiteBehavior [ RunTime:0.000043s ]
INFO: [ app_init ] --END-- [ RunTime:0.000578s ]
ERR: 无法加载模块:Tiger

[ 2019-04-18T20:30:42+08:00 ] 188.131.249.35 /xcx/tiger.jpg
INFO: [ app_init ] --START--
INFO: Run Behavior\BuildLiteBehavior [ RunTime:0.000063s ]
INFO: [ app_init ] --END-- [ RunTime:0.000613s ]
ERR: 无法加载模块:Tiger

[ 2019-04-18T20:32:01+08:00 ] 188.131.249.35 /xcx/tiger.wmf
INFO: [ app_init ] --START--
INFO: Run Behavior\BuildLiteBehavior [ RunTime:0.000042s ]
INFO: [ app_init ] --END-- [ RunTime:0.000506s ]
ERR: 无法加载模块:Tiger

[ 2019-04-18T20:32:01+08:00 ] 188.131.249.35 /xcx/tiger.jpg
INFO: [ app_init ] --START--
INFO: Run Behavior\BuildLiteBehavior [ RunTime:0.000059s ]
INFO: [ app_init ] --END-- [ RunTime:0.000718s ]
ERR: 无法加载模块:Tiger

[ 2019-04-18T20:34:26+08:00 ] 188.131.249.35 /xcx/tiger.wmf
INFO: [ app_init ] --START--
INFO: Run Behavior\BuildLiteBehavior [ RunTime:0.000061s ]
INFO: [ app_init ] --END-- [ RunTime:0.000874s ]
ERR: 无法加载模块:Tiger

[ 2019-04-18T20:34:26+08:00 ] 188.131.249.35 /xcx/tiger.jpg
INFO: [ app_init ] --START--
INFO: Run Behavior\BuildLiteBehavior [ RunTime:0.000062s ]
INFO: [ app_init ] --END-- [ RunTime:0.000668s ]
ERR: 无法加载模块:Tiger

[ 2019-04-18T20:35:00+08:00 ] 188.131.249.35 /xcx/tiger.wmf
INFO: [ app_init ] --START--
INFO: Run Behavior\BuildLiteBehavior [ RunTime:0.000041s ]
INFO: [ app_init ] --END-- [ RunTime:0.000519s ]
ERR: 无法加载模块:Tiger

[ 2019-04-18T20:35:00+08:00 ] 188.131.249.35 /xcx/tiger.jpg
INFO: [ app_init ] --START--
INFO: Run Behavior\BuildLiteBehavior [ RunTime:0.000062s ]
INFO: [ app_init ] --END-- [ RunTime:0.000730s ]
ERR: 无法加载模块:Tiger

[ 2019-04-18T20:40:17+08:00 ] 122.206.190.96 /xcx/hone/index/updatetxt?x=&y=
INFO: [ app_init ] --START--
INFO: Run Behavior\BuildLiteBehavior [ RunTime:0.000042s ]
INFO: [ app_init ] --END-- [ RunTime:0.000645s ]
ERR: 无法加载模块:Hone

[ 2019-04-18T21:23:39+08:00 ] 188.131.249.35 /xcx/tiger.wmf
INFO: [ app_init ] --START--
INFO: Run Behavior\BuildLiteBehavior [ RunTime:0.000062s ]
INFO: [ app_init ] --END-- [ RunTime:0.000875s ]
ERR: 无法加载模块:Tiger

[ 2019-04-18T21:23:39+08:00 ] 188.131.249.35 /xcx/tiger.jpg
INFO: [ app_init ] --START--
INFO: Run Behavior\BuildLiteBehavior [ RunTime:0.000042s ]
INFO: [ app_init ] --END-- [ RunTime:0.000633s ]
ERR: 无法加载模块:Tiger

[ 2019-04-18T21:23:43+08:00 ] 188.131.249.35 /xcx/tiger.wmf
INFO: [ app_init ] --START--
INFO: Run Behavior\BuildLiteBehavior [ RunTime:0.000040s ]
INFO: [ app_init ] --END-- [ RunTime:0.000539s ]
ERR: 无法加载模块:Tiger

[ 2019-04-18T21:23:44+08:00 ] 188.131.249.35 /xcx/tiger.jpg
INFO: [ app_init ] --START--
INFO: Run Behavior\BuildLiteBehavior [ RunTime:0.000043s ]
INFO: [ app_init ] --END-- [ RunTime:0.000723s ]
ERR: 无法加载模块:Tiger

[ 2019-04-18T21:23:46+08:00 ] 188.131.249.35 /xcx/tiger.wmf
INFO: [ app_init ] --START--
INFO: Run Behavior\BuildLiteBehavior [ RunTime:0.000055s ]
INFO: [ app_init ] --END-- [ RunTime:0.000543s ]
ERR: 无法加载模块:Tiger

[ 2019-04-18T21:23:46+08:00 ] 188.131.249.35 /xcx/tiger.jpg
INFO: [ app_init ] --START--
INFO: Run Behavior\BuildLiteBehavior [ RunTime:0.000066s ]
INFO: [ app_init ] --END-- [ RunTime:0.000599s ]
ERR: 无法加载模块:Tiger

[ 2019-04-18T21:23:48+08:00 ] 188.131.249.35 /xcx/tiger.wmf
INFO: [ app_init ] --START--
INFO: Run Behavior\BuildLiteBehavior [ RunTime:0.000046s ]
INFO: [ app_init ] --END-- [ RunTime:0.000612s ]
ERR: 无法加载模块:Tiger

[ 2019-04-18T21:23:48+08:00 ] 188.131.249.35 /xcx/tiger.jpg
INFO: [ app_init ] --START--
INFO: Run Behavior\BuildLiteBehavior [ RunTime:0.000043s ]
INFO: [ app_init ] --END-- [ RunTime:0.000766s ]
ERR: 无法加载模块:Tiger

[ 2019-04-18T21:23:50+08:00 ] 188.131.249.35 /xcx/tiger.wmf
INFO: [ app_init ] --START--
INFO: Run Behavior\BuildLiteBehavior [ RunTime:0.000101s ]
INFO: [ app_init ] --END-- [ RunTime:0.000591s ]
ERR: 无法加载模块:Tiger

[ 2019-04-18T21:23:50+08:00 ] 188.131.249.35 /xcx/tiger.jpg
INFO: [ app_init ] --START--
INFO: Run Behavior\BuildLiteBehavior [ RunTime:0.000131s ]
INFO: [ app_init ] --END-- [ RunTime:0.001040s ]
ERR: 无法加载模块:Tiger

[ 2019-04-18T21:23:53+08:00 ] 188.131.249.35 /xcx/tiger.wmf
INFO: [ app_init ] --START--
INFO: Run Behavior\BuildLiteBehavior [ RunTime:0.000070s ]
INFO: [ app_init ] --END-- [ RunTime:0.000608s ]
ERR: 无法加载模块:Tiger

[ 2019-04-18T21:23:53+08:00 ] 188.131.249.35 /xcx/tiger.jpg
INFO: [ app_init ] --START--
INFO: Run Behavior\BuildLiteBehavior [ RunTime:0.000060s ]
INFO: [ app_init ] --END-- [ RunTime:0.000661s ]
ERR: 无法加载模块:Tiger

[ 2019-04-18T21:23:55+08:00 ] 188.131.249.35 /xcx/tiger.wmf
INFO: [ app_init ] --START--
INFO: Run Behavior\BuildLiteBehavior [ RunTime:0.000058s ]
INFO: [ app_init ] --END-- [ RunTime:0.000678s ]
ERR: 无法加载模块:Tiger

[ 2019-04-18T21:23:55+08:00 ] 188.131.249.35 /xcx/tiger.jpg
INFO: [ app_init ] --START--
INFO: Run Behavior\BuildLiteBehavior [ RunTime:0.000042s ]
INFO: [ app_init ] --END-- [ RunTime:0.000623s ]
ERR: 无法加载模块:Tiger

[ 2019-04-18T21:24:20+08:00 ] 188.131.249.35 /xcx/tiger.wmf
INFO: [ app_init ] --START--
INFO: Run Behavior\BuildLiteBehavior [ RunTime:0.000042s ]
INFO: [ app_init ] --END-- [ RunTime:0.000595s ]
ERR: 无法加载模块:Tiger

[ 2019-04-18T21:24:20+08:00 ] 188.131.249.35 /xcx/tiger.jpg
INFO: [ app_init ] --START--
INFO: Run Behavior\BuildLiteBehavior [ RunTime:0.000065s ]
INFO: [ app_init ] --END-- [ RunTime:0.000828s ]
ERR: 无法加载模块:Tiger

[ 2019-04-18T21:24:24+08:00 ] 188.131.249.35 /xcx/tiger.wmf
INFO: [ app_init ] --START--
INFO: Run Behavior\BuildLiteBehavior [ RunTime:0.000069s ]
INFO: [ app_init ] --END-- [ RunTime:0.000691s ]
ERR: 无法加载模块:Tiger

[ 2019-04-18T21:24:24+08:00 ] 188.131.249.35 /xcx/tiger.jpg
INFO: [ app_init ] --START--
INFO: Run Behavior\BuildLiteBehavior [ RunTime:0.000042s ]
INFO: [ app_init ] --END-- [ RunTime:0.000641s ]
ERR: 无法加载模块:Tiger

[ 2019-04-18T21:26:11+08:00 ] 188.131.249.35 /xcx/tiger.wmf
INFO: [ app_init ] --START--
INFO: Run Behavior\BuildLiteBehavior [ RunTime:0.000062s ]
INFO: [ app_init ] --END-- [ RunTime:0.000782s ]
ERR: 无法加载模块:Tiger

[ 2019-04-18T21:26:11+08:00 ] 188.131.249.35 /xcx/tiger.jpg
INFO: [ app_init ] --START--
INFO: Run Behavior\BuildLiteBehavior [ RunTime:0.000040s ]
INFO: [ app_init ] --END-- [ RunTime:0.000527s ]
ERR: 无法加载模块:Tiger

[ 2019-04-18T21:27:03+08:00 ] 188.131.249.35 /xcx/tiger.wmf
INFO: [ app_init ] --START--
INFO: Run Behavior\BuildLiteBehavior [ RunTime:0.000041s ]
INFO: [ app_init ] --END-- [ RunTime:0.000704s ]
ERR: 无法加载模块:Tiger

[ 2019-04-18T21:27:03+08:00 ] 188.131.249.35 /xcx/tiger.jpg
INFO: [ app_init ] --START--
INFO: Run Behavior\BuildLiteBehavior [ RunTime:0.000147s ]
INFO: [ app_init ] --END-- [ RunTime:0.000800s ]
ERR: 无法加载模块:Tiger

[ 2019-04-18T21:30:35+08:00 ] 122.206.190.96 /xcx/hone/index/updatetxt?x=&y=
INFO: [ app_init ] --START--
INFO: Run Behavior\BuildLiteBehavior [ RunTime:0.000043s ]
INFO: [ app_init ] --END-- [ RunTime:0.000627s ]
ERR: 无法加载模块:Hone

[ 2019-04-18T21:52:43+08:00 ] 122.206.190.96 /xcx/hone/index/updatetxt?x=&y=
INFO: [ app_init ] --START--
INFO: Run Behavior\BuildLiteBehavior [ RunTime:0.000067s ]
INFO: [ app_init ] --END-- [ RunTime:0.000857s ]
ERR: 无法加载模块:Hone

