[ 2019-05-07T17:26:29+08:00 ] 188.131.249.35 /xcx/Uploads/2019-05-06/15571391805cd00eed08273.jpg婆历
INFO: [ app_init ] --START--
INFO: Run Behavior\BuildLiteBehavior [ RunTime:0.000056s ]
INFO: [ app_init ] --END-- [ RunTime:0.000617s ]
ERR: 无法加载模块:Uploads

[ 2019-05-07T17:26:30+08:00 ] 188.131.249.35 /xcx/Uploads/2019-05-06/15571426395cd01c6f835ba.jpg古古怪怪滚滚滚滚滚滚
INFO: [ app_init ] --START--
INFO: Run Behavior\BuildLiteBehavior [ RunTime:0.000061s ]
INFO: [ app_init ] --END-- [ RunTime:0.000858s ]
ERR: 无法加载模块:Uploads

[ 2019-05-07T17:26:30+08:00 ] 188.131.249.35 /xcx/Uploads/2019-05-06/15571426395cd01c6f781ec.jpg过会就好v黄金回购哈哈哈沟沟壑壑回归方程头发分叉骨灰盒v陈学冬还好吧v腹股沟管股海护航回娘家呢你呢扭扭捏捏那你
INFO: [ app_init ] --START--
INFO: Run Behavior\BuildLiteBehavior [ RunTime:0.000056s ]
INFO: [ app_init ] --END-- [ RunTime:0.000784s ]
ERR: 无法加载模块:Uploads

[ 2019-05-07T17:27:18+08:00 ] 188.131.249.35 /xcx/Uploads/2019-05-06/15571391805cd00eed08273.jpg婆历
INFO: [ app_init ] --START--
INFO: Run Behavior\BuildLiteBehavior [ RunTime:0.000068s ]
INFO: [ app_init ] --END-- [ RunTime:0.000826s ]
ERR: 无法加载模块:Uploads

[ 2019-05-07T17:27:19+08:00 ] 188.131.249.35 /xcx/Uploads/2019-05-06/15571426395cd01c6f835ba.jpg古古怪怪滚滚滚滚滚滚
INFO: [ app_init ] --START--
INFO: Run Behavior\BuildLiteBehavior [ RunTime:0.000057s ]
INFO: [ app_init ] --END-- [ RunTime:0.000607s ]
ERR: 无法加载模块:Uploads

[ 2019-05-07T17:27:19+08:00 ] 188.131.249.35 /xcx/Uploads/2019-05-06/15571426395cd01c6f781ec.jpg过会就好v黄金回购哈哈哈沟沟壑壑回归方程头发分叉骨灰盒v陈学冬还好吧v腹股沟管股海护航回娘家呢你呢扭扭捏捏那你
INFO: [ app_init ] --START--
INFO: Run Behavior\BuildLiteBehavior [ RunTime:0.000070s ]
INFO: [ app_init ] --END-- [ RunTime:0.000911s ]
ERR: 无法加载模块:Uploads

[ 2019-05-07T17:27:57+08:00 ] 188.131.249.35 /xcx/Uploads/2019-05-06/15571391805cd00eed08273.jpg婆历
INFO: [ app_init ] --START--
INFO: Run Behavior\BuildLiteBehavior [ RunTime:0.000053s ]
INFO: [ app_init ] --END-- [ RunTime:0.000615s ]
ERR: 无法加载模块:Uploads

[ 2019-05-07T17:27:58+08:00 ] 188.131.249.35 /xcx/Uploads/2019-05-06/15571426395cd01c6f835ba.jpg古古怪怪滚滚滚滚滚滚
INFO: [ app_init ] --START--
INFO: Run Behavior\BuildLiteBehavior [ RunTime:0.000056s ]
INFO: [ app_init ] --END-- [ RunTime:0.000630s ]
ERR: 无法加载模块:Uploads

[ 2019-05-07T17:27:58+08:00 ] 188.131.249.35 /xcx/Uploads/2019-05-06/15571426395cd01c6f781ec.jpg过会就好v黄金回购哈哈哈沟沟壑壑回归方程头发分叉骨灰盒v陈学冬还好吧v腹股沟管股海护航回娘家呢你呢扭扭捏捏那你
INFO: [ app_init ] --START--
INFO: Run Behavior\BuildLiteBehavior [ RunTime:0.000042s ]
INFO: [ app_init ] --END-- [ RunTime:0.000647s ]
ERR: 无法加载模块:Uploads

[ 2019-05-07T17:38:53+08:00 ] 188.131.249.35 /xcx/Uploads/2019-05-06/15571391805cd00eed08273.jpg婆历
INFO: [ app_init ] --START--
INFO: Run Behavior\BuildLiteBehavior [ RunTime:0.000063s ]
INFO: [ app_init ] --END-- [ RunTime:0.000765s ]
ERR: 无法加载模块:Uploads

[ 2019-05-07T17:38:54+08:00 ] 188.131.249.35 /xcx/Uploads/2019-05-06/15571426395cd01c6f835ba.jpg古古怪怪滚滚滚滚滚滚
INFO: [ app_init ] --START--
INFO: Run Behavior\BuildLiteBehavior [ RunTime:0.000042s ]
INFO: [ app_init ] --END-- [ RunTime:0.000583s ]
ERR: 无法加载模块:Uploads

[ 2019-05-07T17:38:54+08:00 ] 188.131.249.35 /xcx/Uploads/2019-05-06/15571426395cd01c6f781ec.jpg过会就好v黄金回购哈哈哈沟沟壑壑回归方程头发分叉骨灰盒v陈学冬还好吧v腹股沟管股海护航回娘家呢你呢扭扭捏捏那你
INFO: [ app_init ] --START--
INFO: Run Behavior\BuildLiteBehavior [ RunTime:0.000072s ]
INFO: [ app_init ] --END-- [ RunTime:0.000556s ]
ERR: 无法加载模块:Uploads

[ 2019-05-07T17:40:41+08:00 ] 188.131.249.35 /xcx/Uploads/2019-05-06/15571391805cd00eed08273.jpg婆历
INFO: [ app_init ] --START--
INFO: Run Behavior\BuildLiteBehavior [ RunTime:0.000066s ]
INFO: [ app_init ] --END-- [ RunTime:0.000822s ]
ERR: 无法加载模块:Uploads

[ 2019-05-07T17:40:42+08:00 ] 188.131.249.35 /xcx/Uploads/2019-05-06/15571426395cd01c6f835ba.jpg古古怪怪滚滚滚滚滚滚
INFO: [ app_init ] --START--
INFO: Run Behavior\BuildLiteBehavior [ RunTime:0.000062s ]
INFO: [ app_init ] --END-- [ RunTime:0.000763s ]
ERR: 无法加载模块:Uploads

[ 2019-05-07T17:40:42+08:00 ] 188.131.249.35 /xcx/Uploads/2019-05-06/15571426395cd01c6f781ec.jpg过会就好v黄金回购哈哈哈沟沟壑壑回归方程头发分叉骨灰盒v陈学冬还好吧v腹股沟管股海护航回娘家呢你呢扭扭捏捏那你
INFO: [ app_init ] --START--
INFO: Run Behavior\BuildLiteBehavior [ RunTime:0.000041s ]
INFO: [ app_init ] --END-- [ RunTime:0.000599s ]
ERR: 无法加载模块:Uploads

[ 2019-05-07T17:41:27+08:00 ] 188.131.249.35 /xcx/Uploads/2019-05-06/15571391805cd00eed08273.jpg婆历
INFO: [ app_init ] --START--
INFO: Run Behavior\BuildLiteBehavior [ RunTime:0.000047s ]
INFO: [ app_init ] --END-- [ RunTime:0.000696s ]
ERR: 无法加载模块:Uploads

[ 2019-05-07T17:41:27+08:00 ] 188.131.249.35 /xcx/Uploads/2019-05-06/15571426395cd01c6f835ba.jpg古古怪怪滚滚滚滚滚滚
INFO: [ app_init ] --START--
INFO: Run Behavior\BuildLiteBehavior [ RunTime:0.000103s ]
INFO: [ app_init ] --END-- [ RunTime:0.000599s ]
ERR: 无法加载模块:Uploads

[ 2019-05-07T17:41:27+08:00 ] 188.131.249.35 /xcx/Uploads/2019-05-06/15571426395cd01c6f781ec.jpg过会就好v黄金回购哈哈哈沟沟壑壑回归方程头发分叉骨灰盒v陈学冬还好吧v腹股沟管股海护航回娘家呢你呢扭扭捏捏那你
INFO: [ app_init ] --START--
INFO: Run Behavior\BuildLiteBehavior [ RunTime:0.000042s ]
INFO: [ app_init ] --END-- [ RunTime:0.000535s ]
ERR: 无法加载模块:Uploads

[ 2019-05-07T17:41:56+08:00 ] 188.131.249.35 /xcx/Uploads/2019-05-06/15571391805cd00eed08273.jpg婆历
INFO: [ app_init ] --START--
INFO: Run Behavior\BuildLiteBehavior [ RunTime:0.000066s ]
INFO: [ app_init ] --END-- [ RunTime:0.000895s ]
ERR: 无法加载模块:Uploads

[ 2019-05-07T17:41:56+08:00 ] 188.131.249.35 /xcx/Uploads/2019-05-06/15571426395cd01c6f835ba.jpg古古怪怪滚滚滚滚滚滚
INFO: [ app_init ] --START--
INFO: Run Behavior\BuildLiteBehavior [ RunTime:0.000063s ]
INFO: [ app_init ] --END-- [ RunTime:0.000788s ]
ERR: 无法加载模块:Uploads

[ 2019-05-07T17:41:56+08:00 ] 188.131.249.35 /xcx/Uploads/2019-05-06/15571426395cd01c6f781ec.jpg过会就好v黄金回购哈哈哈沟沟壑壑回归方程头发分叉骨灰盒v陈学冬还好吧v腹股沟管股海护航回娘家呢你呢扭扭捏捏那你
INFO: [ app_init ] --START--
INFO: Run Behavior\BuildLiteBehavior [ RunTime:0.000063s ]
INFO: [ app_init ] --END-- [ RunTime:0.000826s ]
ERR: 无法加载模块:Uploads

[ 2019-05-07T17:42:32+08:00 ] 188.131.249.35 /xcx/Uploads/2019-05-06/15571391805cd00eed08273.jpg婆历
INFO: [ app_init ] --START--
INFO: Run Behavior\BuildLiteBehavior [ RunTime:0.000068s ]
INFO: [ app_init ] --END-- [ RunTime:0.000756s ]
ERR: 无法加载模块:Uploads

[ 2019-05-07T17:42:32+08:00 ] 188.131.249.35 /xcx/Uploads/2019-05-06/15571426395cd01c6f835ba.jpg古古怪怪滚滚滚滚滚滚
INFO: [ app_init ] --START--
INFO: Run Behavior\BuildLiteBehavior [ RunTime:0.000041s ]
INFO: [ app_init ] --END-- [ RunTime:0.000601s ]
ERR: 无法加载模块:Uploads

[ 2019-05-07T17:42:32+08:00 ] 188.131.249.35 /xcx/Uploads/2019-05-06/15571426395cd01c6f781ec.jpg过会就好v黄金回购哈哈哈沟沟壑壑回归方程头发分叉骨灰盒v陈学冬还好吧v腹股沟管股海护航回娘家呢你呢扭扭捏捏那你
INFO: [ app_init ] --START--
INFO: Run Behavior\BuildLiteBehavior [ RunTime:0.000073s ]
INFO: [ app_init ] --END-- [ RunTime:0.000973s ]
ERR: 无法加载模块:Uploads

[ 2019-05-07T17:47:23+08:00 ] 188.131.249.35 /xcx/Uploads/2019-05-06/15571391805cd00eed08273.jpg婆历
INFO: [ app_init ] --START--
INFO: Run Behavior\BuildLiteBehavior [ RunTime:0.000042s ]
INFO: [ app_init ] --END-- [ RunTime:0.000663s ]
ERR: 无法加载模块:Uploads

[ 2019-05-07T17:47:24+08:00 ] 188.131.249.35 /xcx/Uploads/2019-05-06/15571426395cd01c6f835ba.jpg古古怪怪滚滚滚滚滚滚
INFO: [ app_init ] --START--
INFO: Run Behavior\BuildLiteBehavior [ RunTime:0.000042s ]
INFO: [ app_init ] --END-- [ RunTime:0.000602s ]
ERR: 无法加载模块:Uploads

[ 2019-05-07T17:47:24+08:00 ] 188.131.249.35 /xcx/Uploads/2019-05-06/15571426395cd01c6f781ec.jpg过会就好v黄金回购哈哈哈沟沟壑壑回归方程头发分叉骨灰盒v陈学冬还好吧v腹股沟管股海护航回娘家呢你呢扭扭捏捏那你
INFO: [ app_init ] --START--
INFO: Run Behavior\BuildLiteBehavior [ RunTime:0.000040s ]
INFO: [ app_init ] --END-- [ RunTime:0.000517s ]
ERR: 无法加载模块:Uploads

[ 2019-05-07T17:52:20+08:00 ] 188.131.249.35 /xcx/Uploads/2019-05-06/15571391805cd00eed08273.jpg婆历
INFO: [ app_init ] --START--
INFO: Run Behavior\BuildLiteBehavior [ RunTime:0.000084s ]
INFO: [ app_init ] --END-- [ RunTime:0.000811s ]
ERR: 无法加载模块:Uploads

[ 2019-05-07T17:52:21+08:00 ] 188.131.249.35 /xcx/Uploads/2019-05-06/15571426395cd01c6f835ba.jpg古古怪怪滚滚滚滚滚滚
INFO: [ app_init ] --START--
INFO: Run Behavior\BuildLiteBehavior [ RunTime:0.000072s ]
INFO: [ app_init ] --END-- [ RunTime:0.000955s ]
ERR: 无法加载模块:Uploads

[ 2019-05-07T17:52:21+08:00 ] 188.131.249.35 /xcx/Uploads/2019-05-06/15571426395cd01c6f781ec.jpg过会就好v黄金回购哈哈哈沟沟壑壑回归方程头发分叉骨灰盒v陈学冬还好吧v腹股沟管股海护航回娘家呢你呢扭扭捏捏那你
INFO: [ app_init ] --START--
INFO: Run Behavior\BuildLiteBehavior [ RunTime:0.000059s ]
INFO: [ app_init ] --END-- [ RunTime:0.000790s ]
ERR: 无法加载模块:Uploads

[ 2019-05-07T17:54:20+08:00 ] 188.131.249.35 /xcx/Uploads/2019-05-06/15571391805cd00eed08273.jpg婆历
INFO: [ app_init ] --START--
INFO: Run Behavior\BuildLiteBehavior [ RunTime:0.000041s ]
INFO: [ app_init ] --END-- [ RunTime:0.000513s ]
ERR: 无法加载模块:Uploads

[ 2019-05-07T17:54:21+08:00 ] 188.131.249.35 /xcx/Uploads/2019-05-06/15571426395cd01c6f835ba.jpg古古怪怪滚滚滚滚滚滚
INFO: [ app_init ] --START--
INFO: Run Behavior\BuildLiteBehavior [ RunTime:0.000200s ]
INFO: [ app_init ] --END-- [ RunTime:0.000987s ]
ERR: 无法加载模块:Uploads

[ 2019-05-07T17:54:21+08:00 ] 188.131.249.35 /xcx/Uploads/2019-05-06/15571426395cd01c6f781ec.jpg过会就好v黄金回购哈哈哈沟沟壑壑回归方程头发分叉骨灰盒v陈学冬还好吧v腹股沟管股海护航回娘家呢你呢扭扭捏捏那你
INFO: [ app_init ] --START--
INFO: Run Behavior\BuildLiteBehavior [ RunTime:0.000062s ]
INFO: [ app_init ] --END-- [ RunTime:0.000781s ]
ERR: 无法加载模块:Uploads

[ 2019-05-07T17:54:48+08:00 ] 188.131.249.35 /xcx/Uploads/2019-05-06/15571391805cd00eed08273.jpg婆历
INFO: [ app_init ] --START--
INFO: Run Behavior\BuildLiteBehavior [ RunTime:0.000061s ]
INFO: [ app_init ] --END-- [ RunTime:0.000723s ]
ERR: 无法加载模块:Uploads

[ 2019-05-07T17:54:49+08:00 ] 188.131.249.35 /xcx/Uploads/2019-05-06/15571426395cd01c6f835ba.jpg古古怪怪滚滚滚滚滚滚
INFO: [ app_init ] --START--
INFO: Run Behavior\BuildLiteBehavior [ RunTime:0.000062s ]
INFO: [ app_init ] --END-- [ RunTime:0.000927s ]
ERR: 无法加载模块:Uploads

[ 2019-05-07T17:54:49+08:00 ] 188.131.249.35 /xcx/Uploads/2019-05-06/15571426395cd01c6f781ec.jpg过会就好v黄金回购哈哈哈沟沟壑壑回归方程头发分叉骨灰盒v陈学冬还好吧v腹股沟管股海护航回娘家呢你呢扭扭捏捏那你
INFO: [ app_init ] --START--
INFO: Run Behavior\BuildLiteBehavior [ RunTime:0.000066s ]
INFO: [ app_init ] --END-- [ RunTime:0.000815s ]
ERR: 无法加载模块:Uploads

[ 2019-05-07T17:58:11+08:00 ] 188.131.249.35 /xcx/Uploads/2019-05-06/15571391805cd00eed08273.jpg婆历
INFO: [ app_init ] --START--
INFO: Run Behavior\BuildLiteBehavior [ RunTime:0.000058s ]
INFO: [ app_init ] --END-- [ RunTime:0.000740s ]
ERR: 无法加载模块:Uploads

[ 2019-05-07T17:58:12+08:00 ] 188.131.249.35 /xcx/Uploads/2019-05-06/15571426395cd01c6f835ba.jpg古古怪怪滚滚滚滚滚滚
INFO: [ app_init ] --START--
INFO: Run Behavior\BuildLiteBehavior [ RunTime:0.000065s ]
INFO: [ app_init ] --END-- [ RunTime:0.000667s ]
ERR: 无法加载模块:Uploads

[ 2019-05-07T17:58:12+08:00 ] 188.131.249.35 /xcx/Uploads/2019-05-06/15571426395cd01c6f781ec.jpg过会就好v黄金回购哈哈哈沟沟壑壑回归方程头发分叉骨灰盒v陈学冬还好吧v腹股沟管股海护航回娘家呢你呢扭扭捏捏那你
INFO: [ app_init ] --START--
INFO: Run Behavior\BuildLiteBehavior [ RunTime:0.000068s ]
INFO: [ app_init ] --END-- [ RunTime:0.000785s ]
ERR: 无法加载模块:Uploads

[ 2019-05-07T18:01:39+08:00 ] 188.131.249.35 /xcx/Uploads/2019-05-06/15571391805cd00eed08273.jpg婆历
INFO: [ app_init ] --START--
INFO: Run Behavior\BuildLiteBehavior [ RunTime:0.000041s ]
INFO: [ app_init ] --END-- [ RunTime:0.000518s ]
ERR: 无法加载模块:Uploads

[ 2019-05-07T18:01:40+08:00 ] 188.131.249.35 /xcx/Uploads/2019-05-06/15571426395cd01c6f835ba.jpg古古怪怪滚滚滚滚滚滚
INFO: [ app_init ] --START--
INFO: Run Behavior\BuildLiteBehavior [ RunTime:0.000065s ]
INFO: [ app_init ] --END-- [ RunTime:0.000819s ]
ERR: 无法加载模块:Uploads

[ 2019-05-07T18:01:40+08:00 ] 188.131.249.35 /xcx/Uploads/2019-05-06/15571426395cd01c6f781ec.jpg过会就好v黄金回购哈哈哈沟沟壑壑回归方程头发分叉骨灰盒v陈学冬还好吧v腹股沟管股海护航回娘家呢你呢扭扭捏捏那你
INFO: [ app_init ] --START--
INFO: Run Behavior\BuildLiteBehavior [ RunTime:0.000061s ]
INFO: [ app_init ] --END-- [ RunTime:0.000820s ]
ERR: 无法加载模块:Uploads

[ 2019-05-07T18:02:30+08:00 ] 188.131.249.35 /xcx/Uploads/2019-05-06/15571391805cd00eed08273.jpg婆历
INFO: [ app_init ] --START--
INFO: Run Behavior\BuildLiteBehavior [ RunTime:0.000062s ]
INFO: [ app_init ] --END-- [ RunTime:0.000740s ]
ERR: 无法加载模块:Uploads

[ 2019-05-07T18:02:31+08:00 ] 188.131.249.35 /xcx/Uploads/2019-05-06/15571426395cd01c6f835ba.jpg古古怪怪滚滚滚滚滚滚
INFO: [ app_init ] --START--
INFO: Run Behavior\BuildLiteBehavior [ RunTime:0.000055s ]
INFO: [ app_init ] --END-- [ RunTime:0.000704s ]
ERR: 无法加载模块:Uploads

[ 2019-05-07T18:02:31+08:00 ] 188.131.249.35 /xcx/Uploads/2019-05-06/15571426395cd01c6f781ec.jpg过会就好v黄金回购哈哈哈沟沟壑壑回归方程头发分叉骨灰盒v陈学冬还好吧v腹股沟管股海护航回娘家呢你呢扭扭捏捏那你
INFO: [ app_init ] --START--
INFO: Run Behavior\BuildLiteBehavior [ RunTime:0.000062s ]
INFO: [ app_init ] --END-- [ RunTime:0.000855s ]
ERR: 无法加载模块:Uploads

[ 2019-05-07T18:04:04+08:00 ] 188.131.249.35 /xcx/Uploads/2019-05-06/15571391805cd00eed08273.jpg婆历
INFO: [ app_init ] --START--
INFO: Run Behavior\BuildLiteBehavior [ RunTime:0.000042s ]
INFO: [ app_init ] --END-- [ RunTime:0.000510s ]
ERR: 无法加载模块:Uploads

[ 2019-05-07T18:04:05+08:00 ] 188.131.249.35 /xcx/Uploads/2019-05-06/15571426395cd01c6f835ba.jpg古古怪怪滚滚滚滚滚滚
INFO: [ app_init ] --START--
INFO: Run Behavior\BuildLiteBehavior [ RunTime:0.000041s ]
INFO: [ app_init ] --END-- [ RunTime:0.000507s ]
ERR: 无法加载模块:Uploads

[ 2019-05-07T18:04:05+08:00 ] 188.131.249.35 /xcx/Uploads/2019-05-06/15571426395cd01c6f781ec.jpg过会就好v黄金回购哈哈哈沟沟壑壑回归方程头发分叉骨灰盒v陈学冬还好吧v腹股沟管股海护航回娘家呢你呢扭扭捏捏那你
INFO: [ app_init ] --START--
INFO: Run Behavior\BuildLiteBehavior [ RunTime:0.000068s ]
INFO: [ app_init ] --END-- [ RunTime:0.000781s ]
ERR: 无法加载模块:Uploads

[ 2019-05-07T18:04:13+08:00 ] 188.131.249.35 /xcx/Uploads/2019-05-06/15571391805cd00eed08273.jpg婆历
INFO: [ app_init ] --START--
INFO: Run Behavior\BuildLiteBehavior [ RunTime:0.000064s ]
INFO: [ app_init ] --END-- [ RunTime:0.000802s ]
ERR: 无法加载模块:Uploads

[ 2019-05-07T18:04:14+08:00 ] 188.131.249.35 /xcx/Uploads/2019-05-06/15571426395cd01c6f835ba.jpg古古怪怪滚滚滚滚滚滚
INFO: [ app_init ] --START--
INFO: Run Behavior\BuildLiteBehavior [ RunTime:0.000063s ]
INFO: [ app_init ] --END-- [ RunTime:0.000709s ]
ERR: 无法加载模块:Uploads

[ 2019-05-07T18:04:14+08:00 ] 188.131.249.35 /xcx/Uploads/2019-05-06/15571426395cd01c6f781ec.jpg过会就好v黄金回购哈哈哈沟沟壑壑回归方程头发分叉骨灰盒v陈学冬还好吧v腹股沟管股海护航回娘家呢你呢扭扭捏捏那你
INFO: [ app_init ] --START--
INFO: Run Behavior\BuildLiteBehavior [ RunTime:0.000060s ]
INFO: [ app_init ] --END-- [ RunTime:0.000745s ]
ERR: 无法加载模块:Uploads

[ 2019-05-07T18:05:17+08:00 ] 188.131.249.35 /xcx/Uploads/2019-05-06/15571391805cd00eed08273.jpg婆历
INFO: [ app_init ] --START--
INFO: Run Behavior\BuildLiteBehavior [ RunTime:0.000124s ]
INFO: [ app_init ] --END-- [ RunTime:0.000805s ]
ERR: 无法加载模块:Uploads

[ 2019-05-07T18:05:17+08:00 ] 188.131.249.35 /xcx/Uploads/2019-05-06/15571426395cd01c6f835ba.jpg古古怪怪滚滚滚滚滚滚
INFO: [ app_init ] --START--
INFO: Run Behavior\BuildLiteBehavior [ RunTime:0.000061s ]
INFO: [ app_init ] --END-- [ RunTime:0.000587s ]
ERR: 无法加载模块:Uploads

[ 2019-05-07T18:05:17+08:00 ] 188.131.249.35 /xcx/Uploads/2019-05-06/15571426395cd01c6f781ec.jpg过会就好v黄金回购哈哈哈沟沟壑壑回归方程头发分叉骨灰盒v陈学冬还好吧v腹股沟管股海护航回娘家呢你呢扭扭捏捏那你
INFO: [ app_init ] --START--
INFO: Run Behavior\BuildLiteBehavior [ RunTime:0.000112s ]
INFO: [ app_init ] --END-- [ RunTime:0.001724s ]
ERR: 无法加载模块:Uploads

[ 2019-05-07T18:12:42+08:00 ] 188.131.249.35 /xcx/Uploads/2019-05-06/15571391805cd00eed08273.jpg婆历
INFO: [ app_init ] --START--
INFO: Run Behavior\BuildLiteBehavior [ RunTime:0.000041s ]
INFO: [ app_init ] --END-- [ RunTime:0.000570s ]
ERR: 无法加载模块:Uploads

[ 2019-05-07T18:12:43+08:00 ] 188.131.249.35 /xcx/Uploads/2019-05-06/15571426395cd01c6f835ba.jpg古古怪怪滚滚滚滚滚滚
INFO: [ app_init ] --START--
INFO: Run Behavior\BuildLiteBehavior [ RunTime:0.000053s ]
INFO: [ app_init ] --END-- [ RunTime:0.000583s ]
ERR: 无法加载模块:Uploads

[ 2019-05-07T18:12:43+08:00 ] 188.131.249.35 /xcx/Uploads/2019-05-06/15571426395cd01c6f781ec.jpg过会就好v黄金回购哈哈哈沟沟壑壑回归方程头发分叉骨灰盒v陈学冬还好吧v腹股沟管股海护航回娘家呢你呢扭扭捏捏那你
INFO: [ app_init ] --START--
INFO: Run Behavior\BuildLiteBehavior [ RunTime:0.000058s ]
INFO: [ app_init ] --END-- [ RunTime:0.000634s ]
ERR: 无法加载模块:Uploads

[ 2019-05-07T18:15:16+08:00 ] 188.131.249.35 /xcx/Uploads/2019-05-06/15571391805cd00eed08273.jpg婆历
INFO: [ app_init ] --START--
INFO: Run Behavior\BuildLiteBehavior [ RunTime:0.000059s ]
INFO: [ app_init ] --END-- [ RunTime:0.000643s ]
ERR: 无法加载模块:Uploads

[ 2019-05-07T18:15:17+08:00 ] 188.131.249.35 /xcx/Uploads/2019-05-06/15571426395cd01c6f835ba.jpg古古怪怪滚滚滚滚滚滚
INFO: [ app_init ] --START--
INFO: Run Behavior\BuildLiteBehavior [ RunTime:0.000068s ]
INFO: [ app_init ] --END-- [ RunTime:0.000852s ]
ERR: 无法加载模块:Uploads

[ 2019-05-07T18:15:17+08:00 ] 188.131.249.35 /xcx/Uploads/2019-05-06/15571426395cd01c6f781ec.jpg过会就好v黄金回购哈哈哈沟沟壑壑回归方程头发分叉骨灰盒v陈学冬还好吧v腹股沟管股海护航回娘家呢你呢扭扭捏捏那你
INFO: [ app_init ] --START--
INFO: Run Behavior\BuildLiteBehavior [ RunTime:0.000061s ]
INFO: [ app_init ] --END-- [ RunTime:0.000708s ]
ERR: 无法加载模块:Uploads

[ 2019-05-07T18:16:23+08:00 ] 188.131.249.35 /xcx/Uploads/2019-05-06/15571391805cd00eed08273.jpg婆历
INFO: [ app_init ] --START--
INFO: Run Behavior\BuildLiteBehavior [ RunTime:0.000063s ]
INFO: [ app_init ] --END-- [ RunTime:0.000733s ]
ERR: 无法加载模块:Uploads

[ 2019-05-07T18:16:24+08:00 ] 188.131.249.35 /xcx/Uploads/2019-05-06/15571426395cd01c6f835ba.jpg古古怪怪滚滚滚滚滚滚
INFO: [ app_init ] --START--
INFO: Run Behavior\BuildLiteBehavior [ RunTime:0.000041s ]
INFO: [ app_init ] --END-- [ RunTime:0.000529s ]
ERR: 无法加载模块:Uploads

[ 2019-05-07T18:16:24+08:00 ] 188.131.249.35 /xcx/Uploads/2019-05-06/15571426395cd01c6f781ec.jpg过会就好v黄金回购哈哈哈沟沟壑壑回归方程头发分叉骨灰盒v陈学冬还好吧v腹股沟管股海护航回娘家呢你呢扭扭捏捏那你
INFO: [ app_init ] --START--
INFO: Run Behavior\BuildLiteBehavior [ RunTime:0.000062s ]
INFO: [ app_init ] --END-- [ RunTime:0.000769s ]
ERR: 无法加载模块:Uploads

[ 2019-05-07T18:19:00+08:00 ] 188.131.249.35 /xcx/Uploads/2019-05-06/15571391805cd00eed08273.jpg婆历
INFO: [ app_init ] --START--
INFO: Run Behavior\BuildLiteBehavior [ RunTime:0.000043s ]
INFO: [ app_init ] --END-- [ RunTime:0.000625s ]
ERR: 无法加载模块:Uploads

[ 2019-05-07T18:19:01+08:00 ] 188.131.249.35 /xcx/Uploads/2019-05-06/15571426395cd01c6f835ba.jpg古古怪怪滚滚滚滚滚滚
INFO: [ app_init ] --START--
INFO: Run Behavior\BuildLiteBehavior [ RunTime:0.000043s ]
INFO: [ app_init ] --END-- [ RunTime:0.000574s ]
ERR: 无法加载模块:Uploads

[ 2019-05-07T18:19:01+08:00 ] 188.131.249.35 /xcx/Uploads/2019-05-06/15571426395cd01c6f781ec.jpg过会就好v黄金回购哈哈哈沟沟壑壑回归方程头发分叉骨灰盒v陈学冬还好吧v腹股沟管股海护航回娘家呢你呢扭扭捏捏那你
INFO: [ app_init ] --START--
INFO: Run Behavior\BuildLiteBehavior [ RunTime:0.000061s ]
INFO: [ app_init ] --END-- [ RunTime:0.000821s ]
ERR: 无法加载模块:Uploads

[ 2019-05-07T18:22:38+08:00 ] 188.131.249.35 /xcx/Uploads/2019-05-06/15571391805cd00eed08273.jpg婆历
INFO: [ app_init ] --START--
INFO: Run Behavior\BuildLiteBehavior [ RunTime:0.000173s ]
INFO: [ app_init ] --END-- [ RunTime:0.000926s ]
ERR: 无法加载模块:Uploads

[ 2019-05-07T18:22:39+08:00 ] 188.131.249.35 /xcx/Uploads/2019-05-06/15571426395cd01c6f835ba.jpg古古怪怪滚滚滚滚滚滚
INFO: [ app_init ] --START--
INFO: Run Behavior\BuildLiteBehavior [ RunTime:0.000094s ]
INFO: [ app_init ] --END-- [ RunTime:0.000599s ]
ERR: 无法加载模块:Uploads

[ 2019-05-07T18:22:39+08:00 ] 188.131.249.35 /xcx/Uploads/2019-05-06/15571426395cd01c6f781ec.jpg过会就好v黄金回购哈哈哈沟沟壑壑回归方程头发分叉骨灰盒v陈学冬还好吧v腹股沟管股海护航回娘家呢你呢扭扭捏捏那你
INFO: [ app_init ] --START--
INFO: Run Behavior\BuildLiteBehavior [ RunTime:0.000061s ]
INFO: [ app_init ] --END-- [ RunTime:0.000620s ]
ERR: 无法加载模块:Uploads

[ 2019-05-07T18:25:22+08:00 ] 188.131.249.35 /xcx/Uploads/2019-05-06/15571391805cd00eed08273.jpg婆历
INFO: [ app_init ] --START--
INFO: Run Behavior\BuildLiteBehavior [ RunTime:0.000041s ]
INFO: [ app_init ] --END-- [ RunTime:0.000549s ]
ERR: 无法加载模块:Uploads

[ 2019-05-07T18:25:23+08:00 ] 188.131.249.35 /xcx/Uploads/2019-05-06/15571426395cd01c6f835ba.jpg古古怪怪滚滚滚滚滚滚
INFO: [ app_init ] --START--
INFO: Run Behavior\BuildLiteBehavior [ RunTime:0.000067s ]
INFO: [ app_init ] --END-- [ RunTime:0.000957s ]
ERR: 无法加载模块:Uploads

[ 2019-05-07T18:25:23+08:00 ] 188.131.249.35 /xcx/Uploads/2019-05-06/15571426395cd01c6f781ec.jpg过会就好v黄金回购哈哈哈沟沟壑壑回归方程头发分叉骨灰盒v陈学冬还好吧v腹股沟管股海护航回娘家呢你呢扭扭捏捏那你
INFO: [ app_init ] --START--
INFO: Run Behavior\BuildLiteBehavior [ RunTime:0.000070s ]
INFO: [ app_init ] --END-- [ RunTime:0.001917s ]
ERR: 无法加载模块:Uploads

[ 2019-05-07T18:29:03+08:00 ] 188.131.249.35 /xcx/Uploads/2019-05-06/15571391805cd00eed08273.jpg婆历
INFO: [ app_init ] --START--
INFO: Run Behavior\BuildLiteBehavior [ RunTime:0.000068s ]
INFO: [ app_init ] --END-- [ RunTime:0.000810s ]
ERR: 无法加载模块:Uploads

[ 2019-05-07T18:29:04+08:00 ] 188.131.249.35 /xcx/Uploads/2019-05-06/15571426395cd01c6f835ba.jpg古古怪怪滚滚滚滚滚滚
INFO: [ app_init ] --START--
INFO: Run Behavior\BuildLiteBehavior [ RunTime:0.000042s ]
INFO: [ app_init ] --END-- [ RunTime:0.000527s ]
ERR: 无法加载模块:Uploads

[ 2019-05-07T18:29:04+08:00 ] 188.131.249.35 /xcx/Uploads/2019-05-06/15571426395cd01c6f781ec.jpg过会就好v黄金回购哈哈哈沟沟壑壑回归方程头发分叉骨灰盒v陈学冬还好吧v腹股沟管股海护航回娘家呢你呢扭扭捏捏那你
INFO: [ app_init ] --START--
INFO: Run Behavior\BuildLiteBehavior [ RunTime:0.000063s ]
INFO: [ app_init ] --END-- [ RunTime:0.000809s ]
ERR: 无法加载模块:Uploads

[ 2019-05-07T18:29:28+08:00 ] 188.131.249.35 /xcx/Uploads/2019-05-06/15571391805cd00eed08273.jpg婆历
INFO: [ app_init ] --START--
INFO: Run Behavior\BuildLiteBehavior [ RunTime:0.000067s ]
INFO: [ app_init ] --END-- [ RunTime:0.000871s ]
ERR: 无法加载模块:Uploads

[ 2019-05-07T18:29:29+08:00 ] 188.131.249.35 /xcx/Uploads/2019-05-06/15571426395cd01c6f835ba.jpg古古怪怪滚滚滚滚滚滚
INFO: [ app_init ] --START--
INFO: Run Behavior\BuildLiteBehavior [ RunTime:0.000049s ]
INFO: [ app_init ] --END-- [ RunTime:0.000710s ]
ERR: 无法加载模块:Uploads

[ 2019-05-07T18:29:29+08:00 ] 188.131.249.35 /xcx/Uploads/2019-05-06/15571426395cd01c6f781ec.jpg过会就好v黄金回购哈哈哈沟沟壑壑回归方程头发分叉骨灰盒v陈学冬还好吧v腹股沟管股海护航回娘家呢你呢扭扭捏捏那你
INFO: [ app_init ] --START--
INFO: Run Behavior\BuildLiteBehavior [ RunTime:0.000069s ]
INFO: [ app_init ] --END-- [ RunTime:0.000816s ]
ERR: 无法加载模块:Uploads

[ 2019-05-07T18:31:39+08:00 ] 188.131.249.35 /xcx/Uploads/2019-05-06/15571391805cd00eed08273.jpg婆历
INFO: [ app_init ] --START--
INFO: Run Behavior\BuildLiteBehavior [ RunTime:0.000063s ]
INFO: [ app_init ] --END-- [ RunTime:0.000789s ]
ERR: 无法加载模块:Uploads

[ 2019-05-07T18:31:40+08:00 ] 188.131.249.35 /xcx/Uploads/2019-05-06/15571426395cd01c6f835ba.jpg古古怪怪滚滚滚滚滚滚
INFO: [ app_init ] --START--
INFO: Run Behavior\BuildLiteBehavior [ RunTime:0.000086s ]
INFO: [ app_init ] --END-- [ RunTime:0.000903s ]
ERR: 无法加载模块:Uploads

[ 2019-05-07T18:31:40+08:00 ] 188.131.249.35 /xcx/Uploads/2019-05-06/15571426395cd01c6f781ec.jpg过会就好v黄金回购哈哈哈沟沟壑壑回归方程头发分叉骨灰盒v陈学冬还好吧v腹股沟管股海护航回娘家呢你呢扭扭捏捏那你
INFO: [ app_init ] --START--
INFO: Run Behavior\BuildLiteBehavior [ RunTime:0.000070s ]
INFO: [ app_init ] --END-- [ RunTime:0.000818s ]
ERR: 无法加载模块:Uploads

[ 2019-05-07T18:32:06+08:00 ] 188.131.249.35 /xcx/Uploads/2019-05-06/15571391805cd00eed08273.jpg婆历
INFO: [ app_init ] --START--
INFO: Run Behavior\BuildLiteBehavior [ RunTime:0.000062s ]
INFO: [ app_init ] --END-- [ RunTime:0.000724s ]
ERR: 无法加载模块:Uploads

[ 2019-05-07T18:32:07+08:00 ] 188.131.249.35 /xcx/Uploads/2019-05-06/15571426395cd01c6f835ba.jpg古古怪怪滚滚滚滚滚滚
INFO: [ app_init ] --START--
INFO: Run Behavior\BuildLiteBehavior [ RunTime:0.000050s ]
INFO: [ app_init ] --END-- [ RunTime:0.000697s ]
ERR: 无法加载模块:Uploads

[ 2019-05-07T18:32:07+08:00 ] 188.131.249.35 /xcx/Uploads/2019-05-06/15571426395cd01c6f781ec.jpg过会就好v黄金回购哈哈哈沟沟壑壑回归方程头发分叉骨灰盒v陈学冬还好吧v腹股沟管股海护航回娘家呢你呢扭扭捏捏那你
INFO: [ app_init ] --START--
INFO: Run Behavior\BuildLiteBehavior [ RunTime:0.000069s ]
INFO: [ app_init ] --END-- [ RunTime:0.000944s ]
ERR: 无法加载模块:Uploads

[ 2019-05-07T18:32:15+08:00 ] 188.131.249.35 /xcx/Uploads/2019-05-06/15571391805cd00eed08273.jpg婆历
INFO: [ app_init ] --START--
INFO: Run Behavior\BuildLiteBehavior [ RunTime:0.000061s ]
INFO: [ app_init ] --END-- [ RunTime:0.000841s ]
ERR: 无法加载模块:Uploads

[ 2019-05-07T18:32:16+08:00 ] 188.131.249.35 /xcx/Uploads/2019-05-06/15571426395cd01c6f835ba.jpg古古怪怪滚滚滚滚滚滚
INFO: [ app_init ] --START--
INFO: Run Behavior\BuildLiteBehavior [ RunTime:0.000066s ]
INFO: [ app_init ] --END-- [ RunTime:0.000867s ]
ERR: 无法加载模块:Uploads

[ 2019-05-07T18:32:16+08:00 ] 188.131.249.35 /xcx/Uploads/2019-05-06/15571426395cd01c6f781ec.jpg过会就好v黄金回购哈哈哈沟沟壑壑回归方程头发分叉骨灰盒v陈学冬还好吧v腹股沟管股海护航回娘家呢你呢扭扭捏捏那你
INFO: [ app_init ] --START--
INFO: Run Behavior\BuildLiteBehavior [ RunTime:0.000063s ]
INFO: [ app_init ] --END-- [ RunTime:0.000975s ]
ERR: 无法加载模块:Uploads

[ 2019-05-07T18:32:56+08:00 ] 188.131.249.35 /xcx/Uploads/2019-05-06/15571391805cd00eed08273.jpg婆历
INFO: [ app_init ] --START--
INFO: Run Behavior\BuildLiteBehavior [ RunTime:0.000043s ]
INFO: [ app_init ] --END-- [ RunTime:0.000509s ]
ERR: 无法加载模块:Uploads

[ 2019-05-07T18:32:56+08:00 ] 188.131.249.35 /xcx/Uploads/2019-05-06/15571426395cd01c6f835ba.jpg古古怪怪滚滚滚滚滚滚
INFO: [ app_init ] --START--
INFO: Run Behavior\BuildLiteBehavior [ RunTime:0.000065s ]
INFO: [ app_init ] --END-- [ RunTime:0.000791s ]
ERR: 无法加载模块:Uploads

[ 2019-05-07T18:32:56+08:00 ] 188.131.249.35 /xcx/Uploads/2019-05-06/15571426395cd01c6f781ec.jpg过会就好v黄金回购哈哈哈沟沟壑壑回归方程头发分叉骨灰盒v陈学冬还好吧v腹股沟管股海护航回娘家呢你呢扭扭捏捏那你
INFO: [ app_init ] --START--
INFO: Run Behavior\BuildLiteBehavior [ RunTime:0.000061s ]
INFO: [ app_init ] --END-- [ RunTime:0.000594s ]
ERR: 无法加载模块:Uploads

[ 2019-05-07T18:33:05+08:00 ] 188.131.249.35 /xcx/Uploads/2019-05-06/15571391805cd00eed08273.jpg婆历
INFO: [ app_init ] --START--
INFO: Run Behavior\BuildLiteBehavior [ RunTime:0.000043s ]
INFO: [ app_init ] --END-- [ RunTime:0.000570s ]
ERR: 无法加载模块:Uploads

[ 2019-05-07T18:33:06+08:00 ] 188.131.249.35 /xcx/Uploads/2019-05-06/15571426395cd01c6f835ba.jpg古古怪怪滚滚滚滚滚滚
INFO: [ app_init ] --START--
INFO: Run Behavior\BuildLiteBehavior [ RunTime:0.000042s ]
INFO: [ app_init ] --END-- [ RunTime:0.000609s ]
ERR: 无法加载模块:Uploads

[ 2019-05-07T18:33:06+08:00 ] 188.131.249.35 /xcx/Uploads/2019-05-06/15571426395cd01c6f781ec.jpg过会就好v黄金回购哈哈哈沟沟壑壑回归方程头发分叉骨灰盒v陈学冬还好吧v腹股沟管股海护航回娘家呢你呢扭扭捏捏那你
INFO: [ app_init ] --START--
INFO: Run Behavior\BuildLiteBehavior [ RunTime:0.000068s ]
INFO: [ app_init ] --END-- [ RunTime:0.000844s ]
ERR: 无法加载模块:Uploads

[ 2019-05-07T18:58:49+08:00 ] 188.131.249.35 /xcx/Uploads/2019-05-06/15571391805cd00eed08273.jpg婆历
INFO: [ app_init ] --START--
INFO: Run Behavior\BuildLiteBehavior [ RunTime:0.000045s ]
INFO: [ app_init ] --END-- [ RunTime:0.000593s ]
ERR: 无法加载模块:Uploads

[ 2019-05-07T18:58:50+08:00 ] 188.131.249.35 /xcx/Uploads/2019-05-06/15571426395cd01c6f835ba.jpg古古怪怪滚滚滚滚滚滚
INFO: [ app_init ] --START--
INFO: Run Behavior\BuildLiteBehavior [ RunTime:0.000052s ]
INFO: [ app_init ] --END-- [ RunTime:0.000602s ]
ERR: 无法加载模块:Uploads

[ 2019-05-07T18:58:50+08:00 ] 188.131.249.35 /xcx/Uploads/2019-05-06/15571426395cd01c6f781ec.jpg过会就好v黄金回购哈哈哈沟沟壑壑回归方程头发分叉骨灰盒v陈学冬还好吧v腹股沟管股海护航回娘家呢你呢扭扭捏捏那你
INFO: [ app_init ] --START--
INFO: Run Behavior\BuildLiteBehavior [ RunTime:0.000064s ]
INFO: [ app_init ] --END-- [ RunTime:0.000744s ]
ERR: 无法加载模块:Uploads

[ 2019-05-07T18:58:58+08:00 ] 188.131.249.35 /xcx/Uploads/2019-05-06/15571391805cd00eed08273.jpg婆历
INFO: [ app_init ] --START--
INFO: Run Behavior\BuildLiteBehavior [ RunTime:0.000053s ]
INFO: [ app_init ] --END-- [ RunTime:0.000628s ]
ERR: 无法加载模块:Uploads

[ 2019-05-07T18:58:59+08:00 ] 188.131.249.35 /xcx/Uploads/2019-05-06/15571426395cd01c6f835ba.jpg古古怪怪滚滚滚滚滚滚
INFO: [ app_init ] --START--
INFO: Run Behavior\BuildLiteBehavior [ RunTime:0.000042s ]
INFO: [ app_init ] --END-- [ RunTime:0.000645s ]
ERR: 无法加载模块:Uploads

[ 2019-05-07T18:58:59+08:00 ] 188.131.249.35 /xcx/Uploads/2019-05-06/15571426395cd01c6f781ec.jpg过会就好v黄金回购哈哈哈沟沟壑壑回归方程头发分叉骨灰盒v陈学冬还好吧v腹股沟管股海护航回娘家呢你呢扭扭捏捏那你
INFO: [ app_init ] --START--
INFO: Run Behavior\BuildLiteBehavior [ RunTime:0.000048s ]
INFO: [ app_init ] --END-- [ RunTime:0.000547s ]
ERR: 无法加载模块:Uploads

[ 2019-05-07T18:59:59+08:00 ] 188.131.249.35 /xcx/Uploads/2019-05-06/15571391805cd00eed08273.jpg婆历
INFO: [ app_init ] --START--
INFO: Run Behavior\BuildLiteBehavior [ RunTime:0.000097s ]
INFO: [ app_init ] --END-- [ RunTime:0.000625s ]
ERR: 无法加载模块:Uploads

[ 2019-05-07T19:00:00+08:00 ] 188.131.249.35 /xcx/Uploads/2019-05-06/15571426395cd01c6f835ba.jpg古古怪怪滚滚滚滚滚滚
INFO: [ app_init ] --START--
INFO: Run Behavior\BuildLiteBehavior [ RunTime:0.000042s ]
INFO: [ app_init ] --END-- [ RunTime:0.000576s ]
ERR: 无法加载模块:Uploads

[ 2019-05-07T19:00:00+08:00 ] 188.131.249.35 /xcx/Uploads/2019-05-06/15571426395cd01c6f781ec.jpg过会就好v黄金回购哈哈哈沟沟壑壑回归方程头发分叉骨灰盒v陈学冬还好吧v腹股沟管股海护航回娘家呢你呢扭扭捏捏那你
INFO: [ app_init ] --START--
INFO: Run Behavior\BuildLiteBehavior [ RunTime:0.000043s ]
INFO: [ app_init ] --END-- [ RunTime:0.000665s ]
ERR: 无法加载模块:Uploads

[ 2019-05-07T19:00:06+08:00 ] 188.131.249.35 /xcx/Uploads/2019-05-06/15571391805cd00eed08273.jpg婆历
INFO: [ app_init ] --START--
INFO: Run Behavior\BuildLiteBehavior [ RunTime:0.000061s ]
INFO: [ app_init ] --END-- [ RunTime:0.000789s ]
ERR: 无法加载模块:Uploads

[ 2019-05-07T19:00:07+08:00 ] 188.131.249.35 /xcx/Uploads/2019-05-06/15571426395cd01c6f835ba.jpg古古怪怪滚滚滚滚滚滚
INFO: [ app_init ] --START--
INFO: Run Behavior\BuildLiteBehavior [ RunTime:0.000108s ]
INFO: [ app_init ] --END-- [ RunTime:0.000632s ]
ERR: 无法加载模块:Uploads

[ 2019-05-07T19:00:07+08:00 ] 188.131.249.35 /xcx/Uploads/2019-05-06/15571426395cd01c6f781ec.jpg过会就好v黄金回购哈哈哈沟沟壑壑回归方程头发分叉骨灰盒v陈学冬还好吧v腹股沟管股海护航回娘家呢你呢扭扭捏捏那你
INFO: [ app_init ] --START--
INFO: Run Behavior\BuildLiteBehavior [ RunTime:0.000042s ]
INFO: [ app_init ] --END-- [ RunTime:0.000623s ]
ERR: 无法加载模块:Uploads

[ 2019-05-07T19:01:15+08:00 ] 188.131.249.35 /xcx/Uploads/2019-05-06/15571391805cd00eed08273.jpg婆历
INFO: [ app_init ] --START--
INFO: Run Behavior\BuildLiteBehavior [ RunTime:0.000062s ]
INFO: [ app_init ] --END-- [ RunTime:0.000736s ]
ERR: 无法加载模块:Uploads

[ 2019-05-07T19:01:16+08:00 ] 188.131.249.35 /xcx/Uploads/2019-05-06/15571426395cd01c6f835ba.jpg古古怪怪滚滚滚滚滚滚
INFO: [ app_init ] --START--
INFO: Run Behavior\BuildLiteBehavior [ RunTime:0.000065s ]
INFO: [ app_init ] --END-- [ RunTime:0.000804s ]
ERR: 无法加载模块:Uploads

[ 2019-05-07T19:01:16+08:00 ] 188.131.249.35 /xcx/Uploads/2019-05-06/15571426395cd01c6f781ec.jpg过会就好v黄金回购哈哈哈沟沟壑壑回归方程头发分叉骨灰盒v陈学冬还好吧v腹股沟管股海护航回娘家呢你呢扭扭捏捏那你
INFO: [ app_init ] --START--
INFO: Run Behavior\BuildLiteBehavior [ RunTime:0.000065s ]
INFO: [ app_init ] --END-- [ RunTime:0.000877s ]
ERR: 无法加载模块:Uploads

[ 2019-05-07T19:01:24+08:00 ] 188.131.249.35 /xcx/Uploads/2019-05-06/15571391805cd00eed08273.jpg婆历
INFO: [ app_init ] --START--
INFO: Run Behavior\BuildLiteBehavior [ RunTime:0.000063s ]
INFO: [ app_init ] --END-- [ RunTime:0.000796s ]
ERR: 无法加载模块:Uploads

[ 2019-05-07T19:01:24+08:00 ] 188.131.249.35 /xcx/Uploads/2019-05-06/15571426395cd01c6f835ba.jpg古古怪怪滚滚滚滚滚滚
INFO: [ app_init ] --START--
INFO: Run Behavior\BuildLiteBehavior [ RunTime:0.000042s ]
INFO: [ app_init ] --END-- [ RunTime:0.000547s ]
ERR: 无法加载模块:Uploads

[ 2019-05-07T19:01:25+08:00 ] 188.131.249.35 /xcx/Uploads/2019-05-06/15571426395cd01c6f781ec.jpg过会就好v黄金回购哈哈哈沟沟壑壑回归方程头发分叉骨灰盒v陈学冬还好吧v腹股沟管股海护航回娘家呢你呢扭扭捏捏那你
INFO: [ app_init ] --START--
INFO: Run Behavior\BuildLiteBehavior [ RunTime:0.000042s ]
INFO: [ app_init ] --END-- [ RunTime:0.000689s ]
ERR: 无法加载模块:Uploads

[ 2019-05-07T19:02:03+08:00 ] 188.131.249.35 /xcx/Uploads/2019-05-06/15571391805cd00eed08273.jpg婆历
INFO: [ app_init ] --START--
INFO: Run Behavior\BuildLiteBehavior [ RunTime:0.000061s ]
INFO: [ app_init ] --END-- [ RunTime:0.000917s ]
ERR: 无法加载模块:Uploads

[ 2019-05-07T19:02:04+08:00 ] 188.131.249.35 /xcx/Uploads/2019-05-06/15571426395cd01c6f835ba.jpg古古怪怪滚滚滚滚滚滚
INFO: [ app_init ] --START--
INFO: Run Behavior\BuildLiteBehavior [ RunTime:0.000042s ]
INFO: [ app_init ] --END-- [ RunTime:0.000528s ]
ERR: 无法加载模块:Uploads

[ 2019-05-07T19:02:04+08:00 ] 188.131.249.35 /xcx/Uploads/2019-05-06/15571426395cd01c6f781ec.jpg过会就好v黄金回购哈哈哈沟沟壑壑回归方程头发分叉骨灰盒v陈学冬还好吧v腹股沟管股海护航回娘家呢你呢扭扭捏捏那你
INFO: [ app_init ] --START--
INFO: Run Behavior\BuildLiteBehavior [ RunTime:0.000044s ]
INFO: [ app_init ] --END-- [ RunTime:0.000590s ]
ERR: 无法加载模块:Uploads

[ 2019-05-07T19:02:12+08:00 ] 188.131.249.35 /xcx/Uploads/2019-05-06/15571391805cd00eed08273.jpg婆历
INFO: [ app_init ] --START--
INFO: Run Behavior\BuildLiteBehavior [ RunTime:0.000069s ]
INFO: [ app_init ] --END-- [ RunTime:0.000889s ]
ERR: 无法加载模块:Uploads

[ 2019-05-07T19:02:13+08:00 ] 188.131.249.35 /xcx/Uploads/2019-05-06/15571426395cd01c6f835ba.jpg古古怪怪滚滚滚滚滚滚
INFO: [ app_init ] --START--
INFO: Run Behavior\BuildLiteBehavior [ RunTime:0.000067s ]
INFO: [ app_init ] --END-- [ RunTime:0.000805s ]
ERR: 无法加载模块:Uploads

[ 2019-05-07T19:02:13+08:00 ] 188.131.249.35 /xcx/Uploads/2019-05-06/15571426395cd01c6f781ec.jpg过会就好v黄金回购哈哈哈沟沟壑壑回归方程头发分叉骨灰盒v陈学冬还好吧v腹股沟管股海护航回娘家呢你呢扭扭捏捏那你
INFO: [ app_init ] --START--
INFO: Run Behavior\BuildLiteBehavior [ RunTime:0.000055s ]
INFO: [ app_init ] --END-- [ RunTime:0.000695s ]
ERR: 无法加载模块:Uploads

[ 2019-05-07T19:02:20+08:00 ] 188.131.249.35 /xcx/Uploads/2019-05-06/15571391805cd00eed08273.jpg婆历
INFO: [ app_init ] --START--
INFO: Run Behavior\BuildLiteBehavior [ RunTime:0.000041s ]
INFO: [ app_init ] --END-- [ RunTime:0.000513s ]
ERR: 无法加载模块:Uploads

[ 2019-05-07T19:02:21+08:00 ] 188.131.249.35 /xcx/Uploads/2019-05-06/15571426395cd01c6f835ba.jpg古古怪怪滚滚滚滚滚滚
INFO: [ app_init ] --START--
INFO: Run Behavior\BuildLiteBehavior [ RunTime:0.000066s ]
INFO: [ app_init ] --END-- [ RunTime:0.000841s ]
ERR: 无法加载模块:Uploads

[ 2019-05-07T19:02:21+08:00 ] 188.131.249.35 /xcx/Uploads/2019-05-06/15571426395cd01c6f781ec.jpg过会就好v黄金回购哈哈哈沟沟壑壑回归方程头发分叉骨灰盒v陈学冬还好吧v腹股沟管股海护航回娘家呢你呢扭扭捏捏那你
INFO: [ app_init ] --START--
INFO: Run Behavior\BuildLiteBehavior [ RunTime:0.000070s ]
INFO: [ app_init ] --END-- [ RunTime:0.000857s ]
ERR: 无法加载模块:Uploads

[ 2019-05-07T19:02:30+08:00 ] 188.131.249.35 /xcx/Uploads/2019-05-06/15571391805cd00eed08273.jpg婆历
INFO: [ app_init ] --START--
INFO: Run Behavior\BuildLiteBehavior [ RunTime:0.000042s ]
INFO: [ app_init ] --END-- [ RunTime:0.000542s ]
ERR: 无法加载模块:Uploads

[ 2019-05-07T19:02:31+08:00 ] 188.131.249.35 /xcx/Uploads/2019-05-06/15571426395cd01c6f835ba.jpg古古怪怪滚滚滚滚滚滚
INFO: [ app_init ] --START--
INFO: Run Behavior\BuildLiteBehavior [ RunTime:0.000041s ]
INFO: [ app_init ] --END-- [ RunTime:0.000567s ]
ERR: 无法加载模块:Uploads

[ 2019-05-07T19:02:31+08:00 ] 188.131.249.35 /xcx/Uploads/2019-05-06/15571426395cd01c6f781ec.jpg过会就好v黄金回购哈哈哈沟沟壑壑回归方程头发分叉骨灰盒v陈学冬还好吧v腹股沟管股海护航回娘家呢你呢扭扭捏捏那你
INFO: [ app_init ] --START--
INFO: Run Behavior\BuildLiteBehavior [ RunTime:0.000054s ]
INFO: [ app_init ] --END-- [ RunTime:0.000659s ]
ERR: 无法加载模块:Uploads

[ 2019-05-07T19:04:37+08:00 ] 188.131.249.35 /xcx/Uploads/2019-05-06/15571391805cd00eed08273.jpg婆历
INFO: [ app_init ] --START--
INFO: Run Behavior\BuildLiteBehavior [ RunTime:0.000048s ]
INFO: [ app_init ] --END-- [ RunTime:0.000780s ]
ERR: 无法加载模块:Uploads

[ 2019-05-07T19:04:38+08:00 ] 188.131.249.35 /xcx/Uploads/2019-05-06/15571426395cd01c6f835ba.jpg古古怪怪滚滚滚滚滚滚
INFO: [ app_init ] --START--
INFO: Run Behavior\BuildLiteBehavior [ RunTime:0.000068s ]
INFO: [ app_init ] --END-- [ RunTime:0.000778s ]
ERR: 无法加载模块:Uploads

[ 2019-05-07T19:04:38+08:00 ] 188.131.249.35 /xcx/Uploads/2019-05-06/15571426395cd01c6f781ec.jpg过会就好v黄金回购哈哈哈沟沟壑壑回归方程头发分叉骨灰盒v陈学冬还好吧v腹股沟管股海护航回娘家呢你呢扭扭捏捏那你
INFO: [ app_init ] --START--
INFO: Run Behavior\BuildLiteBehavior [ RunTime:0.000048s ]
INFO: [ app_init ] --END-- [ RunTime:0.000617s ]
ERR: 无法加载模块:Uploads

[ 2019-05-07T19:04:47+08:00 ] 188.131.249.35 /xcx/Uploads/2019-05-06/15571391805cd00eed08273.jpg婆历
INFO: [ app_init ] --START--
INFO: Run Behavior\BuildLiteBehavior [ RunTime:0.000042s ]
INFO: [ app_init ] --END-- [ RunTime:0.000521s ]
ERR: 无法加载模块:Uploads

[ 2019-05-07T19:04:48+08:00 ] 188.131.249.35 /xcx/Uploads/2019-05-06/15571426395cd01c6f835ba.jpg古古怪怪滚滚滚滚滚滚
INFO: [ app_init ] --START--
INFO: Run Behavior\BuildLiteBehavior [ RunTime:0.000041s ]
INFO: [ app_init ] --END-- [ RunTime:0.000488s ]
ERR: 无法加载模块:Uploads

[ 2019-05-07T19:04:48+08:00 ] 188.131.249.35 /xcx/Uploads/2019-05-06/15571426395cd01c6f781ec.jpg过会就好v黄金回购哈哈哈沟沟壑壑回归方程头发分叉骨灰盒v陈学冬还好吧v腹股沟管股海护航回娘家呢你呢扭扭捏捏那你
INFO: [ app_init ] --START--
INFO: Run Behavior\BuildLiteBehavior [ RunTime:0.000053s ]
INFO: [ app_init ] --END-- [ RunTime:0.000612s ]
ERR: 无法加载模块:Uploads

[ 2019-05-07T19:05:33+08:00 ] 188.131.249.35 /xcx/Uploads/2019-05-06/15571391805cd00eed08273.jpg婆历
INFO: [ app_init ] --START--
INFO: Run Behavior\BuildLiteBehavior [ RunTime:0.000053s ]
INFO: [ app_init ] --END-- [ RunTime:0.000550s ]
ERR: 无法加载模块:Uploads

[ 2019-05-07T19:05:34+08:00 ] 188.131.249.35 /xcx/Uploads/2019-05-06/15571426395cd01c6f835ba.jpg古古怪怪滚滚滚滚滚滚
INFO: [ app_init ] --START--
INFO: Run Behavior\BuildLiteBehavior [ RunTime:0.000064s ]
INFO: [ app_init ] --END-- [ RunTime:0.000739s ]
ERR: 无法加载模块:Uploads

[ 2019-05-07T19:05:35+08:00 ] 188.131.249.35 /xcx/Uploads/2019-05-06/15571426395cd01c6f781ec.jpg过会就好v黄金回购哈哈哈沟沟壑壑回归方程头发分叉骨灰盒v陈学冬还好吧v腹股沟管股海护航回娘家呢你呢扭扭捏捏那你
INFO: [ app_init ] --START--
INFO: Run Behavior\BuildLiteBehavior [ RunTime:0.000067s ]
INFO: [ app_init ] --END-- [ RunTime:0.000870s ]
ERR: 无法加载模块:Uploads

[ 2019-05-07T19:05:45+08:00 ] 188.131.249.35 /xcx/Uploads/2019-05-06/15571391805cd00eed08273.jpg婆历
INFO: [ app_init ] --START--
INFO: Run Behavior\BuildLiteBehavior [ RunTime:0.000065s ]
INFO: [ app_init ] --END-- [ RunTime:0.000781s ]
ERR: 无法加载模块:Uploads

[ 2019-05-07T19:05:48+08:00 ] 188.131.249.35 /xcx/Uploads/2019-05-06/15571426395cd01c6f835ba.jpg古古怪怪滚滚滚滚滚滚
INFO: [ app_init ] --START--
INFO: Run Behavior\BuildLiteBehavior [ RunTime:0.000066s ]
INFO: [ app_init ] --END-- [ RunTime:0.000924s ]
ERR: 无法加载模块:Uploads

[ 2019-05-07T19:05:48+08:00 ] 188.131.249.35 /xcx/Uploads/2019-05-06/15571426395cd01c6f781ec.jpg过会就好v黄金回购哈哈哈沟沟壑壑回归方程头发分叉骨灰盒v陈学冬还好吧v腹股沟管股海护航回娘家呢你呢扭扭捏捏那你
INFO: [ app_init ] --START--
INFO: Run Behavior\BuildLiteBehavior [ RunTime:0.000064s ]
INFO: [ app_init ] --END-- [ RunTime:0.000834s ]
ERR: 无法加载模块:Uploads

[ 2019-05-07T19:05:52+08:00 ] 188.131.249.35 /xcx/Uploads/2019-05-06/15571391805cd00eed08273.jpg婆历
INFO: [ app_init ] --START--
INFO: Run Behavior\BuildLiteBehavior [ RunTime:0.000042s ]
INFO: [ app_init ] --END-- [ RunTime:0.000582s ]
ERR: 无法加载模块:Uploads

[ 2019-05-07T19:05:53+08:00 ] 188.131.249.35 /xcx/Uploads/2019-05-06/15571391805cd00eed08273.jpg婆历
INFO: [ app_init ] --START--
INFO: Run Behavior\BuildLiteBehavior [ RunTime:0.000064s ]
INFO: [ app_init ] --END-- [ RunTime:0.000946s ]
ERR: 无法加载模块:Uploads

[ 2019-05-07T19:05:54+08:00 ] 188.131.249.35 /xcx/Uploads/2019-05-06/15571426395cd01c6f835ba.jpg古古怪怪滚滚滚滚滚滚
INFO: [ app_init ] --START--
INFO: Run Behavior\BuildLiteBehavior [ RunTime:0.000052s ]
INFO: [ app_init ] --END-- [ RunTime:0.000605s ]
ERR: 无法加载模块:Uploads

[ 2019-05-07T19:05:55+08:00 ] 188.131.249.35 /xcx/Uploads/2019-05-06/15571426395cd01c6f781ec.jpg过会就好v黄金回购哈哈哈沟沟壑壑回归方程头发分叉骨灰盒v陈学冬还好吧v腹股沟管股海护航回娘家呢你呢扭扭捏捏那你
INFO: [ app_init ] --START--
INFO: Run Behavior\BuildLiteBehavior [ RunTime:0.000066s ]
INFO: [ app_init ] --END-- [ RunTime:0.001062s ]
ERR: 无法加载模块:Uploads

[ 2019-05-07T19:05:55+08:00 ] 188.131.249.35 /xcx/Uploads/2019-05-06/15571426395cd01c6f835ba.jpg古古怪怪滚滚滚滚滚滚
INFO: [ app_init ] --START--
INFO: Run Behavior\BuildLiteBehavior [ RunTime:0.000128s ]
INFO: [ app_init ] --END-- [ RunTime:0.000856s ]
ERR: 无法加载模块:Uploads

[ 2019-05-07T19:05:55+08:00 ] 188.131.249.35 /xcx/Uploads/2019-05-06/15571426395cd01c6f781ec.jpg过会就好v黄金回购哈哈哈沟沟壑壑回归方程头发分叉骨灰盒v陈学冬还好吧v腹股沟管股海护航回娘家呢你呢扭扭捏捏那你
INFO: [ app_init ] --START--
INFO: Run Behavior\BuildLiteBehavior [ RunTime:0.000066s ]
INFO: [ app_init ] --END-- [ RunTime:0.000960s ]
ERR: 无法加载模块:Uploads

[ 2019-05-07T19:06:34+08:00 ] 188.131.249.35 /xcx/Uploads/2019-05-06/15571391805cd00eed08273.jpg婆历
INFO: [ app_init ] --START--
INFO: Run Behavior\BuildLiteBehavior [ RunTime:0.000062s ]
INFO: [ app_init ] --END-- [ RunTime:0.000789s ]
ERR: 无法加载模块:Uploads

[ 2019-05-07T19:06:35+08:00 ] 188.131.249.35 /xcx/Uploads/2019-05-06/15571426395cd01c6f835ba.jpg古古怪怪滚滚滚滚滚滚
INFO: [ app_init ] --START--
INFO: Run Behavior\BuildLiteBehavior [ RunTime:0.000067s ]
INFO: [ app_init ] --END-- [ RunTime:0.000884s ]
ERR: 无法加载模块:Uploads

[ 2019-05-07T19:06:35+08:00 ] 188.131.249.35 /xcx/Uploads/2019-05-06/15571426395cd01c6f781ec.jpg过会就好v黄金回购哈哈哈沟沟壑壑回归方程头发分叉骨灰盒v陈学冬还好吧v腹股沟管股海护航回娘家呢你呢扭扭捏捏那你
INFO: [ app_init ] --START--
INFO: Run Behavior\BuildLiteBehavior [ RunTime:0.000063s ]
INFO: [ app_init ] --END-- [ RunTime:0.000794s ]
ERR: 无法加载模块:Uploads

[ 2019-05-07T19:06:46+08:00 ] 188.131.249.35 /xcx/Uploads/2019-05-06/15571391805cd00eed08273.jpg婆历
INFO: [ app_init ] --START--
INFO: Run Behavior\BuildLiteBehavior [ RunTime:0.000042s ]
INFO: [ app_init ] --END-- [ RunTime:0.000636s ]
ERR: 无法加载模块:Uploads

[ 2019-05-07T19:06:47+08:00 ] 188.131.249.35 /xcx/Uploads/2019-05-06/15571426395cd01c6f835ba.jpg古古怪怪滚滚滚滚滚滚
INFO: [ app_init ] --START--
INFO: Run Behavior\BuildLiteBehavior [ RunTime:0.000064s ]
INFO: [ app_init ] --END-- [ RunTime:0.000805s ]
ERR: 无法加载模块:Uploads

[ 2019-05-07T19:06:47+08:00 ] 188.131.249.35 /xcx/Uploads/2019-05-06/15571426395cd01c6f781ec.jpg过会就好v黄金回购哈哈哈沟沟壑壑回归方程头发分叉骨灰盒v陈学冬还好吧v腹股沟管股海护航回娘家呢你呢扭扭捏捏那你
INFO: [ app_init ] --START--
INFO: Run Behavior\BuildLiteBehavior [ RunTime:0.000173s ]
INFO: [ app_init ] --END-- [ RunTime:0.000982s ]
ERR: 无法加载模块:Uploads

[ 2019-05-07T19:07:51+08:00 ] 188.131.249.35 /xcx/Uploads/2019-05-06/15571391805cd00eed08273.jpg婆历
INFO: [ app_init ] --START--
INFO: Run Behavior\BuildLiteBehavior [ RunTime:0.000049s ]
INFO: [ app_init ] --END-- [ RunTime:0.000599s ]
ERR: 无法加载模块:Uploads

[ 2019-05-07T19:07:52+08:00 ] 188.131.249.35 /xcx/Uploads/2019-05-06/15571426395cd01c6f835ba.jpg古古怪怪滚滚滚滚滚滚
INFO: [ app_init ] --START--
INFO: Run Behavior\BuildLiteBehavior [ RunTime:0.000047s ]
INFO: [ app_init ] --END-- [ RunTime:0.000589s ]
ERR: 无法加载模块:Uploads

[ 2019-05-07T19:07:52+08:00 ] 188.131.249.35 /xcx/Uploads/2019-05-06/15571426395cd01c6f781ec.jpg过会就好v黄金回购哈哈哈沟沟壑壑回归方程头发分叉骨灰盒v陈学冬还好吧v腹股沟管股海护航回娘家呢你呢扭扭捏捏那你
INFO: [ app_init ] --START--
INFO: Run Behavior\BuildLiteBehavior [ RunTime:0.000042s ]
INFO: [ app_init ] --END-- [ RunTime:0.000557s ]
ERR: 无法加载模块:Uploads

[ 2019-05-07T19:08:00+08:00 ] 188.131.249.35 /xcx/Uploads/2019-05-06/15571391805cd00eed08273.jpg婆历
INFO: [ app_init ] --START--
INFO: Run Behavior\BuildLiteBehavior [ RunTime:0.000061s ]
INFO: [ app_init ] --END-- [ RunTime:0.000838s ]
ERR: 无法加载模块:Uploads

[ 2019-05-07T19:08:01+08:00 ] 188.131.249.35 /xcx/Uploads/2019-05-06/15571426395cd01c6f835ba.jpg古古怪怪滚滚滚滚滚滚
INFO: [ app_init ] --START--
INFO: Run Behavior\BuildLiteBehavior [ RunTime:0.000042s ]
INFO: [ app_init ] --END-- [ RunTime:0.000516s ]
ERR: 无法加载模块:Uploads

[ 2019-05-07T19:08:01+08:00 ] 188.131.249.35 /xcx/Uploads/2019-05-06/15571426395cd01c6f781ec.jpg过会就好v黄金回购哈哈哈沟沟壑壑回归方程头发分叉骨灰盒v陈学冬还好吧v腹股沟管股海护航回娘家呢你呢扭扭捏捏那你
INFO: [ app_init ] --START--
INFO: Run Behavior\BuildLiteBehavior [ RunTime:0.000070s ]
INFO: [ app_init ] --END-- [ RunTime:0.000867s ]
ERR: 无法加载模块:Uploads

[ 2019-05-07T19:08:26+08:00 ] 188.131.249.35 /xcx/Uploads/2019-05-06/15571391805cd00eed08273.jpg婆历
INFO: [ app_init ] --START--
INFO: Run Behavior\BuildLiteBehavior [ RunTime:0.000056s ]
INFO: [ app_init ] --END-- [ RunTime:0.000670s ]
ERR: 无法加载模块:Uploads

[ 2019-05-07T19:08:28+08:00 ] 188.131.249.35 /xcx/Uploads/2019-05-06/15571426395cd01c6f835ba.jpg古古怪怪滚滚滚滚滚滚
INFO: [ app_init ] --START--
INFO: Run Behavior\BuildLiteBehavior [ RunTime:0.000049s ]
INFO: [ app_init ] --END-- [ RunTime:0.000593s ]
ERR: 无法加载模块:Uploads

[ 2019-05-07T19:08:28+08:00 ] 188.131.249.35 /xcx/Uploads/2019-05-06/15571426395cd01c6f781ec.jpg过会就好v黄金回购哈哈哈沟沟壑壑回归方程头发分叉骨灰盒v陈学冬还好吧v腹股沟管股海护航回娘家呢你呢扭扭捏捏那你
INFO: [ app_init ] --START--
INFO: Run Behavior\BuildLiteBehavior [ RunTime:0.000042s ]
INFO: [ app_init ] --END-- [ RunTime:0.000641s ]
ERR: 无法加载模块:Uploads

[ 2019-05-07T19:08:32+08:00 ] 188.131.249.35 /xcx/Uploads/2019-05-06/15571391805cd00eed08273.jpg婆历
INFO: [ app_init ] --START--
INFO: Run Behavior\BuildLiteBehavior [ RunTime:0.000043s ]
INFO: [ app_init ] --END-- [ RunTime:0.000665s ]
ERR: 无法加载模块:Uploads

[ 2019-05-07T19:08:33+08:00 ] 188.131.249.35 /xcx/Uploads/2019-05-06/15571426395cd01c6f835ba.jpg古古怪怪滚滚滚滚滚滚
INFO: [ app_init ] --START--
INFO: Run Behavior\BuildLiteBehavior [ RunTime:0.000053s ]
INFO: [ app_init ] --END-- [ RunTime:0.000539s ]
ERR: 无法加载模块:Uploads

[ 2019-05-07T19:08:33+08:00 ] 188.131.249.35 /xcx/Uploads/2019-05-06/15571426395cd01c6f781ec.jpg过会就好v黄金回购哈哈哈沟沟壑壑回归方程头发分叉骨灰盒v陈学冬还好吧v腹股沟管股海护航回娘家呢你呢扭扭捏捏那你
INFO: [ app_init ] --START--
INFO: Run Behavior\BuildLiteBehavior [ RunTime:0.000046s ]
INFO: [ app_init ] --END-- [ RunTime:0.000562s ]
ERR: 无法加载模块:Uploads

[ 2019-05-07T19:09:37+08:00 ] 188.131.249.35 /xcx/Uploads/2019-05-06/15571391805cd00eed08273.jpg婆历
INFO: [ app_init ] --START--
INFO: Run Behavior\BuildLiteBehavior [ RunTime:0.000062s ]
INFO: [ app_init ] --END-- [ RunTime:0.000762s ]
ERR: 无法加载模块:Uploads

[ 2019-05-07T19:09:38+08:00 ] 188.131.249.35 /xcx/Uploads/2019-05-06/15571426395cd01c6f835ba.jpg古古怪怪滚滚滚滚滚滚
INFO: [ app_init ] --START--
INFO: Run Behavior\BuildLiteBehavior [ RunTime:0.000058s ]
INFO: [ app_init ] --END-- [ RunTime:0.000584s ]
ERR: 无法加载模块:Uploads

[ 2019-05-07T19:09:38+08:00 ] 188.131.249.35 /xcx/Uploads/2019-05-06/15571426395cd01c6f781ec.jpg过会就好v黄金回购哈哈哈沟沟壑壑回归方程头发分叉骨灰盒v陈学冬还好吧v腹股沟管股海护航回娘家呢你呢扭扭捏捏那你
INFO: [ app_init ] --START--
INFO: Run Behavior\BuildLiteBehavior [ RunTime:0.000072s ]
INFO: [ app_init ] --END-- [ RunTime:0.000570s ]
ERR: 无法加载模块:Uploads

