[ 2019-05-10T20:08:51+08:00 ] 188.131.249.35 /xcx/Uploads/2019-05-07/15572270725cd16641171df.jpg
INFO: [ app_init ] --START--
INFO: Run Behavior\BuildLiteBehavior [ RunTime:0.000105s ]
INFO: [ app_init ] --END-- [ RunTime:0.000793s ]
ERR: 无法加载模块:Uploads

[ 2019-05-10T20:08:51+08:00 ] 188.131.249.35 /xcx/Uploads/2019-05-07/15572270725cd166410ed64.jpg
INFO: [ app_init ] --START--
INFO: Run Behavior\BuildLiteBehavior [ RunTime:0.000042s ]
INFO: [ app_init ] --END-- [ RunTime:0.000687s ]
ERR: 无法加载模块:Uploads

[ 2019-05-10T20:09:18+08:00 ] 188.131.249.35 /xcx/Uploads/2019-05-07/15572270725cd16641171df.jpg
INFO: [ app_init ] --START--
INFO: Run Behavior\BuildLiteBehavior [ RunTime:0.000055s ]
INFO: [ app_init ] --END-- [ RunTime:0.000940s ]
ERR: 无法加载模块:Uploads

[ 2019-05-10T20:09:18+08:00 ] 188.131.249.35 /xcx/Uploads/2019-05-07/15572270725cd166410ed64.jpg
INFO: [ app_init ] --START--
INFO: Run Behavior\BuildLiteBehavior [ RunTime:0.000058s ]
INFO: [ app_init ] --END-- [ RunTime:0.000707s ]
ERR: 无法加载模块:Uploads

[ 2019-05-10T20:10:59+08:00 ] 188.131.249.35 /xcx/Uploads/2019-05-07/15572270725cd16641171df.jpg
INFO: [ app_init ] --START--
INFO: Run Behavior\BuildLiteBehavior [ RunTime:0.000040s ]
INFO: [ app_init ] --END-- [ RunTime:0.000598s ]
ERR: 无法加载模块:Uploads

[ 2019-05-10T20:10:59+08:00 ] 188.131.249.35 /xcx/Uploads/2019-05-07/15572270725cd166410ed64.jpg
INFO: [ app_init ] --START--
INFO: Run Behavior\BuildLiteBehavior [ RunTime:0.000041s ]
INFO: [ app_init ] --END-- [ RunTime:0.000580s ]
ERR: 无法加载模块:Uploads

[ 2019-05-10T21:22:06+08:00 ] 188.131.249.35 /xcx/Uploads/2019-05-07/15572270725cd16641171df.jpg
INFO: [ app_init ] --START--
INFO: Run Behavior\BuildLiteBehavior [ RunTime:0.000060s ]
INFO: [ app_init ] --END-- [ RunTime:0.000702s ]
ERR: 无法加载模块:Uploads

[ 2019-05-10T21:22:06+08:00 ] 188.131.249.35 /xcx/Uploads/2019-05-07/15572270725cd166410ed64.jpg
INFO: [ app_init ] --START--
INFO: Run Behavior\BuildLiteBehavior [ RunTime:0.000043s ]
INFO: [ app_init ] --END-- [ RunTime:0.000558s ]
ERR: 无法加载模块:Uploads

