[ 2019-04-20T16:11:59+08:00 ] 122.206.190.96 /xcx/index/getuserifo?code=033kYT820hxoZH1fS7920gw1920kYT80&nick=%E5%92%8C%E5%90%8C%E5%AD%A6Smile&avaurl=https%3A%2F%2Fwx.qlogo.cn%2Fmmopen%2Fvi_32%2FThcAOksIWA40mjIibiaibnl8ahibMSbWmicmOjmFU4haNXAqrTu5IibdcVVaUaymLTfdzVXV3SKx3VQNLBw4JJmr1Ihg%2F132&sex=1
INFO: [ app_init ] --START--
INFO: Run Behavior\BuildLiteBehavior [ RunTime:0.000049s ]
INFO: [ app_init ] --END-- [ RunTime:0.000719s ]
ERR: 无法加载模块:Index

[ 2019-04-20T16:12:30+08:00 ] 122.206.190.96 /xcx/index/getuserinfo?code=023FrocA0Ttyte1ZoacA0S8pcA0Froc-&nick=%E5%92%8C%E5%90%8C%E5%AD%A6Smile&avaurl=https%3A%2F%2Fwx.qlogo.cn%2Fmmopen%2Fvi_32%2FThcAOksIWA40mjIibiaibnl8ahibMSbWmicmOjmFU4haNXAqrTu5IibdcVVaUaymLTfdzVXV3SKx3VQNLBw4JJmr1Ihg%2F132&sex=1
INFO: [ app_init ] --START--
INFO: Run Behavior\BuildLiteBehavior [ RunTime:0.000078s ]
INFO: [ app_init ] --END-- [ RunTime:0.001029s ]
ERR: 无法加载模块:Index

[ 2019-04-20T16:14:06+08:00 ] 122.206.190.96 /xcx/index/getuserinfo
INFO: [ app_init ] --START--
INFO: Run Behavior\BuildLiteBehavior [ RunTime:0.000040s ]
INFO: [ app_init ] --END-- [ RunTime:0.000513s ]
ERR: 无法加载模块:Index

[ 2019-04-20T16:14:25+08:00 ] 122.206.190.96 /xcx/index/getuserinfo
INFO: [ app_init ] --START--
INFO: Run Behavior\BuildLiteBehavior [ RunTime:0.000084s ]
INFO: [ app_init ] --END-- [ RunTime:0.000919s ]
ERR: 无法加载模块:Index

[ 2019-04-20T16:14:27+08:00 ] 122.206.190.96 /xcx/index/getuserinfo
INFO: [ app_init ] --START--
INFO: Run Behavior\BuildLiteBehavior [ RunTime:0.000045s ]
INFO: [ app_init ] --END-- [ RunTime:0.000557s ]
ERR: 无法加载模块:Index

[ 2019-04-20T19:02:38+08:00 ] 122.206.190.96 /xcx/hone/index/updatetxt?x=&y=
INFO: [ app_init ] --START--
INFO: Run Behavior\BuildLiteBehavior [ RunTime:0.000042s ]
INFO: [ app_init ] --END-- [ RunTime:0.000761s ]
ERR: 无法加载模块:Hone

[ 2019-04-20T19:56:42+08:00 ] 122.206.190.96 /xcx/hone/index/updatetxt?x=&y=
INFO: [ app_init ] --START--
INFO: Run Behavior\BuildLiteBehavior [ RunTime:0.000055s ]
INFO: [ app_init ] --END-- [ RunTime:0.000526s ]
ERR: 无法加载模块:Hone

[ 2019-04-20T19:56:44+08:00 ] 122.206.190.96 /xcx/hone/index/updatetxt?x=&y=
INFO: [ app_init ] --START--
INFO: Run Behavior\BuildLiteBehavior [ RunTime:0.000049s ]
INFO: [ app_init ] --END-- [ RunTime:0.000511s ]
ERR: 无法加载模块:Hone

[ 2019-04-20T19:56:45+08:00 ] 122.206.190.96 /xcx/hone/index/updatetxt?x=&y=
INFO: [ app_init ] --START--
INFO: Run Behavior\BuildLiteBehavior [ RunTime:0.000040s ]
INFO: [ app_init ] --END-- [ RunTime:0.000503s ]
ERR: 无法加载模块:Hone

[ 2019-04-20T19:56:46+08:00 ] 122.206.190.96 /xcx/hone/index/updatetxt?x=&y=
INFO: [ app_init ] --START--
INFO: Run Behavior\BuildLiteBehavior [ RunTime:0.000045s ]
INFO: [ app_init ] --END-- [ RunTime:0.000554s ]
ERR: 无法加载模块:Hone

[ 2019-04-20T19:56:47+08:00 ] 122.206.190.96 /xcx/hone/index/updatetxt?x=&y=
INFO: [ app_init ] --START--
INFO: Run Behavior\BuildLiteBehavior [ RunTime:0.000063s ]
INFO: [ app_init ] --END-- [ RunTime:0.000759s ]
ERR: 无法加载模块:Hone

[ 2019-04-20T19:56:47+08:00 ] 122.206.190.96 /xcx/hone/index/updatetxt?x=&y=
INFO: [ app_init ] --START--
INFO: Run Behavior\BuildLiteBehavior [ RunTime:0.000061s ]
INFO: [ app_init ] --END-- [ RunTime:0.000699s ]
ERR: 无法加载模块:Hone

[ 2019-04-20T19:56:47+08:00 ] 122.206.190.96 /xcx/hone/index/updatetxt?x=&y=
INFO: [ app_init ] --START--
INFO: Run Behavior\BuildLiteBehavior [ RunTime:0.000067s ]
INFO: [ app_init ] --END-- [ RunTime:0.000801s ]
ERR: 无法加载模块:Hone

[ 2019-04-20T19:56:48+08:00 ] 122.206.190.96 /xcx/hone/index/updatetxt?x=&y=
INFO: [ app_init ] --START--
INFO: Run Behavior\BuildLiteBehavior [ RunTime:0.000060s ]
INFO: [ app_init ] --END-- [ RunTime:0.000686s ]
ERR: 无法加载模块:Hone

[ 2019-04-20T19:56:48+08:00 ] 122.206.190.96 /xcx/hone/index/updatetxt?x=&y=
INFO: [ app_init ] --START--
INFO: Run Behavior\BuildLiteBehavior [ RunTime:0.000040s ]
INFO: [ app_init ] --END-- [ RunTime:0.000494s ]
ERR: 无法加载模块:Hone

[ 2019-04-20T19:56:48+08:00 ] 122.206.190.96 /xcx/hone/index/updatetxt?x=&y=
INFO: [ app_init ] --START--
INFO: Run Behavior\BuildLiteBehavior [ RunTime:0.000108s ]
INFO: [ app_init ] --END-- [ RunTime:0.000723s ]
ERR: 无法加载模块:Hone

[ 2019-04-20T19:56:48+08:00 ] 122.206.190.96 /xcx/hone/index/updatetxt?x=&y=
INFO: [ app_init ] --START--
INFO: Run Behavior\BuildLiteBehavior [ RunTime:0.000064s ]
INFO: [ app_init ] --END-- [ RunTime:0.000764s ]
ERR: 无法加载模块:Hone

[ 2019-04-20T19:56:48+08:00 ] 122.206.190.96 /xcx/hone/index/updatetxt?x=&y=
INFO: [ app_init ] --START--
INFO: Run Behavior\BuildLiteBehavior [ RunTime:0.000040s ]
INFO: [ app_init ] --END-- [ RunTime:0.000499s ]
ERR: 无法加载模块:Hone

[ 2019-04-20T19:56:48+08:00 ] 122.206.190.96 /xcx/hone/index/updatetxt?x=&y=
INFO: [ app_init ] --START--
INFO: Run Behavior\BuildLiteBehavior [ RunTime:0.000046s ]
INFO: [ app_init ] --END-- [ RunTime:0.000592s ]
ERR: 无法加载模块:Hone

[ 2019-04-20T19:56:49+08:00 ] 122.206.190.96 /xcx/hone/index/updatetxt?x=&y=
INFO: [ app_init ] --START--
INFO: Run Behavior\BuildLiteBehavior [ RunTime:0.000041s ]
INFO: [ app_init ] --END-- [ RunTime:0.000577s ]
ERR: 无法加载模块:Hone

[ 2019-04-20T19:56:49+08:00 ] 122.206.190.96 /xcx/hone/index/updatetxt?x=&y=
INFO: [ app_init ] --START--
INFO: Run Behavior\BuildLiteBehavior [ RunTime:0.000062s ]
INFO: [ app_init ] --END-- [ RunTime:0.000740s ]
ERR: 无法加载模块:Hone

[ 2019-04-20T19:56:49+08:00 ] 122.206.190.96 /xcx/hone/index/updatetxt?x=&y=
INFO: [ app_init ] --START--
INFO: Run Behavior\BuildLiteBehavior [ RunTime:0.000040s ]
INFO: [ app_init ] --END-- [ RunTime:0.000559s ]
ERR: 无法加载模块:Hone

[ 2019-04-20T19:56:49+08:00 ] 122.206.190.96 /xcx/hone/index/updatetxt?x=&y=
INFO: [ app_init ] --START--
INFO: Run Behavior\BuildLiteBehavior [ RunTime:0.000046s ]
INFO: [ app_init ] --END-- [ RunTime:0.000506s ]
ERR: 无法加载模块:Hone

