[ 2019-04-17T08:14:02+08:00 ] 222.22.66.250 /xcx/home/index/read
INFO: [ app_init ] --START--
INFO: Run Behavior\BuildLiteBehavior [ RunTime:0.000062s ]
INFO: [ app_init ] --END-- [ RunTime:0.014833s ]
INFO: [ app_begin ] --START--
INFO: Run Behavior\ReadHtmlCacheBehavior [ RunTime:0.001875s ]
INFO: [ app_begin ] --END-- [ RunTime:0.002282s ]
INFO: [ app_end ] --START--
INFO: Run Behavior\ShowPageTraceBehavior [ RunTime:0.002523s ]
INFO: [ app_end ] --END-- [ RunTime:0.002879s ]

[ 2019-04-17T09:38:59+08:00 ] 222.22.66.250 /xcx/home/index/read
INFO: [ app_init ] --START--
INFO: Run Behavior\BuildLiteBehavior [ RunTime:0.000052s ]
INFO: [ app_init ] --END-- [ RunTime:0.000555s ]
INFO: [ app_begin ] --START--
INFO: Run Behavior\ReadHtmlCacheBehavior [ RunTime:0.000634s ]
INFO: [ app_begin ] --END-- [ RunTime:0.000870s ]
INFO: [ app_end ] --START--
INFO: Run Behavior\ShowPageTraceBehavior [ RunTime:0.000547s ]
INFO: [ app_end ] --END-- [ RunTime:0.000757s ]

[ 2019-04-17T10:55:34+08:00 ] 222.22.66.250 /xcx/home/Mpdf/index
INFO: [ app_init ] --START--
INFO: Run Behavior\BuildLiteBehavior [ RunTime:0.000041s ]
INFO: [ app_init ] --END-- [ RunTime:0.000609s ]
INFO: [ app_begin ] --START--
INFO: Run Behavior\ReadHtmlCacheBehavior [ RunTime:0.000732s ]
INFO: [ app_begin ] --END-- [ RunTime:0.000936s ]
ERR: 无法加载控制器:Mpdf

[ 2019-04-17T10:56:00+08:00 ] 222.22.66.250 /xcx/home/Mpdf/index
INFO: [ app_init ] --START--
INFO: Run Behavior\BuildLiteBehavior [ RunTime:0.000040s ]
INFO: [ app_init ] --END-- [ RunTime:0.000529s ]
INFO: [ app_begin ] --START--
INFO: Run Behavior\ReadHtmlCacheBehavior [ RunTime:0.000609s ]
INFO: [ app_begin ] --END-- [ RunTime:0.000832s ]
INFO: [ app_end ] --START--
INFO: Run Behavior\ShowPageTraceBehavior [ RunTime:0.000670s ]
INFO: [ app_end ] --END-- [ RunTime:0.000864s ]

[ 2019-04-17T11:00:00+08:00 ] 222.22.66.250 /xcx/home/Mpdf/index
INFO: [ app_init ] --START--
INFO: Run Behavior\BuildLiteBehavior [ RunTime:0.000062s ]
INFO: [ app_init ] --END-- [ RunTime:0.000898s ]
INFO: [ app_begin ] --START--
INFO: Run Behavior\ReadHtmlCacheBehavior [ RunTime:0.000983s ]
INFO: [ app_begin ] --END-- [ RunTime:0.001411s ]
INFO: [ app_end ] --START--
INFO: Run Behavior\ShowPageTraceBehavior [ RunTime:0.000823s ]
INFO: [ app_end ] --END-- [ RunTime:0.001125s ]

[ 2019-04-17T11:00:23+08:00 ] 222.22.66.250 /xcx/home/Mpdf/Mpdf
INFO: [ app_init ] --START--
INFO: Run Behavior\BuildLiteBehavior [ RunTime:0.000042s ]
INFO: [ app_init ] --END-- [ RunTime:0.000637s ]
INFO: [ app_begin ] --START--
INFO: Run Behavior\ReadHtmlCacheBehavior [ RunTime:0.001330s ]
INFO: [ app_begin ] --END-- [ RunTime:0.002028s ]

[ 2019-04-17T11:01:17+08:00 ] 222.22.66.250 /xcx/home/Mpdf/Mpdf
INFO: [ app_init ] --START--
INFO: Run Behavior\BuildLiteBehavior [ RunTime:0.000062s ]
INFO: [ app_init ] --END-- [ RunTime:0.000753s ]
INFO: [ app_begin ] --START--
INFO: Run Behavior\ReadHtmlCacheBehavior [ RunTime:0.000943s ]
INFO: [ app_begin ] --END-- [ RunTime:0.001284s ]

[ 2019-04-17T11:01:49+08:00 ] 222.22.66.250 /xcx/home/Mpdf/Mpdf
INFO: [ app_init ] --START--
INFO: Run Behavior\BuildLiteBehavior [ RunTime:0.000131s ]
INFO: [ app_init ] --END-- [ RunTime:0.000628s ]
INFO: [ app_begin ] --START--
INFO: Run Behavior\ReadHtmlCacheBehavior [ RunTime:0.000650s ]
INFO: [ app_begin ] --END-- [ RunTime:0.000850s ]
NOTIC: [2] include(./MPDF60\mpdf.php): failed to open stream: No such file or directory C:\wamp\www\xcx\Application\Home\Controller\MpdfController.class.php 第 12 行.
NOTIC: [2] include(): Failed opening './MPDF60\mpdf.php' for inclusion (include_path='.;C:\php\pear') C:\wamp\www\xcx\Application\Home\Controller\MpdfController.class.php 第 12 行.

[ 2019-04-17T11:01:50+08:00 ] 222.22.66.250 /xcx/home/Mpdf/Mpdf
INFO: [ app_init ] --START--
INFO: Run Behavior\BuildLiteBehavior [ RunTime:0.000041s ]
INFO: [ app_init ] --END-- [ RunTime:0.000584s ]
INFO: [ app_begin ] --START--
INFO: Run Behavior\ReadHtmlCacheBehavior [ RunTime:0.000664s ]
INFO: [ app_begin ] --END-- [ RunTime:0.000879s ]
NOTIC: [2] include(./MPDF60\mpdf.php): failed to open stream: No such file or directory C:\wamp\www\xcx\Application\Home\Controller\MpdfController.class.php 第 12 行.
NOTIC: [2] include(): Failed opening './MPDF60\mpdf.php' for inclusion (include_path='.;C:\php\pear') C:\wamp\www\xcx\Application\Home\Controller\MpdfController.class.php 第 12 行.

[ 2019-04-17T11:01:50+08:00 ] 222.22.66.250 /xcx/home/Mpdf/Mpdf
INFO: [ app_init ] --START--
INFO: Run Behavior\BuildLiteBehavior [ RunTime:0.000042s ]
INFO: [ app_init ] --END-- [ RunTime:0.000518s ]
INFO: [ app_begin ] --START--
INFO: Run Behavior\ReadHtmlCacheBehavior [ RunTime:0.000642s ]
INFO: [ app_begin ] --END-- [ RunTime:0.000846s ]
NOTIC: [2] include(./MPDF60\mpdf.php): failed to open stream: No such file or directory C:\wamp\www\xcx\Application\Home\Controller\MpdfController.class.php 第 12 行.
NOTIC: [2] include(): Failed opening './MPDF60\mpdf.php' for inclusion (include_path='.;C:\php\pear') C:\wamp\www\xcx\Application\Home\Controller\MpdfController.class.php 第 12 行.

[ 2019-04-17T11:01:50+08:00 ] 222.22.66.250 /xcx/home/Mpdf/Mpdf
INFO: [ app_init ] --START--
INFO: Run Behavior\BuildLiteBehavior [ RunTime:0.000062s ]
INFO: [ app_init ] --END-- [ RunTime:0.000740s ]
INFO: [ app_begin ] --START--
INFO: Run Behavior\ReadHtmlCacheBehavior [ RunTime:0.000927s ]
INFO: [ app_begin ] --END-- [ RunTime:0.001288s ]
NOTIC: [2] include(./MPDF60\mpdf.php): failed to open stream: No such file or directory C:\wamp\www\xcx\Application\Home\Controller\MpdfController.class.php 第 12 行.
NOTIC: [2] include(): Failed opening './MPDF60\mpdf.php' for inclusion (include_path='.;C:\php\pear') C:\wamp\www\xcx\Application\Home\Controller\MpdfController.class.php 第 12 行.

[ 2019-04-17T11:01:50+08:00 ] 222.22.66.250 /xcx/home/Mpdf/Mpdf
INFO: [ app_init ] --START--
INFO: Run Behavior\BuildLiteBehavior [ RunTime:0.000041s ]
INFO: [ app_init ] --END-- [ RunTime:0.000539s ]
INFO: [ app_begin ] --START--
INFO: Run Behavior\ReadHtmlCacheBehavior [ RunTime:0.000662s ]
INFO: [ app_begin ] --END-- [ RunTime:0.000900s ]
NOTIC: [2] include(./MPDF60\mpdf.php): failed to open stream: No such file or directory C:\wamp\www\xcx\Application\Home\Controller\MpdfController.class.php 第 12 行.
NOTIC: [2] include(): Failed opening './MPDF60\mpdf.php' for inclusion (include_path='.;C:\php\pear') C:\wamp\www\xcx\Application\Home\Controller\MpdfController.class.php 第 12 行.

[ 2019-04-17T11:01:50+08:00 ] 222.22.66.250 /xcx/home/Mpdf/Mpdf
INFO: [ app_init ] --START--
INFO: Run Behavior\BuildLiteBehavior [ RunTime:0.000087s ]
INFO: [ app_init ] --END-- [ RunTime:0.000649s ]
INFO: [ app_begin ] --START--
INFO: Run Behavior\ReadHtmlCacheBehavior [ RunTime:0.000854s ]
INFO: [ app_begin ] --END-- [ RunTime:0.001134s ]
NOTIC: [2] include(./MPDF60\mpdf.php): failed to open stream: No such file or directory C:\wamp\www\xcx\Application\Home\Controller\MpdfController.class.php 第 12 行.
NOTIC: [2] include(): Failed opening './MPDF60\mpdf.php' for inclusion (include_path='.;C:\php\pear') C:\wamp\www\xcx\Application\Home\Controller\MpdfController.class.php 第 12 行.

[ 2019-04-17T11:01:50+08:00 ] 222.22.66.250 /xcx/home/Mpdf/Mpdf
INFO: [ app_init ] --START--
INFO: Run Behavior\BuildLiteBehavior [ RunTime:0.000070s ]
INFO: [ app_init ] --END-- [ RunTime:0.001046s ]
INFO: [ app_begin ] --START--
INFO: Run Behavior\ReadHtmlCacheBehavior [ RunTime:0.001002s ]
INFO: [ app_begin ] --END-- [ RunTime:0.001333s ]
NOTIC: [2] include(./MPDF60\mpdf.php): failed to open stream: No such file or directory C:\wamp\www\xcx\Application\Home\Controller\MpdfController.class.php 第 12 行.
NOTIC: [2] include(): Failed opening './MPDF60\mpdf.php' for inclusion (include_path='.;C:\php\pear') C:\wamp\www\xcx\Application\Home\Controller\MpdfController.class.php 第 12 行.

[ 2019-04-17T11:05:38+08:00 ] 222.22.66.250 /xcx/home/Mpdf/Mpdf
INFO: [ app_init ] --START--
INFO: Run Behavior\BuildLiteBehavior [ RunTime:0.000041s ]
INFO: [ app_init ] --END-- [ RunTime:0.000540s ]
INFO: [ app_begin ] --START--
INFO: Run Behavior\ReadHtmlCacheBehavior [ RunTime:0.000691s ]
INFO: [ app_begin ] --END-- [ RunTime:0.000922s ]

[ 2019-04-17T11:05:39+08:00 ] 222.22.66.250 /xcx/home/Mpdf/Mpdf
INFO: [ app_init ] --START--
INFO: Run Behavior\BuildLiteBehavior [ RunTime:0.000041s ]
INFO: [ app_init ] --END-- [ RunTime:0.000611s ]
INFO: [ app_begin ] --START--
INFO: Run Behavior\ReadHtmlCacheBehavior [ RunTime:0.000881s ]
INFO: [ app_begin ] --END-- [ RunTime:0.001143s ]

[ 2019-04-17T11:05:40+08:00 ] 222.22.66.250 /xcx/home/Mpdf/Mpdf
INFO: [ app_init ] --START--
INFO: Run Behavior\BuildLiteBehavior [ RunTime:0.000044s ]
INFO: [ app_init ] --END-- [ RunTime:0.001006s ]
INFO: [ app_begin ] --START--
INFO: Run Behavior\ReadHtmlCacheBehavior [ RunTime:0.000800s ]
INFO: [ app_begin ] --END-- [ RunTime:0.001020s ]

[ 2019-04-17T11:05:40+08:00 ] 222.22.66.250 /xcx/home/Mpdf/Mpdf
INFO: [ app_init ] --START--
INFO: Run Behavior\BuildLiteBehavior [ RunTime:0.000043s ]
INFO: [ app_init ] --END-- [ RunTime:0.000665s ]
INFO: [ app_begin ] --START--
INFO: Run Behavior\ReadHtmlCacheBehavior [ RunTime:0.000849s ]
INFO: [ app_begin ] --END-- [ RunTime:0.001122s ]

[ 2019-04-17T11:05:40+08:00 ] 222.22.66.250 /xcx/home/Mpdf/Mpdf
INFO: [ app_init ] --START--
INFO: Run Behavior\BuildLiteBehavior [ RunTime:0.000062s ]
INFO: [ app_init ] --END-- [ RunTime:0.000840s ]
INFO: [ app_begin ] --START--
INFO: Run Behavior\ReadHtmlCacheBehavior [ RunTime:0.000911s ]
INFO: [ app_begin ] --END-- [ RunTime:0.001225s ]

[ 2019-04-17T11:05:40+08:00 ] 222.22.66.250 /xcx/home/Mpdf/Mpdf
INFO: [ app_init ] --START--
INFO: Run Behavior\BuildLiteBehavior [ RunTime:0.000042s ]
INFO: [ app_init ] --END-- [ RunTime:0.000556s ]
INFO: [ app_begin ] --START--
INFO: Run Behavior\ReadHtmlCacheBehavior [ RunTime:0.000677s ]
INFO: [ app_begin ] --END-- [ RunTime:0.000886s ]

[ 2019-04-17T11:05:41+08:00 ] 222.22.66.250 /xcx/home/Mpdf/Mpdf
INFO: [ app_init ] --START--
INFO: Run Behavior\BuildLiteBehavior [ RunTime:0.000065s ]
INFO: [ app_init ] --END-- [ RunTime:0.000795s ]
INFO: [ app_begin ] --START--
INFO: Run Behavior\ReadHtmlCacheBehavior [ RunTime:0.000978s ]
INFO: [ app_begin ] --END-- [ RunTime:0.001239s ]

[ 2019-04-17T11:05:41+08:00 ] 222.22.66.250 /xcx/home/Mpdf/Mpdf
INFO: [ app_init ] --START--
INFO: Run Behavior\BuildLiteBehavior [ RunTime:0.000041s ]
INFO: [ app_init ] --END-- [ RunTime:0.000569s ]
INFO: [ app_begin ] --START--
INFO: Run Behavior\ReadHtmlCacheBehavior [ RunTime:0.000678s ]
INFO: [ app_begin ] --END-- [ RunTime:0.000895s ]

[ 2019-04-17T11:05:41+08:00 ] 222.22.66.250 /xcx/home/Mpdf/Mpdf
INFO: [ app_init ] --START--
INFO: Run Behavior\BuildLiteBehavior [ RunTime:0.000042s ]
INFO: [ app_init ] --END-- [ RunTime:0.000605s ]
INFO: [ app_begin ] --START--
INFO: Run Behavior\ReadHtmlCacheBehavior [ RunTime:0.000713s ]
INFO: [ app_begin ] --END-- [ RunTime:0.000923s ]

[ 2019-04-17T11:05:41+08:00 ] 222.22.66.250 /xcx/home/Mpdf/Mpdf
INFO: [ app_init ] --START--
INFO: Run Behavior\BuildLiteBehavior [ RunTime:0.000042s ]
INFO: [ app_init ] --END-- [ RunTime:0.000571s ]
INFO: [ app_begin ] --START--
INFO: Run Behavior\ReadHtmlCacheBehavior [ RunTime:0.000639s ]
INFO: [ app_begin ] --END-- [ RunTime:0.000853s ]

[ 2019-04-17T11:05:41+08:00 ] 222.22.66.250 /xcx/home/Mpdf/Mpdf
INFO: [ app_init ] --START--
INFO: Run Behavior\BuildLiteBehavior [ RunTime:0.000075s ]
INFO: [ app_init ] --END-- [ RunTime:0.001008s ]
INFO: [ app_begin ] --START--
INFO: Run Behavior\ReadHtmlCacheBehavior [ RunTime:0.001166s ]
INFO: [ app_begin ] --END-- [ RunTime:0.001515s ]

[ 2019-04-17T11:05:41+08:00 ] 222.22.66.250 /xcx/home/Mpdf/Mpdf
INFO: [ app_init ] --START--
INFO: Run Behavior\BuildLiteBehavior [ RunTime:0.000042s ]
INFO: [ app_init ] --END-- [ RunTime:0.000548s ]
INFO: [ app_begin ] --START--
INFO: Run Behavior\ReadHtmlCacheBehavior [ RunTime:0.000680s ]
INFO: [ app_begin ] --END-- [ RunTime:0.000885s ]

[ 2019-04-17T11:05:41+08:00 ] 222.22.66.250 /xcx/home/Mpdf/Mpdf
INFO: [ app_init ] --START--
INFO: Run Behavior\BuildLiteBehavior [ RunTime:0.000060s ]
INFO: [ app_init ] --END-- [ RunTime:0.000734s ]
INFO: [ app_begin ] --START--
INFO: Run Behavior\ReadHtmlCacheBehavior [ RunTime:0.000957s ]
INFO: [ app_begin ] --END-- [ RunTime:0.001258s ]

[ 2019-04-17T11:05:42+08:00 ] 222.22.66.250 /xcx/home/Mpdf/Mpdf
INFO: [ app_init ] --START--
INFO: Run Behavior\BuildLiteBehavior [ RunTime:0.000042s ]
INFO: [ app_init ] --END-- [ RunTime:0.000531s ]
INFO: [ app_begin ] --START--
INFO: Run Behavior\ReadHtmlCacheBehavior [ RunTime:0.000632s ]
INFO: [ app_begin ] --END-- [ RunTime:0.000846s ]

[ 2019-04-17T11:05:42+08:00 ] 222.22.66.250 /xcx/home/Mpdf/Mpdf
INFO: [ app_init ] --START--
INFO: Run Behavior\BuildLiteBehavior [ RunTime:0.000061s ]
INFO: [ app_init ] --END-- [ RunTime:0.000792s ]
INFO: [ app_begin ] --START--
INFO: Run Behavior\ReadHtmlCacheBehavior [ RunTime:0.000905s ]
INFO: [ app_begin ] --END-- [ RunTime:0.001242s ]

[ 2019-04-17T11:05:42+08:00 ] 222.22.66.250 /xcx/home/Mpdf/Mpdf
INFO: [ app_init ] --START--
INFO: Run Behavior\BuildLiteBehavior [ RunTime:0.000041s ]
INFO: [ app_init ] --END-- [ RunTime:0.000552s ]
INFO: [ app_begin ] --START--
INFO: Run Behavior\ReadHtmlCacheBehavior [ RunTime:0.000690s ]
INFO: [ app_begin ] --END-- [ RunTime:0.000887s ]

[ 2019-04-17T11:05:42+08:00 ] 222.22.66.250 /xcx/home/Mpdf/Mpdf
INFO: [ app_init ] --START--
INFO: Run Behavior\BuildLiteBehavior [ RunTime:0.000046s ]
INFO: [ app_init ] --END-- [ RunTime:0.000689s ]
INFO: [ app_begin ] --START--
INFO: Run Behavior\ReadHtmlCacheBehavior [ RunTime:0.000830s ]
INFO: [ app_begin ] --END-- [ RunTime:0.001064s ]

[ 2019-04-17T11:05:42+08:00 ] 222.22.66.250 /xcx/home/Mpdf/Mpdf
INFO: [ app_init ] --START--
INFO: Run Behavior\BuildLiteBehavior [ RunTime:0.000061s ]
INFO: [ app_init ] --END-- [ RunTime:0.000741s ]
INFO: [ app_begin ] --START--
INFO: Run Behavior\ReadHtmlCacheBehavior [ RunTime:0.000903s ]
INFO: [ app_begin ] --END-- [ RunTime:0.001211s ]

[ 2019-04-17T11:05:42+08:00 ] 222.22.66.250 /xcx/home/Mpdf/Mpdf
INFO: [ app_init ] --START--
INFO: Run Behavior\BuildLiteBehavior [ RunTime:0.000072s ]
INFO: [ app_init ] --END-- [ RunTime:0.000839s ]
INFO: [ app_begin ] --START--
INFO: Run Behavior\ReadHtmlCacheBehavior [ RunTime:0.000806s ]
INFO: [ app_begin ] --END-- [ RunTime:0.001085s ]

[ 2019-04-17T11:05:43+08:00 ] 222.22.66.250 /xcx/home/Mpdf/Mpdf
INFO: [ app_init ] --START--
INFO: Run Behavior\BuildLiteBehavior [ RunTime:0.000047s ]
INFO: [ app_init ] --END-- [ RunTime:0.000555s ]
INFO: [ app_begin ] --START--
INFO: Run Behavior\ReadHtmlCacheBehavior [ RunTime:0.000694s ]
INFO: [ app_begin ] --END-- [ RunTime:0.000918s ]

[ 2019-04-17T11:05:44+08:00 ] 222.22.66.250 /xcx/home/Mpdf/Mpdf
INFO: [ app_init ] --START--
INFO: Run Behavior\BuildLiteBehavior [ RunTime:0.000067s ]
INFO: [ app_init ] --END-- [ RunTime:0.000875s ]
INFO: [ app_begin ] --START--
INFO: Run Behavior\ReadHtmlCacheBehavior [ RunTime:0.000817s ]
INFO: [ app_begin ] --END-- [ RunTime:0.001108s ]

[ 2019-04-17T11:05:51+08:00 ] 222.22.66.250 /xcx/home/Mpdf/Mpdf
INFO: [ app_init ] --START--
INFO: Run Behavior\BuildLiteBehavior [ RunTime:0.000044s ]
INFO: [ app_init ] --END-- [ RunTime:0.000742s ]
INFO: [ app_begin ] --START--
INFO: Run Behavior\ReadHtmlCacheBehavior [ RunTime:0.000669s ]
INFO: [ app_begin ] --END-- [ RunTime:0.000908s ]

[ 2019-04-17T11:05:52+08:00 ] 222.22.66.250 /xcx/home/Mpdf/Mpdf
INFO: [ app_init ] --START--
INFO: Run Behavior\BuildLiteBehavior [ RunTime:0.000054s ]
INFO: [ app_init ] --END-- [ RunTime:0.000648s ]
INFO: [ app_begin ] --START--
INFO: Run Behavior\ReadHtmlCacheBehavior [ RunTime:0.000882s ]
INFO: [ app_begin ] --END-- [ RunTime:0.001214s ]

[ 2019-04-17T11:05:52+08:00 ] 222.22.66.250 /xcx/home/Mpdf/Mpdf
INFO: [ app_init ] --START--
INFO: Run Behavior\BuildLiteBehavior [ RunTime:0.000070s ]
INFO: [ app_init ] --END-- [ RunTime:0.000793s ]
INFO: [ app_begin ] --START--
INFO: Run Behavior\ReadHtmlCacheBehavior [ RunTime:0.001046s ]
INFO: [ app_begin ] --END-- [ RunTime:0.001366s ]

[ 2019-04-17T11:05:52+08:00 ] 222.22.66.250 /xcx/home/Mpdf/Mpdf
INFO: [ app_init ] --START--
INFO: Run Behavior\BuildLiteBehavior [ RunTime:0.000042s ]
INFO: [ app_init ] --END-- [ RunTime:0.000671s ]
INFO: [ app_begin ] --START--
INFO: Run Behavior\ReadHtmlCacheBehavior [ RunTime:0.001021s ]
INFO: [ app_begin ] --END-- [ RunTime:0.001285s ]

[ 2019-04-17T11:06:43+08:00 ] 222.22.66.250 /xcx/home/Mpdf/Mpdf
INFO: [ app_init ] --START--
INFO: Run Behavior\BuildLiteBehavior [ RunTime:0.000064s ]
INFO: [ app_init ] --END-- [ RunTime:0.000799s ]
INFO: [ app_begin ] --START--
INFO: Run Behavior\ReadHtmlCacheBehavior [ RunTime:0.000986s ]
INFO: [ app_begin ] --END-- [ RunTime:0.001303s ]

[ 2019-04-17T11:08:13+08:00 ] 222.22.66.250 /xcx/home/Mpdf/Mpdf
INFO: [ app_init ] --START--
INFO: Run Behavior\BuildLiteBehavior [ RunTime:0.000053s ]
INFO: [ app_init ] --END-- [ RunTime:0.000581s ]
INFO: [ app_begin ] --START--
INFO: Run Behavior\ReadHtmlCacheBehavior [ RunTime:0.000701s ]
INFO: [ app_begin ] --END-- [ RunTime:0.000907s ]

[ 2019-04-17T11:08:16+08:00 ] 222.22.66.250 /xcx/home/Mpdf/Mpdf
INFO: [ app_init ] --START--
INFO: Run Behavior\BuildLiteBehavior [ RunTime:0.000042s ]
INFO: [ app_init ] --END-- [ RunTime:0.000539s ]
INFO: [ app_begin ] --START--
INFO: Run Behavior\ReadHtmlCacheBehavior [ RunTime:0.000756s ]
INFO: [ app_begin ] --END-- [ RunTime:0.000958s ]

[ 2019-04-17T11:08:26+08:00 ] 222.22.66.250 /xcx/home/Mpdf/Mpdf
INFO: [ app_init ] --START--
INFO: Run Behavior\BuildLiteBehavior [ RunTime:0.000140s ]
INFO: [ app_init ] --END-- [ RunTime:0.000732s ]
INFO: [ app_begin ] --START--
INFO: Run Behavior\ReadHtmlCacheBehavior [ RunTime:0.000968s ]
INFO: [ app_begin ] --END-- [ RunTime:0.001269s ]

[ 2019-04-17T11:08:28+08:00 ] 222.22.66.250 /xcx/home/Mpdf/Mpdf
INFO: [ app_init ] --START--
INFO: Run Behavior\BuildLiteBehavior [ RunTime:0.000041s ]
INFO: [ app_init ] --END-- [ RunTime:0.000558s ]
INFO: [ app_begin ] --START--
INFO: Run Behavior\ReadHtmlCacheBehavior [ RunTime:0.000607s ]
INFO: [ app_begin ] --END-- [ RunTime:0.000807s ]

[ 2019-04-17T11:08:43+08:00 ] 222.22.66.250 /xcx/home/Mpdf/Mpdf
INFO: [ app_init ] --START--
INFO: Run Behavior\BuildLiteBehavior [ RunTime:0.000053s ]
INFO: [ app_init ] --END-- [ RunTime:0.000629s ]
INFO: [ app_begin ] --START--
INFO: Run Behavior\ReadHtmlCacheBehavior [ RunTime:0.001032s ]
INFO: [ app_begin ] --END-- [ RunTime:0.001418s ]

[ 2019-04-17T11:09:32+08:00 ] 222.22.66.250 /xcx/home/Mpdf/Mpdf
INFO: [ app_init ] --START--
INFO: Run Behavior\BuildLiteBehavior [ RunTime:0.000083s ]
INFO: [ app_init ] --END-- [ RunTime:0.000777s ]
INFO: [ app_begin ] --START--
INFO: Run Behavior\ReadHtmlCacheBehavior [ RunTime:0.000738s ]
INFO: [ app_begin ] --END-- [ RunTime:0.000960s ]

[ 2019-04-17T11:09:34+08:00 ] 222.22.66.250 /xcx/home/Mpdf/Mpdf
INFO: [ app_init ] --START--
INFO: Run Behavior\BuildLiteBehavior [ RunTime:0.000065s ]
INFO: [ app_init ] --END-- [ RunTime:0.000788s ]
INFO: [ app_begin ] --START--
INFO: Run Behavior\ReadHtmlCacheBehavior [ RunTime:0.000982s ]
INFO: [ app_begin ] --END-- [ RunTime:0.001301s ]

[ 2019-04-17T11:09:36+08:00 ] 222.22.66.250 /xcx/home/Mpdf/Mpdf
INFO: [ app_init ] --START--
INFO: Run Behavior\BuildLiteBehavior [ RunTime:0.000054s ]
INFO: [ app_init ] --END-- [ RunTime:0.000593s ]
INFO: [ app_begin ] --START--
INFO: Run Behavior\ReadHtmlCacheBehavior [ RunTime:0.000873s ]
INFO: [ app_begin ] --END-- [ RunTime:0.001136s ]

[ 2019-04-17T11:10:43+08:00 ] 222.22.66.250 /xcx/home/Mpdf/Mpdf
INFO: [ app_init ] --START--
INFO: Run Behavior\BuildLiteBehavior [ RunTime:0.000063s ]
INFO: [ app_init ] --END-- [ RunTime:0.000774s ]
INFO: [ app_begin ] --START--
INFO: Run Behavior\ReadHtmlCacheBehavior [ RunTime:0.000711s ]
INFO: [ app_begin ] --END-- [ RunTime:0.000925s ]
NOTIC: [8] Undefined variable: pdfdata C:\wamp\www\xcx\Application\Home\Controller\MpdfController.class.php 第 48 行.

[ 2019-04-17T11:11:28+08:00 ] 222.22.66.250 /xcx/home/Mpdf/Mpdf
INFO: [ app_init ] --START--
INFO: Run Behavior\BuildLiteBehavior [ RunTime:0.000049s ]
INFO: [ app_init ] --END-- [ RunTime:0.000669s ]
INFO: [ app_begin ] --START--
INFO: Run Behavior\ReadHtmlCacheBehavior [ RunTime:0.000663s ]
INFO: [ app_begin ] --END-- [ RunTime:0.000863s ]
NOTIC: [8] Undefined variable: pdfdata C:\wamp\www\xcx\Application\Home\Controller\MpdfController.class.php 第 48 行.

[ 2019-04-17T11:11:59+08:00 ] 222.22.66.250 /xcx/home/Mpdf/Mpdf
INFO: [ app_init ] --START--
INFO: Run Behavior\BuildLiteBehavior [ RunTime:0.000045s ]
INFO: [ app_init ] --END-- [ RunTime:0.000562s ]
INFO: [ app_begin ] --START--
INFO: Run Behavior\ReadHtmlCacheBehavior [ RunTime:0.000686s ]
INFO: [ app_begin ] --END-- [ RunTime:0.000921s ]
NOTIC: [8] Undefined variable: pdfdata C:\wamp\www\xcx\Application\Home\Controller\MpdfController.class.php 第 48 行.
NOTIC: [8] Trying to get property of non-object C:\wamp\www\xcx\Application\Home\Controller\MpdfController.class.php 第 95 行.

[ 2019-04-17T11:12:01+08:00 ] 222.22.66.250 /xcx/home/Mpdf/Mpdf
INFO: [ app_init ] --START--
INFO: Run Behavior\BuildLiteBehavior [ RunTime:0.000070s ]
INFO: [ app_init ] --END-- [ RunTime:0.000829s ]
INFO: [ app_begin ] --START--
INFO: Run Behavior\ReadHtmlCacheBehavior [ RunTime:0.001091s ]
INFO: [ app_begin ] --END-- [ RunTime:0.001419s ]
NOTIC: [8] Undefined variable: pdfdata C:\wamp\www\xcx\Application\Home\Controller\MpdfController.class.php 第 48 行.
NOTIC: [8] Trying to get property of non-object C:\wamp\www\xcx\Application\Home\Controller\MpdfController.class.php 第 95 行.

[ 2019-04-17T11:12:50+08:00 ] 222.22.66.250 /xcx/home/Mpdf/Mpdf
INFO: [ app_init ] --START--
INFO: Run Behavior\BuildLiteBehavior [ RunTime:0.000065s ]
INFO: [ app_init ] --END-- [ RunTime:0.000622s ]
INFO: [ app_begin ] --START--
INFO: Run Behavior\ReadHtmlCacheBehavior [ RunTime:0.000738s ]
INFO: [ app_begin ] --END-- [ RunTime:0.000977s ]
NOTIC: [8] Undefined variable: pdfdata C:\wamp\www\xcx\Application\Home\Controller\MpdfController.class.php 第 48 行.

[ 2019-04-17T11:12:52+08:00 ] 222.22.66.250 /xcx/home/Mpdf/Mpdf
INFO: [ app_init ] --START--
INFO: Run Behavior\BuildLiteBehavior [ RunTime:0.000118s ]
INFO: [ app_init ] --END-- [ RunTime:0.000806s ]
INFO: [ app_begin ] --START--
INFO: Run Behavior\ReadHtmlCacheBehavior [ RunTime:0.000898s ]
INFO: [ app_begin ] --END-- [ RunTime:0.001192s ]
NOTIC: [8] Undefined variable: pdfdata C:\wamp\www\xcx\Application\Home\Controller\MpdfController.class.php 第 48 行.

[ 2019-04-17T11:13:55+08:00 ] 222.22.66.250 /xcx/home/Mpdf/Mpdf
INFO: [ app_init ] --START--
INFO: Run Behavior\BuildLiteBehavior [ RunTime:0.000063s ]
INFO: [ app_init ] --END-- [ RunTime:0.000768s ]
INFO: [ app_begin ] --START--
INFO: Run Behavior\ReadHtmlCacheBehavior [ RunTime:0.000787s ]
INFO: [ app_begin ] --END-- [ RunTime:0.001033s ]

[ 2019-04-17T11:14:29+08:00 ] 222.22.66.250 /xcx/home/Mpdf/Mpdf
INFO: [ app_init ] --START--
INFO: Run Behavior\BuildLiteBehavior [ RunTime:0.000047s ]
INFO: [ app_init ] --END-- [ RunTime:0.000636s ]
INFO: [ app_begin ] --START--
INFO: Run Behavior\ReadHtmlCacheBehavior [ RunTime:0.000677s ]
INFO: [ app_begin ] --END-- [ RunTime:0.000892s ]
NOTIC: [8] Undefined variable: pdfdata C:\wamp\www\xcx\Application\Home\Controller\MpdfController.class.php 第 48 行.

[ 2019-04-17T11:15:21+08:00 ] 222.22.66.250 /xcx/home/Mpdf/Mpdf
INFO: [ app_init ] --START--
INFO: Run Behavior\BuildLiteBehavior [ RunTime:0.000063s ]
INFO: [ app_init ] --END-- [ RunTime:0.000865s ]
INFO: [ app_begin ] --START--
INFO: Run Behavior\ReadHtmlCacheBehavior [ RunTime:0.000978s ]
INFO: [ app_begin ] --END-- [ RunTime:0.001293s ]
NOTIC: [8] Undefined variable: pdfdata C:\wamp\www\xcx\Application\Home\Controller\MpdfController.class.php 第 54 行.

[ 2019-04-17T11:15:22+08:00 ] 222.22.66.250 /xcx/home/Mpdf/Mpdf
INFO: [ app_init ] --START--
INFO: Run Behavior\BuildLiteBehavior [ RunTime:0.000066s ]
INFO: [ app_init ] --END-- [ RunTime:0.000771s ]
INFO: [ app_begin ] --START--
INFO: Run Behavior\ReadHtmlCacheBehavior [ RunTime:0.000726s ]
INFO: [ app_begin ] --END-- [ RunTime:0.000926s ]
NOTIC: [8] Undefined variable: pdfdata C:\wamp\www\xcx\Application\Home\Controller\MpdfController.class.php 第 54 行.

[ 2019-04-17T12:21:02+08:00 ] 222.22.66.250 /xcx/home/Mpdf/Mpdf
INFO: [ app_init ] --START--
INFO: Run Behavior\BuildLiteBehavior [ RunTime:0.000054s ]
INFO: [ app_init ] --END-- [ RunTime:0.000641s ]
INFO: [ app_begin ] --START--
INFO: Run Behavior\ReadHtmlCacheBehavior [ RunTime:0.000691s ]
INFO: [ app_begin ] --END-- [ RunTime:0.000916s ]
NOTIC: [8] Undefined variable: pdfdata C:\wamp\www\xcx\Application\Home\Controller\MpdfController.class.php 第 54 行.

[ 2019-04-17T12:21:03+08:00 ] 222.22.66.250 /xcx/home/Mpdf/Mpdf
INFO: [ app_init ] --START--
INFO: Run Behavior\BuildLiteBehavior [ RunTime:0.000068s ]
INFO: [ app_init ] --END-- [ RunTime:0.000791s ]
INFO: [ app_begin ] --START--
INFO: Run Behavior\ReadHtmlCacheBehavior [ RunTime:0.000892s ]
INFO: [ app_begin ] --END-- [ RunTime:0.001181s ]
NOTIC: [8] Undefined variable: pdfdata C:\wamp\www\xcx\Application\Home\Controller\MpdfController.class.php 第 54 行.

[ 2019-04-17T12:21:03+08:00 ] 222.22.66.250 /xcx/home/Mpdf/Mpdf
INFO: [ app_init ] --START--
INFO: Run Behavior\BuildLiteBehavior [ RunTime:0.000050s ]
INFO: [ app_init ] --END-- [ RunTime:0.000708s ]
INFO: [ app_begin ] --START--
INFO: Run Behavior\ReadHtmlCacheBehavior [ RunTime:0.000705s ]
INFO: [ app_begin ] --END-- [ RunTime:0.000962s ]
NOTIC: [8] Undefined variable: pdfdata C:\wamp\www\xcx\Application\Home\Controller\MpdfController.class.php 第 54 行.

[ 2019-04-17T12:21:37+08:00 ] 222.22.66.250 /xcx/home/Mpdf/Mpdf
INFO: [ app_init ] --START--
INFO: Run Behavior\BuildLiteBehavior [ RunTime:0.000041s ]
INFO: [ app_init ] --END-- [ RunTime:0.000513s ]
INFO: [ app_begin ] --START--
INFO: Run Behavior\ReadHtmlCacheBehavior [ RunTime:0.000554s ]
INFO: [ app_begin ] --END-- [ RunTime:0.000751s ]
NOTIC: [8] Undefined variable: pdfdata C:\wamp\www\xcx\Application\Home\Controller\MpdfController.class.php 第 54 行.

[ 2019-04-17T12:23:50+08:00 ] 222.22.66.250 /xcx/home/Mpdf/Mpdf
INFO: [ app_init ] --START--
INFO: Run Behavior\BuildLiteBehavior [ RunTime:0.000064s ]
INFO: [ app_init ] --END-- [ RunTime:0.000788s ]
INFO: [ app_begin ] --START--
INFO: Run Behavior\ReadHtmlCacheBehavior [ RunTime:0.000945s ]
INFO: [ app_begin ] --END-- [ RunTime:0.001258s ]

[ 2019-04-17T12:24:00+08:00 ] 222.22.66.250 /xcx/home/Mpdf/Mpdf
INFO: [ app_init ] --START--
INFO: Run Behavior\BuildLiteBehavior [ RunTime:0.000042s ]
INFO: [ app_init ] --END-- [ RunTime:0.000525s ]
INFO: [ app_begin ] --START--
INFO: Run Behavior\ReadHtmlCacheBehavior [ RunTime:0.000586s ]
INFO: [ app_begin ] --END-- [ RunTime:0.000795s ]
NOTIC: [8] Undefined variable: pdfdata C:\wamp\www\xcx\Application\Home\Controller\MpdfController.class.php 第 54 行.

[ 2019-04-17T12:27:10+08:00 ] 222.22.66.250 /xcx/home/Mpdf/Mpdf
INFO: [ app_init ] --START--
INFO: Run Behavior\BuildLiteBehavior [ RunTime:0.000065s ]
INFO: [ app_init ] --END-- [ RunTime:0.000785s ]
INFO: [ app_begin ] --START--
INFO: Run Behavior\ReadHtmlCacheBehavior [ RunTime:0.000908s ]
INFO: [ app_begin ] --END-- [ RunTime:0.001218s ]
NOTIC: [8] Undefined variable: pdfdata C:\wamp\www\xcx\Application\Home\Controller\MpdfController.class.php 第 54 行.

[ 2019-04-17T12:27:12+08:00 ] 222.22.66.250 /xcx/home/Mpdf/Mpdf
INFO: [ app_init ] --START--
INFO: Run Behavior\BuildLiteBehavior [ RunTime:0.000045s ]
INFO: [ app_init ] --END-- [ RunTime:0.000548s ]
INFO: [ app_begin ] --START--
INFO: Run Behavior\ReadHtmlCacheBehavior [ RunTime:0.000570s ]
INFO: [ app_begin ] --END-- [ RunTime:0.000777s ]
NOTIC: [8] Undefined variable: pdfdata C:\wamp\www\xcx\Application\Home\Controller\MpdfController.class.php 第 54 行.

[ 2019-04-17T12:27:13+08:00 ] 222.22.66.250 /xcx/home/Mpdf/Mpdf
INFO: [ app_init ] --START--
INFO: Run Behavior\BuildLiteBehavior [ RunTime:0.000041s ]
INFO: [ app_init ] --END-- [ RunTime:0.000503s ]
INFO: [ app_begin ] --START--
INFO: Run Behavior\ReadHtmlCacheBehavior [ RunTime:0.000544s ]
INFO: [ app_begin ] --END-- [ RunTime:0.000737s ]
NOTIC: [8] Undefined variable: pdfdata C:\wamp\www\xcx\Application\Home\Controller\MpdfController.class.php 第 54 行.

[ 2019-04-17T12:27:13+08:00 ] 222.22.66.250 /xcx/home/Mpdf/Mpdf
INFO: [ app_init ] --START--
INFO: Run Behavior\BuildLiteBehavior [ RunTime:0.000062s ]
INFO: [ app_init ] --END-- [ RunTime:0.000741s ]
INFO: [ app_begin ] --START--
INFO: Run Behavior\ReadHtmlCacheBehavior [ RunTime:0.000824s ]
INFO: [ app_begin ] --END-- [ RunTime:0.001119s ]
NOTIC: [8] Undefined variable: pdfdata C:\wamp\www\xcx\Application\Home\Controller\MpdfController.class.php 第 54 行.

[ 2019-04-17T12:27:13+08:00 ] 222.22.66.250 /xcx/home/Mpdf/Mpdf
INFO: [ app_init ] --START--
INFO: Run Behavior\BuildLiteBehavior [ RunTime:0.000041s ]
INFO: [ app_init ] --END-- [ RunTime:0.000536s ]
INFO: [ app_begin ] --START--
INFO: Run Behavior\ReadHtmlCacheBehavior [ RunTime:0.000631s ]
INFO: [ app_begin ] --END-- [ RunTime:0.000877s ]
NOTIC: [8] Undefined variable: pdfdata C:\wamp\www\xcx\Application\Home\Controller\MpdfController.class.php 第 54 行.

[ 2019-04-17T12:27:14+08:00 ] 222.22.66.250 /xcx/home/Mpdf/Mpdf
INFO: [ app_init ] --START--
INFO: Run Behavior\BuildLiteBehavior [ RunTime:0.000063s ]
INFO: [ app_init ] --END-- [ RunTime:0.000796s ]
INFO: [ app_begin ] --START--
INFO: Run Behavior\ReadHtmlCacheBehavior [ RunTime:0.000887s ]
INFO: [ app_begin ] --END-- [ RunTime:0.001197s ]
NOTIC: [8] Undefined variable: pdfdata C:\wamp\www\xcx\Application\Home\Controller\MpdfController.class.php 第 54 行.

[ 2019-04-17T12:27:14+08:00 ] 222.22.66.250 /xcx/home/Mpdf/Mpdf
INFO: [ app_init ] --START--
INFO: Run Behavior\BuildLiteBehavior [ RunTime:0.000057s ]
INFO: [ app_init ] --END-- [ RunTime:0.000604s ]
INFO: [ app_begin ] --START--
INFO: Run Behavior\ReadHtmlCacheBehavior [ RunTime:0.000824s ]
INFO: [ app_begin ] --END-- [ RunTime:0.001085s ]
NOTIC: [8] Undefined variable: pdfdata C:\wamp\www\xcx\Application\Home\Controller\MpdfController.class.php 第 54 行.

[ 2019-04-17T12:27:15+08:00 ] 222.22.66.250 /xcx/home/Mpdf/Mpdf
INFO: [ app_init ] --START--
INFO: Run Behavior\BuildLiteBehavior [ RunTime:0.000067s ]
INFO: [ app_init ] --END-- [ RunTime:0.000817s ]
INFO: [ app_begin ] --START--
INFO: Run Behavior\ReadHtmlCacheBehavior [ RunTime:0.000884s ]
INFO: [ app_begin ] --END-- [ RunTime:0.001207s ]
NOTIC: [8] Undefined variable: pdfdata C:\wamp\www\xcx\Application\Home\Controller\MpdfController.class.php 第 54 行.

[ 2019-04-17T12:27:17+08:00 ] 222.22.66.250 /xcx/home/Mpdf/Mpdf
INFO: [ app_init ] --START--
INFO: Run Behavior\BuildLiteBehavior [ RunTime:0.000052s ]
INFO: [ app_init ] --END-- [ RunTime:0.000585s ]
INFO: [ app_begin ] --START--
INFO: Run Behavior\ReadHtmlCacheBehavior [ RunTime:0.000678s ]
INFO: [ app_begin ] --END-- [ RunTime:0.000905s ]
NOTIC: [8] Undefined variable: pdfdata C:\wamp\www\xcx\Application\Home\Controller\MpdfController.class.php 第 54 行.

[ 2019-04-17T12:36:03+08:00 ] 222.22.66.250 /xcx/home/Mpdf/Mpdf
INFO: [ app_init ] --START--
INFO: Run Behavior\BuildLiteBehavior [ RunTime:0.000061s ]
INFO: [ app_init ] --END-- [ RunTime:0.000739s ]
INFO: [ app_begin ] --START--
INFO: Run Behavior\ReadHtmlCacheBehavior [ RunTime:0.000904s ]
INFO: [ app_begin ] --END-- [ RunTime:0.001199s ]
NOTIC: [8] Undefined variable: pdfdata C:\wamp\www\xcx\Application\Home\Controller\MpdfController.class.php 第 54 行.
NOTIC: [2] fopen(tiger.wmf): failed to open stream: No such file or directory C:\wamp\www\ThinkPHP\Library\Vendor\MPDF60\mpdf.php 第 10428 行.
NOTIC: [2] fopen(https://www.caption-he.com.cn/xcx/tiger.wmf): failed to open stream: HTTP request failed! HTTP/1.1 404 Not Found
 C:\wamp\www\ThinkPHP\Library\Vendor\MPDF60\mpdf.php 第 10434 行.
NOTIC: [2] fopen(tiger.jpg): failed to open stream: No such file or directory C:\wamp\www\ThinkPHP\Library\Vendor\MPDF60\mpdf.php 第 10428 行.
NOTIC: [2] fopen(https://www.caption-he.com.cn/xcx/tiger.jpg): failed to open stream: HTTP request failed! HTTP/1.1 404 Not Found
 C:\wamp\www\ThinkPHP\Library\Vendor\MPDF60\mpdf.php 第 10434 行.
NOTIC: [8] Undefined variable: i C:\wamp\www\xcx\Application\Home\Controller\MpdfController.class.php 第 56 行.
NOTIC: [8] Undefined offset: 1 C:\wamp\www\xcx\Application\Home\Controller\MpdfController.class.php 第 84 行.
NOTIC: [8] Undefined offset: 1 C:\wamp\www\xcx\Application\Home\Controller\MpdfController.class.php 第 86 行.

[ 2019-04-17T12:37:25+08:00 ] 222.22.66.250 /xcx/home/Mpdf/Mpdf
INFO: [ app_init ] --START--
INFO: Run Behavior\BuildLiteBehavior [ RunTime:0.000039s ]
INFO: [ app_init ] --END-- [ RunTime:0.000545s ]
INFO: [ app_begin ] --START--
INFO: Run Behavior\ReadHtmlCacheBehavior [ RunTime:0.000534s ]
INFO: [ app_begin ] --END-- [ RunTime:0.000722s ]
NOTIC: [8] Undefined variable: pdfdata C:\wamp\www\xcx\Application\Home\Controller\MpdfController.class.php 第 55 行.
NOTIC: [8] Undefined variable: mpdf C:\wamp\www\xcx\Application\Home\Controller\MpdfController.class.php 第 101 行.

[ 2019-04-17T12:37:27+08:00 ] 222.22.66.250 /xcx/home/Mpdf/Mpdf
INFO: [ app_init ] --START--
INFO: Run Behavior\BuildLiteBehavior [ RunTime:0.000042s ]
INFO: [ app_init ] --END-- [ RunTime:0.000516s ]
INFO: [ app_begin ] --START--
INFO: Run Behavior\ReadHtmlCacheBehavior [ RunTime:0.000516s ]
INFO: [ app_begin ] --END-- [ RunTime:0.000708s ]
NOTIC: [8] Undefined variable: pdfdata C:\wamp\www\xcx\Application\Home\Controller\MpdfController.class.php 第 55 行.
NOTIC: [8] Undefined variable: mpdf C:\wamp\www\xcx\Application\Home\Controller\MpdfController.class.php 第 101 行.

[ 2019-04-17T12:37:58+08:00 ] 222.22.66.250 /xcx/home/Mpdf/Mpdf
INFO: [ app_init ] --START--
INFO: Run Behavior\BuildLiteBehavior [ RunTime:0.000065s ]
INFO: [ app_init ] --END-- [ RunTime:0.000874s ]
INFO: [ app_begin ] --START--
INFO: Run Behavior\ReadHtmlCacheBehavior [ RunTime:0.000724s ]
INFO: [ app_begin ] --END-- [ RunTime:0.001052s ]
NOTIC: [8] Undefined variable: pdfdata C:\wamp\www\xcx\Application\Home\Controller\MpdfController.class.php 第 55 行.
NOTIC: [2] fopen(tiger.wmf): failed to open stream: No such file or directory C:\wamp\www\ThinkPHP\Library\Vendor\MPDF60\mpdf.php 第 10428 行.
NOTIC: [2] fopen(https://www.caption-he.com.cn/xcx/tiger.wmf): failed to open stream: HTTP request failed! HTTP/1.1 404 Not Found
 C:\wamp\www\ThinkPHP\Library\Vendor\MPDF60\mpdf.php 第 10434 行.
NOTIC: [2] fopen(tiger.jpg): failed to open stream: No such file or directory C:\wamp\www\ThinkPHP\Library\Vendor\MPDF60\mpdf.php 第 10428 行.
NOTIC: [2] fopen(https://www.caption-he.com.cn/xcx/tiger.jpg): failed to open stream: HTTP request failed! HTTP/1.1 404 Not Found
 C:\wamp\www\ThinkPHP\Library\Vendor\MPDF60\mpdf.php 第 10434 行.
NOTIC: [8] Undefined variable: i C:\wamp\www\xcx\Application\Home\Controller\MpdfController.class.php 第 57 行.
NOTIC: [8] Undefined offset: 1 C:\wamp\www\xcx\Application\Home\Controller\MpdfController.class.php 第 85 行.
NOTIC: [8] Undefined offset: 1 C:\wamp\www\xcx\Application\Home\Controller\MpdfController.class.php 第 87 行.

[ 2019-04-17T12:40:58+08:00 ] 222.22.66.250 /xcx/home/Mpdf/Mpdf
INFO: [ app_init ] --START--
INFO: Run Behavior\BuildLiteBehavior [ RunTime:0.000061s ]
INFO: [ app_init ] --END-- [ RunTime:0.000773s ]
INFO: [ app_begin ] --START--
INFO: Run Behavior\ReadHtmlCacheBehavior [ RunTime:0.000791s ]
INFO: [ app_begin ] --END-- [ RunTime:0.001079s ]
NOTIC: [8] Undefined variable: pdfdata C:\wamp\www\xcx\Application\Home\Controller\MpdfController.class.php 第 54 行.
NOTIC: [2] fopen(tiger.wmf): failed to open stream: No such file or directory C:\wamp\www\ThinkPHP\Library\Vendor\MPDF60\mpdf.php 第 10428 行.
NOTIC: [2] fopen(https://www.caption-he.com.cn/xcx/tiger.wmf): failed to open stream: HTTP request failed! HTTP/1.1 404 Not Found
 C:\wamp\www\ThinkPHP\Library\Vendor\MPDF60\mpdf.php 第 10434 行.
NOTIC: [2] fopen(tiger.jpg): failed to open stream: No such file or directory C:\wamp\www\ThinkPHP\Library\Vendor\MPDF60\mpdf.php 第 10428 行.
NOTIC: [2] fopen(https://www.caption-he.com.cn/xcx/tiger.jpg): failed to open stream: HTTP request failed! HTTP/1.1 404 Not Found
 C:\wamp\www\ThinkPHP\Library\Vendor\MPDF60\mpdf.php 第 10434 行.
NOTIC: [8] Undefined variable: i C:\wamp\www\xcx\Application\Home\Controller\MpdfController.class.php 第 56 行.

[ 2019-04-17T12:48:26+08:00 ] 222.22.66.250 /xcx/home/Mpdf/Mpdf
INFO: [ app_init ] --START--
INFO: Run Behavior\BuildLiteBehavior [ RunTime:0.000060s ]
INFO: [ app_init ] --END-- [ RunTime:0.000737s ]
INFO: [ app_begin ] --START--
INFO: Run Behavior\ReadHtmlCacheBehavior [ RunTime:0.000754s ]
INFO: [ app_begin ] --END-- [ RunTime:0.001022s ]
NOTIC: [8] Undefined variable: pdfdata C:\wamp\www\xcx\Application\Home\Controller\MpdfController.class.php 第 54 行.
NOTIC: [2] fopen(tiger.wmf): failed to open stream: No such file or directory C:\wamp\www\ThinkPHP\Library\Vendor\MPDF60\mpdf.php 第 10428 行.
NOTIC: [2] fopen(https://www.caption-he.com.cn/xcx/tiger.wmf): failed to open stream: HTTP request failed! HTTP/1.1 404 Not Found
 C:\wamp\www\ThinkPHP\Library\Vendor\MPDF60\mpdf.php 第 10434 行.
NOTIC: [2] fopen(tiger.jpg): failed to open stream: No such file or directory C:\wamp\www\ThinkPHP\Library\Vendor\MPDF60\mpdf.php 第 10428 行.
NOTIC: [2] fopen(https://www.caption-he.com.cn/xcx/tiger.jpg): failed to open stream: HTTP request failed! HTTP/1.1 404 Not Found
 C:\wamp\www\ThinkPHP\Library\Vendor\MPDF60\mpdf.php 第 10434 行.
NOTIC: [8] Undefined variable: i C:\wamp\www\xcx\Application\Home\Controller\MpdfController.class.php 第 56 行.
NOTIC: [8] Undefined offset: 1 C:\wamp\www\xcx\Application\Home\Controller\MpdfController.class.php 第 88 行.
NOTIC: [8] Undefined offset: 1 C:\wamp\www\xcx\Application\Home\Controller\MpdfController.class.php 第 90 行.

[ 2019-04-17T12:48:29+08:00 ] 222.22.66.250 /xcx/home/Mpdf/Mpdf
INFO: [ app_init ] --START--
INFO: Run Behavior\BuildLiteBehavior [ RunTime:0.000068s ]
INFO: [ app_init ] --END-- [ RunTime:0.000735s ]
INFO: [ app_begin ] --START--
INFO: Run Behavior\ReadHtmlCacheBehavior [ RunTime:0.000778s ]
INFO: [ app_begin ] --END-- [ RunTime:0.001210s ]
NOTIC: [8] Undefined variable: pdfdata C:\wamp\www\xcx\Application\Home\Controller\MpdfController.class.php 第 54 行.
NOTIC: [2] fopen(tiger.wmf): failed to open stream: No such file or directory C:\wamp\www\ThinkPHP\Library\Vendor\MPDF60\mpdf.php 第 10428 行.
NOTIC: [2] fopen(https://www.caption-he.com.cn/xcx/tiger.wmf): failed to open stream: HTTP request failed! HTTP/1.1 404 Not Found
 C:\wamp\www\ThinkPHP\Library\Vendor\MPDF60\mpdf.php 第 10434 行.
NOTIC: [2] fopen(tiger.jpg): failed to open stream: No such file or directory C:\wamp\www\ThinkPHP\Library\Vendor\MPDF60\mpdf.php 第 10428 行.
NOTIC: [2] fopen(https://www.caption-he.com.cn/xcx/tiger.jpg): failed to open stream: HTTP request failed! HTTP/1.1 404 Not Found
 C:\wamp\www\ThinkPHP\Library\Vendor\MPDF60\mpdf.php 第 10434 行.
NOTIC: [8] Undefined variable: i C:\wamp\www\xcx\Application\Home\Controller\MpdfController.class.php 第 56 行.
NOTIC: [8] Undefined offset: 1 C:\wamp\www\xcx\Application\Home\Controller\MpdfController.class.php 第 88 行.
NOTIC: [8] Undefined offset: 1 C:\wamp\www\xcx\Application\Home\Controller\MpdfController.class.php 第 90 行.

[ 2019-04-17T12:48:55+08:00 ] 222.22.66.250 /xcx/home/Mpdf/Mpdf
INFO: [ app_init ] --START--
INFO: Run Behavior\BuildLiteBehavior [ RunTime:0.000042s ]
INFO: [ app_init ] --END-- [ RunTime:0.000579s ]
INFO: [ app_begin ] --START--
INFO: Run Behavior\ReadHtmlCacheBehavior [ RunTime:0.000857s ]
INFO: [ app_begin ] --END-- [ RunTime:0.001078s ]
NOTIC: [2] fopen(tiger.wmf): failed to open stream: No such file or directory C:\wamp\www\ThinkPHP\Library\Vendor\MPDF60\mpdf.php 第 10428 行.
NOTIC: [2] fopen(https://www.caption-he.com.cn/xcx/tiger.wmf): failed to open stream: HTTP request failed! HTTP/1.1 404 Not Found
 C:\wamp\www\ThinkPHP\Library\Vendor\MPDF60\mpdf.php 第 10434 行.
NOTIC: [2] fopen(tiger.jpg): failed to open stream: No such file or directory C:\wamp\www\ThinkPHP\Library\Vendor\MPDF60\mpdf.php 第 10428 行.
NOTIC: [2] fopen(https://www.caption-he.com.cn/xcx/tiger.jpg): failed to open stream: HTTP request failed! HTTP/1.1 404 Not Found
 C:\wamp\www\ThinkPHP\Library\Vendor\MPDF60\mpdf.php 第 10434 行.
NOTIC: [8] Undefined variable: i C:\wamp\www\xcx\Application\Home\Controller\MpdfController.class.php 第 56 行.
NOTIC: [8] Undefined offset: 1 C:\wamp\www\xcx\Application\Home\Controller\MpdfController.class.php 第 88 行.
NOTIC: [8] Undefined offset: 1 C:\wamp\www\xcx\Application\Home\Controller\MpdfController.class.php 第 90 行.

[ 2019-04-17T12:48:57+08:00 ] 222.22.66.250 /xcx/home/Mpdf/Mpdf
INFO: [ app_init ] --START--
INFO: Run Behavior\BuildLiteBehavior [ RunTime:0.000057s ]
INFO: [ app_init ] --END-- [ RunTime:0.000545s ]
INFO: [ app_begin ] --START--
INFO: Run Behavior\ReadHtmlCacheBehavior [ RunTime:0.000595s ]
INFO: [ app_begin ] --END-- [ RunTime:0.000798s ]
NOTIC: [2] fopen(tiger.wmf): failed to open stream: No such file or directory C:\wamp\www\ThinkPHP\Library\Vendor\MPDF60\mpdf.php 第 10428 行.
NOTIC: [2] fopen(https://www.caption-he.com.cn/xcx/tiger.wmf): failed to open stream: HTTP request failed! HTTP/1.1 404 Not Found
 C:\wamp\www\ThinkPHP\Library\Vendor\MPDF60\mpdf.php 第 10434 行.
NOTIC: [2] fopen(tiger.jpg): failed to open stream: No such file or directory C:\wamp\www\ThinkPHP\Library\Vendor\MPDF60\mpdf.php 第 10428 行.
NOTIC: [2] fopen(https://www.caption-he.com.cn/xcx/tiger.jpg): failed to open stream: HTTP request failed! HTTP/1.1 404 Not Found
 C:\wamp\www\ThinkPHP\Library\Vendor\MPDF60\mpdf.php 第 10434 行.
NOTIC: [8] Undefined variable: i C:\wamp\www\xcx\Application\Home\Controller\MpdfController.class.php 第 56 行.
NOTIC: [8] Undefined offset: 1 C:\wamp\www\xcx\Application\Home\Controller\MpdfController.class.php 第 88 行.
NOTIC: [8] Undefined offset: 1 C:\wamp\www\xcx\Application\Home\Controller\MpdfController.class.php 第 90 行.

[ 2019-04-17T12:49:07+08:00 ] 222.22.66.250 /xcx/home/Mpdf/Mpdf
INFO: [ app_init ] --START--
INFO: Run Behavior\BuildLiteBehavior [ RunTime:0.000052s ]
INFO: [ app_init ] --END-- [ RunTime:0.000557s ]
INFO: [ app_begin ] --START--
INFO: Run Behavior\ReadHtmlCacheBehavior [ RunTime:0.000481s ]
INFO: [ app_begin ] --END-- [ RunTime:0.000679s ]
NOTIC: [2] fopen(tiger.wmf): failed to open stream: No such file or directory C:\wamp\www\ThinkPHP\Library\Vendor\MPDF60\mpdf.php 第 10428 行.
NOTIC: [2] fopen(https://www.caption-he.com.cn/xcx/tiger.wmf): failed to open stream: HTTP request failed! HTTP/1.1 404 Not Found
 C:\wamp\www\ThinkPHP\Library\Vendor\MPDF60\mpdf.php 第 10434 行.
NOTIC: [2] fopen(tiger.jpg): failed to open stream: No such file or directory C:\wamp\www\ThinkPHP\Library\Vendor\MPDF60\mpdf.php 第 10428 行.
NOTIC: [2] fopen(https://www.caption-he.com.cn/xcx/tiger.jpg): failed to open stream: HTTP request failed! HTTP/1.1 404 Not Found
 C:\wamp\www\ThinkPHP\Library\Vendor\MPDF60\mpdf.php 第 10434 行.
NOTIC: [8] Undefined variable: i C:\wamp\www\xcx\Application\Home\Controller\MpdfController.class.php 第 56 行.
NOTIC: [8] Undefined offset: 1 C:\wamp\www\xcx\Application\Home\Controller\MpdfController.class.php 第 88 行.
NOTIC: [8] Undefined offset: 1 C:\wamp\www\xcx\Application\Home\Controller\MpdfController.class.php 第 90 行.

[ 2019-04-17T12:49:10+08:00 ] 222.22.66.250 /xcx/home/Mpdf/Mpdf
INFO: [ app_init ] --START--
INFO: Run Behavior\BuildLiteBehavior [ RunTime:0.000042s ]
INFO: [ app_init ] --END-- [ RunTime:0.000603s ]
INFO: [ app_begin ] --START--
INFO: Run Behavior\ReadHtmlCacheBehavior [ RunTime:0.000856s ]
INFO: [ app_begin ] --END-- [ RunTime:0.001200s ]
NOTIC: [2] fopen(tiger.wmf): failed to open stream: No such file or directory C:\wamp\www\ThinkPHP\Library\Vendor\MPDF60\mpdf.php 第 10428 行.
NOTIC: [2] fopen(https://www.caption-he.com.cn/xcx/tiger.wmf): failed to open stream: HTTP request failed! HTTP/1.1 404 Not Found
 C:\wamp\www\ThinkPHP\Library\Vendor\MPDF60\mpdf.php 第 10434 行.
NOTIC: [2] fopen(tiger.jpg): failed to open stream: No such file or directory C:\wamp\www\ThinkPHP\Library\Vendor\MPDF60\mpdf.php 第 10428 行.
NOTIC: [2] fopen(https://www.caption-he.com.cn/xcx/tiger.jpg): failed to open stream: HTTP request failed! HTTP/1.1 404 Not Found
 C:\wamp\www\ThinkPHP\Library\Vendor\MPDF60\mpdf.php 第 10434 行.
NOTIC: [8] Undefined variable: i C:\wamp\www\xcx\Application\Home\Controller\MpdfController.class.php 第 56 行.
NOTIC: [8] Undefined offset: 1 C:\wamp\www\xcx\Application\Home\Controller\MpdfController.class.php 第 88 行.
NOTIC: [8] Undefined offset: 1 C:\wamp\www\xcx\Application\Home\Controller\MpdfController.class.php 第 90 行.

[ 2019-04-17T12:50:32+08:00 ] 222.22.66.250 /xcx/home/Mpdf/Mpdf
INFO: [ app_init ] --START--
INFO: Run Behavior\BuildLiteBehavior [ RunTime:0.000043s ]
INFO: [ app_init ] --END-- [ RunTime:0.000561s ]
INFO: [ app_begin ] --START--
INFO: Run Behavior\ReadHtmlCacheBehavior [ RunTime:0.000673s ]
INFO: [ app_begin ] --END-- [ RunTime:0.000938s ]
NOTIC: [8] Undefined variable: html2 C:\wamp\www\xcx\Application\Home\Controller\MpdfController.class.php 第 58 行.

[ 2019-04-17T12:50:58+08:00 ] 222.22.66.250 /xcx/home/Mpdf/Mpdf
INFO: [ app_init ] --START--
INFO: Run Behavior\BuildLiteBehavior [ RunTime:0.000042s ]
INFO: [ app_init ] --END-- [ RunTime:0.000567s ]
INFO: [ app_begin ] --START--
INFO: Run Behavior\ReadHtmlCacheBehavior [ RunTime:0.000738s ]
INFO: [ app_begin ] --END-- [ RunTime:0.000947s ]
NOTIC: [8] Undefined variable: html2 C:\wamp\www\xcx\Application\Home\Controller\MpdfController.class.php 第 58 行.

[ 2019-04-17T12:52:01+08:00 ] 222.22.66.250 /xcx/home/Mpdf/Mpdf
INFO: [ app_init ] --START--
INFO: Run Behavior\BuildLiteBehavior [ RunTime:0.000042s ]
INFO: [ app_init ] --END-- [ RunTime:0.000480s ]
INFO: [ app_begin ] --START--
INFO: Run Behavior\ReadHtmlCacheBehavior [ RunTime:0.000625s ]
INFO: [ app_begin ] --END-- [ RunTime:0.000820s ]
NOTIC: [8] Undefined variable: pdfdata C:\wamp\www\xcx\Application\Home\Controller\MpdfController.class.php 第 54 行.
NOTIC: [2] fopen(tiger.wmf): failed to open stream: No such file or directory C:\wamp\www\ThinkPHP\Library\Vendor\MPDF60\mpdf.php 第 10428 行.
NOTIC: [2] fopen(https://www.caption-he.com.cn/xcx/tiger.wmf): failed to open stream: HTTP request failed! HTTP/1.1 404 Not Found
 C:\wamp\www\ThinkPHP\Library\Vendor\MPDF60\mpdf.php 第 10434 行.
NOTIC: [2] fopen(tiger.jpg): failed to open stream: No such file or directory C:\wamp\www\ThinkPHP\Library\Vendor\MPDF60\mpdf.php 第 10428 行.
NOTIC: [2] fopen(https://www.caption-he.com.cn/xcx/tiger.jpg): failed to open stream: HTTP request failed! HTTP/1.1 404 Not Found
 C:\wamp\www\ThinkPHP\Library\Vendor\MPDF60\mpdf.php 第 10434 行.
NOTIC: [8] Undefined variable: i C:\wamp\www\xcx\Application\Home\Controller\MpdfController.class.php 第 56 行.
NOTIC: [8] Undefined offset: 1 C:\wamp\www\xcx\Application\Home\Controller\MpdfController.class.php 第 84 行.
NOTIC: [8] Undefined offset: 1 C:\wamp\www\xcx\Application\Home\Controller\MpdfController.class.php 第 86 行.

[ 2019-04-17T12:52:06+08:00 ] 222.22.66.250 /xcx/home/Mpdf/Mpdf
INFO: [ app_init ] --START--
INFO: Run Behavior\BuildLiteBehavior [ RunTime:0.000065s ]
INFO: [ app_init ] --END-- [ RunTime:0.000652s ]
INFO: [ app_begin ] --START--
INFO: Run Behavior\ReadHtmlCacheBehavior [ RunTime:0.000827s ]
INFO: [ app_begin ] --END-- [ RunTime:0.001110s ]
NOTIC: [8] Undefined variable: pdfdata C:\wamp\www\xcx\Application\Home\Controller\MpdfController.class.php 第 54 行.
NOTIC: [2] fopen(tiger.wmf): failed to open stream: No such file or directory C:\wamp\www\ThinkPHP\Library\Vendor\MPDF60\mpdf.php 第 10428 行.
NOTIC: [2] fopen(https://www.caption-he.com.cn/xcx/tiger.wmf): failed to open stream: HTTP request failed! HTTP/1.1 404 Not Found
 C:\wamp\www\ThinkPHP\Library\Vendor\MPDF60\mpdf.php 第 10434 行.
NOTIC: [2] fopen(tiger.jpg): failed to open stream: No such file or directory C:\wamp\www\ThinkPHP\Library\Vendor\MPDF60\mpdf.php 第 10428 行.
NOTIC: [2] fopen(https://www.caption-he.com.cn/xcx/tiger.jpg): failed to open stream: HTTP request failed! HTTP/1.1 404 Not Found
 C:\wamp\www\ThinkPHP\Library\Vendor\MPDF60\mpdf.php 第 10434 行.
NOTIC: [8] Undefined variable: i C:\wamp\www\xcx\Application\Home\Controller\MpdfController.class.php 第 56 行.
NOTIC: [8] Undefined offset: 1 C:\wamp\www\xcx\Application\Home\Controller\MpdfController.class.php 第 84 行.
NOTIC: [8] Undefined offset: 1 C:\wamp\www\xcx\Application\Home\Controller\MpdfController.class.php 第 86 行.

[ 2019-04-17T12:53:04+08:00 ] 222.22.66.250 /xcx/home/Mpdf/Mpdf
INFO: [ app_init ] --START--
INFO: Run Behavior\BuildLiteBehavior [ RunTime:0.000042s ]
INFO: [ app_init ] --END-- [ RunTime:0.000513s ]
INFO: [ app_begin ] --START--
INFO: Run Behavior\ReadHtmlCacheBehavior [ RunTime:0.000678s ]
INFO: [ app_begin ] --END-- [ RunTime:0.000893s ]
NOTIC: [8] Undefined variable: pdfdata C:\wamp\www\xcx\Application\Home\Controller\MpdfController.class.php 第 54 行.
NOTIC: [2] fopen(tiger.wmf): failed to open stream: No such file or directory C:\wamp\www\ThinkPHP\Library\Vendor\MPDF60\mpdf.php 第 10428 行.
NOTIC: [2] fopen(https://www.caption-he.com.cn/xcx/tiger.wmf): failed to open stream: HTTP request failed! HTTP/1.1 404 Not Found
 C:\wamp\www\ThinkPHP\Library\Vendor\MPDF60\mpdf.php 第 10434 行.
NOTIC: [2] fopen(tiger.jpg): failed to open stream: No such file or directory C:\wamp\www\ThinkPHP\Library\Vendor\MPDF60\mpdf.php 第 10428 行.
NOTIC: [2] fopen(https://www.caption-he.com.cn/xcx/tiger.jpg): failed to open stream: HTTP request failed! HTTP/1.1 404 Not Found
 C:\wamp\www\ThinkPHP\Library\Vendor\MPDF60\mpdf.php 第 10434 行.

[ 2019-04-17T12:54:29+08:00 ] 222.22.66.250 /xcx/home/Mpdf/Mpdf
INFO: [ app_init ] --START--
INFO: Run Behavior\BuildLiteBehavior [ RunTime:0.000064s ]
INFO: [ app_init ] --END-- [ RunTime:0.000863s ]
INFO: [ app_begin ] --START--
INFO: Run Behavior\ReadHtmlCacheBehavior [ RunTime:0.000620s ]
INFO: [ app_begin ] --END-- [ RunTime:0.000810s ]
NOTIC: [8] Undefined variable: pdfdata C:\wamp\www\xcx\Application\Home\Controller\MpdfController.class.php 第 54 行.
NOTIC: [2] fopen(tiger.wmf): failed to open stream: No such file or directory C:\wamp\www\ThinkPHP\Library\Vendor\MPDF60\mpdf.php 第 10428 行.
NOTIC: [2] fopen(https://www.caption-he.com.cn/xcx/tiger.wmf): failed to open stream: HTTP request failed! HTTP/1.1 404 Not Found
 C:\wamp\www\ThinkPHP\Library\Vendor\MPDF60\mpdf.php 第 10434 行.
NOTIC: [2] fopen(tiger.jpg): failed to open stream: No such file or directory C:\wamp\www\ThinkPHP\Library\Vendor\MPDF60\mpdf.php 第 10428 行.
NOTIC: [2] fopen(https://www.caption-he.com.cn/xcx/tiger.jpg): failed to open stream: HTTP request failed! HTTP/1.1 404 Not Found
 C:\wamp\www\ThinkPHP\Library\Vendor\MPDF60\mpdf.php 第 10434 行.

[ 2019-04-17T12:55:46+08:00 ] 222.22.66.250 /xcx/home/Mpdf/Mpdf
INFO: [ app_init ] --START--
INFO: Run Behavior\BuildLiteBehavior [ RunTime:0.000053s ]
INFO: [ app_init ] --END-- [ RunTime:0.000544s ]
INFO: [ app_begin ] --START--
INFO: Run Behavior\ReadHtmlCacheBehavior [ RunTime:0.000580s ]
INFO: [ app_begin ] --END-- [ RunTime:0.000795s ]
NOTIC: [8] Undefined variable: pdfdata C:\wamp\www\xcx\Application\Home\Controller\MpdfController.class.php 第 54 行.
NOTIC: [2] fopen(tiger.wmf): failed to open stream: No such file or directory C:\wamp\www\ThinkPHP\Library\Vendor\MPDF60\mpdf.php 第 10428 行.
NOTIC: [2] fopen(https://www.caption-he.com.cn/xcx/tiger.wmf): failed to open stream: HTTP request failed! HTTP/1.1 404 Not Found
 C:\wamp\www\ThinkPHP\Library\Vendor\MPDF60\mpdf.php 第 10434 行.
NOTIC: [2] fopen(tiger.jpg): failed to open stream: No such file or directory C:\wamp\www\ThinkPHP\Library\Vendor\MPDF60\mpdf.php 第 10428 行.
NOTIC: [2] fopen(https://www.caption-he.com.cn/xcx/tiger.jpg): failed to open stream: HTTP request failed! HTTP/1.1 404 Not Found
 C:\wamp\www\ThinkPHP\Library\Vendor\MPDF60\mpdf.php 第 10434 行.

[ 2019-04-17T12:55:48+08:00 ] 222.22.66.250 /xcx/home/Mpdf/Mpdf
INFO: [ app_init ] --START--
INFO: Run Behavior\BuildLiteBehavior [ RunTime:0.000043s ]
INFO: [ app_init ] --END-- [ RunTime:0.000562s ]
INFO: [ app_begin ] --START--
INFO: Run Behavior\ReadHtmlCacheBehavior [ RunTime:0.000769s ]
INFO: [ app_begin ] --END-- [ RunTime:0.001028s ]
NOTIC: [8] Undefined variable: pdfdata C:\wamp\www\xcx\Application\Home\Controller\MpdfController.class.php 第 54 行.
NOTIC: [2] fopen(tiger.wmf): failed to open stream: No such file or directory C:\wamp\www\ThinkPHP\Library\Vendor\MPDF60\mpdf.php 第 10428 行.
NOTIC: [2] fopen(https://www.caption-he.com.cn/xcx/tiger.wmf): failed to open stream: HTTP request failed! HTTP/1.1 404 Not Found
 C:\wamp\www\ThinkPHP\Library\Vendor\MPDF60\mpdf.php 第 10434 行.
NOTIC: [2] fopen(tiger.jpg): failed to open stream: No such file or directory C:\wamp\www\ThinkPHP\Library\Vendor\MPDF60\mpdf.php 第 10428 行.
NOTIC: [2] fopen(https://www.caption-he.com.cn/xcx/tiger.jpg): failed to open stream: HTTP request failed! HTTP/1.1 404 Not Found
 C:\wamp\www\ThinkPHP\Library\Vendor\MPDF60\mpdf.php 第 10434 行.

[ 2019-04-17T14:10:46+08:00 ] 222.22.66.250 /xcx/home/Mpdf/updatetxt
INFO: [ app_init ] --START--
INFO: Run Behavior\BuildLiteBehavior [ RunTime:0.000126s ]
INFO: [ app_init ] --END-- [ RunTime:0.000893s ]
INFO: [ app_begin ] --START--
INFO: Run Behavior\ReadHtmlCacheBehavior [ RunTime:0.000792s ]
INFO: [ app_begin ] --END-- [ RunTime:0.001035s ]
ERR: 非法操作:updatetxt

[ 2019-04-17T14:11:32+08:00 ] 222.22.66.250 /xcx/home/index/updatetxt
INFO: [ app_init ] --START--
INFO: Run Behavior\BuildLiteBehavior [ RunTime:0.000041s ]
INFO: [ app_init ] --END-- [ RunTime:0.000598s ]
INFO: [ app_begin ] --START--
INFO: Run Behavior\ReadHtmlCacheBehavior [ RunTime:0.000669s ]
INFO: [ app_begin ] --END-- [ RunTime:0.000886s ]
INFO: [ app_end ] --START--
INFO: Run Behavior\ShowPageTraceBehavior [ RunTime:0.001550s ]
INFO: [ app_end ] --END-- [ RunTime:0.001762s ]

[ 2019-04-17T14:12:18+08:00 ] 222.22.66.250 /xcx/home/index/updatetxt
INFO: [ app_init ] --START--
INFO: Run Behavior\BuildLiteBehavior [ RunTime:0.000047s ]
INFO: [ app_init ] --END-- [ RunTime:0.000595s ]
INFO: [ app_begin ] --START--
INFO: Run Behavior\ReadHtmlCacheBehavior [ RunTime:0.000591s ]
INFO: [ app_begin ] --END-- [ RunTime:0.000796s ]

[ 2019-04-17T14:12:27+08:00 ] 222.22.66.250 /xcx/home/index/updatetxt
INFO: [ app_init ] --START--
INFO: Run Behavior\BuildLiteBehavior [ RunTime:0.000063s ]
INFO: [ app_init ] --END-- [ RunTime:0.000708s ]
INFO: [ app_begin ] --START--
INFO: Run Behavior\ReadHtmlCacheBehavior [ RunTime:0.000840s ]
INFO: [ app_begin ] --END-- [ RunTime:0.001135s ]
INFO: [ app_end ] --START--
INFO: Run Behavior\ShowPageTraceBehavior [ RunTime:0.000914s ]
INFO: [ app_end ] --END-- [ RunTime:0.001228s ]

[ 2019-04-17T14:13:05+08:00 ] 222.22.66.250 /xcx/home/index/updatetxt
INFO: [ app_init ] --START--
INFO: Run Behavior\BuildLiteBehavior [ RunTime:0.000065s ]
INFO: [ app_init ] --END-- [ RunTime:0.000707s ]
INFO: [ app_begin ] --START--
INFO: Run Behavior\ReadHtmlCacheBehavior [ RunTime:0.000788s ]
INFO: [ app_begin ] --END-- [ RunTime:0.001062s ]
INFO: [ app_end ] --START--
INFO: Run Behavior\ShowPageTraceBehavior [ RunTime:0.000753s ]
INFO: [ app_end ] --END-- [ RunTime:0.001017s ]

[ 2019-04-17T14:13:19+08:00 ] 222.22.66.250 /xcx/home/index/updatetxt
INFO: [ app_init ] --START--
INFO: Run Behavior\BuildLiteBehavior [ RunTime:0.000060s ]
INFO: [ app_init ] --END-- [ RunTime:0.000681s ]
INFO: [ app_begin ] --START--
INFO: Run Behavior\ReadHtmlCacheBehavior [ RunTime:0.001019s ]
INFO: [ app_begin ] --END-- [ RunTime:0.001310s ]
INFO: [ app_end ] --START--
INFO: Run Behavior\ShowPageTraceBehavior [ RunTime:0.000816s ]
INFO: [ app_end ] --END-- [ RunTime:0.001106s ]

[ 2019-04-17T14:13:22+08:00 ] 222.22.66.250 /xcx/home/index/updatetxt
INFO: [ app_init ] --START--
INFO: Run Behavior\BuildLiteBehavior [ RunTime:0.000045s ]
INFO: [ app_init ] --END-- [ RunTime:0.000597s ]
INFO: [ app_begin ] --START--
INFO: Run Behavior\ReadHtmlCacheBehavior [ RunTime:0.000606s ]
INFO: [ app_begin ] --END-- [ RunTime:0.000820s ]
INFO: [ app_end ] --START--
INFO: Run Behavior\ShowPageTraceBehavior [ RunTime:0.000628s ]
INFO: [ app_end ] --END-- [ RunTime:0.000848s ]

[ 2019-04-17T14:13:32+08:00 ] 222.22.66.250 /xcx/home/index/updatetxt
INFO: [ app_init ] --START--
INFO: Run Behavior\BuildLiteBehavior [ RunTime:0.000059s ]
INFO: [ app_init ] --END-- [ RunTime:0.000630s ]
INFO: [ app_begin ] --START--
INFO: Run Behavior\ReadHtmlCacheBehavior [ RunTime:0.000709s ]
INFO: [ app_begin ] --END-- [ RunTime:0.000970s ]
INFO: [ app_end ] --START--
INFO: Run Behavior\ShowPageTraceBehavior [ RunTime:0.000726s ]
INFO: [ app_end ] --END-- [ RunTime:0.001023s ]

[ 2019-04-17T14:13:32+08:00 ] 222.22.66.250 /xcx/home/index/updatetxt
INFO: [ app_init ] --START--
INFO: Run Behavior\BuildLiteBehavior [ RunTime:0.000044s ]
INFO: [ app_init ] --END-- [ RunTime:0.000494s ]
INFO: [ app_begin ] --START--
INFO: Run Behavior\ReadHtmlCacheBehavior [ RunTime:0.000645s ]
INFO: [ app_begin ] --END-- [ RunTime:0.000839s ]
INFO: [ app_end ] --START--
INFO: Run Behavior\ShowPageTraceBehavior [ RunTime:0.000615s ]
INFO: [ app_end ] --END-- [ RunTime:0.000807s ]

[ 2019-04-17T14:13:32+08:00 ] 222.22.66.250 /xcx/home/index/updatetxt
INFO: [ app_init ] --START--
INFO: Run Behavior\BuildLiteBehavior [ RunTime:0.000121s ]
INFO: [ app_init ] --END-- [ RunTime:0.000622s ]
INFO: [ app_begin ] --START--
INFO: Run Behavior\ReadHtmlCacheBehavior [ RunTime:0.000574s ]
INFO: [ app_begin ] --END-- [ RunTime:0.000775s ]
INFO: [ app_end ] --START--
INFO: Run Behavior\ShowPageTraceBehavior [ RunTime:0.000555s ]
INFO: [ app_end ] --END-- [ RunTime:0.000762s ]

[ 2019-04-17T14:13:32+08:00 ] 222.22.66.250 /xcx/home/index/updatetxt
INFO: [ app_init ] --START--
INFO: Run Behavior\BuildLiteBehavior [ RunTime:0.000056s ]
INFO: [ app_init ] --END-- [ RunTime:0.000521s ]
INFO: [ app_begin ] --START--
INFO: Run Behavior\ReadHtmlCacheBehavior [ RunTime:0.000695s ]
INFO: [ app_begin ] --END-- [ RunTime:0.000903s ]
INFO: [ app_end ] --START--
INFO: Run Behavior\ShowPageTraceBehavior [ RunTime:0.000797s ]
INFO: [ app_end ] --END-- [ RunTime:0.001026s ]

[ 2019-04-17T14:13:32+08:00 ] 222.22.66.250 /xcx/home/index/updatetxt
INFO: [ app_init ] --START--
INFO: Run Behavior\BuildLiteBehavior [ RunTime:0.000069s ]
INFO: [ app_init ] --END-- [ RunTime:0.000735s ]
INFO: [ app_begin ] --START--
INFO: Run Behavior\ReadHtmlCacheBehavior [ RunTime:0.000901s ]
INFO: [ app_begin ] --END-- [ RunTime:0.001229s ]
INFO: [ app_end ] --START--
INFO: Run Behavior\ShowPageTraceBehavior [ RunTime:0.000851s ]
INFO: [ app_end ] --END-- [ RunTime:0.001165s ]

[ 2019-04-17T14:13:33+08:00 ] 222.22.66.250 /xcx/home/index/updatetxt
INFO: [ app_init ] --START--
INFO: Run Behavior\BuildLiteBehavior [ RunTime:0.000044s ]
INFO: [ app_init ] --END-- [ RunTime:0.000522s ]
INFO: [ app_begin ] --START--
INFO: Run Behavior\ReadHtmlCacheBehavior [ RunTime:0.000609s ]
INFO: [ app_begin ] --END-- [ RunTime:0.000821s ]
INFO: [ app_end ] --START--
INFO: Run Behavior\ShowPageTraceBehavior [ RunTime:0.000592s ]
INFO: [ app_end ] --END-- [ RunTime:0.000787s ]

[ 2019-04-17T14:13:33+08:00 ] 222.22.66.250 /xcx/home/index/updatetxt
INFO: [ app_init ] --START--
INFO: Run Behavior\BuildLiteBehavior [ RunTime:0.000046s ]
INFO: [ app_init ] --END-- [ RunTime:0.000574s ]
INFO: [ app_begin ] --START--
INFO: Run Behavior\ReadHtmlCacheBehavior [ RunTime:0.000844s ]
INFO: [ app_begin ] --END-- [ RunTime:0.001145s ]
INFO: [ app_end ] --START--
INFO: Run Behavior\ShowPageTraceBehavior [ RunTime:0.000646s ]
INFO: [ app_end ] --END-- [ RunTime:0.000836s ]

[ 2019-04-17T14:13:33+08:00 ] 222.22.66.250 /xcx/home/index/updatetxt
INFO: [ app_init ] --START--
INFO: Run Behavior\BuildLiteBehavior [ RunTime:0.000040s ]
INFO: [ app_init ] --END-- [ RunTime:0.000533s ]
INFO: [ app_begin ] --START--
INFO: Run Behavior\ReadHtmlCacheBehavior [ RunTime:0.000595s ]
INFO: [ app_begin ] --END-- [ RunTime:0.000819s ]
INFO: [ app_end ] --START--
INFO: Run Behavior\ShowPageTraceBehavior [ RunTime:0.000596s ]
INFO: [ app_end ] --END-- [ RunTime:0.000797s ]

[ 2019-04-17T14:13:33+08:00 ] 222.22.66.250 /xcx/home/index/updatetxt
INFO: [ app_init ] --START--
INFO: Run Behavior\BuildLiteBehavior [ RunTime:0.000054s ]
INFO: [ app_init ] --END-- [ RunTime:0.000573s ]
INFO: [ app_begin ] --START--
INFO: Run Behavior\ReadHtmlCacheBehavior [ RunTime:0.000639s ]
INFO: [ app_begin ] --END-- [ RunTime:0.000849s ]
INFO: [ app_end ] --START--
INFO: Run Behavior\ShowPageTraceBehavior [ RunTime:0.000618s ]
INFO: [ app_end ] --END-- [ RunTime:0.000817s ]

[ 2019-04-17T14:13:33+08:00 ] 222.22.66.250 /xcx/home/index/updatetxt
INFO: [ app_init ] --START--
INFO: Run Behavior\BuildLiteBehavior [ RunTime:0.000041s ]
INFO: [ app_init ] --END-- [ RunTime:0.000498s ]
INFO: [ app_begin ] --START--
INFO: Run Behavior\ReadHtmlCacheBehavior [ RunTime:0.000586s ]
INFO: [ app_begin ] --END-- [ RunTime:0.000802s ]
INFO: [ app_end ] --START--
INFO: Run Behavior\ShowPageTraceBehavior [ RunTime:0.000586s ]
INFO: [ app_end ] --END-- [ RunTime:0.000821s ]

[ 2019-04-17T14:14:13+08:00 ] 222.22.66.250 /xcx/home/index/updatetxt
INFO: [ app_init ] --START--
INFO: Run Behavior\BuildLiteBehavior [ RunTime:0.000063s ]
INFO: [ app_init ] --END-- [ RunTime:0.000680s ]
INFO: [ app_begin ] --START--
INFO: Run Behavior\ReadHtmlCacheBehavior [ RunTime:0.000806s ]
INFO: [ app_begin ] --END-- [ RunTime:0.001016s ]
INFO: [ app_end ] --START--
INFO: Run Behavior\ShowPageTraceBehavior [ RunTime:0.000721s ]
INFO: [ app_end ] --END-- [ RunTime:0.000985s ]

[ 2019-04-17T14:14:30+08:00 ] 222.22.66.250 /xcx/home/index/updatetxt
INFO: [ app_init ] --START--
INFO: Run Behavior\BuildLiteBehavior [ RunTime:0.000059s ]
INFO: [ app_init ] --END-- [ RunTime:0.000658s ]
INFO: [ app_begin ] --START--
INFO: Run Behavior\ReadHtmlCacheBehavior [ RunTime:0.000828s ]
INFO: [ app_begin ] --END-- [ RunTime:0.001111s ]
INFO: [ app_end ] --START--
INFO: Run Behavior\ShowPageTraceBehavior [ RunTime:0.000819s ]
INFO: [ app_end ] --END-- [ RunTime:0.001101s ]

[ 2019-04-17T14:14:41+08:00 ] 222.22.66.250 /xcx/home/index/updatetxt
INFO: [ app_init ] --START--
INFO: Run Behavior\BuildLiteBehavior [ RunTime:0.000068s ]
INFO: [ app_init ] --END-- [ RunTime:0.000980s ]
INFO: [ app_begin ] --START--
INFO: Run Behavior\ReadHtmlCacheBehavior [ RunTime:0.000745s ]
INFO: [ app_begin ] --END-- [ RunTime:0.000979s ]
INFO: [ app_end ] --START--
INFO: Run Behavior\ShowPageTraceBehavior [ RunTime:0.000674s ]
INFO: [ app_end ] --END-- [ RunTime:0.000919s ]

[ 2019-04-17T14:14:41+08:00 ] 222.22.66.250 /xcx/home/index/updatetxt
INFO: [ app_init ] --START--
INFO: Run Behavior\BuildLiteBehavior [ RunTime:0.000055s ]
INFO: [ app_init ] --END-- [ RunTime:0.000593s ]
INFO: [ app_begin ] --START--
INFO: Run Behavior\ReadHtmlCacheBehavior [ RunTime:0.000859s ]
INFO: [ app_begin ] --END-- [ RunTime:0.001152s ]
INFO: [ app_end ] --START--
INFO: Run Behavior\ShowPageTraceBehavior [ RunTime:0.000907s ]
INFO: [ app_end ] --END-- [ RunTime:0.001223s ]

[ 2019-04-17T14:14:41+08:00 ] 222.22.66.250 /xcx/home/index/updatetxt
INFO: [ app_init ] --START--
INFO: Run Behavior\BuildLiteBehavior [ RunTime:0.000042s ]
INFO: [ app_init ] --END-- [ RunTime:0.000564s ]
INFO: [ app_begin ] --START--
INFO: Run Behavior\ReadHtmlCacheBehavior [ RunTime:0.000692s ]
INFO: [ app_begin ] --END-- [ RunTime:0.000946s ]
INFO: [ app_end ] --START--
INFO: Run Behavior\ShowPageTraceBehavior [ RunTime:0.000746s ]
INFO: [ app_end ] --END-- [ RunTime:0.000968s ]

[ 2019-04-17T14:14:42+08:00 ] 222.22.66.250 /xcx/home/index/updatetxt
INFO: [ app_init ] --START--
INFO: Run Behavior\BuildLiteBehavior [ RunTime:0.000059s ]
INFO: [ app_init ] --END-- [ RunTime:0.000709s ]
INFO: [ app_begin ] --START--
INFO: Run Behavior\ReadHtmlCacheBehavior [ RunTime:0.000860s ]
INFO: [ app_begin ] --END-- [ RunTime:0.001158s ]
INFO: [ app_end ] --START--
INFO: Run Behavior\ShowPageTraceBehavior [ RunTime:0.000900s ]
INFO: [ app_end ] --END-- [ RunTime:0.001192s ]

[ 2019-04-17T14:14:42+08:00 ] 222.22.66.250 /xcx/home/index/updatetxt
INFO: [ app_init ] --START--
INFO: Run Behavior\BuildLiteBehavior [ RunTime:0.000065s ]
INFO: [ app_init ] --END-- [ RunTime:0.000783s ]
INFO: [ app_begin ] --START--
INFO: Run Behavior\ReadHtmlCacheBehavior [ RunTime:0.000986s ]
INFO: [ app_begin ] --END-- [ RunTime:0.001421s ]
INFO: [ app_end ] --START--
INFO: Run Behavior\ShowPageTraceBehavior [ RunTime:0.000894s ]
INFO: [ app_end ] --END-- [ RunTime:0.001308s ]

[ 2019-04-17T14:14:42+08:00 ] 222.22.66.250 /xcx/home/index/updatetxt
INFO: [ app_init ] --START--
INFO: Run Behavior\BuildLiteBehavior [ RunTime:0.000062s ]
INFO: [ app_init ] --END-- [ RunTime:0.000709s ]
INFO: [ app_begin ] --START--
INFO: Run Behavior\ReadHtmlCacheBehavior [ RunTime:0.000965s ]
INFO: [ app_begin ] --END-- [ RunTime:0.001267s ]
INFO: [ app_end ] --START--
INFO: Run Behavior\ShowPageTraceBehavior [ RunTime:0.000898s ]
INFO: [ app_end ] --END-- [ RunTime:0.001184s ]

[ 2019-04-17T14:14:42+08:00 ] 222.22.66.250 /xcx/home/index/updatetxt
INFO: [ app_init ] --START--
INFO: Run Behavior\BuildLiteBehavior [ RunTime:0.000062s ]
INFO: [ app_init ] --END-- [ RunTime:0.000753s ]
INFO: [ app_begin ] --START--
INFO: Run Behavior\ReadHtmlCacheBehavior [ RunTime:0.000764s ]
INFO: [ app_begin ] --END-- [ RunTime:0.001011s ]
INFO: [ app_end ] --START--
INFO: Run Behavior\ShowPageTraceBehavior [ RunTime:0.000884s ]
INFO: [ app_end ] --END-- [ RunTime:0.001183s ]

[ 2019-04-17T14:14:42+08:00 ] 222.22.66.250 /xcx/home/index/updatetxt
INFO: [ app_init ] --START--
INFO: Run Behavior\BuildLiteBehavior [ RunTime:0.000056s ]
INFO: [ app_init ] --END-- [ RunTime:0.000654s ]
INFO: [ app_begin ] --START--
INFO: Run Behavior\ReadHtmlCacheBehavior [ RunTime:0.000943s ]
INFO: [ app_begin ] --END-- [ RunTime:0.001250s ]
INFO: [ app_end ] --START--
INFO: Run Behavior\ShowPageTraceBehavior [ RunTime:0.000874s ]
INFO: [ app_end ] --END-- [ RunTime:0.001262s ]

[ 2019-04-17T14:14:42+08:00 ] 222.22.66.250 /xcx/home/index/updatetxt
INFO: [ app_init ] --START--
INFO: Run Behavior\BuildLiteBehavior [ RunTime:0.000055s ]
INFO: [ app_init ] --END-- [ RunTime:0.000592s ]
INFO: [ app_begin ] --START--
INFO: Run Behavior\ReadHtmlCacheBehavior [ RunTime:0.000670s ]
INFO: [ app_begin ] --END-- [ RunTime:0.000932s ]
INFO: [ app_end ] --START--
INFO: Run Behavior\ShowPageTraceBehavior [ RunTime:0.000696s ]
INFO: [ app_end ] --END-- [ RunTime:0.001020s ]

[ 2019-04-17T14:14:43+08:00 ] 222.22.66.250 /xcx/home/index/updatetxt
INFO: [ app_init ] --START--
INFO: Run Behavior\BuildLiteBehavior [ RunTime:0.000062s ]
INFO: [ app_init ] --END-- [ RunTime:0.000719s ]
INFO: [ app_begin ] --START--
INFO: Run Behavior\ReadHtmlCacheBehavior [ RunTime:0.000847s ]
INFO: [ app_begin ] --END-- [ RunTime:0.001141s ]
INFO: [ app_end ] --START--
INFO: Run Behavior\ShowPageTraceBehavior [ RunTime:0.000950s ]
INFO: [ app_end ] --END-- [ RunTime:0.001240s ]

[ 2019-04-17T14:14:43+08:00 ] 222.22.66.250 /xcx/home/index/updatetxt
INFO: [ app_init ] --START--
INFO: Run Behavior\BuildLiteBehavior [ RunTime:0.000061s ]
INFO: [ app_init ] --END-- [ RunTime:0.000708s ]
INFO: [ app_begin ] --START--
INFO: Run Behavior\ReadHtmlCacheBehavior [ RunTime:0.000858s ]
INFO: [ app_begin ] --END-- [ RunTime:0.001156s ]
INFO: [ app_end ] --START--
INFO: Run Behavior\ShowPageTraceBehavior [ RunTime:0.000852s ]
INFO: [ app_end ] --END-- [ RunTime:0.001153s ]

[ 2019-04-17T14:14:43+08:00 ] 222.22.66.250 /xcx/home/index/updatetxt
INFO: [ app_init ] --START--
INFO: Run Behavior\BuildLiteBehavior [ RunTime:0.000054s ]
INFO: [ app_init ] --END-- [ RunTime:0.000669s ]
INFO: [ app_begin ] --START--
INFO: Run Behavior\ReadHtmlCacheBehavior [ RunTime:0.000672s ]
INFO: [ app_begin ] --END-- [ RunTime:0.000896s ]
INFO: [ app_end ] --START--
INFO: Run Behavior\ShowPageTraceBehavior [ RunTime:0.000601s ]
INFO: [ app_end ] --END-- [ RunTime:0.000818s ]

[ 2019-04-17T14:14:43+08:00 ] 222.22.66.250 /xcx/home/index/updatetxt
INFO: [ app_init ] --START--
INFO: Run Behavior\BuildLiteBehavior [ RunTime:0.000071s ]
INFO: [ app_init ] --END-- [ RunTime:0.000846s ]
INFO: [ app_begin ] --START--
INFO: Run Behavior\ReadHtmlCacheBehavior [ RunTime:0.000942s ]
INFO: [ app_begin ] --END-- [ RunTime:0.001299s ]
INFO: [ app_end ] --START--
INFO: Run Behavior\ShowPageTraceBehavior [ RunTime:0.000927s ]
INFO: [ app_end ] --END-- [ RunTime:0.001251s ]

[ 2019-04-17T14:14:43+08:00 ] 222.22.66.250 /xcx/home/index/updatetxt
INFO: [ app_init ] --START--
INFO: Run Behavior\BuildLiteBehavior [ RunTime:0.000061s ]
INFO: [ app_init ] --END-- [ RunTime:0.000771s ]
INFO: [ app_begin ] --START--
INFO: Run Behavior\ReadHtmlCacheBehavior [ RunTime:0.000833s ]
INFO: [ app_begin ] --END-- [ RunTime:0.001122s ]
INFO: [ app_end ] --START--
INFO: Run Behavior\ShowPageTraceBehavior [ RunTime:0.000832s ]
INFO: [ app_end ] --END-- [ RunTime:0.001119s ]

[ 2019-04-17T14:15:06+08:00 ] 222.22.66.250 /xcx/home/index/updatetxt
INFO: [ app_init ] --START--
INFO: Run Behavior\BuildLiteBehavior [ RunTime:0.000060s ]
INFO: [ app_init ] --END-- [ RunTime:0.000607s ]
INFO: [ app_begin ] --START--
INFO: Run Behavior\ReadHtmlCacheBehavior [ RunTime:0.000676s ]
INFO: [ app_begin ] --END-- [ RunTime:0.000891s ]
INFO: [ app_end ] --START--
INFO: Run Behavior\ShowPageTraceBehavior [ RunTime:0.000808s ]
INFO: [ app_end ] --END-- [ RunTime:0.001134s ]

[ 2019-04-17T14:15:07+08:00 ] 222.22.66.250 /xcx/home/index/updatetxt
INFO: [ app_init ] --START--
INFO: Run Behavior\BuildLiteBehavior [ RunTime:0.000044s ]
INFO: [ app_init ] --END-- [ RunTime:0.000539s ]
INFO: [ app_begin ] --START--
INFO: Run Behavior\ReadHtmlCacheBehavior [ RunTime:0.000621s ]
INFO: [ app_begin ] --END-- [ RunTime:0.000850s ]
INFO: [ app_end ] --START--
INFO: Run Behavior\ShowPageTraceBehavior [ RunTime:0.000699s ]
INFO: [ app_end ] --END-- [ RunTime:0.000891s ]

[ 2019-04-17T14:15:07+08:00 ] 222.22.66.250 /xcx/home/index/updatetxt
INFO: [ app_init ] --START--
INFO: Run Behavior\BuildLiteBehavior [ RunTime:0.000062s ]
INFO: [ app_init ] --END-- [ RunTime:0.000699s ]
INFO: [ app_begin ] --START--
INFO: Run Behavior\ReadHtmlCacheBehavior [ RunTime:0.000824s ]
INFO: [ app_begin ] --END-- [ RunTime:0.001112s ]
INFO: [ app_end ] --START--
INFO: Run Behavior\ShowPageTraceBehavior [ RunTime:0.000857s ]
INFO: [ app_end ] --END-- [ RunTime:0.001144s ]

[ 2019-04-17T14:15:07+08:00 ] 222.22.66.250 /xcx/home/index/updatetxt
INFO: [ app_init ] --START--
INFO: Run Behavior\BuildLiteBehavior [ RunTime:0.000042s ]
INFO: [ app_init ] --END-- [ RunTime:0.000539s ]
INFO: [ app_begin ] --START--
INFO: Run Behavior\ReadHtmlCacheBehavior [ RunTime:0.000612s ]
INFO: [ app_begin ] --END-- [ RunTime:0.000830s ]
INFO: [ app_end ] --START--
INFO: Run Behavior\ShowPageTraceBehavior [ RunTime:0.000635s ]
INFO: [ app_end ] --END-- [ RunTime:0.000836s ]

[ 2019-04-17T14:15:08+08:00 ] 222.22.66.250 /xcx/home/index/updatetxt
INFO: [ app_init ] --START--
INFO: Run Behavior\BuildLiteBehavior [ RunTime:0.000041s ]
INFO: [ app_init ] --END-- [ RunTime:0.000501s ]
INFO: [ app_begin ] --START--
INFO: Run Behavior\ReadHtmlCacheBehavior [ RunTime:0.000664s ]
INFO: [ app_begin ] --END-- [ RunTime:0.000873s ]
INFO: [ app_end ] --START--
INFO: Run Behavior\ShowPageTraceBehavior [ RunTime:0.000693s ]
INFO: [ app_end ] --END-- [ RunTime:0.000903s ]

[ 2019-04-17T14:15:16+08:00 ] 222.22.66.250 /xcx/home/index/updatetxt
INFO: [ app_init ] --START--
INFO: Run Behavior\BuildLiteBehavior [ RunTime:0.000105s ]
INFO: [ app_init ] --END-- [ RunTime:0.000920s ]
INFO: [ app_begin ] --START--
INFO: Run Behavior\ReadHtmlCacheBehavior [ RunTime:0.000942s ]
INFO: [ app_begin ] --END-- [ RunTime:0.001265s ]
INFO: [ app_end ] --START--
INFO: Run Behavior\ShowPageTraceBehavior [ RunTime:0.001016s ]
INFO: [ app_end ] --END-- [ RunTime:0.001335s ]

[ 2019-04-17T14:15:16+08:00 ] 222.22.66.250 /xcx/home/index/updatetxt
INFO: [ app_init ] --START--
INFO: Run Behavior\BuildLiteBehavior [ RunTime:0.000060s ]
INFO: [ app_init ] --END-- [ RunTime:0.000706s ]
INFO: [ app_begin ] --START--
INFO: Run Behavior\ReadHtmlCacheBehavior [ RunTime:0.000835s ]
INFO: [ app_begin ] --END-- [ RunTime:0.001144s ]
INFO: [ app_end ] --START--
INFO: Run Behavior\ShowPageTraceBehavior [ RunTime:0.000816s ]
INFO: [ app_end ] --END-- [ RunTime:0.001102s ]

[ 2019-04-17T14:15:16+08:00 ] 222.22.66.250 /xcx/home/index/updatetxt
INFO: [ app_init ] --START--
INFO: Run Behavior\BuildLiteBehavior [ RunTime:0.000042s ]
INFO: [ app_init ] --END-- [ RunTime:0.000487s ]
INFO: [ app_begin ] --START--
INFO: Run Behavior\ReadHtmlCacheBehavior [ RunTime:0.000632s ]
INFO: [ app_begin ] --END-- [ RunTime:0.000833s ]
INFO: [ app_end ] --START--
INFO: Run Behavior\ShowPageTraceBehavior [ RunTime:0.000605s ]
INFO: [ app_end ] --END-- [ RunTime:0.000829s ]

[ 2019-04-17T14:15:25+08:00 ] 222.22.66.250 /xcx/home/index/updatetxt
INFO: [ app_init ] --START--
INFO: Run Behavior\BuildLiteBehavior [ RunTime:0.000063s ]
INFO: [ app_init ] --END-- [ RunTime:0.000833s ]
INFO: [ app_begin ] --START--
INFO: Run Behavior\ReadHtmlCacheBehavior [ RunTime:0.000745s ]
INFO: [ app_begin ] --END-- [ RunTime:0.000999s ]
INFO: [ app_end ] --START--
INFO: Run Behavior\ShowPageTraceBehavior [ RunTime:0.000966s ]
INFO: [ app_end ] --END-- [ RunTime:0.001281s ]

[ 2019-04-17T14:15:25+08:00 ] 222.22.66.250 /xcx/home/index/updatetxt
INFO: [ app_init ] --START--
INFO: Run Behavior\BuildLiteBehavior [ RunTime:0.000052s ]
INFO: [ app_init ] --END-- [ RunTime:0.000655s ]
INFO: [ app_begin ] --START--
INFO: Run Behavior\ReadHtmlCacheBehavior [ RunTime:0.000837s ]
INFO: [ app_begin ] --END-- [ RunTime:0.001106s ]
INFO: [ app_end ] --START--
INFO: Run Behavior\ShowPageTraceBehavior [ RunTime:0.000640s ]
INFO: [ app_end ] --END-- [ RunTime:0.000883s ]

[ 2019-04-17T14:15:25+08:00 ] 222.22.66.250 /xcx/home/index/updatetxt
INFO: [ app_init ] --START--
INFO: Run Behavior\BuildLiteBehavior [ RunTime:0.000048s ]
INFO: [ app_init ] --END-- [ RunTime:0.000523s ]
INFO: [ app_begin ] --START--
INFO: Run Behavior\ReadHtmlCacheBehavior [ RunTime:0.000676s ]
INFO: [ app_begin ] --END-- [ RunTime:0.000976s ]
INFO: [ app_end ] --START--
INFO: Run Behavior\ShowPageTraceBehavior [ RunTime:0.000634s ]
INFO: [ app_end ] --END-- [ RunTime:0.000849s ]

[ 2019-04-17T14:15:25+08:00 ] 222.22.66.250 /xcx/home/index/updatetxt
INFO: [ app_init ] --START--
INFO: Run Behavior\BuildLiteBehavior [ RunTime:0.000049s ]
INFO: [ app_init ] --END-- [ RunTime:0.000545s ]
INFO: [ app_begin ] --START--
INFO: Run Behavior\ReadHtmlCacheBehavior [ RunTime:0.000585s ]
INFO: [ app_begin ] --END-- [ RunTime:0.000794s ]
INFO: [ app_end ] --START--
INFO: Run Behavior\ShowPageTraceBehavior [ RunTime:0.000562s ]
INFO: [ app_end ] --END-- [ RunTime:0.000757s ]

[ 2019-04-17T14:18:32+08:00 ] 222.22.66.250 /xcx/home/index/updatetxt
INFO: [ app_init ] --START--
INFO: Run Behavior\BuildLiteBehavior [ RunTime:0.000065s ]
INFO: [ app_init ] --END-- [ RunTime:0.000793s ]
INFO: [ app_begin ] --START--
INFO: Run Behavior\ReadHtmlCacheBehavior [ RunTime:0.000890s ]
INFO: [ app_begin ] --END-- [ RunTime:0.001202s ]
INFO: [ app_end ] --START--
INFO: Run Behavior\ShowPageTraceBehavior [ RunTime:0.000869s ]
INFO: [ app_end ] --END-- [ RunTime:0.001188s ]

[ 2019-04-17T14:18:33+08:00 ] 222.22.66.250 /xcx/home/index/updatetxt
INFO: [ app_init ] --START--
INFO: Run Behavior\BuildLiteBehavior [ RunTime:0.000066s ]
INFO: [ app_init ] --END-- [ RunTime:0.000936s ]
INFO: [ app_begin ] --START--
INFO: Run Behavior\ReadHtmlCacheBehavior [ RunTime:0.000906s ]
INFO: [ app_begin ] --END-- [ RunTime:0.001218s ]
INFO: [ app_end ] --START--
INFO: Run Behavior\ShowPageTraceBehavior [ RunTime:0.000876s ]
INFO: [ app_end ] --END-- [ RunTime:0.001178s ]

[ 2019-04-17T14:18:44+08:00 ] 222.22.66.250 /xcx/home/index/updatetxt
INFO: [ app_init ] --START--
INFO: Run Behavior\BuildLiteBehavior [ RunTime:0.000042s ]
INFO: [ app_init ] --END-- [ RunTime:0.000508s ]
INFO: [ app_begin ] --START--
INFO: Run Behavior\ReadHtmlCacheBehavior [ RunTime:0.000865s ]
INFO: [ app_begin ] --END-- [ RunTime:0.001202s ]
INFO: [ app_end ] --START--
INFO: Run Behavior\ShowPageTraceBehavior [ RunTime:0.000877s ]
INFO: [ app_end ] --END-- [ RunTime:0.001175s ]

[ 2019-04-17T14:18:44+08:00 ] 222.22.66.250 /xcx/home/index/updatetxt
INFO: [ app_init ] --START--
INFO: Run Behavior\BuildLiteBehavior [ RunTime:0.000060s ]
INFO: [ app_init ] --END-- [ RunTime:0.000784s ]
INFO: [ app_begin ] --START--
INFO: Run Behavior\ReadHtmlCacheBehavior [ RunTime:0.000842s ]
INFO: [ app_begin ] --END-- [ RunTime:0.001149s ]
INFO: [ app_end ] --START--
INFO: Run Behavior\ShowPageTraceBehavior [ RunTime:0.000823s ]
INFO: [ app_end ] --END-- [ RunTime:0.001110s ]

[ 2019-04-17T14:18:44+08:00 ] 222.22.66.250 /xcx/home/index/updatetxt
INFO: [ app_init ] --START--
INFO: Run Behavior\BuildLiteBehavior [ RunTime:0.000055s ]
INFO: [ app_init ] --END-- [ RunTime:0.000526s ]
INFO: [ app_begin ] --START--
INFO: Run Behavior\ReadHtmlCacheBehavior [ RunTime:0.000632s ]
INFO: [ app_begin ] --END-- [ RunTime:0.000830s ]
INFO: [ app_end ] --START--
INFO: Run Behavior\ShowPageTraceBehavior [ RunTime:0.000696s ]
INFO: [ app_end ] --END-- [ RunTime:0.000945s ]

[ 2019-04-17T14:18:44+08:00 ] 222.22.66.250 /xcx/home/index/updatetxt
INFO: [ app_init ] --START--
INFO: Run Behavior\BuildLiteBehavior [ RunTime:0.000053s ]
INFO: [ app_init ] --END-- [ RunTime:0.000604s ]
INFO: [ app_begin ] --START--
INFO: Run Behavior\ReadHtmlCacheBehavior [ RunTime:0.000884s ]
INFO: [ app_begin ] --END-- [ RunTime:0.001192s ]
INFO: [ app_end ] --START--
INFO: Run Behavior\ShowPageTraceBehavior [ RunTime:0.000770s ]
INFO: [ app_end ] --END-- [ RunTime:0.001029s ]

[ 2019-04-17T14:18:44+08:00 ] 222.22.66.250 /xcx/home/index/updatetxt
INFO: [ app_init ] --START--
INFO: Run Behavior\BuildLiteBehavior [ RunTime:0.000061s ]
INFO: [ app_init ] --END-- [ RunTime:0.000741s ]
INFO: [ app_begin ] --START--
INFO: Run Behavior\ReadHtmlCacheBehavior [ RunTime:0.000864s ]
INFO: [ app_begin ] --END-- [ RunTime:0.001165s ]
INFO: [ app_end ] --START--
INFO: Run Behavior\ShowPageTraceBehavior [ RunTime:0.000818s ]
INFO: [ app_end ] --END-- [ RunTime:0.001108s ]

[ 2019-04-17T14:18:45+08:00 ] 222.22.66.250 /xcx/home/index/updatetxt
INFO: [ app_init ] --START--
INFO: Run Behavior\BuildLiteBehavior [ RunTime:0.000040s ]
INFO: [ app_init ] --END-- [ RunTime:0.000515s ]
INFO: [ app_begin ] --START--
INFO: Run Behavior\ReadHtmlCacheBehavior [ RunTime:0.000616s ]
INFO: [ app_begin ] --END-- [ RunTime:0.000824s ]
INFO: [ app_end ] --START--
INFO: Run Behavior\ShowPageTraceBehavior [ RunTime:0.000583s ]
INFO: [ app_end ] --END-- [ RunTime:0.000777s ]

[ 2019-04-17T14:18:45+08:00 ] 222.22.66.250 /xcx/home/index/updatetxt
INFO: [ app_init ] --START--
INFO: Run Behavior\BuildLiteBehavior [ RunTime:0.000041s ]
INFO: [ app_init ] --END-- [ RunTime:0.000604s ]
INFO: [ app_begin ] --START--
INFO: Run Behavior\ReadHtmlCacheBehavior [ RunTime:0.000622s ]
INFO: [ app_begin ] --END-- [ RunTime:0.000825s ]
INFO: [ app_end ] --START--
INFO: Run Behavior\ShowPageTraceBehavior [ RunTime:0.000612s ]
INFO: [ app_end ] --END-- [ RunTime:0.000820s ]

[ 2019-04-17T14:18:45+08:00 ] 222.22.66.250 /xcx/home/index/updatetxt
INFO: [ app_init ] --START--
INFO: Run Behavior\BuildLiteBehavior [ RunTime:0.000041s ]
INFO: [ app_init ] --END-- [ RunTime:0.000483s ]
INFO: [ app_begin ] --START--
INFO: Run Behavior\ReadHtmlCacheBehavior [ RunTime:0.000591s ]
INFO: [ app_begin ] --END-- [ RunTime:0.000784s ]
INFO: [ app_end ] --START--
INFO: Run Behavior\ShowPageTraceBehavior [ RunTime:0.000597s ]
INFO: [ app_end ] --END-- [ RunTime:0.000813s ]

[ 2019-04-17T14:18:45+08:00 ] 222.22.66.250 /xcx/home/index/updatetxt
INFO: [ app_init ] --START--
INFO: Run Behavior\BuildLiteBehavior [ RunTime:0.000046s ]
INFO: [ app_init ] --END-- [ RunTime:0.000542s ]
INFO: [ app_begin ] --START--
INFO: Run Behavior\ReadHtmlCacheBehavior [ RunTime:0.000592s ]
INFO: [ app_begin ] --END-- [ RunTime:0.000784s ]
INFO: [ app_end ] --START--
INFO: Run Behavior\ShowPageTraceBehavior [ RunTime:0.000650s ]
INFO: [ app_end ] --END-- [ RunTime:0.000848s ]

[ 2019-04-17T14:18:45+08:00 ] 222.22.66.250 /xcx/home/index/updatetxt
INFO: [ app_init ] --START--
INFO: Run Behavior\BuildLiteBehavior [ RunTime:0.000051s ]
INFO: [ app_init ] --END-- [ RunTime:0.000575s ]
INFO: [ app_begin ] --START--
INFO: Run Behavior\ReadHtmlCacheBehavior [ RunTime:0.000698s ]
INFO: [ app_begin ] --END-- [ RunTime:0.000945s ]
INFO: [ app_end ] --START--
INFO: Run Behavior\ShowPageTraceBehavior [ RunTime:0.001322s ]
INFO: [ app_end ] --END-- [ RunTime:0.001701s ]

[ 2019-04-17T14:18:59+08:00 ] 222.22.66.250 /xcx/home/index/updatetxt
INFO: [ app_init ] --START--
INFO: Run Behavior\BuildLiteBehavior [ RunTime:0.000072s ]
INFO: [ app_init ] --END-- [ RunTime:0.000808s ]
INFO: [ app_begin ] --START--
INFO: Run Behavior\ReadHtmlCacheBehavior [ RunTime:0.001049s ]
INFO: [ app_begin ] --END-- [ RunTime:0.001372s ]
INFO: [ app_end ] --START--
INFO: Run Behavior\ShowPageTraceBehavior [ RunTime:0.000961s ]
INFO: [ app_end ] --END-- [ RunTime:0.001276s ]

[ 2019-04-17T14:19:00+08:00 ] 222.22.66.250 /xcx/home/index/updatetxt
INFO: [ app_init ] --START--
INFO: Run Behavior\BuildLiteBehavior [ RunTime:0.000041s ]
INFO: [ app_init ] --END-- [ RunTime:0.000540s ]
INFO: [ app_begin ] --START--
INFO: Run Behavior\ReadHtmlCacheBehavior [ RunTime:0.000660s ]
INFO: [ app_begin ] --END-- [ RunTime:0.000854s ]
INFO: [ app_end ] --START--
INFO: Run Behavior\ShowPageTraceBehavior [ RunTime:0.000651s ]
INFO: [ app_end ] --END-- [ RunTime:0.000844s ]

[ 2019-04-17T14:19:00+08:00 ] 222.22.66.250 /xcx/home/index/updatetxt
INFO: [ app_init ] --START--
INFO: Run Behavior\BuildLiteBehavior [ RunTime:0.000060s ]
INFO: [ app_init ] --END-- [ RunTime:0.000530s ]
INFO: [ app_begin ] --START--
INFO: Run Behavior\ReadHtmlCacheBehavior [ RunTime:0.000779s ]
INFO: [ app_begin ] --END-- [ RunTime:0.001054s ]
INFO: [ app_end ] --START--
INFO: Run Behavior\ShowPageTraceBehavior [ RunTime:0.000711s ]
INFO: [ app_end ] --END-- [ RunTime:0.000957s ]

[ 2019-04-17T14:19:00+08:00 ] 222.22.66.250 /xcx/home/index/updatetxt
INFO: [ app_init ] --START--
INFO: Run Behavior\BuildLiteBehavior [ RunTime:0.000042s ]
INFO: [ app_init ] --END-- [ RunTime:0.000537s ]
INFO: [ app_begin ] --START--
INFO: Run Behavior\ReadHtmlCacheBehavior [ RunTime:0.000630s ]
INFO: [ app_begin ] --END-- [ RunTime:0.000835s ]
INFO: [ app_end ] --START--
INFO: Run Behavior\ShowPageTraceBehavior [ RunTime:0.000592s ]
INFO: [ app_end ] --END-- [ RunTime:0.000796s ]

[ 2019-04-17T14:19:00+08:00 ] 222.22.66.250 /xcx/home/index/updatetxt
INFO: [ app_init ] --START--
INFO: Run Behavior\BuildLiteBehavior [ RunTime:0.000059s ]
INFO: [ app_init ] --END-- [ RunTime:0.000681s ]
INFO: [ app_begin ] --START--
INFO: Run Behavior\ReadHtmlCacheBehavior [ RunTime:0.000904s ]
INFO: [ app_begin ] --END-- [ RunTime:0.001195s ]
INFO: [ app_end ] --START--
INFO: Run Behavior\ShowPageTraceBehavior [ RunTime:0.000830s ]
INFO: [ app_end ] --END-- [ RunTime:0.001112s ]

[ 2019-04-17T14:19:00+08:00 ] 222.22.66.250 /xcx/home/index/updatetxt
INFO: [ app_init ] --START--
INFO: Run Behavior\BuildLiteBehavior [ RunTime:0.000043s ]
INFO: [ app_init ] --END-- [ RunTime:0.000567s ]
INFO: [ app_begin ] --START--
INFO: Run Behavior\ReadHtmlCacheBehavior [ RunTime:0.000722s ]
INFO: [ app_begin ] --END-- [ RunTime:0.000935s ]
INFO: [ app_end ] --START--
INFO: Run Behavior\ShowPageTraceBehavior [ RunTime:0.000676s ]
INFO: [ app_end ] --END-- [ RunTime:0.000875s ]

[ 2019-04-17T14:19:29+08:00 ] 222.22.66.250 /xcx/home/index/updatetxt
INFO: [ app_init ] --START--
INFO: Run Behavior\BuildLiteBehavior [ RunTime:0.000041s ]
INFO: [ app_init ] --END-- [ RunTime:0.000483s ]
INFO: [ app_begin ] --START--
INFO: Run Behavior\ReadHtmlCacheBehavior [ RunTime:0.000584s ]
INFO: [ app_begin ] --END-- [ RunTime:0.000779s ]
INFO: [ app_end ] --START--
INFO: Run Behavior\ShowPageTraceBehavior [ RunTime:0.000568s ]
INFO: [ app_end ] --END-- [ RunTime:0.000762s ]

[ 2019-04-17T14:19:37+08:00 ] 222.22.66.250 /xcx/home/index/updatetxt
INFO: [ app_init ] --START--
INFO: Run Behavior\BuildLiteBehavior [ RunTime:0.000053s ]
INFO: [ app_init ] --END-- [ RunTime:0.000599s ]
INFO: [ app_begin ] --START--
INFO: Run Behavior\ReadHtmlCacheBehavior [ RunTime:0.000980s ]
INFO: [ app_begin ] --END-- [ RunTime:0.001295s ]
INFO: [ app_end ] --START--
INFO: Run Behavior\ShowPageTraceBehavior [ RunTime:0.000767s ]
INFO: [ app_end ] --END-- [ RunTime:0.001026s ]

[ 2019-04-17T14:20:42+08:00 ] 222.22.66.250 /xcx/home/index/updatetxt
INFO: [ app_init ] --START--
INFO: Run Behavior\BuildLiteBehavior [ RunTime:0.000047s ]
INFO: [ app_init ] --END-- [ RunTime:0.000666s ]
INFO: [ app_begin ] --START--
INFO: Run Behavior\ReadHtmlCacheBehavior [ RunTime:0.000757s ]
INFO: [ app_begin ] --END-- [ RunTime:0.001024s ]
INFO: [ app_end ] --START--
INFO: Run Behavior\ShowPageTraceBehavior [ RunTime:0.000862s ]
INFO: [ app_end ] --END-- [ RunTime:0.001167s ]

[ 2019-04-17T14:20:43+08:00 ] 222.22.66.250 /xcx/home/index/updatetxt
INFO: [ app_init ] --START--
INFO: Run Behavior\BuildLiteBehavior [ RunTime:0.000066s ]
INFO: [ app_init ] --END-- [ RunTime:0.000795s ]
INFO: [ app_begin ] --START--
INFO: Run Behavior\ReadHtmlCacheBehavior [ RunTime:0.000865s ]
INFO: [ app_begin ] --END-- [ RunTime:0.001145s ]
INFO: [ app_end ] --START--
INFO: Run Behavior\ShowPageTraceBehavior [ RunTime:0.000791s ]
INFO: [ app_end ] --END-- [ RunTime:0.001076s ]

[ 2019-04-17T14:20:43+08:00 ] 222.22.66.250 /xcx/home/index/updatetxt
INFO: [ app_init ] --START--
INFO: Run Behavior\BuildLiteBehavior [ RunTime:0.000042s ]
INFO: [ app_init ] --END-- [ RunTime:0.000503s ]
INFO: [ app_begin ] --START--
INFO: Run Behavior\ReadHtmlCacheBehavior [ RunTime:0.000607s ]
INFO: [ app_begin ] --END-- [ RunTime:0.000803s ]
INFO: [ app_end ] --START--
INFO: Run Behavior\ShowPageTraceBehavior [ RunTime:0.000622s ]
INFO: [ app_end ] --END-- [ RunTime:0.000814s ]

[ 2019-04-17T14:20:43+08:00 ] 222.22.66.250 /xcx/home/index/updatetxt
INFO: [ app_init ] --START--
INFO: Run Behavior\BuildLiteBehavior [ RunTime:0.000045s ]
INFO: [ app_init ] --END-- [ RunTime:0.000517s ]
INFO: [ app_begin ] --START--
INFO: Run Behavior\ReadHtmlCacheBehavior [ RunTime:0.000674s ]
INFO: [ app_begin ] --END-- [ RunTime:0.000938s ]
INFO: [ app_end ] --START--
INFO: Run Behavior\ShowPageTraceBehavior [ RunTime:0.000612s ]
INFO: [ app_end ] --END-- [ RunTime:0.000812s ]

[ 2019-04-17T14:20:43+08:00 ] 222.22.66.250 /xcx/home/index/updatetxt
INFO: [ app_init ] --START--
INFO: Run Behavior\BuildLiteBehavior [ RunTime:0.000061s ]
INFO: [ app_init ] --END-- [ RunTime:0.000722s ]
INFO: [ app_begin ] --START--
INFO: Run Behavior\ReadHtmlCacheBehavior [ RunTime:0.000861s ]
INFO: [ app_begin ] --END-- [ RunTime:0.001176s ]
INFO: [ app_end ] --START--
INFO: Run Behavior\ShowPageTraceBehavior [ RunTime:0.000812s ]
INFO: [ app_end ] --END-- [ RunTime:0.001112s ]

[ 2019-04-17T14:20:43+08:00 ] 222.22.66.250 /xcx/home/index/updatetxt
INFO: [ app_init ] --START--
INFO: Run Behavior\BuildLiteBehavior [ RunTime:0.000060s ]
INFO: [ app_init ] --END-- [ RunTime:0.000632s ]
INFO: [ app_begin ] --START--
INFO: Run Behavior\ReadHtmlCacheBehavior [ RunTime:0.000648s ]
INFO: [ app_begin ] --END-- [ RunTime:0.000874s ]
INFO: [ app_end ] --START--
INFO: Run Behavior\ShowPageTraceBehavior [ RunTime:0.000679s ]
INFO: [ app_end ] --END-- [ RunTime:0.000885s ]

[ 2019-04-17T14:20:43+08:00 ] 222.22.66.250 /xcx/home/index/updatetxt
INFO: [ app_init ] --START--
INFO: Run Behavior\BuildLiteBehavior [ RunTime:0.000062s ]
INFO: [ app_init ] --END-- [ RunTime:0.000703s ]
INFO: [ app_begin ] --START--
INFO: Run Behavior\ReadHtmlCacheBehavior [ RunTime:0.000828s ]
INFO: [ app_begin ] --END-- [ RunTime:0.001141s ]
INFO: [ app_end ] --START--
INFO: Run Behavior\ShowPageTraceBehavior [ RunTime:0.000914s ]
INFO: [ app_end ] --END-- [ RunTime:0.001254s ]

[ 2019-04-17T14:20:43+08:00 ] 222.22.66.250 /xcx/home/index/updatetxt
INFO: [ app_init ] --START--
INFO: Run Behavior\BuildLiteBehavior [ RunTime:0.000041s ]
INFO: [ app_init ] --END-- [ RunTime:0.000500s ]
INFO: [ app_begin ] --START--
INFO: Run Behavior\ReadHtmlCacheBehavior [ RunTime:0.000658s ]
INFO: [ app_begin ] --END-- [ RunTime:0.000885s ]
INFO: [ app_end ] --START--
INFO: Run Behavior\ShowPageTraceBehavior [ RunTime:0.000619s ]
INFO: [ app_end ] --END-- [ RunTime:0.000825s ]

[ 2019-04-17T14:20:44+08:00 ] 222.22.66.250 /xcx/home/index/updatetxt
INFO: [ app_init ] --START--
INFO: Run Behavior\BuildLiteBehavior [ RunTime:0.000051s ]
INFO: [ app_init ] --END-- [ RunTime:0.000508s ]
INFO: [ app_begin ] --START--
INFO: Run Behavior\ReadHtmlCacheBehavior [ RunTime:0.000618s ]
INFO: [ app_begin ] --END-- [ RunTime:0.000808s ]
INFO: [ app_end ] --START--
INFO: Run Behavior\ShowPageTraceBehavior [ RunTime:0.000737s ]
INFO: [ app_end ] --END-- [ RunTime:0.000947s ]

[ 2019-04-17T14:20:44+08:00 ] 222.22.66.250 /xcx/home/index/updatetxt
INFO: [ app_init ] --START--
INFO: Run Behavior\BuildLiteBehavior [ RunTime:0.000042s ]
INFO: [ app_init ] --END-- [ RunTime:0.000564s ]
INFO: [ app_begin ] --START--
INFO: Run Behavior\ReadHtmlCacheBehavior [ RunTime:0.000624s ]
INFO: [ app_begin ] --END-- [ RunTime:0.000832s ]
INFO: [ app_end ] --START--
INFO: Run Behavior\ShowPageTraceBehavior [ RunTime:0.000568s ]
INFO: [ app_end ] --END-- [ RunTime:0.000760s ]

[ 2019-04-17T14:20:44+08:00 ] 222.22.66.250 /xcx/home/index/updatetxt
INFO: [ app_init ] --START--
INFO: Run Behavior\BuildLiteBehavior [ RunTime:0.000054s ]
INFO: [ app_init ] --END-- [ RunTime:0.000511s ]
INFO: [ app_begin ] --START--
INFO: Run Behavior\ReadHtmlCacheBehavior [ RunTime:0.000623s ]
INFO: [ app_begin ] --END-- [ RunTime:0.000821s ]
INFO: [ app_end ] --START--
INFO: Run Behavior\ShowPageTraceBehavior [ RunTime:0.000617s ]
INFO: [ app_end ] --END-- [ RunTime:0.000817s ]

[ 2019-04-17T14:20:50+08:00 ] 222.22.66.250 /xcx/home/index/updatetxt
INFO: [ app_init ] --START--
INFO: Run Behavior\BuildLiteBehavior [ RunTime:0.000042s ]
INFO: [ app_init ] --END-- [ RunTime:0.000656s ]
INFO: [ app_begin ] --START--
INFO: Run Behavior\ReadHtmlCacheBehavior [ RunTime:0.000613s ]
INFO: [ app_begin ] --END-- [ RunTime:0.000815s ]
INFO: [ app_end ] --START--
INFO: Run Behavior\ShowPageTraceBehavior [ RunTime:0.000580s ]
INFO: [ app_end ] --END-- [ RunTime:0.000809s ]

[ 2019-04-17T14:21:32+08:00 ] 222.22.66.250 /xcx/home/index/updatetxt
INFO: [ app_init ] --START--
INFO: Run Behavior\BuildLiteBehavior [ RunTime:0.000059s ]
INFO: [ app_init ] --END-- [ RunTime:0.000540s ]
INFO: [ app_begin ] --START--
INFO: Run Behavior\ReadHtmlCacheBehavior [ RunTime:0.000642s ]
INFO: [ app_begin ] --END-- [ RunTime:0.000841s ]
INFO: [ app_end ] --START--
INFO: Run Behavior\ShowPageTraceBehavior [ RunTime:0.000645s ]
INFO: [ app_end ] --END-- [ RunTime:0.000850s ]

[ 2019-04-17T14:21:33+08:00 ] 222.22.66.250 /xcx/home/index/updatetxt
INFO: [ app_init ] --START--
INFO: Run Behavior\BuildLiteBehavior [ RunTime:0.000044s ]
INFO: [ app_init ] --END-- [ RunTime:0.000579s ]
INFO: [ app_begin ] --START--
INFO: Run Behavior\ReadHtmlCacheBehavior [ RunTime:0.000676s ]
INFO: [ app_begin ] --END-- [ RunTime:0.000893s ]
INFO: [ app_end ] --START--
INFO: Run Behavior\ShowPageTraceBehavior [ RunTime:0.000645s ]
INFO: [ app_end ] --END-- [ RunTime:0.000891s ]

[ 2019-04-17T14:21:35+08:00 ] 222.22.66.250 /xcx/home/index/updatetxt
INFO: [ app_init ] --START--
INFO: Run Behavior\BuildLiteBehavior [ RunTime:0.000049s ]
INFO: [ app_init ] --END-- [ RunTime:0.000554s ]
INFO: [ app_begin ] --START--
INFO: Run Behavior\ReadHtmlCacheBehavior [ RunTime:0.000672s ]
INFO: [ app_begin ] --END-- [ RunTime:0.000875s ]
INFO: [ app_end ] --START--
INFO: Run Behavior\ShowPageTraceBehavior [ RunTime:0.000602s ]
INFO: [ app_end ] --END-- [ RunTime:0.000848s ]

[ 2019-04-17T14:21:35+08:00 ] 222.22.66.250 /xcx/home/index/updatetxt
INFO: [ app_init ] --START--
INFO: Run Behavior\BuildLiteBehavior [ RunTime:0.000042s ]
INFO: [ app_init ] --END-- [ RunTime:0.000507s ]
INFO: [ app_begin ] --START--
INFO: Run Behavior\ReadHtmlCacheBehavior [ RunTime:0.000713s ]
INFO: [ app_begin ] --END-- [ RunTime:0.000919s ]
INFO: [ app_end ] --START--
INFO: Run Behavior\ShowPageTraceBehavior [ RunTime:0.000827s ]
INFO: [ app_end ] --END-- [ RunTime:0.001027s ]

[ 2019-04-17T14:21:35+08:00 ] 222.22.66.250 /xcx/home/index/updatetxt
INFO: [ app_init ] --START--
INFO: Run Behavior\BuildLiteBehavior [ RunTime:0.000062s ]
INFO: [ app_init ] --END-- [ RunTime:0.000766s ]
INFO: [ app_begin ] --START--
INFO: Run Behavior\ReadHtmlCacheBehavior [ RunTime:0.000906s ]
INFO: [ app_begin ] --END-- [ RunTime:0.001205s ]
INFO: [ app_end ] --START--
INFO: Run Behavior\ShowPageTraceBehavior [ RunTime:0.000857s ]
INFO: [ app_end ] --END-- [ RunTime:0.001164s ]

[ 2019-04-17T14:32:55+08:00 ] 222.22.66.250 /xcx/home/Mpdf/Mpdf
INFO: [ app_init ] --START--
INFO: Run Behavior\BuildLiteBehavior [ RunTime:0.000041s ]
INFO: [ app_init ] --END-- [ RunTime:0.000624s ]
INFO: [ app_begin ] --START--
INFO: Run Behavior\ReadHtmlCacheBehavior [ RunTime:0.000587s ]
INFO: [ app_begin ] --END-- [ RunTime:0.000783s ]
ERR: 参数错误或者未定义:pdfdata

[ 2019-04-17T15:34:17+08:00 ] 222.22.66.250 /xcx/home/index/read
INFO: [ app_init ] --START--
INFO: Run Behavior\BuildLiteBehavior [ RunTime:0.000069s ]
INFO: [ app_init ] --END-- [ RunTime:0.000868s ]
INFO: [ app_begin ] --START--
INFO: Run Behavior\ReadHtmlCacheBehavior [ RunTime:0.000775s ]
INFO: [ app_begin ] --END-- [ RunTime:0.001061s ]
NOTIC: [2] fread(): Length parameter must be greater than 0 C:\wamp\www\xcx\Application\Home\Controller\IndexController.class.php 第 77 行.
INFO: [ app_end ] --START--
INFO: Run Behavior\ShowPageTraceBehavior [ RunTime:0.000607s ]
INFO: [ app_end ] --END-- [ RunTime:0.000815s ]

