[ 2019-04-16T10:48:10+08:00 ] 222.22.66.250 /xcx/home/index/read
INFO: [ app_init ] --START--
INFO: Run Behavior\BuildLiteBehavior [ RunTime:0.000087s ]
INFO: [ app_init ] --END-- [ RunTime:0.002566s ]
INFO: [ app_begin ] --START--
INFO: Run Behavior\ReadHtmlCacheBehavior [ RunTime:0.001747s ]
INFO: [ app_begin ] --END-- [ RunTime:0.002001s ]
INFO: [ app_end ] --START--
INFO: Run Behavior\ShowPageTraceBehavior [ RunTime:0.001709s ]
INFO: [ app_end ] --END-- [ RunTime:0.002001s ]

[ 2019-04-16T10:48:38+08:00 ] 222.22.66.250 /xcx/home/index/read
INFO: [ app_init ] --START--
INFO: Run Behavior\BuildLiteBehavior [ RunTime:0.000063s ]
INFO: [ app_init ] --END-- [ RunTime:0.000689s ]
INFO: [ app_begin ] --START--
INFO: Run Behavior\ReadHtmlCacheBehavior [ RunTime:0.000741s ]
INFO: [ app_begin ] --END-- [ RunTime:0.001045s ]
INFO: [ app_end ] --START--
INFO: Run Behavior\ShowPageTraceBehavior [ RunTime:0.000783s ]
INFO: [ app_end ] --END-- [ RunTime:0.001136s ]

[ 2019-04-16T10:51:20+08:00 ] 222.22.66.250 /xcx/home/index/read
INFO: [ app_init ] --START--
INFO: Run Behavior\BuildLiteBehavior [ RunTime:0.000061s ]
INFO: [ app_init ] --END-- [ RunTime:0.000736s ]
INFO: [ app_begin ] --START--
INFO: Run Behavior\ReadHtmlCacheBehavior [ RunTime:0.000862s ]
INFO: [ app_begin ] --END-- [ RunTime:0.001157s ]
INFO: [ app_end ] --START--
INFO: Run Behavior\ShowPageTraceBehavior [ RunTime:0.000763s ]
INFO: [ app_end ] --END-- [ RunTime:0.001068s ]

[ 2019-04-16T10:52:37+08:00 ] 222.22.66.250 /xcx/home/index/read
INFO: [ app_init ] --START--
INFO: Run Behavior\BuildLiteBehavior [ RunTime:0.000042s ]
INFO: [ app_init ] --END-- [ RunTime:0.000576s ]
INFO: [ app_begin ] --START--
INFO: Run Behavior\ReadHtmlCacheBehavior [ RunTime:0.000601s ]
INFO: [ app_begin ] --END-- [ RunTime:0.000797s ]
INFO: [ app_end ] --START--
INFO: Run Behavior\ShowPageTraceBehavior [ RunTime:0.000650s ]
INFO: [ app_end ] --END-- [ RunTime:0.000921s ]

[ 2019-04-16T11:02:30+08:00 ] 222.22.66.250 /xcx/home/index/read
INFO: [ app_init ] --START--
INFO: Run Behavior\BuildLiteBehavior [ RunTime:0.000064s ]
INFO: [ app_init ] --END-- [ RunTime:0.000780s ]
INFO: [ app_begin ] --START--
INFO: Run Behavior\ReadHtmlCacheBehavior [ RunTime:0.000955s ]
INFO: [ app_begin ] --END-- [ RunTime:0.001293s ]
INFO: [ app_end ] --START--
INFO: Run Behavior\ShowPageTraceBehavior [ RunTime:0.000569s ]
INFO: [ app_end ] --END-- [ RunTime:0.000810s ]

[ 2019-04-16T11:05:00+08:00 ] 222.22.66.250 /xcx/home/index/read
INFO: [ app_init ] --START--
INFO: Run Behavior\BuildLiteBehavior [ RunTime:0.000041s ]
INFO: [ app_init ] --END-- [ RunTime:0.000577s ]
INFO: [ app_begin ] --START--
INFO: Run Behavior\ReadHtmlCacheBehavior [ RunTime:0.000665s ]
INFO: [ app_begin ] --END-- [ RunTime:0.000878s ]
INFO: [ app_end ] --START--
INFO: Run Behavior\ShowPageTraceBehavior [ RunTime:0.000645s ]
INFO: [ app_end ] --END-- [ RunTime:0.000891s ]

[ 2019-04-16T11:06:57+08:00 ] 222.22.66.250 /xcx/home/index/read
INFO: [ app_init ] --START--
INFO: Run Behavior\BuildLiteBehavior [ RunTime:0.000046s ]
INFO: [ app_init ] --END-- [ RunTime:0.000701s ]
INFO: [ app_begin ] --START--
INFO: Run Behavior\ReadHtmlCacheBehavior [ RunTime:0.000831s ]
INFO: [ app_begin ] --END-- [ RunTime:0.001114s ]
INFO: [ app_end ] --START--
INFO: Run Behavior\ShowPageTraceBehavior [ RunTime:0.000893s ]
INFO: [ app_end ] --END-- [ RunTime:0.001255s ]

[ 2019-04-16T11:07:42+08:00 ] 222.22.66.250 /xcx/home/index/upload
INFO: [ app_init ] --START--
INFO: Run Behavior\BuildLiteBehavior [ RunTime:0.000065s ]
INFO: [ app_init ] --END-- [ RunTime:0.000788s ]
INFO: [ app_begin ] --START--
INFO: Run Behavior\ReadHtmlCacheBehavior [ RunTime:0.000947s ]
INFO: [ app_begin ] --END-- [ RunTime:0.001264s ]
NOTIC: [2] call_user_func() expects parameter 1 to be a valid callback, no array or string given C:\wamp\www\ThinkPHP\Library\Think\Upload.class.php 第 170 行.
NOTIC: [8] Use of undefined constant data - assumed 'data' C:\wamp\www\xcx\Application\Home\Controller\OcrController.class.php 第 20 行.
NOTIC: [8] Use of undefined constant items - assumed 'items' C:\wamp\www\xcx\Application\Home\Controller\OcrController.class.php 第 20 行.
NOTIC: [8] Use of undefined constant data - assumed 'data' C:\wamp\www\xcx\Application\Home\Controller\OcrController.class.php 第 23 行.
NOTIC: [8] Use of undefined constant items - assumed 'items' C:\wamp\www\xcx\Application\Home\Controller\OcrController.class.php 第 23 行.
NOTIC: [8] Use of undefined constant itemstring - assumed 'itemstring' C:\wamp\www\xcx\Application\Home\Controller\OcrController.class.php 第 23 行.
INFO: [ app_end ] --START--
INFO: Run Behavior\ShowPageTraceBehavior [ RunTime:0.000654s ]
INFO: [ app_end ] --END-- [ RunTime:0.000943s ]

[ 2019-04-16T11:08:50+08:00 ] 222.22.66.250 /xcx/home/index/read
INFO: [ app_init ] --START--
INFO: Run Behavior\BuildLiteBehavior [ RunTime:0.000047s ]
INFO: [ app_init ] --END-- [ RunTime:0.000630s ]
INFO: [ app_begin ] --START--
INFO: Run Behavior\ReadHtmlCacheBehavior [ RunTime:0.000662s ]
INFO: [ app_begin ] --END-- [ RunTime:0.000895s ]
INFO: [ app_end ] --START--
INFO: Run Behavior\ShowPageTraceBehavior [ RunTime:0.000577s ]
INFO: [ app_end ] --END-- [ RunTime:0.000813s ]

[ 2019-04-16T11:09:58+08:00 ] 222.22.66.250 /xcx/home/index/upload
INFO: [ app_init ] --START--
INFO: Run Behavior\BuildLiteBehavior [ RunTime:0.000052s ]
INFO: [ app_init ] --END-- [ RunTime:0.000588s ]
INFO: [ app_begin ] --START--
INFO: Run Behavior\ReadHtmlCacheBehavior [ RunTime:0.000629s ]
INFO: [ app_begin ] --END-- [ RunTime:0.000855s ]
NOTIC: [2] call_user_func() expects parameter 1 to be a valid callback, no array or string given C:\wamp\www\ThinkPHP\Library\Think\Upload.class.php 第 170 行.
NOTIC: [8] Use of undefined constant data - assumed 'data' C:\wamp\www\xcx\Application\Home\Controller\OcrController.class.php 第 20 行.
NOTIC: [8] Use of undefined constant items - assumed 'items' C:\wamp\www\xcx\Application\Home\Controller\OcrController.class.php 第 20 行.
NOTIC: [8] Use of undefined constant data - assumed 'data' C:\wamp\www\xcx\Application\Home\Controller\OcrController.class.php 第 23 行.
NOTIC: [8] Use of undefined constant items - assumed 'items' C:\wamp\www\xcx\Application\Home\Controller\OcrController.class.php 第 23 行.
NOTIC: [8] Use of undefined constant itemstring - assumed 'itemstring' C:\wamp\www\xcx\Application\Home\Controller\OcrController.class.php 第 23 行.
INFO: [ app_end ] --START--
INFO: Run Behavior\ShowPageTraceBehavior [ RunTime:0.000612s ]
INFO: [ app_end ] --END-- [ RunTime:0.000820s ]

[ 2019-04-16T11:10:39+08:00 ] 222.22.66.250 /xcx/home/index/read
INFO: [ app_init ] --START--
INFO: Run Behavior\BuildLiteBehavior [ RunTime:0.000041s ]
INFO: [ app_init ] --END-- [ RunTime:0.000540s ]
INFO: [ app_begin ] --START--
INFO: Run Behavior\ReadHtmlCacheBehavior [ RunTime:0.000630s ]
INFO: [ app_begin ] --END-- [ RunTime:0.000863s ]
INFO: [ app_end ] --START--
INFO: Run Behavior\ShowPageTraceBehavior [ RunTime:0.000488s ]
INFO: [ app_end ] --END-- [ RunTime:0.000693s ]

[ 2019-04-16T11:10:46+08:00 ] 222.22.66.250 /xcx/home/index/upload
INFO: [ app_init ] --START--
INFO: Run Behavior\BuildLiteBehavior [ RunTime:0.000054s ]
INFO: [ app_init ] --END-- [ RunTime:0.000552s ]
INFO: [ app_begin ] --START--
INFO: Run Behavior\ReadHtmlCacheBehavior [ RunTime:0.000534s ]
INFO: [ app_begin ] --END-- [ RunTime:0.000727s ]
NOTIC: [2] call_user_func() expects parameter 1 to be a valid callback, no array or string given C:\wamp\www\ThinkPHP\Library\Think\Upload.class.php 第 170 行.
NOTIC: [8] Use of undefined constant data - assumed 'data' C:\wamp\www\xcx\Application\Home\Controller\OcrController.class.php 第 20 行.
NOTIC: [8] Use of undefined constant items - assumed 'items' C:\wamp\www\xcx\Application\Home\Controller\OcrController.class.php 第 20 行.
INFO: [ app_end ] --START--
INFO: Run Behavior\ShowPageTraceBehavior [ RunTime:0.001035s ]
INFO: [ app_end ] --END-- [ RunTime:0.001357s ]

[ 2019-04-16T11:11:59+08:00 ] 222.22.66.250 /xcx/home/index/upload
INFO: [ app_init ] --START--
INFO: Run Behavior\BuildLiteBehavior [ RunTime:0.000042s ]
INFO: [ app_init ] --END-- [ RunTime:0.000598s ]
INFO: [ app_begin ] --START--
INFO: Run Behavior\ReadHtmlCacheBehavior [ RunTime:0.000567s ]
INFO: [ app_begin ] --END-- [ RunTime:0.000767s ]
NOTIC: [2] call_user_func() expects parameter 1 to be a valid callback, no array or string given C:\wamp\www\ThinkPHP\Library\Think\Upload.class.php 第 170 行.
NOTIC: [8] Use of undefined constant data - assumed 'data' C:\wamp\www\xcx\Application\Home\Controller\OcrController.class.php 第 20 行.
NOTIC: [8] Use of undefined constant items - assumed 'items' C:\wamp\www\xcx\Application\Home\Controller\OcrController.class.php 第 20 行.
INFO: [ app_end ] --START--
INFO: Run Behavior\ShowPageTraceBehavior [ RunTime:0.000923s ]
INFO: [ app_end ] --END-- [ RunTime:0.001214s ]

[ 2019-04-16T11:12:08+08:00 ] 222.22.66.250 /xcx/home/index/read
INFO: [ app_init ] --START--
INFO: Run Behavior\BuildLiteBehavior [ RunTime:0.000041s ]
INFO: [ app_init ] --END-- [ RunTime:0.000509s ]
INFO: [ app_begin ] --START--
INFO: Run Behavior\ReadHtmlCacheBehavior [ RunTime:0.000530s ]
INFO: [ app_begin ] --END-- [ RunTime:0.000727s ]
INFO: [ app_end ] --START--
INFO: Run Behavior\ShowPageTraceBehavior [ RunTime:0.000624s ]
INFO: [ app_end ] --END-- [ RunTime:0.000997s ]

[ 2019-04-16T11:12:21+08:00 ] 222.22.66.250 /xcx/home/index/upload
INFO: [ app_init ] --START--
INFO: Run Behavior\BuildLiteBehavior [ RunTime:0.000068s ]
INFO: [ app_init ] --END-- [ RunTime:0.000830s ]
INFO: [ app_begin ] --START--
INFO: Run Behavior\ReadHtmlCacheBehavior [ RunTime:0.000945s ]
INFO: [ app_begin ] --END-- [ RunTime:0.001277s ]
NOTIC: [2] call_user_func() expects parameter 1 to be a valid callback, no array or string given C:\wamp\www\ThinkPHP\Library\Think\Upload.class.php 第 170 行.
NOTIC: [8] Use of undefined constant data - assumed 'data' C:\wamp\www\xcx\Application\Home\Controller\OcrController.class.php 第 20 行.
NOTIC: [8] Use of undefined constant items - assumed 'items' C:\wamp\www\xcx\Application\Home\Controller\OcrController.class.php 第 20 行.
NOTIC: [8] Use of undefined constant data - assumed 'data' C:\wamp\www\xcx\Application\Home\Controller\OcrController.class.php 第 23 行.
NOTIC: [8] Use of undefined constant items - assumed 'items' C:\wamp\www\xcx\Application\Home\Controller\OcrController.class.php 第 23 行.
NOTIC: [8] Use of undefined constant itemstring - assumed 'itemstring' C:\wamp\www\xcx\Application\Home\Controller\OcrController.class.php 第 23 行.
NOTIC: [8] Use of undefined constant data - assumed 'data' C:\wamp\www\xcx\Application\Home\Controller\OcrController.class.php 第 23 行.
NOTIC: [8] Use of undefined constant items - assumed 'items' C:\wamp\www\xcx\Application\Home\Controller\OcrController.class.php 第 23 行.
NOTIC: [8] Use of undefined constant itemstring - assumed 'itemstring' C:\wamp\www\xcx\Application\Home\Controller\OcrController.class.php 第 23 行.
INFO: [ app_end ] --START--
INFO: Run Behavior\ShowPageTraceBehavior [ RunTime:0.000787s ]
INFO: [ app_end ] --END-- [ RunTime:0.001061s ]

[ 2019-04-16T11:13:09+08:00 ] 222.22.66.250 /xcx/home/index/read
INFO: [ app_init ] --START--
INFO: Run Behavior\BuildLiteBehavior [ RunTime:0.000060s ]
INFO: [ app_init ] --END-- [ RunTime:0.000741s ]
INFO: [ app_begin ] --START--
INFO: Run Behavior\ReadHtmlCacheBehavior [ RunTime:0.000792s ]
INFO: [ app_begin ] --END-- [ RunTime:0.001088s ]
INFO: [ app_end ] --START--
INFO: Run Behavior\ShowPageTraceBehavior [ RunTime:0.000679s ]
INFO: [ app_end ] --END-- [ RunTime:0.000973s ]

[ 2019-04-16T11:13:20+08:00 ] 222.22.66.250 /xcx/home/index/upload
INFO: [ app_init ] --START--
INFO: Run Behavior\BuildLiteBehavior [ RunTime:0.000044s ]
INFO: [ app_init ] --END-- [ RunTime:0.000678s ]
INFO: [ app_begin ] --START--
INFO: Run Behavior\ReadHtmlCacheBehavior [ RunTime:0.000647s ]
INFO: [ app_begin ] --END-- [ RunTime:0.000889s ]
NOTIC: [2] call_user_func() expects parameter 1 to be a valid callback, no array or string given C:\wamp\www\ThinkPHP\Library\Think\Upload.class.php 第 170 行.
NOTIC: [8] Use of undefined constant data - assumed 'data' C:\wamp\www\xcx\Application\Home\Controller\OcrController.class.php 第 20 行.
NOTIC: [8] Use of undefined constant items - assumed 'items' C:\wamp\www\xcx\Application\Home\Controller\OcrController.class.php 第 20 行.
NOTIC: [8] Use of undefined constant data - assumed 'data' C:\wamp\www\xcx\Application\Home\Controller\OcrController.class.php 第 23 行.
NOTIC: [8] Use of undefined constant items - assumed 'items' C:\wamp\www\xcx\Application\Home\Controller\OcrController.class.php 第 23 行.
NOTIC: [8] Use of undefined constant itemstring - assumed 'itemstring' C:\wamp\www\xcx\Application\Home\Controller\OcrController.class.php 第 23 行.
INFO: [ app_end ] --START--
INFO: Run Behavior\ShowPageTraceBehavior [ RunTime:0.000592s ]
INFO: [ app_end ] --END-- [ RunTime:0.000856s ]

[ 2019-04-16T11:14:41+08:00 ] 222.22.66.250 /xcx/home/index/read
INFO: [ app_init ] --START--
INFO: Run Behavior\BuildLiteBehavior [ RunTime:0.000068s ]
INFO: [ app_init ] --END-- [ RunTime:0.000794s ]
INFO: [ app_begin ] --START--
INFO: Run Behavior\ReadHtmlCacheBehavior [ RunTime:0.000910s ]
INFO: [ app_begin ] --END-- [ RunTime:0.001238s ]
INFO: [ app_end ] --START--
INFO: Run Behavior\ShowPageTraceBehavior [ RunTime:0.000674s ]
INFO: [ app_end ] --END-- [ RunTime:0.000913s ]

[ 2019-04-16T11:14:51+08:00 ] 222.22.66.250 /xcx/home/index/upload
INFO: [ app_init ] --START--
INFO: Run Behavior\BuildLiteBehavior [ RunTime:0.000043s ]
INFO: [ app_init ] --END-- [ RunTime:0.000748s ]
INFO: [ app_begin ] --START--
INFO: Run Behavior\ReadHtmlCacheBehavior [ RunTime:0.000612s ]
INFO: [ app_begin ] --END-- [ RunTime:0.000873s ]
NOTIC: [2] call_user_func() expects parameter 1 to be a valid callback, no array or string given C:\wamp\www\ThinkPHP\Library\Think\Upload.class.php 第 170 行.

[ 2019-04-16T11:15:48+08:00 ] 222.22.66.250 /xcx/home/index/upload
INFO: [ app_init ] --START--
INFO: Run Behavior\BuildLiteBehavior [ RunTime:0.000062s ]
INFO: [ app_init ] --END-- [ RunTime:0.000734s ]
INFO: [ app_begin ] --START--
INFO: Run Behavior\ReadHtmlCacheBehavior [ RunTime:0.000780s ]
INFO: [ app_begin ] --END-- [ RunTime:0.001075s ]
NOTIC: [2] call_user_func() expects parameter 1 to be a valid callback, no array or string given C:\wamp\www\ThinkPHP\Library\Think\Upload.class.php 第 170 行.
NOTIC: [8] Use of undefined constant data - assumed 'data' C:\wamp\www\xcx\Application\Home\Controller\OcrController.class.php 第 20 行.
NOTIC: [8] Use of undefined constant items - assumed 'items' C:\wamp\www\xcx\Application\Home\Controller\OcrController.class.php 第 20 行.
NOTIC: [8] Use of undefined constant data - assumed 'data' C:\wamp\www\xcx\Application\Home\Controller\OcrController.class.php 第 23 行.
NOTIC: [8] Use of undefined constant items - assumed 'items' C:\wamp\www\xcx\Application\Home\Controller\OcrController.class.php 第 23 行.
NOTIC: [8] Use of undefined constant itemstring - assumed 'itemstring' C:\wamp\www\xcx\Application\Home\Controller\OcrController.class.php 第 23 行.
NOTIC: [8] Use of undefined constant data - assumed 'data' C:\wamp\www\xcx\Application\Home\Controller\OcrController.class.php 第 23 行.
NOTIC: [8] Use of undefined constant items - assumed 'items' C:\wamp\www\xcx\Application\Home\Controller\OcrController.class.php 第 23 行.
NOTIC: [8] Use of undefined constant itemstring - assumed 'itemstring' C:\wamp\www\xcx\Application\Home\Controller\OcrController.class.php 第 23 行.
INFO: [ app_end ] --START--
INFO: Run Behavior\ShowPageTraceBehavior [ RunTime:0.000929s ]
INFO: [ app_end ] --END-- [ RunTime:0.001297s ]

[ 2019-04-16T11:17:53+08:00 ] 222.22.66.250 /xcx/home/index/write
INFO: [ app_init ] --START--
INFO: Run Behavior\BuildLiteBehavior [ RunTime:0.000042s ]
INFO: [ app_init ] --END-- [ RunTime:0.000524s ]
INFO: [ app_begin ] --START--
INFO: Run Behavior\ReadHtmlCacheBehavior [ RunTime:0.000671s ]
INFO: [ app_begin ] --END-- [ RunTime:0.000866s ]
INFO: [ app_end ] --START--
INFO: Run Behavior\ShowPageTraceBehavior [ RunTime:0.000554s ]
INFO: [ app_end ] --END-- [ RunTime:0.000759s ]

[ 2019-04-16T11:17:55+08:00 ] 222.22.66.250 /xcx/home/index/write
INFO: [ app_init ] --START--
INFO: Run Behavior\BuildLiteBehavior [ RunTime:0.000043s ]
INFO: [ app_init ] --END-- [ RunTime:0.000564s ]
INFO: [ app_begin ] --START--
INFO: Run Behavior\ReadHtmlCacheBehavior [ RunTime:0.000597s ]
INFO: [ app_begin ] --END-- [ RunTime:0.000814s ]
INFO: [ app_end ] --START--
INFO: Run Behavior\ShowPageTraceBehavior [ RunTime:0.000503s ]
INFO: [ app_end ] --END-- [ RunTime:0.000712s ]

[ 2019-04-16T11:19:25+08:00 ] 222.22.66.250 /xcx/home/index/write
INFO: [ app_init ] --START--
INFO: Run Behavior\BuildLiteBehavior [ RunTime:0.000063s ]
INFO: [ app_init ] --END-- [ RunTime:0.000732s ]
INFO: [ app_begin ] --START--
INFO: Run Behavior\ReadHtmlCacheBehavior [ RunTime:0.000890s ]
INFO: [ app_begin ] --END-- [ RunTime:0.001140s ]
ERR: 参数错误或者未定义:OcrTxt

[ 2019-04-16T11:19:46+08:00 ] 222.22.66.250 /xcx/home/index/test
INFO: [ app_init ] --START--
INFO: Run Behavior\BuildLiteBehavior [ RunTime:0.000043s ]
INFO: [ app_init ] --END-- [ RunTime:0.000531s ]
INFO: [ app_begin ] --START--
INFO: Run Behavior\ReadHtmlCacheBehavior [ RunTime:0.000596s ]
INFO: [ app_begin ] --END-- [ RunTime:0.000839s ]
INFO: [ app_end ] --START--
INFO: Run Behavior\ShowPageTraceBehavior [ RunTime:0.000807s ]
INFO: [ app_end ] --END-- [ RunTime:0.001031s ]

[ 2019-04-16T11:21:56+08:00 ] 222.22.66.250 /xcx/home/index/read
INFO: [ app_init ] --START--
INFO: Run Behavior\BuildLiteBehavior [ RunTime:0.000062s ]
INFO: [ app_init ] --END-- [ RunTime:0.000749s ]
INFO: [ app_begin ] --START--
INFO: Run Behavior\ReadHtmlCacheBehavior [ RunTime:0.000818s ]
INFO: [ app_begin ] --END-- [ RunTime:0.001116s ]
INFO: [ app_end ] --START--
INFO: Run Behavior\ShowPageTraceBehavior [ RunTime:0.000737s ]
INFO: [ app_end ] --END-- [ RunTime:0.001028s ]

[ 2019-04-16T13:08:08+08:00 ] 222.22.66.250 /xcx/home/index/read
INFO: [ app_init ] --START--
INFO: Run Behavior\BuildLiteBehavior [ RunTime:0.000061s ]
INFO: [ app_init ] --END-- [ RunTime:0.000751s ]
INFO: [ app_begin ] --START--
INFO: Run Behavior\ReadHtmlCacheBehavior [ RunTime:0.000819s ]
INFO: [ app_begin ] --END-- [ RunTime:0.001151s ]
INFO: [ app_end ] --START--
INFO: Run Behavior\ShowPageTraceBehavior [ RunTime:0.000730s ]
INFO: [ app_end ] --END-- [ RunTime:0.001021s ]

[ 2019-04-16T13:08:29+08:00 ] 222.22.66.250 /xcx/home/index/upload
INFO: [ app_init ] --START--
INFO: Run Behavior\BuildLiteBehavior [ RunTime:0.000098s ]
INFO: [ app_init ] --END-- [ RunTime:0.000886s ]
INFO: [ app_begin ] --START--
INFO: Run Behavior\ReadHtmlCacheBehavior [ RunTime:0.000976s ]
INFO: [ app_begin ] --END-- [ RunTime:0.001350s ]
NOTIC: [2] call_user_func() expects parameter 1 to be a valid callback, no array or string given C:\wamp\www\ThinkPHP\Library\Think\Upload.class.php 第 170 行.
NOTIC: [8] Use of undefined constant data - assumed 'data' C:\wamp\www\xcx\Application\Home\Controller\OcrController.class.php 第 20 行.
NOTIC: [8] Use of undefined constant items - assumed 'items' C:\wamp\www\xcx\Application\Home\Controller\OcrController.class.php 第 20 行.
NOTIC: [8] Use of undefined constant data - assumed 'data' C:\wamp\www\xcx\Application\Home\Controller\OcrController.class.php 第 23 行.
NOTIC: [8] Use of undefined constant items - assumed 'items' C:\wamp\www\xcx\Application\Home\Controller\OcrController.class.php 第 23 行.
NOTIC: [8] Use of undefined constant itemstring - assumed 'itemstring' C:\wamp\www\xcx\Application\Home\Controller\OcrController.class.php 第 23 行.
NOTIC: [8] Use of undefined constant data - assumed 'data' C:\wamp\www\xcx\Application\Home\Controller\OcrController.class.php 第 23 行.
NOTIC: [8] Use of undefined constant items - assumed 'items' C:\wamp\www\xcx\Application\Home\Controller\OcrController.class.php 第 23 行.
NOTIC: [8] Use of undefined constant itemstring - assumed 'itemstring' C:\wamp\www\xcx\Application\Home\Controller\OcrController.class.php 第 23 行.
INFO: [ app_end ] --START--
INFO: Run Behavior\ShowPageTraceBehavior [ RunTime:0.000701s ]
INFO: [ app_end ] --END-- [ RunTime:0.000908s ]

[ 2019-04-16T13:10:05+08:00 ] 222.22.66.250 /xcx/home/index/test
INFO: [ app_init ] --START--
INFO: Run Behavior\BuildLiteBehavior [ RunTime:0.000041s ]
INFO: [ app_init ] --END-- [ RunTime:0.000609s ]
INFO: [ app_begin ] --START--
INFO: Run Behavior\ReadHtmlCacheBehavior [ RunTime:0.000693s ]
INFO: [ app_begin ] --END-- [ RunTime:0.000887s ]
ERR: 非法操作:test

[ 2019-04-16T13:16:52+08:00 ] 222.22.66.250 /xcx/home/index/read
INFO: [ app_init ] --START--
INFO: Run Behavior\BuildLiteBehavior [ RunTime:0.000062s ]
INFO: [ app_init ] --END-- [ RunTime:0.000734s ]
INFO: [ app_begin ] --START--
INFO: Run Behavior\ReadHtmlCacheBehavior [ RunTime:0.000808s ]
INFO: [ app_begin ] --END-- [ RunTime:0.001097s ]
INFO: [ app_end ] --START--
INFO: Run Behavior\ShowPageTraceBehavior [ RunTime:0.000738s ]
INFO: [ app_end ] --END-- [ RunTime:0.001027s ]

[ 2019-04-16T13:17:07+08:00 ] 222.22.66.250 /xcx/home/index/upload
INFO: [ app_init ] --START--
INFO: Run Behavior\BuildLiteBehavior [ RunTime:0.000059s ]
INFO: [ app_init ] --END-- [ RunTime:0.000755s ]
INFO: [ app_begin ] --START--
INFO: Run Behavior\ReadHtmlCacheBehavior [ RunTime:0.000801s ]
INFO: [ app_begin ] --END-- [ RunTime:0.001090s ]
NOTIC: [2] call_user_func() expects parameter 1 to be a valid callback, no array or string given C:\wamp\www\ThinkPHP\Library\Think\Upload.class.php 第 170 行.
NOTIC: [8] Use of undefined constant data - assumed 'data' C:\wamp\www\xcx\Application\Home\Controller\OcrController.class.php 第 20 行.
NOTIC: [8] Use of undefined constant items - assumed 'items' C:\wamp\www\xcx\Application\Home\Controller\OcrController.class.php 第 20 行.
INFO: [ app_end ] --START--
INFO: Run Behavior\ShowPageTraceBehavior [ RunTime:0.000687s ]
INFO: [ app_end ] --END-- [ RunTime:0.000911s ]

[ 2019-04-16T13:17:10+08:00 ] 222.22.66.250 /xcx/home/index/upload
INFO: [ app_init ] --START--
INFO: Run Behavior\BuildLiteBehavior [ RunTime:0.000043s ]
INFO: [ app_init ] --END-- [ RunTime:0.000674s ]
INFO: [ app_begin ] --START--
INFO: Run Behavior\ReadHtmlCacheBehavior [ RunTime:0.000684s ]
INFO: [ app_begin ] --END-- [ RunTime:0.000941s ]
NOTIC: [2] call_user_func() expects parameter 1 to be a valid callback, no array or string given C:\wamp\www\ThinkPHP\Library\Think\Upload.class.php 第 170 行.
NOTIC: [8] Use of undefined constant data - assumed 'data' C:\wamp\www\xcx\Application\Home\Controller\OcrController.class.php 第 20 行.
NOTIC: [8] Use of undefined constant items - assumed 'items' C:\wamp\www\xcx\Application\Home\Controller\OcrController.class.php 第 20 行.
INFO: [ app_end ] --START--
INFO: Run Behavior\ShowPageTraceBehavior [ RunTime:0.000918s ]
INFO: [ app_end ] --END-- [ RunTime:0.001224s ]

[ 2019-04-16T13:17:12+08:00 ] 222.22.66.250 /xcx/home/index/upload
INFO: [ app_init ] --START--
INFO: Run Behavior\BuildLiteBehavior [ RunTime:0.000078s ]
INFO: [ app_init ] --END-- [ RunTime:0.000808s ]
INFO: [ app_begin ] --START--
INFO: Run Behavior\ReadHtmlCacheBehavior [ RunTime:0.000830s ]
INFO: [ app_begin ] --END-- [ RunTime:0.001145s ]
NOTIC: [2] call_user_func() expects parameter 1 to be a valid callback, no array or string given C:\wamp\www\ThinkPHP\Library\Think\Upload.class.php 第 170 行.
NOTIC: [8] Use of undefined constant data - assumed 'data' C:\wamp\www\xcx\Application\Home\Controller\OcrController.class.php 第 20 行.
NOTIC: [8] Use of undefined constant items - assumed 'items' C:\wamp\www\xcx\Application\Home\Controller\OcrController.class.php 第 20 行.
INFO: [ app_end ] --START--
INFO: Run Behavior\ShowPageTraceBehavior [ RunTime:0.000898s ]
INFO: [ app_end ] --END-- [ RunTime:0.001209s ]

[ 2019-04-16T13:17:13+08:00 ] 222.22.66.250 /xcx/home/index/upload
INFO: [ app_init ] --START--
INFO: Run Behavior\BuildLiteBehavior [ RunTime:0.000062s ]
INFO: [ app_init ] --END-- [ RunTime:0.000725s ]
INFO: [ app_begin ] --START--
INFO: Run Behavior\ReadHtmlCacheBehavior [ RunTime:0.000762s ]
INFO: [ app_begin ] --END-- [ RunTime:0.001050s ]
NOTIC: [2] call_user_func() expects parameter 1 to be a valid callback, no array or string given C:\wamp\www\ThinkPHP\Library\Think\Upload.class.php 第 170 行.
NOTIC: [8] Use of undefined constant data - assumed 'data' C:\wamp\www\xcx\Application\Home\Controller\OcrController.class.php 第 20 行.
NOTIC: [8] Use of undefined constant items - assumed 'items' C:\wamp\www\xcx\Application\Home\Controller\OcrController.class.php 第 20 行.
INFO: [ app_end ] --START--
INFO: Run Behavior\ShowPageTraceBehavior [ RunTime:0.000872s ]
INFO: [ app_end ] --END-- [ RunTime:0.001181s ]

[ 2019-04-16T13:17:14+08:00 ] 222.22.66.250 /xcx/home/index/upload
INFO: [ app_init ] --START--
INFO: Run Behavior\BuildLiteBehavior [ RunTime:0.000044s ]
INFO: [ app_init ] --END-- [ RunTime:0.000554s ]
INFO: [ app_begin ] --START--
INFO: Run Behavior\ReadHtmlCacheBehavior [ RunTime:0.000565s ]
INFO: [ app_begin ] --END-- [ RunTime:0.000764s ]
NOTIC: [2] call_user_func() expects parameter 1 to be a valid callback, no array or string given C:\wamp\www\ThinkPHP\Library\Think\Upload.class.php 第 170 行.
NOTIC: [8] Use of undefined constant data - assumed 'data' C:\wamp\www\xcx\Application\Home\Controller\OcrController.class.php 第 20 行.
NOTIC: [8] Use of undefined constant items - assumed 'items' C:\wamp\www\xcx\Application\Home\Controller\OcrController.class.php 第 20 行.
INFO: [ app_end ] --START--
INFO: Run Behavior\ShowPageTraceBehavior [ RunTime:0.000671s ]
INFO: [ app_end ] --END-- [ RunTime:0.000896s ]

[ 2019-04-16T13:18:17+08:00 ] 222.22.66.250 /xcx/home/index/upload
INFO: [ app_init ] --START--
INFO: Run Behavior\BuildLiteBehavior [ RunTime:0.000045s ]
INFO: [ app_init ] --END-- [ RunTime:0.000544s ]
INFO: [ app_begin ] --START--
INFO: Run Behavior\ReadHtmlCacheBehavior [ RunTime:0.000550s ]
INFO: [ app_begin ] --END-- [ RunTime:0.000787s ]
NOTIC: [2] call_user_func() expects parameter 1 to be a valid callback, no array or string given C:\wamp\www\ThinkPHP\Library\Think\Upload.class.php 第 170 行.
NOTIC: [8] Use of undefined constant data - assumed 'data' C:\wamp\www\xcx\Application\Home\Controller\OcrController.class.php 第 20 行.
NOTIC: [8] Use of undefined constant items - assumed 'items' C:\wamp\www\xcx\Application\Home\Controller\OcrController.class.php 第 20 行.
INFO: [ app_end ] --START--
INFO: Run Behavior\ShowPageTraceBehavior [ RunTime:0.000897s ]
INFO: [ app_end ] --END-- [ RunTime:0.001207s ]

[ 2019-04-16T13:18:33+08:00 ] 222.22.66.250 /xcx/home/index/upload
INFO: [ app_init ] --START--
INFO: Run Behavior\BuildLiteBehavior [ RunTime:0.000072s ]
INFO: [ app_init ] --END-- [ RunTime:0.000787s ]
INFO: [ app_begin ] --START--
INFO: Run Behavior\ReadHtmlCacheBehavior [ RunTime:0.000983s ]
INFO: [ app_begin ] --END-- [ RunTime:0.001292s ]
NOTIC: [2] call_user_func() expects parameter 1 to be a valid callback, no array or string given C:\wamp\www\ThinkPHP\Library\Think\Upload.class.php 第 170 行.
NOTIC: [8] Use of undefined constant data - assumed 'data' C:\wamp\www\xcx\Application\Home\Controller\OcrController.class.php 第 20 行.
NOTIC: [8] Use of undefined constant items - assumed 'items' C:\wamp\www\xcx\Application\Home\Controller\OcrController.class.php 第 20 行.
INFO: [ app_end ] --START--
INFO: Run Behavior\ShowPageTraceBehavior [ RunTime:0.000848s ]
INFO: [ app_end ] --END-- [ RunTime:0.001142s ]

[ 2019-04-16T13:18:43+08:00 ] 222.22.66.250 /xcx/home/index/read
INFO: [ app_init ] --START--
INFO: Run Behavior\BuildLiteBehavior [ RunTime:0.000061s ]
INFO: [ app_init ] --END-- [ RunTime:0.000839s ]
INFO: [ app_begin ] --START--
INFO: Run Behavior\ReadHtmlCacheBehavior [ RunTime:0.000803s ]
INFO: [ app_begin ] --END-- [ RunTime:0.001098s ]
INFO: [ app_end ] --START--
INFO: Run Behavior\ShowPageTraceBehavior [ RunTime:0.000779s ]
INFO: [ app_end ] --END-- [ RunTime:0.001071s ]

[ 2019-04-16T13:19:40+08:00 ] 222.22.66.250 /xcx/home/index/read
INFO: [ app_init ] --START--
INFO: Run Behavior\BuildLiteBehavior [ RunTime:0.000062s ]
INFO: [ app_init ] --END-- [ RunTime:0.000665s ]
INFO: [ app_begin ] --START--
INFO: Run Behavior\ReadHtmlCacheBehavior [ RunTime:0.000677s ]
INFO: [ app_begin ] --END-- [ RunTime:0.000892s ]
INFO: [ app_end ] --START--
INFO: Run Behavior\ShowPageTraceBehavior [ RunTime:0.000596s ]
INFO: [ app_end ] --END-- [ RunTime:0.000802s ]

[ 2019-04-16T13:19:42+08:00 ] 222.22.66.250 /xcx/home/index/read
INFO: [ app_init ] --START--
INFO: Run Behavior\BuildLiteBehavior [ RunTime:0.000059s ]
INFO: [ app_init ] --END-- [ RunTime:0.000568s ]
INFO: [ app_begin ] --START--
INFO: Run Behavior\ReadHtmlCacheBehavior [ RunTime:0.000612s ]
INFO: [ app_begin ] --END-- [ RunTime:0.000892s ]
INFO: [ app_end ] --START--
INFO: Run Behavior\ShowPageTraceBehavior [ RunTime:0.000476s ]
INFO: [ app_end ] --END-- [ RunTime:0.000688s ]

[ 2019-04-16T13:19:59+08:00 ] 222.22.66.250 /xcx/home/index/upload
INFO: [ app_init ] --START--
INFO: Run Behavior\BuildLiteBehavior [ RunTime:0.000055s ]
INFO: [ app_init ] --END-- [ RunTime:0.000580s ]
INFO: [ app_begin ] --START--
INFO: Run Behavior\ReadHtmlCacheBehavior [ RunTime:0.000565s ]
INFO: [ app_begin ] --END-- [ RunTime:0.000760s ]
NOTIC: [2] call_user_func() expects parameter 1 to be a valid callback, no array or string given C:\wamp\www\ThinkPHP\Library\Think\Upload.class.php 第 170 行.
NOTIC: [8] Use of undefined constant data - assumed 'data' C:\wamp\www\xcx\Application\Home\Controller\OcrController.class.php 第 20 行.
NOTIC: [8] Use of undefined constant items - assumed 'items' C:\wamp\www\xcx\Application\Home\Controller\OcrController.class.php 第 20 行.
NOTIC: [8] Use of undefined constant data - assumed 'data' C:\wamp\www\xcx\Application\Home\Controller\OcrController.class.php 第 23 行.
NOTIC: [8] Use of undefined constant items - assumed 'items' C:\wamp\www\xcx\Application\Home\Controller\OcrController.class.php 第 23 行.
NOTIC: [8] Use of undefined constant itemstring - assumed 'itemstring' C:\wamp\www\xcx\Application\Home\Controller\OcrController.class.php 第 23 行.
NOTIC: [8] Use of undefined constant data - assumed 'data' C:\wamp\www\xcx\Application\Home\Controller\OcrController.class.php 第 24 行.
NOTIC: [8] Use of undefined constant items - assumed 'items' C:\wamp\www\xcx\Application\Home\Controller\OcrController.class.php 第 24 行.
NOTIC: [8] Use of undefined constant itemstring - assumed 'itemstring' C:\wamp\www\xcx\Application\Home\Controller\OcrController.class.php 第 24 行.
NOTIC: [8] Use of undefined constant data - assumed 'data' C:\wamp\www\xcx\Application\Home\Controller\OcrController.class.php 第 23 行.
NOTIC: [8] Use of undefined constant items - assumed 'items' C:\wamp\www\xcx\Application\Home\Controller\OcrController.class.php 第 23 行.
NOTIC: [8] Use of undefined constant itemstring - assumed 'itemstring' C:\wamp\www\xcx\Application\Home\Controller\OcrController.class.php 第 23 行.
NOTIC: [8] Use of undefined constant data - assumed 'data' C:\wamp\www\xcx\Application\Home\Controller\OcrController.class.php 第 24 行.
NOTIC: [8] Use of undefined constant items - assumed 'items' C:\wamp\www\xcx\Application\Home\Controller\OcrController.class.php 第 24 行.
NOTIC: [8] Use of undefined constant itemstring - assumed 'itemstring' C:\wamp\www\xcx\Application\Home\Controller\OcrController.class.php 第 24 行.
NOTIC: [8] Use of undefined constant data - assumed 'data' C:\wamp\www\xcx\Application\Home\Controller\OcrController.class.php 第 23 行.
NOTIC: [8] Use of undefined constant items - assumed 'items' C:\wamp\www\xcx\Application\Home\Controller\OcrController.class.php 第 23 行.
NOTIC: [8] Use of undefined constant itemstring - assumed 'itemstring' C:\wamp\www\xcx\Application\Home\Controller\OcrController.class.php 第 23 行.
NOTIC: [8] Use of undefined constant data - assumed 'data' C:\wamp\www\xcx\Application\Home\Controller\OcrController.class.php 第 24 行.
NOTIC: [8] Use of undefined constant items - assumed 'items' C:\wamp\www\xcx\Application\Home\Controller\OcrController.class.php 第 24 行.
NOTIC: [8] Use of undefined constant itemstring - assumed 'itemstring' C:\wamp\www\xcx\Application\Home\Controller\OcrController.class.php 第 24 行.
INFO: [ app_end ] --START--
INFO: Run Behavior\ShowPageTraceBehavior [ RunTime:0.000633s ]
INFO: [ app_end ] --END-- [ RunTime:0.000868s ]

[ 2019-04-16T13:21:28+08:00 ] 222.22.66.250 /xcx/home/index/read
INFO: [ app_init ] --START--
INFO: Run Behavior\BuildLiteBehavior [ RunTime:0.000043s ]
INFO: [ app_init ] --END-- [ RunTime:0.000541s ]
INFO: [ app_begin ] --START--
INFO: Run Behavior\ReadHtmlCacheBehavior [ RunTime:0.000894s ]
INFO: [ app_begin ] --END-- [ RunTime:0.001209s ]
NOTIC: [8] iconv(): Detected an illegal character in input string C:\wamp\www\xcx\Application\Home\Controller\IndexController.class.php 第 74 行.
INFO: [ app_end ] --START--
INFO: Run Behavior\ShowPageTraceBehavior [ RunTime:0.000588s ]
INFO: [ app_end ] --END-- [ RunTime:0.000861s ]

[ 2019-04-16T13:21:39+08:00 ] 222.22.66.250 /xcx/home/index/read
INFO: [ app_init ] --START--
INFO: Run Behavior\BuildLiteBehavior [ RunTime:0.000042s ]
INFO: [ app_init ] --END-- [ RunTime:0.000593s ]
INFO: [ app_begin ] --START--
INFO: Run Behavior\ReadHtmlCacheBehavior [ RunTime:0.000718s ]
INFO: [ app_begin ] --END-- [ RunTime:0.000937s ]
NOTIC: [8] iconv(): Detected an illegal character in input string C:\wamp\www\xcx\Application\Home\Controller\IndexController.class.php 第 74 行.
INFO: [ app_end ] --START--
INFO: Run Behavior\ShowPageTraceBehavior [ RunTime:0.000544s ]
INFO: [ app_end ] --END-- [ RunTime:0.000800s ]

[ 2019-04-16T13:21:54+08:00 ] 222.22.66.250 /xcx/home/index/upload
INFO: [ app_init ] --START--
INFO: Run Behavior\BuildLiteBehavior [ RunTime:0.000062s ]
INFO: [ app_init ] --END-- [ RunTime:0.000791s ]
INFO: [ app_begin ] --START--
INFO: Run Behavior\ReadHtmlCacheBehavior [ RunTime:0.000780s ]
INFO: [ app_begin ] --END-- [ RunTime:0.001066s ]
NOTIC: [2] call_user_func() expects parameter 1 to be a valid callback, no array or string given C:\wamp\www\ThinkPHP\Library\Think\Upload.class.php 第 170 行.
NOTIC: [8] Use of undefined constant data - assumed 'data' C:\wamp\www\xcx\Application\Home\Controller\OcrController.class.php 第 20 行.
NOTIC: [8] Use of undefined constant items - assumed 'items' C:\wamp\www\xcx\Application\Home\Controller\OcrController.class.php 第 20 行.
NOTIC: [8] Use of undefined constant data - assumed 'data' C:\wamp\www\xcx\Application\Home\Controller\OcrController.class.php 第 23 行.
NOTIC: [8] Use of undefined constant items - assumed 'items' C:\wamp\www\xcx\Application\Home\Controller\OcrController.class.php 第 23 行.
NOTIC: [8] Use of undefined constant itemstring - assumed 'itemstring' C:\wamp\www\xcx\Application\Home\Controller\OcrController.class.php 第 23 行.
NOTIC: [8] Use of undefined constant data - assumed 'data' C:\wamp\www\xcx\Application\Home\Controller\OcrController.class.php 第 24 行.
NOTIC: [8] Use of undefined constant items - assumed 'items' C:\wamp\www\xcx\Application\Home\Controller\OcrController.class.php 第 24 行.
NOTIC: [8] Use of undefined constant itemstring - assumed 'itemstring' C:\wamp\www\xcx\Application\Home\Controller\OcrController.class.php 第 24 行.
INFO: [ app_end ] --START--
INFO: Run Behavior\ShowPageTraceBehavior [ RunTime:0.000992s ]
INFO: [ app_end ] --END-- [ RunTime:0.001291s ]

[ 2019-04-16T13:22:12+08:00 ] 222.22.66.250 /xcx/home/index/read
INFO: [ app_init ] --START--
INFO: Run Behavior\BuildLiteBehavior [ RunTime:0.000077s ]
INFO: [ app_init ] --END-- [ RunTime:0.000823s ]
INFO: [ app_begin ] --START--
INFO: Run Behavior\ReadHtmlCacheBehavior [ RunTime:0.000670s ]
INFO: [ app_begin ] --END-- [ RunTime:0.000919s ]
INFO: [ app_end ] --START--
INFO: Run Behavior\ShowPageTraceBehavior [ RunTime:0.000587s ]
INFO: [ app_end ] --END-- [ RunTime:0.000790s ]

[ 2019-04-16T13:22:29+08:00 ] 222.22.66.250 /xcx/home/index/upload
INFO: [ app_init ] --START--
INFO: Run Behavior\BuildLiteBehavior [ RunTime:0.000065s ]
INFO: [ app_init ] --END-- [ RunTime:0.000739s ]
INFO: [ app_begin ] --START--
INFO: Run Behavior\ReadHtmlCacheBehavior [ RunTime:0.000756s ]
INFO: [ app_begin ] --END-- [ RunTime:0.001058s ]
NOTIC: [2] call_user_func() expects parameter 1 to be a valid callback, no array or string given C:\wamp\www\ThinkPHP\Library\Think\Upload.class.php 第 170 行.
NOTIC: [8] Use of undefined constant data - assumed 'data' C:\wamp\www\xcx\Application\Home\Controller\OcrController.class.php 第 20 行.
NOTIC: [8] Use of undefined constant items - assumed 'items' C:\wamp\www\xcx\Application\Home\Controller\OcrController.class.php 第 20 行.
INFO: [ app_end ] --START--
INFO: Run Behavior\ShowPageTraceBehavior [ RunTime:0.000883s ]
INFO: [ app_end ] --END-- [ RunTime:0.001203s ]

[ 2019-04-16T13:22:32+08:00 ] 222.22.66.250 /xcx/home/index/upload
INFO: [ app_init ] --START--
INFO: Run Behavior\BuildLiteBehavior [ RunTime:0.000060s ]
INFO: [ app_init ] --END-- [ RunTime:0.000813s ]
INFO: [ app_begin ] --START--
INFO: Run Behavior\ReadHtmlCacheBehavior [ RunTime:0.000866s ]
INFO: [ app_begin ] --END-- [ RunTime:0.001246s ]
NOTIC: [2] call_user_func() expects parameter 1 to be a valid callback, no array or string given C:\wamp\www\ThinkPHP\Library\Think\Upload.class.php 第 170 行.
NOTIC: [8] Use of undefined constant data - assumed 'data' C:\wamp\www\xcx\Application\Home\Controller\OcrController.class.php 第 20 行.
NOTIC: [8] Use of undefined constant items - assumed 'items' C:\wamp\www\xcx\Application\Home\Controller\OcrController.class.php 第 20 行.
INFO: [ app_end ] --START--
INFO: Run Behavior\ShowPageTraceBehavior [ RunTime:0.000682s ]
INFO: [ app_end ] --END-- [ RunTime:0.000897s ]

[ 2019-04-16T13:22:33+08:00 ] 222.22.66.250 /xcx/home/index/upload
INFO: [ app_init ] --START--
INFO: Run Behavior\BuildLiteBehavior [ RunTime:0.000043s ]
INFO: [ app_init ] --END-- [ RunTime:0.000560s ]
INFO: [ app_begin ] --START--
INFO: Run Behavior\ReadHtmlCacheBehavior [ RunTime:0.000757s ]
INFO: [ app_begin ] --END-- [ RunTime:0.001021s ]
NOTIC: [2] call_user_func() expects parameter 1 to be a valid callback, no array or string given C:\wamp\www\ThinkPHP\Library\Think\Upload.class.php 第 170 行.
NOTIC: [8] Use of undefined constant data - assumed 'data' C:\wamp\www\xcx\Application\Home\Controller\OcrController.class.php 第 20 行.
NOTIC: [8] Use of undefined constant items - assumed 'items' C:\wamp\www\xcx\Application\Home\Controller\OcrController.class.php 第 20 行.
INFO: [ app_end ] --START--
INFO: Run Behavior\ShowPageTraceBehavior [ RunTime:0.000752s ]
INFO: [ app_end ] --END-- [ RunTime:0.000962s ]

[ 2019-04-16T13:22:34+08:00 ] 222.22.66.250 /xcx/home/index/upload
INFO: [ app_init ] --START--
INFO: Run Behavior\BuildLiteBehavior [ RunTime:0.000046s ]
INFO: [ app_init ] --END-- [ RunTime:0.000505s ]
INFO: [ app_begin ] --START--
INFO: Run Behavior\ReadHtmlCacheBehavior [ RunTime:0.000520s ]
INFO: [ app_begin ] --END-- [ RunTime:0.000716s ]
NOTIC: [2] call_user_func() expects parameter 1 to be a valid callback, no array or string given C:\wamp\www\ThinkPHP\Library\Think\Upload.class.php 第 170 行.
NOTIC: [8] Use of undefined constant data - assumed 'data' C:\wamp\www\xcx\Application\Home\Controller\OcrController.class.php 第 20 行.
NOTIC: [8] Use of undefined constant items - assumed 'items' C:\wamp\www\xcx\Application\Home\Controller\OcrController.class.php 第 20 行.
INFO: [ app_end ] --START--
INFO: Run Behavior\ShowPageTraceBehavior [ RunTime:0.000829s ]
INFO: [ app_end ] --END-- [ RunTime:0.001122s ]

[ 2019-04-16T13:22:35+08:00 ] 222.22.66.250 /xcx/home/index/upload
INFO: [ app_init ] --START--
INFO: Run Behavior\BuildLiteBehavior [ RunTime:0.000061s ]
INFO: [ app_init ] --END-- [ RunTime:0.000824s ]
INFO: [ app_begin ] --START--
INFO: Run Behavior\ReadHtmlCacheBehavior [ RunTime:0.000789s ]
INFO: [ app_begin ] --END-- [ RunTime:0.001071s ]
NOTIC: [2] call_user_func() expects parameter 1 to be a valid callback, no array or string given C:\wamp\www\ThinkPHP\Library\Think\Upload.class.php 第 170 行.
NOTIC: [8] Use of undefined constant data - assumed 'data' C:\wamp\www\xcx\Application\Home\Controller\OcrController.class.php 第 20 行.
NOTIC: [8] Use of undefined constant items - assumed 'items' C:\wamp\www\xcx\Application\Home\Controller\OcrController.class.php 第 20 行.
INFO: [ app_end ] --START--
INFO: Run Behavior\ShowPageTraceBehavior [ RunTime:0.000903s ]
INFO: [ app_end ] --END-- [ RunTime:0.001258s ]

[ 2019-04-16T13:22:36+08:00 ] 222.22.66.250 /xcx/home/index/upload
INFO: [ app_init ] --START--
INFO: Run Behavior\BuildLiteBehavior [ RunTime:0.000052s ]
INFO: [ app_init ] --END-- [ RunTime:0.000792s ]
INFO: [ app_begin ] --START--
INFO: Run Behavior\ReadHtmlCacheBehavior [ RunTime:0.000712s ]
INFO: [ app_begin ] --END-- [ RunTime:0.000972s ]
NOTIC: [2] call_user_func() expects parameter 1 to be a valid callback, no array or string given C:\wamp\www\ThinkPHP\Library\Think\Upload.class.php 第 170 行.
NOTIC: [8] Use of undefined constant data - assumed 'data' C:\wamp\www\xcx\Application\Home\Controller\OcrController.class.php 第 20 行.
NOTIC: [8] Use of undefined constant items - assumed 'items' C:\wamp\www\xcx\Application\Home\Controller\OcrController.class.php 第 20 行.
INFO: [ app_end ] --START--
INFO: Run Behavior\ShowPageTraceBehavior [ RunTime:0.000827s ]
INFO: [ app_end ] --END-- [ RunTime:0.001118s ]

[ 2019-04-16T13:22:37+08:00 ] 222.22.66.250 /xcx/home/index/upload
INFO: [ app_init ] --START--
INFO: Run Behavior\BuildLiteBehavior [ RunTime:0.000063s ]
INFO: [ app_init ] --END-- [ RunTime:0.000822s ]
INFO: [ app_begin ] --START--
INFO: Run Behavior\ReadHtmlCacheBehavior [ RunTime:0.000545s ]
INFO: [ app_begin ] --END-- [ RunTime:0.000739s ]
NOTIC: [2] call_user_func() expects parameter 1 to be a valid callback, no array or string given C:\wamp\www\ThinkPHP\Library\Think\Upload.class.php 第 170 行.
NOTIC: [8] Use of undefined constant data - assumed 'data' C:\wamp\www\xcx\Application\Home\Controller\OcrController.class.php 第 20 行.
NOTIC: [8] Use of undefined constant items - assumed 'items' C:\wamp\www\xcx\Application\Home\Controller\OcrController.class.php 第 20 行.
INFO: [ app_end ] --START--
INFO: Run Behavior\ShowPageTraceBehavior [ RunTime:0.000941s ]
INFO: [ app_end ] --END-- [ RunTime:0.001312s ]

[ 2019-04-16T13:22:42+08:00 ] 222.22.66.250 /xcx/home/index/read
INFO: [ app_init ] --START--
INFO: Run Behavior\BuildLiteBehavior [ RunTime:0.000050s ]
INFO: [ app_init ] --END-- [ RunTime:0.000553s ]
INFO: [ app_begin ] --START--
INFO: Run Behavior\ReadHtmlCacheBehavior [ RunTime:0.000570s ]
INFO: [ app_begin ] --END-- [ RunTime:0.000778s ]
INFO: [ app_end ] --START--
INFO: Run Behavior\ShowPageTraceBehavior [ RunTime:0.000525s ]
INFO: [ app_end ] --END-- [ RunTime:0.000718s ]

[ 2019-04-16T13:22:56+08:00 ] 222.22.66.250 /xcx/home/index/upload
INFO: [ app_init ] --START--
INFO: Run Behavior\BuildLiteBehavior [ RunTime:0.000050s ]
INFO: [ app_init ] --END-- [ RunTime:0.000544s ]
INFO: [ app_begin ] --START--
INFO: Run Behavior\ReadHtmlCacheBehavior [ RunTime:0.000615s ]
INFO: [ app_begin ] --END-- [ RunTime:0.000841s ]
NOTIC: [2] call_user_func() expects parameter 1 to be a valid callback, no array or string given C:\wamp\www\ThinkPHP\Library\Think\Upload.class.php 第 170 行.
NOTIC: [8] Use of undefined constant data - assumed 'data' C:\wamp\www\xcx\Application\Home\Controller\OcrController.class.php 第 20 行.
NOTIC: [8] Use of undefined constant items - assumed 'items' C:\wamp\www\xcx\Application\Home\Controller\OcrController.class.php 第 20 行.
INFO: [ app_end ] --START--
INFO: Run Behavior\ShowPageTraceBehavior [ RunTime:0.000687s ]
INFO: [ app_end ] --END-- [ RunTime:0.000901s ]

[ 2019-04-16T13:22:58+08:00 ] 222.22.66.250 /xcx/home/index/upload
INFO: [ app_init ] --START--
INFO: Run Behavior\BuildLiteBehavior [ RunTime:0.000049s ]
INFO: [ app_init ] --END-- [ RunTime:0.000614s ]
INFO: [ app_begin ] --START--
INFO: Run Behavior\ReadHtmlCacheBehavior [ RunTime:0.000730s ]
INFO: [ app_begin ] --END-- [ RunTime:0.000988s ]
NOTIC: [2] call_user_func() expects parameter 1 to be a valid callback, no array or string given C:\wamp\www\ThinkPHP\Library\Think\Upload.class.php 第 170 行.
NOTIC: [8] Use of undefined constant data - assumed 'data' C:\wamp\www\xcx\Application\Home\Controller\OcrController.class.php 第 20 行.
NOTIC: [8] Use of undefined constant items - assumed 'items' C:\wamp\www\xcx\Application\Home\Controller\OcrController.class.php 第 20 行.
INFO: [ app_end ] --START--
INFO: Run Behavior\ShowPageTraceBehavior [ RunTime:0.000871s ]
INFO: [ app_end ] --END-- [ RunTime:0.001180s ]

[ 2019-04-16T13:22:59+08:00 ] 222.22.66.250 /xcx/home/index/upload
INFO: [ app_init ] --START--
INFO: Run Behavior\BuildLiteBehavior [ RunTime:0.000066s ]
INFO: [ app_init ] --END-- [ RunTime:0.000805s ]
INFO: [ app_begin ] --START--
INFO: Run Behavior\ReadHtmlCacheBehavior [ RunTime:0.000850s ]
INFO: [ app_begin ] --END-- [ RunTime:0.001172s ]
NOTIC: [2] call_user_func() expects parameter 1 to be a valid callback, no array or string given C:\wamp\www\ThinkPHP\Library\Think\Upload.class.php 第 170 行.
NOTIC: [8] Use of undefined constant data - assumed 'data' C:\wamp\www\xcx\Application\Home\Controller\OcrController.class.php 第 20 行.
NOTIC: [8] Use of undefined constant items - assumed 'items' C:\wamp\www\xcx\Application\Home\Controller\OcrController.class.php 第 20 行.
NOTIC: [8] Use of undefined constant data - assumed 'data' C:\wamp\www\xcx\Application\Home\Controller\OcrController.class.php 第 23 行.
NOTIC: [8] Use of undefined constant items - assumed 'items' C:\wamp\www\xcx\Application\Home\Controller\OcrController.class.php 第 23 行.
NOTIC: [8] Use of undefined constant itemstring - assumed 'itemstring' C:\wamp\www\xcx\Application\Home\Controller\OcrController.class.php 第 23 行.
NOTIC: [8] Use of undefined constant data - assumed 'data' C:\wamp\www\xcx\Application\Home\Controller\OcrController.class.php 第 24 行.
NOTIC: [8] Use of undefined constant items - assumed 'items' C:\wamp\www\xcx\Application\Home\Controller\OcrController.class.php 第 24 行.
NOTIC: [8] Use of undefined constant itemstring - assumed 'itemstring' C:\wamp\www\xcx\Application\Home\Controller\OcrController.class.php 第 24 行.
INFO: [ app_end ] --START--
INFO: Run Behavior\ShowPageTraceBehavior [ RunTime:0.000790s ]
INFO: [ app_end ] --END-- [ RunTime:0.001105s ]

[ 2019-04-16T13:23:18+08:00 ] 222.22.66.250 /xcx/home/index/read
INFO: [ app_init ] --START--
INFO: Run Behavior\BuildLiteBehavior [ RunTime:0.000063s ]
INFO: [ app_init ] --END-- [ RunTime:0.000868s ]
INFO: [ app_begin ] --START--
INFO: Run Behavior\ReadHtmlCacheBehavior [ RunTime:0.000829s ]
INFO: [ app_begin ] --END-- [ RunTime:0.001127s ]
INFO: [ app_end ] --START--
INFO: Run Behavior\ShowPageTraceBehavior [ RunTime:0.000672s ]
INFO: [ app_end ] --END-- [ RunTime:0.000963s ]

[ 2019-04-16T13:23:41+08:00 ] 222.22.66.250 /xcx/home/index/upload
INFO: [ app_init ] --START--
INFO: Run Behavior\BuildLiteBehavior [ RunTime:0.000050s ]
INFO: [ app_init ] --END-- [ RunTime:0.000621s ]
INFO: [ app_begin ] --START--
INFO: Run Behavior\ReadHtmlCacheBehavior [ RunTime:0.000684s ]
INFO: [ app_begin ] --END-- [ RunTime:0.000905s ]
NOTIC: [2] call_user_func() expects parameter 1 to be a valid callback, no array or string given C:\wamp\www\ThinkPHP\Library\Think\Upload.class.php 第 170 行.
NOTIC: [8] Use of undefined constant data - assumed 'data' C:\wamp\www\xcx\Application\Home\Controller\OcrController.class.php 第 20 行.
NOTIC: [8] Use of undefined constant items - assumed 'items' C:\wamp\www\xcx\Application\Home\Controller\OcrController.class.php 第 20 行.
NOTIC: [8] Use of undefined constant data - assumed 'data' C:\wamp\www\xcx\Application\Home\Controller\OcrController.class.php 第 23 行.
NOTIC: [8] Use of undefined constant items - assumed 'items' C:\wamp\www\xcx\Application\Home\Controller\OcrController.class.php 第 23 行.
NOTIC: [8] Use of undefined constant itemstring - assumed 'itemstring' C:\wamp\www\xcx\Application\Home\Controller\OcrController.class.php 第 23 行.
NOTIC: [8] Use of undefined constant data - assumed 'data' C:\wamp\www\xcx\Application\Home\Controller\OcrController.class.php 第 24 行.
NOTIC: [8] Use of undefined constant items - assumed 'items' C:\wamp\www\xcx\Application\Home\Controller\OcrController.class.php 第 24 行.
NOTIC: [8] Use of undefined constant itemstring - assumed 'itemstring' C:\wamp\www\xcx\Application\Home\Controller\OcrController.class.php 第 24 行.
NOTIC: [8] Use of undefined constant data - assumed 'data' C:\wamp\www\xcx\Application\Home\Controller\OcrController.class.php 第 23 行.
NOTIC: [8] Use of undefined constant items - assumed 'items' C:\wamp\www\xcx\Application\Home\Controller\OcrController.class.php 第 23 行.
NOTIC: [8] Use of undefined constant itemstring - assumed 'itemstring' C:\wamp\www\xcx\Application\Home\Controller\OcrController.class.php 第 23 行.
NOTIC: [8] iconv(): Detected an illegal character in input string C:\wamp\www\xcx\Application\Home\Controller\OcrController.class.php 第 33 行.
NOTIC: [8] Use of undefined constant data - assumed 'data' C:\wamp\www\xcx\Application\Home\Controller\OcrController.class.php 第 24 行.
NOTIC: [8] Use of undefined constant items - assumed 'items' C:\wamp\www\xcx\Application\Home\Controller\OcrController.class.php 第 24 行.
NOTIC: [8] Use of undefined constant itemstring - assumed 'itemstring' C:\wamp\www\xcx\Application\Home\Controller\OcrController.class.php 第 24 行.
NOTIC: [8] Use of undefined constant data - assumed 'data' C:\wamp\www\xcx\Application\Home\Controller\OcrController.class.php 第 23 行.
NOTIC: [8] Use of undefined constant items - assumed 'items' C:\wamp\www\xcx\Application\Home\Controller\OcrController.class.php 第 23 行.
NOTIC: [8] Use of undefined constant itemstring - assumed 'itemstring' C:\wamp\www\xcx\Application\Home\Controller\OcrController.class.php 第 23 行.
NOTIC: [8] Use of undefined constant data - assumed 'data' C:\wamp\www\xcx\Application\Home\Controller\OcrController.class.php 第 24 行.
NOTIC: [8] Use of undefined constant items - assumed 'items' C:\wamp\www\xcx\Application\Home\Controller\OcrController.class.php 第 24 行.
NOTIC: [8] Use of undefined constant itemstring - assumed 'itemstring' C:\wamp\www\xcx\Application\Home\Controller\OcrController.class.php 第 24 行.
NOTIC: [8] Use of undefined constant data - assumed 'data' C:\wamp\www\xcx\Application\Home\Controller\OcrController.class.php 第 23 行.
NOTIC: [8] Use of undefined constant items - assumed 'items' C:\wamp\www\xcx\Application\Home\Controller\OcrController.class.php 第 23 行.
NOTIC: [8] Use of undefined constant itemstring - assumed 'itemstring' C:\wamp\www\xcx\Application\Home\Controller\OcrController.class.php 第 23 行.
NOTIC: [8] Use of undefined constant data - assumed 'data' C:\wamp\www\xcx\Application\Home\Controller\OcrController.class.php 第 24 行.
NOTIC: [8] Use of undefined constant items - assumed 'items' C:\wamp\www\xcx\Application\Home\Controller\OcrController.class.php 第 24 行.
NOTIC: [8] Use of undefined constant itemstring - assumed 'itemstring' C:\wamp\www\xcx\Application\Home\Controller\OcrController.class.php 第 24 行.
INFO: [ app_end ] --START--
INFO: Run Behavior\ShowPageTraceBehavior [ RunTime:0.000578s ]
INFO: [ app_end ] --END-- [ RunTime:0.000803s ]

[ 2019-04-16T13:27:42+08:00 ] 222.22.66.250 /xcx/home/index/read
INFO: [ app_init ] --START--
INFO: Run Behavior\BuildLiteBehavior [ RunTime:0.000061s ]
INFO: [ app_init ] --END-- [ RunTime:0.000775s ]
INFO: [ app_begin ] --START--
INFO: Run Behavior\ReadHtmlCacheBehavior [ RunTime:0.000829s ]
INFO: [ app_begin ] --END-- [ RunTime:0.001129s ]
INFO: [ app_end ] --START--
INFO: Run Behavior\ShowPageTraceBehavior [ RunTime:0.000747s ]
INFO: [ app_end ] --END-- [ RunTime:0.001042s ]

[ 2019-04-16T13:28:04+08:00 ] 222.22.66.250 /xcx/home/index/upload
INFO: [ app_init ] --START--
INFO: Run Behavior\BuildLiteBehavior [ RunTime:0.000062s ]
INFO: [ app_init ] --END-- [ RunTime:0.000735s ]
INFO: [ app_begin ] --START--
INFO: Run Behavior\ReadHtmlCacheBehavior [ RunTime:0.000777s ]
INFO: [ app_begin ] --END-- [ RunTime:0.001081s ]
NOTIC: [2] call_user_func() expects parameter 1 to be a valid callback, no array or string given C:\wamp\www\ThinkPHP\Library\Think\Upload.class.php 第 170 行.

[ 2019-04-16T13:28:23+08:00 ] 222.22.66.250 /xcx/home/index/upload
INFO: [ app_init ] --START--
INFO: Run Behavior\BuildLiteBehavior [ RunTime:0.000060s ]
INFO: [ app_init ] --END-- [ RunTime:0.000740s ]
INFO: [ app_begin ] --START--
INFO: Run Behavior\ReadHtmlCacheBehavior [ RunTime:0.000766s ]
INFO: [ app_begin ] --END-- [ RunTime:0.001056s ]
NOTIC: [2] call_user_func() expects parameter 1 to be a valid callback, no array or string given C:\wamp\www\ThinkPHP\Library\Think\Upload.class.php 第 170 行.

[ 2019-04-16T13:28:48+08:00 ] 222.22.66.250 /xcx/home/index/read
INFO: [ app_init ] --START--
INFO: Run Behavior\BuildLiteBehavior [ RunTime:0.000043s ]
INFO: [ app_init ] --END-- [ RunTime:0.000637s ]
INFO: [ app_begin ] --START--
INFO: Run Behavior\ReadHtmlCacheBehavior [ RunTime:0.000616s ]
INFO: [ app_begin ] --END-- [ RunTime:0.000847s ]
INFO: [ app_end ] --START--
INFO: Run Behavior\ShowPageTraceBehavior [ RunTime:0.000574s ]
INFO: [ app_end ] --END-- [ RunTime:0.000784s ]

[ 2019-04-16T13:29:00+08:00 ] 222.22.66.250 /xcx/home/index/upload
INFO: [ app_init ] --START--
INFO: Run Behavior\BuildLiteBehavior [ RunTime:0.000099s ]
INFO: [ app_init ] --END-- [ RunTime:0.001018s ]
INFO: [ app_begin ] --START--
INFO: Run Behavior\ReadHtmlCacheBehavior [ RunTime:0.000880s ]
INFO: [ app_begin ] --END-- [ RunTime:0.001363s ]
NOTIC: [2] call_user_func() expects parameter 1 to be a valid callback, no array or string given C:\wamp\www\ThinkPHP\Library\Think\Upload.class.php 第 170 行.

[ 2019-04-16T13:29:10+08:00 ] 222.22.66.250 /xcx/home/index/read
INFO: [ app_init ] --START--
INFO: Run Behavior\BuildLiteBehavior [ RunTime:0.000041s ]
INFO: [ app_init ] --END-- [ RunTime:0.000538s ]
INFO: [ app_begin ] --START--
INFO: Run Behavior\ReadHtmlCacheBehavior [ RunTime:0.000583s ]
INFO: [ app_begin ] --END-- [ RunTime:0.000783s ]
INFO: [ app_end ] --START--
INFO: Run Behavior\ShowPageTraceBehavior [ RunTime:0.000485s ]
INFO: [ app_end ] --END-- [ RunTime:0.000689s ]

[ 2019-04-16T13:30:22+08:00 ] 222.22.66.250 /xcx/home/index/upload
INFO: [ app_init ] --START--
INFO: Run Behavior\BuildLiteBehavior [ RunTime:0.000053s ]
INFO: [ app_init ] --END-- [ RunTime:0.000598s ]
INFO: [ app_begin ] --START--
INFO: Run Behavior\ReadHtmlCacheBehavior [ RunTime:0.001008s ]
INFO: [ app_begin ] --END-- [ RunTime:0.001456s ]
NOTIC: [2] call_user_func() expects parameter 1 to be a valid callback, no array or string given C:\wamp\www\ThinkPHP\Library\Think\Upload.class.php 第 170 行.

[ 2019-04-16T13:31:57+08:00 ] 222.22.66.250 /xcx/home/index/upload
INFO: [ app_init ] --START--
INFO: Run Behavior\BuildLiteBehavior [ RunTime:0.000044s ]
INFO: [ app_init ] --END-- [ RunTime:0.000546s ]
INFO: [ app_begin ] --START--
INFO: Run Behavior\ReadHtmlCacheBehavior [ RunTime:0.000845s ]
INFO: [ app_begin ] --END-- [ RunTime:0.001149s ]
NOTIC: [2] call_user_func() expects parameter 1 to be a valid callback, no array or string given C:\wamp\www\ThinkPHP\Library\Think\Upload.class.php 第 170 行.
NOTIC: [8] Use of undefined constant data - assumed 'data' C:\wamp\www\xcx\Application\Home\Controller\OcrController.class.php 第 20 行.
NOTIC: [8] Use of undefined constant items - assumed 'items' C:\wamp\www\xcx\Application\Home\Controller\OcrController.class.php 第 20 行.
NOTIC: [8] Use of undefined constant data - assumed 'data' C:\wamp\www\xcx\Application\Home\Controller\OcrController.class.php 第 24 行.
NOTIC: [8] Use of undefined constant items - assumed 'items' C:\wamp\www\xcx\Application\Home\Controller\OcrController.class.php 第 24 行.
NOTIC: [8] Use of undefined constant itemstring - assumed 'itemstring' C:\wamp\www\xcx\Application\Home\Controller\OcrController.class.php 第 24 行.
NOTIC: [8] Use of undefined constant data - assumed 'data' C:\wamp\www\xcx\Application\Home\Controller\OcrController.class.php 第 25 行.
NOTIC: [8] Use of undefined constant items - assumed 'items' C:\wamp\www\xcx\Application\Home\Controller\OcrController.class.php 第 25 行.
NOTIC: [8] Use of undefined constant itemstring - assumed 'itemstring' C:\wamp\www\xcx\Application\Home\Controller\OcrController.class.php 第 25 行.
NOTIC: [8] Use of undefined constant data - assumed 'data' C:\wamp\www\xcx\Application\Home\Controller\OcrController.class.php 第 24 行.
NOTIC: [8] Use of undefined constant items - assumed 'items' C:\wamp\www\xcx\Application\Home\Controller\OcrController.class.php 第 24 行.
NOTIC: [8] Use of undefined constant itemstring - assumed 'itemstring' C:\wamp\www\xcx\Application\Home\Controller\OcrController.class.php 第 24 行.
NOTIC: [8] Use of undefined constant data - assumed 'data' C:\wamp\www\xcx\Application\Home\Controller\OcrController.class.php 第 25 行.
NOTIC: [8] Use of undefined constant items - assumed 'items' C:\wamp\www\xcx\Application\Home\Controller\OcrController.class.php 第 25 行.
NOTIC: [8] Use of undefined constant itemstring - assumed 'itemstring' C:\wamp\www\xcx\Application\Home\Controller\OcrController.class.php 第 25 行.
NOTIC: [8] Use of undefined constant data - assumed 'data' C:\wamp\www\xcx\Application\Home\Controller\OcrController.class.php 第 24 行.
NOTIC: [8] Use of undefined constant items - assumed 'items' C:\wamp\www\xcx\Application\Home\Controller\OcrController.class.php 第 24 行.
NOTIC: [8] Use of undefined constant itemstring - assumed 'itemstring' C:\wamp\www\xcx\Application\Home\Controller\OcrController.class.php 第 24 行.
NOTIC: [8] Use of undefined constant data - assumed 'data' C:\wamp\www\xcx\Application\Home\Controller\OcrController.class.php 第 25 行.
NOTIC: [8] Use of undefined constant items - assumed 'items' C:\wamp\www\xcx\Application\Home\Controller\OcrController.class.php 第 25 行.
NOTIC: [8] Use of undefined constant itemstring - assumed 'itemstring' C:\wamp\www\xcx\Application\Home\Controller\OcrController.class.php 第 25 行.
NOTIC: [8] Use of undefined constant data - assumed 'data' C:\wamp\www\xcx\Application\Home\Controller\OcrController.class.php 第 24 行.
NOTIC: [8] Use of undefined constant items - assumed 'items' C:\wamp\www\xcx\Application\Home\Controller\OcrController.class.php 第 24 行.
NOTIC: [8] Use of undefined constant itemstring - assumed 'itemstring' C:\wamp\www\xcx\Application\Home\Controller\OcrController.class.php 第 24 行.
NOTIC: [8] Use of undefined constant data - assumed 'data' C:\wamp\www\xcx\Application\Home\Controller\OcrController.class.php 第 25 行.
NOTIC: [8] Use of undefined constant items - assumed 'items' C:\wamp\www\xcx\Application\Home\Controller\OcrController.class.php 第 25 行.
NOTIC: [8] Use of undefined constant itemstring - assumed 'itemstring' C:\wamp\www\xcx\Application\Home\Controller\OcrController.class.php 第 25 行.
INFO: [ app_end ] --START--
INFO: Run Behavior\ShowPageTraceBehavior [ RunTime:0.000606s ]
INFO: [ app_end ] --END-- [ RunTime:0.000815s ]

[ 2019-04-16T13:32:41+08:00 ] 222.22.66.250 /xcx/home/index/read
INFO: [ app_init ] --START--
INFO: Run Behavior\BuildLiteBehavior [ RunTime:0.000042s ]
INFO: [ app_init ] --END-- [ RunTime:0.000555s ]
INFO: [ app_begin ] --START--
INFO: Run Behavior\ReadHtmlCacheBehavior [ RunTime:0.000667s ]
INFO: [ app_begin ] --END-- [ RunTime:0.000900s ]
INFO: [ app_end ] --START--
INFO: Run Behavior\ShowPageTraceBehavior [ RunTime:0.000498s ]
INFO: [ app_end ] --END-- [ RunTime:0.000698s ]

[ 2019-04-16T13:32:52+08:00 ] 222.22.66.250 /xcx/home/index/upload
INFO: [ app_init ] --START--
INFO: Run Behavior\BuildLiteBehavior [ RunTime:0.000065s ]
INFO: [ app_init ] --END-- [ RunTime:0.000661s ]
INFO: [ app_begin ] --START--
INFO: Run Behavior\ReadHtmlCacheBehavior [ RunTime:0.000593s ]
INFO: [ app_begin ] --END-- [ RunTime:0.000821s ]
NOTIC: [2] call_user_func() expects parameter 1 to be a valid callback, no array or string given C:\wamp\www\ThinkPHP\Library\Think\Upload.class.php 第 170 行.
NOTIC: [8] Use of undefined constant data - assumed 'data' C:\wamp\www\xcx\Application\Home\Controller\OcrController.class.php 第 20 行.
NOTIC: [8] Use of undefined constant items - assumed 'items' C:\wamp\www\xcx\Application\Home\Controller\OcrController.class.php 第 20 行.
NOTIC: [8] Use of undefined constant data - assumed 'data' C:\wamp\www\xcx\Application\Home\Controller\OcrController.class.php 第 24 行.
NOTIC: [8] Use of undefined constant items - assumed 'items' C:\wamp\www\xcx\Application\Home\Controller\OcrController.class.php 第 24 行.
NOTIC: [8] Use of undefined constant itemstring - assumed 'itemstring' C:\wamp\www\xcx\Application\Home\Controller\OcrController.class.php 第 24 行.
NOTIC: [8] Use of undefined constant data - assumed 'data' C:\wamp\www\xcx\Application\Home\Controller\OcrController.class.php 第 25 行.
NOTIC: [8] Use of undefined constant items - assumed 'items' C:\wamp\www\xcx\Application\Home\Controller\OcrController.class.php 第 25 行.
NOTIC: [8] Use of undefined constant itemstring - assumed 'itemstring' C:\wamp\www\xcx\Application\Home\Controller\OcrController.class.php 第 25 行.
INFO: [ app_end ] --START--
INFO: Run Behavior\ShowPageTraceBehavior [ RunTime:0.000766s ]
INFO: [ app_end ] --END-- [ RunTime:0.001063s ]

[ 2019-04-16T13:35:31+08:00 ] 222.22.66.250 /xcx/home/index/read
INFO: [ app_init ] --START--
INFO: Run Behavior\BuildLiteBehavior [ RunTime:0.000042s ]
INFO: [ app_init ] --END-- [ RunTime:0.000552s ]
INFO: [ app_begin ] --START--
INFO: Run Behavior\ReadHtmlCacheBehavior [ RunTime:0.000622s ]
INFO: [ app_begin ] --END-- [ RunTime:0.000836s ]
INFO: [ app_end ] --START--
INFO: Run Behavior\ShowPageTraceBehavior [ RunTime:0.000531s ]
INFO: [ app_end ] --END-- [ RunTime:0.000741s ]

[ 2019-04-16T13:35:44+08:00 ] 222.22.66.250 /xcx/home/index/upload
INFO: [ app_init ] --START--
INFO: Run Behavior\BuildLiteBehavior [ RunTime:0.000043s ]
INFO: [ app_init ] --END-- [ RunTime:0.000579s ]
INFO: [ app_begin ] --START--
INFO: Run Behavior\ReadHtmlCacheBehavior [ RunTime:0.000624s ]
INFO: [ app_begin ] --END-- [ RunTime:0.000865s ]
NOTIC: [2] call_user_func() expects parameter 1 to be a valid callback, no array or string given C:\wamp\www\ThinkPHP\Library\Think\Upload.class.php 第 170 行.

[ 2019-04-16T13:36:35+08:00 ] 222.22.66.250 /xcx/home/index/upload
INFO: [ app_init ] --START--
INFO: Run Behavior\BuildLiteBehavior [ RunTime:0.000073s ]
INFO: [ app_init ] --END-- [ RunTime:0.000864s ]
INFO: [ app_begin ] --START--
INFO: Run Behavior\ReadHtmlCacheBehavior [ RunTime:0.000782s ]
INFO: [ app_begin ] --END-- [ RunTime:0.001080s ]
NOTIC: [2] call_user_func() expects parameter 1 to be a valid callback, no array or string given C:\wamp\www\ThinkPHP\Library\Think\Upload.class.php 第 170 行.
NOTIC: [8] Use of undefined constant data - assumed 'data' C:\wamp\www\xcx\Application\Home\Controller\OcrController.class.php 第 20 行.
NOTIC: [8] Use of undefined constant items - assumed 'items' C:\wamp\www\xcx\Application\Home\Controller\OcrController.class.php 第 20 行.
NOTIC: [8] Use of undefined constant data - assumed 'data' C:\wamp\www\xcx\Application\Home\Controller\OcrController.class.php 第 23 行.
NOTIC: [8] Use of undefined constant items - assumed 'items' C:\wamp\www\xcx\Application\Home\Controller\OcrController.class.php 第 23 行.
NOTIC: [8] Use of undefined constant itemstring - assumed 'itemstring' C:\wamp\www\xcx\Application\Home\Controller\OcrController.class.php 第 23 行.
NOTIC: [8] Undefined variable: txt C:\wamp\www\xcx\Application\Home\Controller\OcrController.class.php 第 23 行.
NOTIC: [8] Use of undefined constant data - assumed 'data' C:\wamp\www\xcx\Application\Home\Controller\OcrController.class.php 第 23 行.
NOTIC: [8] Use of undefined constant items - assumed 'items' C:\wamp\www\xcx\Application\Home\Controller\OcrController.class.php 第 23 行.
NOTIC: [8] Use of undefined constant itemstring - assumed 'itemstring' C:\wamp\www\xcx\Application\Home\Controller\OcrController.class.php 第 23 行.
NOTIC: [8] Use of undefined constant data - assumed 'data' C:\wamp\www\xcx\Application\Home\Controller\OcrController.class.php 第 23 行.
NOTIC: [8] Use of undefined constant items - assumed 'items' C:\wamp\www\xcx\Application\Home\Controller\OcrController.class.php 第 23 行.
NOTIC: [8] Use of undefined constant itemstring - assumed 'itemstring' C:\wamp\www\xcx\Application\Home\Controller\OcrController.class.php 第 23 行.
NOTIC: [8] Use of undefined constant data - assumed 'data' C:\wamp\www\xcx\Application\Home\Controller\OcrController.class.php 第 23 行.
NOTIC: [8] Use of undefined constant items - assumed 'items' C:\wamp\www\xcx\Application\Home\Controller\OcrController.class.php 第 23 行.
NOTIC: [8] Use of undefined constant itemstring - assumed 'itemstring' C:\wamp\www\xcx\Application\Home\Controller\OcrController.class.php 第 23 行.
NOTIC: [8] Use of undefined constant data - assumed 'data' C:\wamp\www\xcx\Application\Home\Controller\OcrController.class.php 第 23 行.
NOTIC: [8] Use of undefined constant items - assumed 'items' C:\wamp\www\xcx\Application\Home\Controller\OcrController.class.php 第 23 行.
NOTIC: [8] Use of undefined constant itemstring - assumed 'itemstring' C:\wamp\www\xcx\Application\Home\Controller\OcrController.class.php 第 23 行.
INFO: [ app_end ] --START--
INFO: Run Behavior\ShowPageTraceBehavior [ RunTime:0.000856s ]
INFO: [ app_end ] --END-- [ RunTime:0.001161s ]

[ 2019-04-16T13:37:01+08:00 ] 222.22.66.250 /xcx/home/index/read
INFO: [ app_init ] --START--
INFO: Run Behavior\BuildLiteBehavior [ RunTime:0.000087s ]
INFO: [ app_init ] --END-- [ RunTime:0.001011s ]
INFO: [ app_begin ] --START--
INFO: Run Behavior\ReadHtmlCacheBehavior [ RunTime:0.001047s ]
INFO: [ app_begin ] --END-- [ RunTime:0.001441s ]
INFO: [ app_end ] --START--
INFO: Run Behavior\ShowPageTraceBehavior [ RunTime:0.000794s ]
INFO: [ app_end ] --END-- [ RunTime:0.001175s ]

[ 2019-04-16T13:37:12+08:00 ] 222.22.66.250 /xcx/home/index/upload
INFO: [ app_init ] --START--
INFO: Run Behavior\BuildLiteBehavior [ RunTime:0.000044s ]
INFO: [ app_init ] --END-- [ RunTime:0.000526s ]
INFO: [ app_begin ] --START--
INFO: Run Behavior\ReadHtmlCacheBehavior [ RunTime:0.000598s ]
INFO: [ app_begin ] --END-- [ RunTime:0.000807s ]
NOTIC: [2] call_user_func() expects parameter 1 to be a valid callback, no array or string given C:\wamp\www\ThinkPHP\Library\Think\Upload.class.php 第 170 行.

[ 2019-04-16T13:37:44+08:00 ] 222.22.66.250 /xcx/home/index/upload
INFO: [ app_init ] --START--
INFO: Run Behavior\BuildLiteBehavior [ RunTime:0.000063s ]
INFO: [ app_init ] --END-- [ RunTime:0.000731s ]
INFO: [ app_begin ] --START--
INFO: Run Behavior\ReadHtmlCacheBehavior [ RunTime:0.000819s ]
INFO: [ app_begin ] --END-- [ RunTime:0.001179s ]
NOTIC: [2] call_user_func() expects parameter 1 to be a valid callback, no array or string given C:\wamp\www\ThinkPHP\Library\Think\Upload.class.php 第 170 行.

[ 2019-04-16T13:38:03+08:00 ] 222.22.66.250 /xcx/home/index/upload
INFO: [ app_init ] --START--
INFO: Run Behavior\BuildLiteBehavior [ RunTime:0.000070s ]
INFO: [ app_init ] --END-- [ RunTime:0.000839s ]
INFO: [ app_begin ] --START--
INFO: Run Behavior\ReadHtmlCacheBehavior [ RunTime:0.000883s ]
INFO: [ app_begin ] --END-- [ RunTime:0.001250s ]
NOTIC: [2] call_user_func() expects parameter 1 to be a valid callback, no array or string given C:\wamp\www\ThinkPHP\Library\Think\Upload.class.php 第 170 行.

[ 2019-04-16T13:38:32+08:00 ] 222.22.66.250 /xcx/home/index/upload
INFO: [ app_init ] --START--
INFO: Run Behavior\BuildLiteBehavior [ RunTime:0.000069s ]
INFO: [ app_init ] --END-- [ RunTime:0.000813s ]
INFO: [ app_begin ] --START--
INFO: Run Behavior\ReadHtmlCacheBehavior [ RunTime:0.000912s ]
INFO: [ app_begin ] --END-- [ RunTime:0.001235s ]
NOTIC: [2] call_user_func() expects parameter 1 to be a valid callback, no array or string given C:\wamp\www\ThinkPHP\Library\Think\Upload.class.php 第 170 行.

[ 2019-04-16T13:51:40+08:00 ] 222.22.66.250 /xcx/home/index/upload
INFO: [ app_init ] --START--
INFO: Run Behavior\BuildLiteBehavior [ RunTime:0.000063s ]
INFO: [ app_init ] --END-- [ RunTime:0.000753s ]
INFO: [ app_begin ] --START--
INFO: Run Behavior\ReadHtmlCacheBehavior [ RunTime:0.000798s ]
INFO: [ app_begin ] --END-- [ RunTime:0.001102s ]
NOTIC: [2] call_user_func() expects parameter 1 to be a valid callback, no array or string given C:\wamp\www\ThinkPHP\Library\Think\Upload.class.php 第 170 行.

[ 2019-04-16T13:52:33+08:00 ] 222.22.66.250 /xcx/home/index/upload
INFO: [ app_init ] --START--
INFO: Run Behavior\BuildLiteBehavior [ RunTime:0.000043s ]
INFO: [ app_init ] --END-- [ RunTime:0.000648s ]
INFO: [ app_begin ] --START--
INFO: Run Behavior\ReadHtmlCacheBehavior [ RunTime:0.000640s ]
INFO: [ app_begin ] --END-- [ RunTime:0.000899s ]
NOTIC: [2] call_user_func() expects parameter 1 to be a valid callback, no array or string given C:\wamp\www\ThinkPHP\Library\Think\Upload.class.php 第 170 行.

[ 2019-04-16T13:52:42+08:00 ] 222.22.66.250 /xcx/home/index/read
INFO: [ app_init ] --START--
INFO: Run Behavior\BuildLiteBehavior [ RunTime:0.000054s ]
INFO: [ app_init ] --END-- [ RunTime:0.000626s ]
INFO: [ app_begin ] --START--
INFO: Run Behavior\ReadHtmlCacheBehavior [ RunTime:0.000638s ]
INFO: [ app_begin ] --END-- [ RunTime:0.000873s ]
INFO: [ app_end ] --START--
INFO: Run Behavior\ShowPageTraceBehavior [ RunTime:0.000576s ]
INFO: [ app_end ] --END-- [ RunTime:0.000806s ]

[ 2019-04-16T13:52:53+08:00 ] 222.22.66.250 /xcx/home/index/upload
INFO: [ app_init ] --START--
INFO: Run Behavior\BuildLiteBehavior [ RunTime:0.000042s ]
INFO: [ app_init ] --END-- [ RunTime:0.000534s ]
INFO: [ app_begin ] --START--
INFO: Run Behavior\ReadHtmlCacheBehavior [ RunTime:0.000592s ]
INFO: [ app_begin ] --END-- [ RunTime:0.000787s ]
NOTIC: [2] call_user_func() expects parameter 1 to be a valid callback, no array or string given C:\wamp\www\ThinkPHP\Library\Think\Upload.class.php 第 170 行.

[ 2019-04-16T13:53:52+08:00 ] 222.22.66.250 /xcx/home/index/upload
INFO: [ app_init ] --START--
INFO: Run Behavior\BuildLiteBehavior [ RunTime:0.000064s ]
INFO: [ app_init ] --END-- [ RunTime:0.000698s ]
INFO: [ app_begin ] --START--
INFO: Run Behavior\ReadHtmlCacheBehavior [ RunTime:0.000721s ]
INFO: [ app_begin ] --END-- [ RunTime:0.000972s ]
NOTIC: [2] call_user_func() expects parameter 1 to be a valid callback, no array or string given C:\wamp\www\ThinkPHP\Library\Think\Upload.class.php 第 170 行.
NOTIC: [8] Use of undefined constant data - assumed 'data' C:\wamp\www\xcx\Application\Home\Controller\OcrController.class.php 第 20 行.
NOTIC: [8] Use of undefined constant items - assumed 'items' C:\wamp\www\xcx\Application\Home\Controller\OcrController.class.php 第 20 行.
NOTIC: [8] Use of undefined constant data - assumed 'data' C:\wamp\www\xcx\Application\Home\Controller\OcrController.class.php 第 23 行.
NOTIC: [8] Use of undefined constant items - assumed 'items' C:\wamp\www\xcx\Application\Home\Controller\OcrController.class.php 第 23 行.
NOTIC: [8] Use of undefined constant itemstring - assumed 'itemstring' C:\wamp\www\xcx\Application\Home\Controller\OcrController.class.php 第 23 行.
NOTIC: [8] Undefined variable: txt C:\wamp\www\xcx\Application\Home\Controller\OcrController.class.php 第 23 行.
INFO: [ app_end ] --START--
INFO: Run Behavior\ShowPageTraceBehavior [ RunTime:0.000686s ]
INFO: [ app_end ] --END-- [ RunTime:0.000939s ]

[ 2019-04-16T13:55:17+08:00 ] 222.22.66.250 /xcx/home/index/read
INFO: [ app_init ] --START--
INFO: Run Behavior\BuildLiteBehavior [ RunTime:0.000068s ]
INFO: [ app_init ] --END-- [ RunTime:0.000865s ]
INFO: [ app_begin ] --START--
INFO: Run Behavior\ReadHtmlCacheBehavior [ RunTime:0.001147s ]
INFO: [ app_begin ] --END-- [ RunTime:0.001561s ]
INFO: [ app_end ] --START--
INFO: Run Behavior\ShowPageTraceBehavior [ RunTime:0.000801s ]
INFO: [ app_end ] --END-- [ RunTime:0.001121s ]

[ 2019-04-16T13:55:31+08:00 ] 222.22.66.250 /xcx/home/index/upload
INFO: [ app_init ] --START--
INFO: Run Behavior\BuildLiteBehavior [ RunTime:0.000061s ]
INFO: [ app_init ] --END-- [ RunTime:0.000803s ]
INFO: [ app_begin ] --START--
INFO: Run Behavior\ReadHtmlCacheBehavior [ RunTime:0.000774s ]
INFO: [ app_begin ] --END-- [ RunTime:0.001067s ]
NOTIC: [2] call_user_func() expects parameter 1 to be a valid callback, no array or string given C:\wamp\www\ThinkPHP\Library\Think\Upload.class.php 第 170 行.

[ 2019-04-16T13:57:08+08:00 ] 222.22.66.250 /xcx/home/index/upload
INFO: [ app_init ] --START--
INFO: Run Behavior\BuildLiteBehavior [ RunTime:0.000042s ]
INFO: [ app_init ] --END-- [ RunTime:0.000540s ]
INFO: [ app_begin ] --START--
INFO: Run Behavior\ReadHtmlCacheBehavior [ RunTime:0.000566s ]
INFO: [ app_begin ] --END-- [ RunTime:0.000766s ]
NOTIC: [2] call_user_func() expects parameter 1 to be a valid callback, no array or string given C:\wamp\www\ThinkPHP\Library\Think\Upload.class.php 第 170 行.

[ 2019-04-16T13:57:12+08:00 ] 222.22.66.250 /xcx/home/index/upload
INFO: [ app_init ] --START--
INFO: Run Behavior\BuildLiteBehavior [ RunTime:0.000122s ]
INFO: [ app_init ] --END-- [ RunTime:0.000850s ]
INFO: [ app_begin ] --START--
INFO: Run Behavior\ReadHtmlCacheBehavior [ RunTime:0.000853s ]
INFO: [ app_begin ] --END-- [ RunTime:0.001225s ]
NOTIC: [2] call_user_func() expects parameter 1 to be a valid callback, no array or string given C:\wamp\www\ThinkPHP\Library\Think\Upload.class.php 第 170 行.

[ 2019-04-16T13:57:17+08:00 ] 222.22.66.250 /xcx/home/index/read
INFO: [ app_init ] --START--
INFO: Run Behavior\BuildLiteBehavior [ RunTime:0.000042s ]
INFO: [ app_init ] --END-- [ RunTime:0.000539s ]
INFO: [ app_begin ] --START--
INFO: Run Behavior\ReadHtmlCacheBehavior [ RunTime:0.000633s ]
INFO: [ app_begin ] --END-- [ RunTime:0.000883s ]
INFO: [ app_end ] --START--
INFO: Run Behavior\ShowPageTraceBehavior [ RunTime:0.000477s ]
INFO: [ app_end ] --END-- [ RunTime:0.000683s ]

[ 2019-04-16T13:57:36+08:00 ] 222.22.66.250 /xcx/home/index/upload
INFO: [ app_init ] --START--
INFO: Run Behavior\BuildLiteBehavior [ RunTime:0.000042s ]
INFO: [ app_init ] --END-- [ RunTime:0.000571s ]
INFO: [ app_begin ] --START--
INFO: Run Behavior\ReadHtmlCacheBehavior [ RunTime:0.000550s ]
INFO: [ app_begin ] --END-- [ RunTime:0.000763s ]
NOTIC: [2] call_user_func() expects parameter 1 to be a valid callback, no array or string given C:\wamp\www\ThinkPHP\Library\Think\Upload.class.php 第 170 行.

[ 2019-04-16T13:59:35+08:00 ] 222.22.66.250 /xcx/home/index/read
INFO: [ app_init ] --START--
INFO: Run Behavior\BuildLiteBehavior [ RunTime:0.000059s ]
INFO: [ app_init ] --END-- [ RunTime:0.000575s ]
INFO: [ app_begin ] --START--
INFO: Run Behavior\ReadHtmlCacheBehavior [ RunTime:0.000591s ]
INFO: [ app_begin ] --END-- [ RunTime:0.000803s ]
INFO: [ app_end ] --START--
INFO: Run Behavior\ShowPageTraceBehavior [ RunTime:0.000512s ]
INFO: [ app_end ] --END-- [ RunTime:0.000705s ]

[ 2019-04-16T13:59:49+08:00 ] 222.22.66.250 /xcx/home/index/upload
INFO: [ app_init ] --START--
INFO: Run Behavior\BuildLiteBehavior [ RunTime:0.000067s ]
INFO: [ app_init ] --END-- [ RunTime:0.000783s ]
INFO: [ app_begin ] --START--
INFO: Run Behavior\ReadHtmlCacheBehavior [ RunTime:0.000904s ]
INFO: [ app_begin ] --END-- [ RunTime:0.001486s ]
NOTIC: [2] call_user_func() expects parameter 1 to be a valid callback, no array or string given C:\wamp\www\ThinkPHP\Library\Think\Upload.class.php 第 170 行.

[ 2019-04-16T14:01:44+08:00 ] 222.22.66.250 /xcx/home/index/txt
INFO: [ app_init ] --START--
INFO: Run Behavior\BuildLiteBehavior [ RunTime:0.000117s ]
INFO: [ app_init ] --END-- [ RunTime:0.000617s ]
INFO: [ app_begin ] --START--
INFO: Run Behavior\ReadHtmlCacheBehavior [ RunTime:0.000646s ]
INFO: [ app_begin ] --END-- [ RunTime:0.000851s ]

[ 2019-04-16T14:02:17+08:00 ] 222.22.66.250 /xcx/home/index/txt
INFO: [ app_init ] --START--
INFO: Run Behavior\BuildLiteBehavior [ RunTime:0.000043s ]
INFO: [ app_init ] --END-- [ RunTime:0.000594s ]
INFO: [ app_begin ] --START--
INFO: Run Behavior\ReadHtmlCacheBehavior [ RunTime:0.000743s ]
INFO: [ app_begin ] --END-- [ RunTime:0.000954s ]

[ 2019-04-16T14:02:18+08:00 ] 222.22.66.250 /xcx/home/index/txt
INFO: [ app_init ] --START--
INFO: Run Behavior\BuildLiteBehavior [ RunTime:0.000067s ]
INFO: [ app_init ] --END-- [ RunTime:0.000952s ]
INFO: [ app_begin ] --START--
INFO: Run Behavior\ReadHtmlCacheBehavior [ RunTime:0.000671s ]
INFO: [ app_begin ] --END-- [ RunTime:0.000872s ]

[ 2019-04-16T14:02:18+08:00 ] 222.22.66.250 /xcx/home/index/txt
INFO: [ app_init ] --START--
INFO: Run Behavior\BuildLiteBehavior [ RunTime:0.000042s ]
INFO: [ app_init ] --END-- [ RunTime:0.000583s ]
INFO: [ app_begin ] --START--
INFO: Run Behavior\ReadHtmlCacheBehavior [ RunTime:0.000589s ]
INFO: [ app_begin ] --END-- [ RunTime:0.000790s ]

[ 2019-04-16T14:02:19+08:00 ] 222.22.66.250 /xcx/home/index/txt
INFO: [ app_init ] --START--
INFO: Run Behavior\BuildLiteBehavior [ RunTime:0.000042s ]
INFO: [ app_init ] --END-- [ RunTime:0.000525s ]
INFO: [ app_begin ] --START--
INFO: Run Behavior\ReadHtmlCacheBehavior [ RunTime:0.000539s ]
INFO: [ app_begin ] --END-- [ RunTime:0.000831s ]

[ 2019-04-16T14:02:19+08:00 ] 222.22.66.250 /xcx/home/index/txt
INFO: [ app_init ] --START--
INFO: Run Behavior\BuildLiteBehavior [ RunTime:0.000041s ]
INFO: [ app_init ] --END-- [ RunTime:0.000573s ]
INFO: [ app_begin ] --START--
INFO: Run Behavior\ReadHtmlCacheBehavior [ RunTime:0.000621s ]
INFO: [ app_begin ] --END-- [ RunTime:0.000859s ]

[ 2019-04-16T14:02:37+08:00 ] 222.22.66.250 /xcx/home/index/txt
INFO: [ app_init ] --START--
INFO: Run Behavior\BuildLiteBehavior [ RunTime:0.000064s ]
INFO: [ app_init ] --END-- [ RunTime:0.000577s ]
INFO: [ app_begin ] --START--
INFO: Run Behavior\ReadHtmlCacheBehavior [ RunTime:0.000893s ]
INFO: [ app_begin ] --END-- [ RunTime:0.001151s ]

[ 2019-04-16T14:02:38+08:00 ] 222.22.66.250 /xcx/home/index/txt
INFO: [ app_init ] --START--
INFO: Run Behavior\BuildLiteBehavior [ RunTime:0.000052s ]
INFO: [ app_init ] --END-- [ RunTime:0.000535s ]
INFO: [ app_begin ] --START--
INFO: Run Behavior\ReadHtmlCacheBehavior [ RunTime:0.000566s ]
INFO: [ app_begin ] --END-- [ RunTime:0.000778s ]

[ 2019-04-16T14:03:38+08:00 ] 222.22.66.250 /xcx/home/index/txt
INFO: [ app_init ] --START--
INFO: Run Behavior\BuildLiteBehavior [ RunTime:0.000057s ]
INFO: [ app_init ] --END-- [ RunTime:0.000808s ]
INFO: [ app_begin ] --START--
INFO: Run Behavior\ReadHtmlCacheBehavior [ RunTime:0.000810s ]
INFO: [ app_begin ] --END-- [ RunTime:0.001102s ]

[ 2019-04-16T14:03:38+08:00 ] 222.22.66.250 /xcx/home/index/txt
INFO: [ app_init ] --START--
INFO: Run Behavior\BuildLiteBehavior [ RunTime:0.000046s ]
INFO: [ app_init ] --END-- [ RunTime:0.000639s ]
INFO: [ app_begin ] --START--
INFO: Run Behavior\ReadHtmlCacheBehavior [ RunTime:0.000567s ]
INFO: [ app_begin ] --END-- [ RunTime:0.000785s ]

[ 2019-04-16T14:03:38+08:00 ] 222.22.66.250 /xcx/home/index/txt
INFO: [ app_init ] --START--
INFO: Run Behavior\BuildLiteBehavior [ RunTime:0.000042s ]
INFO: [ app_init ] --END-- [ RunTime:0.000682s ]
INFO: [ app_begin ] --START--
INFO: Run Behavior\ReadHtmlCacheBehavior [ RunTime:0.000609s ]
INFO: [ app_begin ] --END-- [ RunTime:0.000812s ]

[ 2019-04-16T14:03:38+08:00 ] 222.22.66.250 /xcx/home/index/txt
INFO: [ app_init ] --START--
INFO: Run Behavior\BuildLiteBehavior [ RunTime:0.000040s ]
INFO: [ app_init ] --END-- [ RunTime:0.000559s ]
INFO: [ app_begin ] --START--
INFO: Run Behavior\ReadHtmlCacheBehavior [ RunTime:0.000749s ]
INFO: [ app_begin ] --END-- [ RunTime:0.001008s ]

[ 2019-04-16T14:03:39+08:00 ] 222.22.66.250 /xcx/home/index/txt
INFO: [ app_init ] --START--
INFO: Run Behavior\BuildLiteBehavior [ RunTime:0.000054s ]
INFO: [ app_init ] --END-- [ RunTime:0.000655s ]
INFO: [ app_begin ] --START--
INFO: Run Behavior\ReadHtmlCacheBehavior [ RunTime:0.000692s ]
INFO: [ app_begin ] --END-- [ RunTime:0.000995s ]

[ 2019-04-16T14:03:39+08:00 ] 222.22.66.250 /xcx/home/index/txt
INFO: [ app_init ] --START--
INFO: Run Behavior\BuildLiteBehavior [ RunTime:0.000060s ]
INFO: [ app_init ] --END-- [ RunTime:0.000744s ]
INFO: [ app_begin ] --START--
INFO: Run Behavior\ReadHtmlCacheBehavior [ RunTime:0.000815s ]
INFO: [ app_begin ] --END-- [ RunTime:0.001110s ]

[ 2019-04-16T14:03:39+08:00 ] 222.22.66.250 /xcx/home/index/txt
INFO: [ app_init ] --START--
INFO: Run Behavior\BuildLiteBehavior [ RunTime:0.000727s ]
INFO: [ app_init ] --END-- [ RunTime:0.001674s ]
INFO: [ app_begin ] --START--
INFO: Run Behavior\ReadHtmlCacheBehavior [ RunTime:0.001119s ]
INFO: [ app_begin ] --END-- [ RunTime:0.001710s ]

[ 2019-04-16T14:03:39+08:00 ] 222.22.66.250 /xcx/home/index/txt
INFO: [ app_init ] --START--
INFO: Run Behavior\BuildLiteBehavior [ RunTime:0.000100s ]
INFO: [ app_init ] --END-- [ RunTime:0.001040s ]
INFO: [ app_begin ] --START--
INFO: Run Behavior\ReadHtmlCacheBehavior [ RunTime:0.000900s ]
INFO: [ app_begin ] --END-- [ RunTime:0.001261s ]

[ 2019-04-16T14:03:39+08:00 ] 222.22.66.250 /xcx/home/index/txt
INFO: [ app_init ] --START--
INFO: Run Behavior\BuildLiteBehavior [ RunTime:0.000062s ]
INFO: [ app_init ] --END-- [ RunTime:0.000763s ]
INFO: [ app_begin ] --START--
INFO: Run Behavior\ReadHtmlCacheBehavior [ RunTime:0.000812s ]
INFO: [ app_begin ] --END-- [ RunTime:0.001110s ]

[ 2019-04-16T14:03:39+08:00 ] 222.22.66.250 /xcx/home/index/txt
INFO: [ app_init ] --START--
INFO: Run Behavior\BuildLiteBehavior [ RunTime:0.000053s ]
INFO: [ app_init ] --END-- [ RunTime:0.000588s ]
INFO: [ app_begin ] --START--
INFO: Run Behavior\ReadHtmlCacheBehavior [ RunTime:0.000708s ]
INFO: [ app_begin ] --END-- [ RunTime:0.000958s ]

[ 2019-04-16T14:03:49+08:00 ] 222.22.66.250 /xcx/home/index/txt
INFO: [ app_init ] --START--
INFO: Run Behavior\BuildLiteBehavior [ RunTime:0.000061s ]
INFO: [ app_init ] --END-- [ RunTime:0.000743s ]
INFO: [ app_begin ] --START--
INFO: Run Behavior\ReadHtmlCacheBehavior [ RunTime:0.000842s ]
INFO: [ app_begin ] --END-- [ RunTime:0.001135s ]

[ 2019-04-16T14:04:28+08:00 ] 222.22.66.250 /xcx/home/index/txt
INFO: [ app_init ] --START--
INFO: Run Behavior\BuildLiteBehavior [ RunTime:0.000060s ]
INFO: [ app_init ] --END-- [ RunTime:0.000620s ]
INFO: [ app_begin ] --START--
INFO: Run Behavior\ReadHtmlCacheBehavior [ RunTime:0.000660s ]
INFO: [ app_begin ] --END-- [ RunTime:0.000862s ]
INFO: [ app_end ] --START--
INFO: Run Behavior\ShowPageTraceBehavior [ RunTime:0.000672s ]
INFO: [ app_end ] --END-- [ RunTime:0.001030s ]

[ 2019-04-16T14:04:51+08:00 ] 222.22.66.250 /xcx/home/index/read
INFO: [ app_init ] --START--
INFO: Run Behavior\BuildLiteBehavior [ RunTime:0.000062s ]
INFO: [ app_init ] --END-- [ RunTime:0.000754s ]
INFO: [ app_begin ] --START--
INFO: Run Behavior\ReadHtmlCacheBehavior [ RunTime:0.000798s ]
INFO: [ app_begin ] --END-- [ RunTime:0.001094s ]
INFO: [ app_end ] --START--
INFO: Run Behavior\ShowPageTraceBehavior [ RunTime:0.000743s ]
INFO: [ app_end ] --END-- [ RunTime:0.001035s ]

[ 2019-04-16T14:05:25+08:00 ] 222.22.66.250 /xcx/home/index/read
INFO: [ app_init ] --START--
INFO: Run Behavior\BuildLiteBehavior [ RunTime:0.000064s ]
INFO: [ app_init ] --END-- [ RunTime:0.000806s ]
INFO: [ app_begin ] --START--
INFO: Run Behavior\ReadHtmlCacheBehavior [ RunTime:0.000791s ]
INFO: [ app_begin ] --END-- [ RunTime:0.001085s ]
INFO: [ app_end ] --START--
INFO: Run Behavior\ShowPageTraceBehavior [ RunTime:0.000670s ]
INFO: [ app_end ] --END-- [ RunTime:0.000966s ]

[ 2019-04-16T14:05:40+08:00 ] 222.22.66.250 /xcx/home/index/upload
INFO: [ app_init ] --START--
INFO: Run Behavior\BuildLiteBehavior [ RunTime:0.000061s ]
INFO: [ app_init ] --END-- [ RunTime:0.000748s ]
INFO: [ app_begin ] --START--
INFO: Run Behavior\ReadHtmlCacheBehavior [ RunTime:0.000778s ]
INFO: [ app_begin ] --END-- [ RunTime:0.001068s ]
NOTIC: [2] call_user_func() expects parameter 1 to be a valid callback, no array or string given C:\wamp\www\ThinkPHP\Library\Think\Upload.class.php 第 170 行.
NOTIC: [8] Use of undefined constant data - assumed 'data' C:\wamp\www\xcx\Application\Home\Controller\OcrController.class.php 第 20 行.
NOTIC: [8] Use of undefined constant items - assumed 'items' C:\wamp\www\xcx\Application\Home\Controller\OcrController.class.php 第 20 行.
NOTIC: [8] Undefined variable: txt C:\wamp\www\xcx\Application\Home\Controller\OcrController.class.php 第 26 行.
INFO: [ app_end ] --START--
INFO: Run Behavior\ShowPageTraceBehavior [ RunTime:0.000951s ]
INFO: [ app_end ] --END-- [ RunTime:0.001225s ]

[ 2019-04-16T14:05:43+08:00 ] 222.22.66.250 /xcx/home/index/upload
INFO: [ app_init ] --START--
INFO: Run Behavior\BuildLiteBehavior [ RunTime:0.000045s ]
INFO: [ app_init ] --END-- [ RunTime:0.000592s ]
INFO: [ app_begin ] --START--
INFO: Run Behavior\ReadHtmlCacheBehavior [ RunTime:0.000608s ]
INFO: [ app_begin ] --END-- [ RunTime:0.000835s ]
NOTIC: [2] call_user_func() expects parameter 1 to be a valid callback, no array or string given C:\wamp\www\ThinkPHP\Library\Think\Upload.class.php 第 170 行.
NOTIC: [8] Use of undefined constant data - assumed 'data' C:\wamp\www\xcx\Application\Home\Controller\OcrController.class.php 第 20 行.
NOTIC: [8] Use of undefined constant items - assumed 'items' C:\wamp\www\xcx\Application\Home\Controller\OcrController.class.php 第 20 行.
NOTIC: [8] Undefined variable: txt C:\wamp\www\xcx\Application\Home\Controller\OcrController.class.php 第 26 行.
INFO: [ app_end ] --START--
INFO: Run Behavior\ShowPageTraceBehavior [ RunTime:0.000571s ]
INFO: [ app_end ] --END-- [ RunTime:0.000771s ]

[ 2019-04-16T14:05:53+08:00 ] 222.22.66.250 /xcx/home/index/read
INFO: [ app_init ] --START--
INFO: Run Behavior\BuildLiteBehavior [ RunTime:0.000049s ]
INFO: [ app_init ] --END-- [ RunTime:0.000691s ]
INFO: [ app_begin ] --START--
INFO: Run Behavior\ReadHtmlCacheBehavior [ RunTime:0.000882s ]
INFO: [ app_begin ] --END-- [ RunTime:0.001210s ]
INFO: [ app_end ] --START--
INFO: Run Behavior\ShowPageTraceBehavior [ RunTime:0.000661s ]
INFO: [ app_end ] --END-- [ RunTime:0.000921s ]

[ 2019-04-16T14:06:33+08:00 ] 222.22.66.250 /xcx/home/index/upload
INFO: [ app_init ] --START--
INFO: Run Behavior\BuildLiteBehavior [ RunTime:0.000067s ]
INFO: [ app_init ] --END-- [ RunTime:0.000819s ]
INFO: [ app_begin ] --START--
INFO: Run Behavior\ReadHtmlCacheBehavior [ RunTime:0.000834s ]
INFO: [ app_begin ] --END-- [ RunTime:0.001130s ]
NOTIC: [2] call_user_func() expects parameter 1 to be a valid callback, no array or string given C:\wamp\www\ThinkPHP\Library\Think\Upload.class.php 第 170 行.
NOTIC: [8] Use of undefined constant data - assumed 'data' C:\wamp\www\xcx\Application\Home\Controller\OcrController.class.php 第 20 行.
NOTIC: [8] Use of undefined constant items - assumed 'items' C:\wamp\www\xcx\Application\Home\Controller\OcrController.class.php 第 20 行.
NOTIC: [8] Undefined variable: txt C:\wamp\www\xcx\Application\Home\Controller\OcrController.class.php 第 26 行.
INFO: [ app_end ] --START--
INFO: Run Behavior\ShowPageTraceBehavior [ RunTime:0.000854s ]
INFO: [ app_end ] --END-- [ RunTime:0.001147s ]

[ 2019-04-16T14:06:37+08:00 ] 222.22.66.250 /xcx/home/index/upload
INFO: [ app_init ] --START--
INFO: Run Behavior\BuildLiteBehavior [ RunTime:0.000065s ]
INFO: [ app_init ] --END-- [ RunTime:0.000776s ]
INFO: [ app_begin ] --START--
INFO: Run Behavior\ReadHtmlCacheBehavior [ RunTime:0.000813s ]
INFO: [ app_begin ] --END-- [ RunTime:0.001126s ]
NOTIC: [2] call_user_func() expects parameter 1 to be a valid callback, no array or string given C:\wamp\www\ThinkPHP\Library\Think\Upload.class.php 第 170 行.
NOTIC: [8] Use of undefined constant data - assumed 'data' C:\wamp\www\xcx\Application\Home\Controller\OcrController.class.php 第 20 行.
NOTIC: [8] Use of undefined constant items - assumed 'items' C:\wamp\www\xcx\Application\Home\Controller\OcrController.class.php 第 20 行.
NOTIC: [8] Use of undefined constant data - assumed 'data' C:\wamp\www\xcx\Application\Home\Controller\OcrController.class.php 第 23 行.
NOTIC: [8] Use of undefined constant items - assumed 'items' C:\wamp\www\xcx\Application\Home\Controller\OcrController.class.php 第 23 行.
NOTIC: [8] Use of undefined constant itemstring - assumed 'itemstring' C:\wamp\www\xcx\Application\Home\Controller\OcrController.class.php 第 23 行.
NOTIC: [8] Undefined variable: txt C:\wamp\www\xcx\Application\Home\Controller\OcrController.class.php 第 23 行.
NOTIC: [8] Use of undefined constant data - assumed 'data' C:\wamp\www\xcx\Application\Home\Controller\OcrController.class.php 第 23 行.
NOTIC: [8] Use of undefined constant items - assumed 'items' C:\wamp\www\xcx\Application\Home\Controller\OcrController.class.php 第 23 行.
NOTIC: [8] Use of undefined constant itemstring - assumed 'itemstring' C:\wamp\www\xcx\Application\Home\Controller\OcrController.class.php 第 23 行.
NOTIC: [8] Use of undefined constant data - assumed 'data' C:\wamp\www\xcx\Application\Home\Controller\OcrController.class.php 第 23 行.
NOTIC: [8] Use of undefined constant items - assumed 'items' C:\wamp\www\xcx\Application\Home\Controller\OcrController.class.php 第 23 行.
NOTIC: [8] Use of undefined constant itemstring - assumed 'itemstring' C:\wamp\www\xcx\Application\Home\Controller\OcrController.class.php 第 23 行.
NOTIC: [8] Use of undefined constant data - assumed 'data' C:\wamp\www\xcx\Application\Home\Controller\OcrController.class.php 第 23 行.
NOTIC: [8] Use of undefined constant items - assumed 'items' C:\wamp\www\xcx\Application\Home\Controller\OcrController.class.php 第 23 行.
NOTIC: [8] Use of undefined constant itemstring - assumed 'itemstring' C:\wamp\www\xcx\Application\Home\Controller\OcrController.class.php 第 23 行.
INFO: [ app_end ] --START--
INFO: Run Behavior\ShowPageTraceBehavior [ RunTime:0.000708s ]
INFO: [ app_end ] --END-- [ RunTime:0.000975s ]

[ 2019-04-16T14:06:54+08:00 ] 222.22.66.250 /xcx/home/index/read
INFO: [ app_init ] --START--
INFO: Run Behavior\BuildLiteBehavior [ RunTime:0.000041s ]
INFO: [ app_init ] --END-- [ RunTime:0.000508s ]
INFO: [ app_begin ] --START--
INFO: Run Behavior\ReadHtmlCacheBehavior [ RunTime:0.000720s ]
INFO: [ app_begin ] --END-- [ RunTime:0.000971s ]
INFO: [ app_end ] --START--
INFO: Run Behavior\ShowPageTraceBehavior [ RunTime:0.000497s ]
INFO: [ app_end ] --END-- [ RunTime:0.000730s ]

[ 2019-04-16T14:45:06+08:00 ] 222.22.66.250 /xcx/home/index/txt
INFO: [ app_init ] --START--
INFO: Run Behavior\BuildLiteBehavior [ RunTime:0.000044s ]
INFO: [ app_init ] --END-- [ RunTime:0.000584s ]
INFO: [ app_begin ] --START--
INFO: Run Behavior\ReadHtmlCacheBehavior [ RunTime:0.000680s ]
INFO: [ app_begin ] --END-- [ RunTime:0.000925s ]
INFO: [ app_end ] --START--
INFO: Run Behavior\ShowPageTraceBehavior [ RunTime:0.000591s ]
INFO: [ app_end ] --END-- [ RunTime:0.000810s ]

[ 2019-04-16T17:01:04+08:00 ] 222.22.66.250 /xcx/home/index/upload
INFO: [ app_init ] --START--
INFO: Run Behavior\BuildLiteBehavior [ RunTime:0.000065s ]
INFO: [ app_init ] --END-- [ RunTime:0.002450s ]
INFO: [ app_begin ] --START--
INFO: Run Behavior\ReadHtmlCacheBehavior [ RunTime:0.002044s ]
INFO: [ app_begin ] --END-- [ RunTime:0.002403s ]
NOTIC: [8] Undefined index: file C:\wamp\www\xcx\Application\Home\Controller\IndexController.class.php 第 20 行.
NOTIC: [8] Undefined index: tmp_name C:\wamp\www\ThinkPHP\Library\Think\Upload.class.php 第 152 行.
NOTIC: [2] finfo_file(): Empty filename or path C:\wamp\www\ThinkPHP\Library\Think\Upload.class.php 第 152 行.
NOTIC: [8] Undefined index: error C:\wamp\www\ThinkPHP\Library\Think\Upload.class.php 第 269 行.
NOTIC: [8] Undefined index: tmp_name C:\wamp\www\ThinkPHP\Library\Think\Upload.class.php 第 280 行.
INFO: [ app_end ] --START--
INFO: Run Behavior\ShowPageTraceBehavior [ RunTime:0.002304s ]
INFO: [ app_end ] --END-- [ RunTime:0.002617s ]

[ 2019-04-16T17:45:04+08:00 ] 188.131.249.35 /xcx/home/index/read
INFO: [ app_init ] --START--
INFO: Run Behavior\BuildLiteBehavior [ RunTime:0.000074s ]
INFO: [ app_init ] --END-- [ RunTime:0.005983s ]
INFO: [ app_begin ] --START--
INFO: Run Behavior\ReadHtmlCacheBehavior [ RunTime:0.002238s ]
INFO: [ app_begin ] --END-- [ RunTime:0.002591s ]
INFO: [ app_end ] --START--
INFO: Run Behavior\ShowPageTraceBehavior [ RunTime:0.001613s ]
INFO: [ app_end ] --END-- [ RunTime:0.001868s ]

