[ 2019-04-17T12:36:01+08:00 ] 188.131.249.35 /xcx/tiger.wmf
INFO: [ app_init ] --START--
INFO: Run Behavior\BuildLiteBehavior [ RunTime:0.000045s ]
INFO: [ app_init ] --END-- [ RunTime:0.000578s ]
ERR: 无法加载模块:Tiger

[ 2019-04-17T12:36:01+08:00 ] 188.131.249.35 /xcx/tiger.jpg
INFO: [ app_init ] --START--
INFO: Run Behavior\BuildLiteBehavior [ RunTime:0.000063s ]
INFO: [ app_init ] --END-- [ RunTime:0.000797s ]
ERR: 无法加载模块:Tiger

[ 2019-04-17T12:37:57+08:00 ] 188.131.249.35 /xcx/tiger.wmf
INFO: [ app_init ] --START--
INFO: Run Behavior\BuildLiteBehavior [ RunTime:0.000042s ]
INFO: [ app_init ] --END-- [ RunTime:0.000538s ]
ERR: 无法加载模块:Tiger

[ 2019-04-17T12:37:57+08:00 ] 188.131.249.35 /xcx/tiger.jpg
INFO: [ app_init ] --START--
INFO: Run Behavior\BuildLiteBehavior [ RunTime:0.000041s ]
INFO: [ app_init ] --END-- [ RunTime:0.000518s ]
ERR: 无法加载模块:Tiger

[ 2019-04-17T12:40:57+08:00 ] 188.131.249.35 /xcx/tiger.wmf
INFO: [ app_init ] --START--
INFO: Run Behavior\BuildLiteBehavior [ RunTime:0.000040s ]
INFO: [ app_init ] --END-- [ RunTime:0.000520s ]
ERR: 无法加载模块:Tiger

[ 2019-04-17T12:40:57+08:00 ] 188.131.249.35 /xcx/tiger.jpg
INFO: [ app_init ] --START--
INFO: Run Behavior\BuildLiteBehavior [ RunTime:0.000048s ]
INFO: [ app_init ] --END-- [ RunTime:0.000521s ]
ERR: 无法加载模块:Tiger

[ 2019-04-17T12:48:24+08:00 ] 188.131.249.35 /xcx/tiger.wmf
INFO: [ app_init ] --START--
INFO: Run Behavior\BuildLiteBehavior [ RunTime:0.000040s ]
INFO: [ app_init ] --END-- [ RunTime:0.000560s ]
ERR: 无法加载模块:Tiger

[ 2019-04-17T12:48:24+08:00 ] 188.131.249.35 /xcx/tiger.jpg
INFO: [ app_init ] --START--
INFO: Run Behavior\BuildLiteBehavior [ RunTime:0.000054s ]
INFO: [ app_init ] --END-- [ RunTime:0.000594s ]
ERR: 无法加载模块:Tiger

[ 2019-04-17T12:48:27+08:00 ] 188.131.249.35 /xcx/tiger.wmf
INFO: [ app_init ] --START--
INFO: Run Behavior\BuildLiteBehavior [ RunTime:0.000059s ]
INFO: [ app_init ] --END-- [ RunTime:0.000575s ]
ERR: 无法加载模块:Tiger

[ 2019-04-17T12:48:27+08:00 ] 188.131.249.35 /xcx/tiger.jpg
INFO: [ app_init ] --START--
INFO: Run Behavior\BuildLiteBehavior [ RunTime:0.000071s ]
INFO: [ app_init ] --END-- [ RunTime:0.000829s ]
ERR: 无法加载模块:Tiger

[ 2019-04-17T12:48:53+08:00 ] 188.131.249.35 /xcx/tiger.wmf
INFO: [ app_init ] --START--
INFO: Run Behavior\BuildLiteBehavior [ RunTime:0.000062s ]
INFO: [ app_init ] --END-- [ RunTime:0.000954s ]
ERR: 无法加载模块:Tiger

[ 2019-04-17T12:48:53+08:00 ] 188.131.249.35 /xcx/tiger.jpg
INFO: [ app_init ] --START--
INFO: Run Behavior\BuildLiteBehavior [ RunTime:0.000064s ]
INFO: [ app_init ] --END-- [ RunTime:0.000731s ]
ERR: 无法加载模块:Tiger

[ 2019-04-17T12:48:55+08:00 ] 188.131.249.35 /xcx/tiger.wmf
INFO: [ app_init ] --START--
INFO: Run Behavior\BuildLiteBehavior [ RunTime:0.000069s ]
INFO: [ app_init ] --END-- [ RunTime:0.000754s ]
ERR: 无法加载模块:Tiger

[ 2019-04-17T12:48:55+08:00 ] 188.131.249.35 /xcx/tiger.jpg
INFO: [ app_init ] --START--
INFO: Run Behavior\BuildLiteBehavior [ RunTime:0.000043s ]
INFO: [ app_init ] --END-- [ RunTime:0.000674s ]
ERR: 无法加载模块:Tiger

[ 2019-04-17T12:49:05+08:00 ] 188.131.249.35 /xcx/tiger.wmf
INFO: [ app_init ] --START--
INFO: Run Behavior\BuildLiteBehavior [ RunTime:0.000042s ]
INFO: [ app_init ] --END-- [ RunTime:0.000525s ]
ERR: 无法加载模块:Tiger

[ 2019-04-17T12:49:05+08:00 ] 188.131.249.35 /xcx/tiger.jpg
INFO: [ app_init ] --START--
INFO: Run Behavior\BuildLiteBehavior [ RunTime:0.000066s ]
INFO: [ app_init ] --END-- [ RunTime:0.000617s ]
ERR: 无法加载模块:Tiger

[ 2019-04-17T12:49:08+08:00 ] 188.131.249.35 /xcx/tiger.wmf
INFO: [ app_init ] --START--
INFO: Run Behavior\BuildLiteBehavior [ RunTime:0.000044s ]
INFO: [ app_init ] --END-- [ RunTime:0.000742s ]
ERR: 无法加载模块:Tiger

[ 2019-04-17T12:49:08+08:00 ] 188.131.249.35 /xcx/tiger.jpg
INFO: [ app_init ] --START--
INFO: Run Behavior\BuildLiteBehavior [ RunTime:0.000065s ]
INFO: [ app_init ] --END-- [ RunTime:0.000752s ]
ERR: 无法加载模块:Tiger

[ 2019-04-17T12:52:00+08:00 ] 188.131.249.35 /xcx/tiger.wmf
INFO: [ app_init ] --START--
INFO: Run Behavior\BuildLiteBehavior [ RunTime:0.000064s ]
INFO: [ app_init ] --END-- [ RunTime:0.000785s ]
ERR: 无法加载模块:Tiger

[ 2019-04-17T12:52:00+08:00 ] 188.131.249.35 /xcx/tiger.jpg
INFO: [ app_init ] --START--
INFO: Run Behavior\BuildLiteBehavior [ RunTime:0.000044s ]
INFO: [ app_init ] --END-- [ RunTime:0.000737s ]
ERR: 无法加载模块:Tiger

[ 2019-04-17T12:52:04+08:00 ] 188.131.249.35 /xcx/tiger.wmf
INFO: [ app_init ] --START--
INFO: Run Behavior\BuildLiteBehavior [ RunTime:0.000053s ]
INFO: [ app_init ] --END-- [ RunTime:0.000744s ]
ERR: 无法加载模块:Tiger

[ 2019-04-17T12:52:04+08:00 ] 188.131.249.35 /xcx/tiger.jpg
INFO: [ app_init ] --START--
INFO: Run Behavior\BuildLiteBehavior [ RunTime:0.000070s ]
INFO: [ app_init ] --END-- [ RunTime:0.001083s ]
ERR: 无法加载模块:Tiger

[ 2019-04-17T12:53:02+08:00 ] 188.131.249.35 /xcx/tiger.wmf
INFO: [ app_init ] --START--
INFO: Run Behavior\BuildLiteBehavior [ RunTime:0.000044s ]
INFO: [ app_init ] --END-- [ RunTime:0.000585s ]
ERR: 无法加载模块:Tiger

[ 2019-04-17T12:53:02+08:00 ] 188.131.249.35 /xcx/tiger.jpg
INFO: [ app_init ] --START--
INFO: Run Behavior\BuildLiteBehavior [ RunTime:0.000235s ]
INFO: [ app_init ] --END-- [ RunTime:0.000951s ]
ERR: 无法加载模块:Tiger

[ 2019-04-17T12:54:28+08:00 ] 188.131.249.35 /xcx/tiger.wmf
INFO: [ app_init ] --START--
INFO: Run Behavior\BuildLiteBehavior [ RunTime:0.000062s ]
INFO: [ app_init ] --END-- [ RunTime:0.000772s ]
ERR: 无法加载模块:Tiger

[ 2019-04-17T12:54:28+08:00 ] 188.131.249.35 /xcx/tiger.jpg
INFO: [ app_init ] --START--
INFO: Run Behavior\BuildLiteBehavior [ RunTime:0.000062s ]
INFO: [ app_init ] --END-- [ RunTime:0.000749s ]
ERR: 无法加载模块:Tiger

[ 2019-04-17T12:55:44+08:00 ] 188.131.249.35 /xcx/tiger.wmf
INFO: [ app_init ] --START--
INFO: Run Behavior\BuildLiteBehavior [ RunTime:0.000062s ]
INFO: [ app_init ] --END-- [ RunTime:0.000808s ]
ERR: 无法加载模块:Tiger

[ 2019-04-17T12:55:44+08:00 ] 188.131.249.35 /xcx/tiger.jpg
INFO: [ app_init ] --START--
INFO: Run Behavior\BuildLiteBehavior [ RunTime:0.000045s ]
INFO: [ app_init ] --END-- [ RunTime:0.000818s ]
ERR: 无法加载模块:Tiger

[ 2019-04-17T12:55:46+08:00 ] 188.131.249.35 /xcx/tiger.wmf
INFO: [ app_init ] --START--
INFO: Run Behavior\BuildLiteBehavior [ RunTime:0.000052s ]
INFO: [ app_init ] --END-- [ RunTime:0.000598s ]
ERR: 无法加载模块:Tiger

[ 2019-04-17T12:55:46+08:00 ] 188.131.249.35 /xcx/tiger.jpg
INFO: [ app_init ] --START--
INFO: Run Behavior\BuildLiteBehavior [ RunTime:0.000059s ]
INFO: [ app_init ] --END-- [ RunTime:0.000831s ]
ERR: 无法加载模块:Tiger

