[ 2019-05-12T15:38:57+08:00 ] 182.116.168.118 /xcx/qwadmin
INFO: [ app_init ] --START--
INFO: Run Behavior\BuildLiteBehavior [ RunTime:0.000049s ]
INFO: [ app_init ] --END-- [ RunTime:0.000514s ]
INFO: [ app_begin ] --START--
INFO: Run Behavior\ReadHtmlCacheBehavior [ RunTime:0.000598s ]
INFO: [ app_begin ] --END-- [ RunTime:0.000916s ]
NOTIC: [8] A session had already been started - ignoring session_start() C:\wamp\www\xcx\Application\Qwadmin\Controller\ComController.class.php 第 103 行.

[ 2019-05-12T15:38:57+08:00 ] 182.116.168.118 /xcx/index.php/Qwadmin/login/index.html
INFO: [ app_init ] --START--
INFO: Run Behavior\BuildLiteBehavior [ RunTime:0.000059s ]
INFO: [ app_init ] --END-- [ RunTime:0.000716s ]
INFO: [ app_begin ] --START--
INFO: Run Behavior\ReadHtmlCacheBehavior [ RunTime:0.000726s ]
INFO: [ app_begin ] --END-- [ RunTime:0.001029s ]
NOTIC: [8] A session had already been started - ignoring session_start() C:\wamp\www\xcx\Application\Qwadmin\Controller\ComController.class.php 第 103 行.
INFO: [ view_parse ] --START--
INFO: [ template_filter ] --START--
INFO: Run Behavior\ContentReplaceBehavior [ RunTime:0.000246s ]
INFO: [ template_filter ] --END-- [ RunTime:0.000633s ]
INFO: Run Behavior\ParseTemplateBehavior [ RunTime:0.038907s ]
INFO: [ view_parse ] --END-- [ RunTime:0.039234s ]
INFO: [ view_filter ] --START--
INFO: Run Behavior\WriteHtmlCacheBehavior [ RunTime:0.004538s ]
INFO: [ view_filter ] --END-- [ RunTime:0.004848s ]
INFO: [ app_end ] --START--
INFO: Run Behavior\ShowPageTraceBehavior [ RunTime:0.002113s ]
INFO: [ app_end ] --END-- [ RunTime:0.002994s ]

[ 2019-05-12T15:38:57+08:00 ] 182.116.168.118 /xcx/index.php/Qwadmin/login/verify.html
INFO: [ app_init ] --START--
INFO: Run Behavior\BuildLiteBehavior [ RunTime:0.000050s ]
INFO: [ app_init ] --END-- [ RunTime:0.000601s ]
INFO: [ app_begin ] --START--
INFO: Run Behavior\ReadHtmlCacheBehavior [ RunTime:0.000640s ]
INFO: [ app_begin ] --END-- [ RunTime:0.000961s ]
INFO: [ app_end ] --START--
INFO: Run Behavior\ShowPageTraceBehavior [ RunTime:0.000648s ]
INFO: [ app_end ] --END-- [ RunTime:0.000903s ]

[ 2019-05-12T15:40:03+08:00 ] 182.116.168.118 /xcx/index.php/Qwadmin/login/index.html
INFO: [ app_init ] --START--
INFO: Run Behavior\BuildLiteBehavior [ RunTime:0.000062s ]
INFO: [ app_init ] --END-- [ RunTime:0.000730s ]
INFO: [ app_begin ] --START--
INFO: Run Behavior\ReadHtmlCacheBehavior [ RunTime:0.000885s ]
INFO: [ app_begin ] --END-- [ RunTime:0.001178s ]
NOTIC: [8] A session had already been started - ignoring session_start() C:\wamp\www\xcx\Application\Qwadmin\Controller\ComController.class.php 第 103 行.
INFO: [ view_parse ] --START--
INFO: [ template_filter ] --START--
INFO: Run Behavior\ContentReplaceBehavior [ RunTime:0.000236s ]
INFO: [ template_filter ] --END-- [ RunTime:0.000579s ]
INFO: Run Behavior\ParseTemplateBehavior [ RunTime:0.023245s ]
INFO: [ view_parse ] --END-- [ RunTime:0.023536s ]
INFO: [ view_filter ] --START--
INFO: Run Behavior\WriteHtmlCacheBehavior [ RunTime:0.000591s ]
INFO: [ view_filter ] --END-- [ RunTime:0.000884s ]
INFO: [ app_end ] --START--
INFO: Run Behavior\ShowPageTraceBehavior [ RunTime:0.000814s ]
INFO: [ app_end ] --END-- [ RunTime:0.001142s ]

[ 2019-05-12T15:40:03+08:00 ] 182.116.168.118 /xcx/index.php/Qwadmin/login/verify.html
INFO: [ app_init ] --START--
INFO: Run Behavior\BuildLiteBehavior [ RunTime:0.000052s ]
INFO: [ app_init ] --END-- [ RunTime:0.000619s ]
INFO: [ app_begin ] --START--
INFO: Run Behavior\ReadHtmlCacheBehavior [ RunTime:0.000559s ]
INFO: [ app_begin ] --END-- [ RunTime:0.000805s ]
INFO: [ app_end ] --START--
INFO: Run Behavior\ShowPageTraceBehavior [ RunTime:0.000747s ]
INFO: [ app_end ] --END-- [ RunTime:0.001000s ]

[ 2019-05-12T15:40:28+08:00 ] 182.116.168.118 /xcx/index.php/Qwadmin/login/login.html
INFO: [ app_init ] --START--
INFO: Run Behavior\BuildLiteBehavior [ RunTime:0.000061s ]
INFO: [ app_init ] --END-- [ RunTime:0.000726s ]
INFO: [ app_begin ] --START--
INFO: Run Behavior\ReadHtmlCacheBehavior [ RunTime:0.000754s ]
INFO: [ app_begin ] --END-- [ RunTime:0.001056s ]
SQL: SHOW COLUMNS FROM `qw_member` [ RunTime:0.0020s ]
SQL: SELECT `uid`,`user` FROM `qw_member` WHERE `user` = 'admin' AND `password` = '21232f297a57a5a743894a0e4a801fc3' LIMIT 1   [ RunTime:0.0004s ]
NOTIC: [8] A session had already been started - ignoring session_start() C:\wamp\www\xcx\Application\Qwadmin\Controller\LoginController.class.php 第 42 行.
SQL: SHOW COLUMNS FROM `qw_log` [ RunTime:0.0019s ]
NOTIC: [8] A session had already been started - ignoring session_start() C:\wamp\www\xcx\Application\Qwadmin\Common\function.php 第 12 行.
SQL: SHOW COLUMNS FROM `qw_member` [ RunTime:0.0021s ]
SQL: SELECT `user` FROM `qw_member` WHERE `uid` = 1 LIMIT 1   [ RunTime:0.0003s ]
SQL: INSERT INTO `qw_log` (`name`,`t`,`ip`,`log`) VALUES ('admin','1557646828','182.116.168.118','登录成功。') [ RunTime:0.0005s ]

[ 2019-05-12T15:40:28+08:00 ] 182.116.168.118 /xcx/index.php/Qwadmin/index/index.html
INFO: [ app_init ] --START--
INFO: Run Behavior\BuildLiteBehavior [ RunTime:0.000060s ]
INFO: [ app_init ] --END-- [ RunTime:0.000702s ]
INFO: [ app_begin ] --START--
INFO: Run Behavior\ReadHtmlCacheBehavior [ RunTime:0.000702s ]
INFO: [ app_begin ] --END-- [ RunTime:0.000994s ]
NOTIC: [8] A session had already been started - ignoring session_start() C:\wamp\www\xcx\Application\Qwadmin\Controller\ComController.class.php 第 103 行.
SQL: SHOW COLUMNS FROM `qw_member` [ RunTime:0.0021s ]
SQL: SELECT * FROM `qw_member` WHERE `uid` = 1 LIMIT 1   [ RunTime:0.0004s ]
SQL: SELECT * FROM qw_auth_group g left join qw_auth_group_access a on g.id=a.group_id where a.uid=1 [ RunTime:0.0004s ]
SQL: SHOW COLUMNS FROM `qw_member` [ RunTime:0.0021s ]
SQL: SELECT * FROM `qw_member` WHERE `uid` = 1 LIMIT 1   [ RunTime:0.0004s ]
SQL: SELECT s.id,s.title,s.name,s.tips,s.pid,p.pid as ppid,p.title as ptitle FROM qw_auth_rule s left join qw_auth_rule p on p.id=s.pid where s.name='Index/index' [ RunTime:0.0004s ]
SQL: SHOW COLUMNS FROM `qw_auth_rule` [ RunTime:0.0022s ]
SQL: SELECT `id`,`title`,`pid`,`name`,`icon` FROM `qw_auth_rule` WHERE ( islink=1   ) ORDER BY o ASC  [ RunTime:0.0006s ]
SQL: select VERSION() as mysql [ RunTime:0.0003s ]
SQL: SHOW COLUMNS FROM `qw_log` [ RunTime:0.0020s ]
SQL: DELETE FROM `qw_log` WHERE ( t < 1552462828 ) [ RunTime:0.0003s ]
SQL: SELECT COUNT(*) AS tp_count FROM `qw_log` LIMIT 1   [ RunTime:0.0002s ]
SQL: SELECT * FROM `qw_log` ORDER BY id desc LIMIT 0,25   [ RunTime:0.0005s ]
INFO: [ view_parse ] --START--
NOTIC: [2] file_get_contents(./Application/Qwadmin/View/Public/set.html): failed to open stream: No such file or directory C:\wamp\www\ThinkPHP\Library\Think\Template.class.php 第 696 行.
INFO: [ template_filter ] --START--
INFO: Run Behavior\ContentReplaceBehavior [ RunTime:0.000378s ]
INFO: [ template_filter ] --END-- [ RunTime:0.000675s ]
INFO: Run Behavior\ParseTemplateBehavior [ RunTime:0.070614s ]
INFO: [ view_parse ] --END-- [ RunTime:0.070961s ]
INFO: [ view_filter ] --START--
INFO: Run Behavior\WriteHtmlCacheBehavior [ RunTime:0.000680s ]
INFO: [ view_filter ] --END-- [ RunTime:0.000944s ]
INFO: [ app_end ] --START--
INFO: Run Behavior\ShowPageTraceBehavior [ RunTime:0.000807s ]
INFO: [ app_end ] --END-- [ RunTime:0.001080s ]

[ 2019-05-12T15:40:35+08:00 ] 182.116.168.118 /xcx/index.php/Qwadmin/index/index.html?callback=jQuery21104597533222539407_1557646813113&_=1557646813114
INFO: [ app_init ] --START--
INFO: Run Behavior\BuildLiteBehavior [ RunTime:0.000039s ]
INFO: [ app_init ] --END-- [ RunTime:0.000506s ]
INFO: [ app_begin ] --START--
INFO: Run Behavior\ReadHtmlCacheBehavior [ RunTime:0.000513s ]
INFO: [ app_begin ] --END-- [ RunTime:0.000674s ]
NOTIC: [8] A session had already been started - ignoring session_start() C:\wamp\www\xcx\Application\Qwadmin\Controller\ComController.class.php 第 103 行.
SQL: SHOW COLUMNS FROM `qw_member` [ RunTime:0.0018s ]
SQL: SELECT * FROM `qw_member` WHERE `uid` = 1 LIMIT 1   [ RunTime:0.0003s ]
SQL: SELECT * FROM qw_auth_group g left join qw_auth_group_access a on g.id=a.group_id where a.uid=1 [ RunTime:0.0003s ]
SQL: SHOW COLUMNS FROM `qw_member` [ RunTime:0.0015s ]
SQL: SELECT * FROM `qw_member` WHERE `uid` = 1 LIMIT 1   [ RunTime:0.0002s ]
SQL: SELECT s.id,s.title,s.name,s.tips,s.pid,p.pid as ppid,p.title as ptitle FROM qw_auth_rule s left join qw_auth_rule p on p.id=s.pid where s.name='Index/index' [ RunTime:0.0003s ]
SQL: SHOW COLUMNS FROM `qw_auth_rule` [ RunTime:0.0015s ]
SQL: SELECT `id`,`title`,`pid`,`name`,`icon` FROM `qw_auth_rule` WHERE ( islink=1   ) ORDER BY o ASC  [ RunTime:0.0004s ]
SQL: select VERSION() as mysql [ RunTime:0.0002s ]
SQL: SHOW COLUMNS FROM `qw_log` [ RunTime:0.0016s ]
SQL: DELETE FROM `qw_log` WHERE ( t < 1552462835 ) [ RunTime:0.0003s ]
SQL: SELECT COUNT(*) AS tp_count FROM `qw_log` LIMIT 1   [ RunTime:0.0002s ]
SQL: SELECT * FROM `qw_log` ORDER BY id desc LIMIT 0,25   [ RunTime:0.0004s ]
INFO: [ view_parse ] --START--
NOTIC: [2] file_get_contents(./Application/Qwadmin/View/Public/set.html): failed to open stream: No such file or directory C:\wamp\www\ThinkPHP\Library\Think\Template.class.php 第 696 行.
INFO: [ template_filter ] --START--
INFO: Run Behavior\ContentReplaceBehavior [ RunTime:0.000196s ]
INFO: [ template_filter ] --END-- [ RunTime:0.000359s ]
INFO: Run Behavior\ParseTemplateBehavior [ RunTime:0.036077s ]
INFO: [ view_parse ] --END-- [ RunTime:0.036251s ]
INFO: [ view_filter ] --START--
INFO: Run Behavior\WriteHtmlCacheBehavior [ RunTime:0.000535s ]
INFO: [ view_filter ] --END-- [ RunTime:0.000676s ]
INFO: [ app_end ] --START--
INFO: Run Behavior\ShowPageTraceBehavior [ RunTime:0.000592s ]
INFO: [ app_end ] --END-- [ RunTime:0.000740s ]

[ 2019-05-12T15:40:39+08:00 ] 182.116.168.118 /xcx/index.php/Qwadmin/Member/index.html
INFO: [ app_init ] --START--
INFO: Run Behavior\BuildLiteBehavior [ RunTime:0.000045s ]
INFO: [ app_init ] --END-- [ RunTime:0.000547s ]
INFO: [ app_begin ] --START--
INFO: Run Behavior\ReadHtmlCacheBehavior [ RunTime:0.000594s ]
INFO: [ app_begin ] --END-- [ RunTime:0.000818s ]
ERR: 无法加载控制器:Member

[ 2019-05-12T15:40:40+08:00 ] 182.116.168.118 /xcx/index.php/Qwadmin/index/index.html?callback=jQuery21100722453264791727_1557646824780&_=1557646824781
INFO: [ app_init ] --START--
INFO: Run Behavior\BuildLiteBehavior [ RunTime:0.000062s ]
INFO: [ app_init ] --END-- [ RunTime:0.000758s ]
INFO: [ app_begin ] --START--
INFO: Run Behavior\ReadHtmlCacheBehavior [ RunTime:0.000673s ]
INFO: [ app_begin ] --END-- [ RunTime:0.000958s ]
NOTIC: [8] A session had already been started - ignoring session_start() C:\wamp\www\xcx\Application\Qwadmin\Controller\ComController.class.php 第 103 行.
SQL: SHOW COLUMNS FROM `qw_member` [ RunTime:0.0017s ]
SQL: SELECT * FROM `qw_member` WHERE `uid` = 1 LIMIT 1   [ RunTime:0.0003s ]
SQL: SELECT * FROM qw_auth_group g left join qw_auth_group_access a on g.id=a.group_id where a.uid=1 [ RunTime:0.0003s ]
SQL: SHOW COLUMNS FROM `qw_member` [ RunTime:0.0016s ]
SQL: SELECT * FROM `qw_member` WHERE `uid` = 1 LIMIT 1   [ RunTime:0.0003s ]
SQL: SELECT s.id,s.title,s.name,s.tips,s.pid,p.pid as ppid,p.title as ptitle FROM qw_auth_rule s left join qw_auth_rule p on p.id=s.pid where s.name='Index/index' [ RunTime:0.0003s ]
SQL: SHOW COLUMNS FROM `qw_auth_rule` [ RunTime:0.0018s ]
SQL: SELECT `id`,`title`,`pid`,`name`,`icon` FROM `qw_auth_rule` WHERE ( islink=1   ) ORDER BY o ASC  [ RunTime:0.0004s ]
SQL: select VERSION() as mysql [ RunTime:0.0002s ]
SQL: SHOW COLUMNS FROM `qw_log` [ RunTime:0.0016s ]
SQL: DELETE FROM `qw_log` WHERE ( t < 1552462840 ) [ RunTime:0.0002s ]
SQL: SELECT COUNT(*) AS tp_count FROM `qw_log` LIMIT 1   [ RunTime:0.0002s ]
SQL: SELECT * FROM `qw_log` ORDER BY id desc LIMIT 0,25   [ RunTime:0.0004s ]
INFO: [ view_parse ] --START--
NOTIC: [2] file_get_contents(./Application/Qwadmin/View/Public/set.html): failed to open stream: No such file or directory C:\wamp\www\ThinkPHP\Library\Think\Template.class.php 第 696 行.
INFO: [ template_filter ] --START--
INFO: Run Behavior\ContentReplaceBehavior [ RunTime:0.000311s ]
INFO: [ template_filter ] --END-- [ RunTime:0.000505s ]
INFO: Run Behavior\ParseTemplateBehavior [ RunTime:0.036755s ]
INFO: [ view_parse ] --END-- [ RunTime:0.036934s ]
INFO: [ view_filter ] --START--
INFO: Run Behavior\WriteHtmlCacheBehavior [ RunTime:0.000584s ]
INFO: [ view_filter ] --END-- [ RunTime:0.000765s ]
INFO: [ app_end ] --START--
INFO: Run Behavior\ShowPageTraceBehavior [ RunTime:0.000510s ]
INFO: [ app_end ] --END-- [ RunTime:0.000660s ]

[ 2019-05-12T15:41:33+08:00 ] 182.116.168.118 /xcx/index.php/Qwadmin/Article/index.html
INFO: [ app_init ] --START--
INFO: Run Behavior\BuildLiteBehavior [ RunTime:0.000040s ]
INFO: [ app_init ] --END-- [ RunTime:0.000593s ]
INFO: [ app_begin ] --START--
INFO: Run Behavior\ReadHtmlCacheBehavior [ RunTime:0.000699s ]
INFO: [ app_begin ] --END-- [ RunTime:0.000938s ]
ERR: 无法加载控制器:Article

[ 2019-05-12T15:41:35+08:00 ] 182.116.168.118 /xcx/index.php/Qwadmin/index/index.html?callback=jQuery2110009118409451719378_1557646878861&_=1557646878862
INFO: [ app_init ] --START--
INFO: Run Behavior\BuildLiteBehavior [ RunTime:0.000040s ]
INFO: [ app_init ] --END-- [ RunTime:0.000543s ]
INFO: [ app_begin ] --START--
INFO: Run Behavior\ReadHtmlCacheBehavior [ RunTime:0.000682s ]
INFO: [ app_begin ] --END-- [ RunTime:0.000840s ]
NOTIC: [8] A session had already been started - ignoring session_start() C:\wamp\www\xcx\Application\Qwadmin\Controller\ComController.class.php 第 103 行.
SQL: SHOW COLUMNS FROM `qw_member` [ RunTime:0.0018s ]
SQL: SELECT * FROM `qw_member` WHERE `uid` = 1 LIMIT 1   [ RunTime:0.0004s ]
SQL: SELECT * FROM qw_auth_group g left join qw_auth_group_access a on g.id=a.group_id where a.uid=1 [ RunTime:0.0003s ]
SQL: SHOW COLUMNS FROM `qw_member` [ RunTime:0.0016s ]
SQL: SELECT * FROM `qw_member` WHERE `uid` = 1 LIMIT 1   [ RunTime:0.0003s ]
SQL: SELECT s.id,s.title,s.name,s.tips,s.pid,p.pid as ppid,p.title as ptitle FROM qw_auth_rule s left join qw_auth_rule p on p.id=s.pid where s.name='Index/index' [ RunTime:0.0004s ]
SQL: SHOW COLUMNS FROM `qw_auth_rule` [ RunTime:0.0017s ]
SQL: SELECT `id`,`title`,`pid`,`name`,`icon` FROM `qw_auth_rule` WHERE ( islink=1   ) ORDER BY o ASC  [ RunTime:0.0004s ]
SQL: select VERSION() as mysql [ RunTime:0.0002s ]
SQL: SHOW COLUMNS FROM `qw_log` [ RunTime:0.0015s ]
SQL: DELETE FROM `qw_log` WHERE ( t < 1552462894 ) [ RunTime:0.0002s ]
SQL: SELECT COUNT(*) AS tp_count FROM `qw_log` LIMIT 1   [ RunTime:0.0002s ]
SQL: SELECT * FROM `qw_log` ORDER BY id desc LIMIT 0,25   [ RunTime:0.0004s ]
INFO: [ view_parse ] --START--
NOTIC: [2] file_get_contents(./Application/Qwadmin/View/Public/set.html): failed to open stream: No such file or directory C:\wamp\www\ThinkPHP\Library\Think\Template.class.php 第 696 行.
INFO: [ template_filter ] --START--
INFO: Run Behavior\ContentReplaceBehavior [ RunTime:0.000206s ]
INFO: [ template_filter ] --END-- [ RunTime:0.000367s ]
INFO: Run Behavior\ParseTemplateBehavior [ RunTime:0.036352s ]
INFO: [ view_parse ] --END-- [ RunTime:0.036599s ]
INFO: [ view_filter ] --START--
INFO: Run Behavior\WriteHtmlCacheBehavior [ RunTime:0.000786s ]
INFO: [ view_filter ] --END-- [ RunTime:0.001041s ]
INFO: [ app_end ] --START--
INFO: Run Behavior\ShowPageTraceBehavior [ RunTime:0.000845s ]
INFO: [ app_end ] --END-- [ RunTime:0.001033s ]

[ 2019-05-12T16:01:06+08:00 ] 182.116.168.118 /xcx/index.php/Qwadmin/Personal/profile.html
INFO: [ app_init ] --START--
INFO: Run Behavior\BuildLiteBehavior [ RunTime:0.000062s ]
INFO: [ app_init ] --END-- [ RunTime:0.000832s ]
INFO: [ app_begin ] --START--
INFO: Run Behavior\ReadHtmlCacheBehavior [ RunTime:0.000644s ]
INFO: [ app_begin ] --END-- [ RunTime:0.000877s ]
ERR: 无法加载控制器:Personal

[ 2019-05-12T16:01:08+08:00 ] 182.116.168.118 /xcx/index.php/Qwadmin/index/index.html?callback=jQuery21105017946773759687_1557648052092&_=1557648052093
INFO: [ app_init ] --START--
INFO: Run Behavior\BuildLiteBehavior [ RunTime:0.000059s ]
INFO: [ app_init ] --END-- [ RunTime:0.000890s ]
INFO: [ app_begin ] --START--
INFO: Run Behavior\ReadHtmlCacheBehavior [ RunTime:0.000971s ]
INFO: [ app_begin ] --END-- [ RunTime:0.001232s ]
NOTIC: [8] A session had already been started - ignoring session_start() C:\wamp\www\xcx\Application\Qwadmin\Controller\ComController.class.php 第 103 行.
SQL: SHOW COLUMNS FROM `qw_member` [ RunTime:0.0022s ]
SQL: SELECT * FROM `qw_member` WHERE `uid` = 1 LIMIT 1   [ RunTime:0.0005s ]
SQL: SELECT * FROM qw_auth_group g left join qw_auth_group_access a on g.id=a.group_id where a.uid=1 [ RunTime:0.0004s ]
SQL: SHOW COLUMNS FROM `qw_member` [ RunTime:0.0022s ]
SQL: SELECT * FROM `qw_member` WHERE `uid` = 1 LIMIT 1   [ RunTime:0.0004s ]
SQL: SELECT s.id,s.title,s.name,s.tips,s.pid,p.pid as ppid,p.title as ptitle FROM qw_auth_rule s left join qw_auth_rule p on p.id=s.pid where s.name='Index/index' [ RunTime:0.0004s ]
SQL: SHOW COLUMNS FROM `qw_auth_rule` [ RunTime:0.0021s ]
SQL: SELECT `id`,`title`,`pid`,`name`,`icon` FROM `qw_auth_rule` WHERE ( islink=1   ) ORDER BY o ASC  [ RunTime:0.0005s ]
SQL: select VERSION() as mysql [ RunTime:0.0003s ]
SQL: SHOW COLUMNS FROM `qw_log` [ RunTime:0.0021s ]
SQL: DELETE FROM `qw_log` WHERE ( t < 1552464068 ) [ RunTime:0.0004s ]
SQL: SELECT COUNT(*) AS tp_count FROM `qw_log` LIMIT 1   [ RunTime:0.0004s ]
SQL: SELECT * FROM `qw_log` ORDER BY id desc LIMIT 0,25   [ RunTime:0.0006s ]
INFO: [ view_parse ] --START--
NOTIC: [2] file_get_contents(./Application/Qwadmin/View/Public/set.html): failed to open stream: No such file or directory C:\wamp\www\ThinkPHP\Library\Think\Template.class.php 第 696 行.
INFO: [ template_filter ] --START--
INFO: Run Behavior\ContentReplaceBehavior [ RunTime:0.000334s ]
INFO: [ template_filter ] --END-- [ RunTime:0.000584s ]
INFO: Run Behavior\ParseTemplateBehavior [ RunTime:0.056661s ]
INFO: [ view_parse ] --END-- [ RunTime:0.056918s ]
INFO: [ view_filter ] --START--
INFO: Run Behavior\WriteHtmlCacheBehavior [ RunTime:0.000873s ]
INFO: [ view_filter ] --END-- [ RunTime:0.001164s ]
INFO: [ app_end ] --START--
INFO: Run Behavior\ShowPageTraceBehavior [ RunTime:0.001026s ]
INFO: [ app_end ] --END-- [ RunTime:0.001269s ]

